[2023-03-22T08:30:02.105+0400] {taskinstance.py:1083} INFO - Dependencies all met for <TaskInstance: data_gcp_10.local_to_gcs_task manual__2023-03-22T04:29:33.600270+00:00 [queued]>
[2023-03-22T08:30:02.108+0400] {taskinstance.py:1083} INFO - Dependencies all met for <TaskInstance: data_gcp_10.local_to_gcs_task manual__2023-03-22T04:29:33.600270+00:00 [queued]>
[2023-03-22T08:30:02.109+0400] {taskinstance.py:1279} INFO - 
--------------------------------------------------------------------------------
[2023-03-22T08:30:02.109+0400] {taskinstance.py:1280} INFO - Starting attempt 1 of 2
[2023-03-22T08:30:02.109+0400] {taskinstance.py:1281} INFO - 
--------------------------------------------------------------------------------
[2023-03-22T08:30:02.120+0400] {taskinstance.py:1300} INFO - Executing <Task(PythonOperator): local_to_gcs_task> on 2023-03-22 04:29:33.600270+00:00
[2023-03-22T08:30:02.123+0400] {standard_task_runner.py:55} INFO - Started process 543776 to run task
[2023-03-22T08:30:02.125+0400] {standard_task_runner.py:82} INFO - Running: ['airflow', 'tasks', 'run', 'data_gcp_10', 'local_to_gcs_task', 'manual__2023-03-22T04:29:33.600270+00:00', '--job-id', '78', '--raw', '--subdir', 'DAGS_FOLDER/data_gsp.py', '--cfg-path', '/tmp/tmp_qfrcs31']
[2023-03-22T08:30:02.126+0400] {standard_task_runner.py:83} INFO - Job 78: Subtask local_to_gcs_task
[2023-03-22T08:30:02.154+0400] {task_command.py:388} INFO - Running <TaskInstance: data_gcp_10.local_to_gcs_task manual__2023-03-22T04:29:33.600270+00:00 [running]> on host civispc
[2023-03-22T08:30:02.191+0400] {taskinstance.py:1507} INFO - Exporting the following env vars:
AIRFLOW_CTX_DAG_OWNER=airflow
AIRFLOW_CTX_DAG_ID=data_gcp_10
AIRFLOW_CTX_TASK_ID=local_to_gcs_task
AIRFLOW_CTX_EXECUTION_DATE=2023-03-22T04:29:33.600270+00:00
AIRFLOW_CTX_TRY_NUMBER=1
AIRFLOW_CTX_DAG_RUN_ID=manual__2023-03-22T04:29:33.600270+00:00
[2023-03-22T08:30:06.861+0400] {python.py:177} INFO - Done. Returned value was: None
[2023-03-22T08:30:06.866+0400] {taskinstance.py:1318} INFO - Marking task as SUCCESS. dag_id=data_gcp_10, task_id=local_to_gcs_task, execution_date=20230322T042933, start_date=20230322T043002, end_date=20230322T043006
[2023-03-22T08:30:06.913+0400] {local_task_job.py:208} INFO - Task exited with return code 0
[2023-03-22T08:30:06.929+0400] {taskinstance.py:2578} INFO - 0 downstream tasks scheduled from follow-on schedule check
