[2023-03-22T08:07:58.428+0400] {taskinstance.py:1083} INFO - Dependencies all met for <TaskInstance: data_gcp_6.download_dataset_task scheduled__2023-03-21T00:00:00+00:00 [queued]>
[2023-03-22T08:07:58.432+0400] {taskinstance.py:1083} INFO - Dependencies all met for <TaskInstance: data_gcp_6.download_dataset_task scheduled__2023-03-21T00:00:00+00:00 [queued]>
[2023-03-22T08:07:58.432+0400] {taskinstance.py:1279} INFO - 
--------------------------------------------------------------------------------
[2023-03-22T08:07:58.432+0400] {taskinstance.py:1280} INFO - Starting attempt 1 of 2
[2023-03-22T08:07:58.432+0400] {taskinstance.py:1281} INFO - 
--------------------------------------------------------------------------------
[2023-03-22T08:07:58.445+0400] {taskinstance.py:1300} INFO - Executing <Task(BashOperator): download_dataset_task> on 2023-03-21 00:00:00+00:00
[2023-03-22T08:07:58.448+0400] {standard_task_runner.py:55} INFO - Started process 501549 to run task
[2023-03-22T08:07:58.449+0400] {standard_task_runner.py:82} INFO - Running: ['airflow', 'tasks', 'run', 'data_gcp_6', 'download_dataset_task', 'scheduled__2023-03-21T00:00:00+00:00', '--job-id', '49', '--raw', '--subdir', 'DAGS_FOLDER/data_gsp.py', '--cfg-path', '/tmp/tmpvab25jf2']
[2023-03-22T08:07:58.450+0400] {standard_task_runner.py:83} INFO - Job 49: Subtask download_dataset_task
[2023-03-22T08:07:58.485+0400] {task_command.py:388} INFO - Running <TaskInstance: data_gcp_6.download_dataset_task scheduled__2023-03-21T00:00:00+00:00 [running]> on host civispc
[2023-03-22T08:07:58.518+0400] {taskinstance.py:1507} INFO - Exporting the following env vars:
AIRFLOW_CTX_DAG_OWNER=airflow
AIRFLOW_CTX_DAG_ID=data_gcp_6
AIRFLOW_CTX_TASK_ID=download_dataset_task
AIRFLOW_CTX_EXECUTION_DATE=2023-03-21T00:00:00+00:00
AIRFLOW_CTX_TRY_NUMBER=1
AIRFLOW_CTX_DAG_RUN_ID=scheduled__2023-03-21T00:00:00+00:00
[2023-03-22T08:07:58.518+0400] {subprocess.py:63} INFO - Tmp dir root location: 
 /tmp
[2023-03-22T08:07:58.518+0400] {subprocess.py:75} INFO - Running command: ['/usr/bin/bash', '-c', 'curl -sSL https://raw.githubusercontent.com/civispro/de_zoomcamp_project/main/pldb.csv > /home/civis/git/de_zoomcamp_project/airflow/pldb.csv']
[2023-03-22T08:07:58.524+0400] {subprocess.py:86} INFO - Output:
[2023-03-22T08:07:59.126+0400] {subprocess.py:97} INFO - Command exited with return code 0
[2023-03-22T08:07:59.149+0400] {taskinstance.py:1318} INFO - Marking task as SUCCESS. dag_id=data_gcp_6, task_id=download_dataset_task, execution_date=20230321T000000, start_date=20230322T040758, end_date=20230322T040759
[2023-03-22T08:07:59.183+0400] {local_task_job.py:208} INFO - Task exited with return code 0
[2023-03-22T08:07:59.198+0400] {taskinstance.py:2578} INFO - 1 downstream tasks scheduled from follow-on schedule check
