[2023-03-22T07:38:43.931+0400] {taskinstance.py:1083} INFO - Dependencies all met for <TaskInstance: data_gcp_1.local_to_gcs_task scheduled__2023-03-21T00:00:00+00:00 [queued]>
[2023-03-22T07:38:43.934+0400] {taskinstance.py:1083} INFO - Dependencies all met for <TaskInstance: data_gcp_1.local_to_gcs_task scheduled__2023-03-21T00:00:00+00:00 [queued]>
[2023-03-22T07:38:43.934+0400] {taskinstance.py:1279} INFO - 
--------------------------------------------------------------------------------
[2023-03-22T07:38:43.934+0400] {taskinstance.py:1280} INFO - Starting attempt 1 of 2
[2023-03-22T07:38:43.934+0400] {taskinstance.py:1281} INFO - 
--------------------------------------------------------------------------------
[2023-03-22T07:38:43.947+0400] {taskinstance.py:1300} INFO - Executing <Task(PythonOperator): local_to_gcs_task> on 2023-03-21 00:00:00+00:00
[2023-03-22T07:38:43.949+0400] {standard_task_runner.py:55} INFO - Started process 452553 to run task
[2023-03-22T07:38:43.950+0400] {standard_task_runner.py:82} INFO - Running: ['airflow', 'tasks', 'run', 'data_gcp_1', 'local_to_gcs_task', 'scheduled__2023-03-21T00:00:00+00:00', '--job-id', '24', '--raw', '--subdir', 'DAGS_FOLDER/data_gsp.py', '--cfg-path', '/tmp/tmpmyu42f2l']
[2023-03-22T07:38:43.951+0400] {standard_task_runner.py:83} INFO - Job 24: Subtask local_to_gcs_task
[2023-03-22T07:38:43.980+0400] {task_command.py:388} INFO - Running <TaskInstance: data_gcp_1.local_to_gcs_task scheduled__2023-03-21T00:00:00+00:00 [running]> on host civispc
[2023-03-22T07:38:44.014+0400] {taskinstance.py:1507} INFO - Exporting the following env vars:
AIRFLOW_CTX_DAG_OWNER=airflow
AIRFLOW_CTX_DAG_ID=data_gcp_1
AIRFLOW_CTX_TASK_ID=local_to_gcs_task
AIRFLOW_CTX_EXECUTION_DATE=2023-03-21T00:00:00+00:00
AIRFLOW_CTX_TRY_NUMBER=1
AIRFLOW_CTX_DAG_RUN_ID=scheduled__2023-03-21T00:00:00+00:00
[2023-03-22T07:38:45.100+0400] {python.py:177} INFO - Done. Returned value was: None
[2023-03-22T07:38:45.106+0400] {taskinstance.py:1318} INFO - Marking task as SUCCESS. dag_id=data_gcp_1, task_id=local_to_gcs_task, execution_date=20230321T000000, start_date=20230322T033843, end_date=20230322T033845
[2023-03-22T07:38:45.166+0400] {local_task_job.py:208} INFO - Task exited with return code 0
[2023-03-22T07:38:45.185+0400] {taskinstance.py:2578} INFO - 0 downstream tasks scheduled from follow-on schedule check
