[2023-03-22T03:59:46.864+0400] {processor.py:153} INFO - Started process (PID=165266) to work on /home/civis/anaconda3/lib/python3.9/site-packages/airflow/example_dags/example_python_operator.py
[2023-03-22T03:59:46.864+0400] {processor.py:743} INFO - Processing file /home/civis/anaconda3/lib/python3.9/site-packages/airflow/example_dags/example_python_operator.py for tasks to queue
[2023-03-22T03:59:46.865+0400] {logging_mixin.py:137} INFO - [2023-03-22T03:59:46.865+0400] {dagbag.py:538} INFO - Filling up the DagBag from /home/civis/anaconda3/lib/python3.9/site-packages/airflow/example_dags/example_python_operator.py
[2023-03-22T03:59:46.927+0400] {logging_mixin.py:137} INFO - [2023-03-22T03:59:46.927+0400] {taskmixin.py:205} WARNING - Dependency <Task(_PythonDecoratedOperator): print_the_context>, log_sql_query already registered for DAG: example_python_operator
[2023-03-22T03:59:46.927+0400] {logging_mixin.py:137} INFO - [2023-03-22T03:59:46.927+0400] {taskmixin.py:205} WARNING - Dependency <Task(_PythonDecoratedOperator): log_sql_query>, print_the_context already registered for DAG: example_python_operator
[2023-03-22T03:59:46.927+0400] {logging_mixin.py:137} INFO - [2023-03-22T03:59:46.927+0400] {taskmixin.py:205} WARNING - Dependency <Task(_PythonDecoratedOperator): print_the_context>, log_sql_query already registered for DAG: example_python_operator
[2023-03-22T03:59:46.927+0400] {logging_mixin.py:137} INFO - [2023-03-22T03:59:46.927+0400] {taskmixin.py:205} WARNING - Dependency <Task(_PythonDecoratedOperator): log_sql_query>, print_the_context already registered for DAG: example_python_operator
[2023-03-22T03:59:46.927+0400] {logging_mixin.py:137} INFO - [2023-03-22T03:59:46.927+0400] {taskmixin.py:205} WARNING - Dependency <Task(_PythonDecoratedOperator): print_the_context>, log_sql_query already registered for DAG: example_python_operator
[2023-03-22T03:59:46.927+0400] {logging_mixin.py:137} INFO - [2023-03-22T03:59:46.927+0400] {taskmixin.py:205} WARNING - Dependency <Task(_PythonDecoratedOperator): log_sql_query>, print_the_context already registered for DAG: example_python_operator
[2023-03-22T03:59:46.928+0400] {logging_mixin.py:137} INFO - [2023-03-22T03:59:46.928+0400] {taskmixin.py:205} WARNING - Dependency <Task(_PythonDecoratedOperator): print_the_context>, log_sql_query already registered for DAG: example_python_operator
[2023-03-22T03:59:46.928+0400] {logging_mixin.py:137} INFO - [2023-03-22T03:59:46.928+0400] {taskmixin.py:205} WARNING - Dependency <Task(_PythonDecoratedOperator): log_sql_query>, print_the_context already registered for DAG: example_python_operator
[2023-03-22T03:59:46.928+0400] {logging_mixin.py:137} INFO - [2023-03-22T03:59:46.928+0400] {example_python_operator.py:90} WARNING - The virtalenv_python example task requires virtualenv, please install it.
[2023-03-22T03:59:46.930+0400] {processor.py:753} INFO - DAG(s) dict_keys(['example_python_operator']) retrieved from /home/civis/anaconda3/lib/python3.9/site-packages/airflow/example_dags/example_python_operator.py
[2023-03-22T03:59:46.993+0400] {logging_mixin.py:137} INFO - [2023-03-22T03:59:46.993+0400] {manager.py:504} INFO - Created Permission View: can delete on DAG:example_python_operator
[2023-03-22T03:59:47.005+0400] {logging_mixin.py:137} INFO - [2023-03-22T03:59:47.005+0400] {manager.py:504} INFO - Created Permission View: can read on DAG:example_python_operator
[2023-03-22T03:59:47.016+0400] {logging_mixin.py:137} INFO - [2023-03-22T03:59:47.016+0400] {manager.py:504} INFO - Created Permission View: can edit on DAG:example_python_operator
[2023-03-22T03:59:47.016+0400] {logging_mixin.py:137} INFO - [2023-03-22T03:59:47.016+0400] {dag.py:2690} INFO - Sync 1 DAGs
[2023-03-22T03:59:47.021+0400] {logging_mixin.py:137} INFO - [2023-03-22T03:59:47.021+0400] {dag.py:2711} INFO - Creating ORM DAG for example_python_operator
[2023-03-22T03:59:47.027+0400] {logging_mixin.py:137} INFO - [2023-03-22T03:59:47.026+0400] {dag.py:3437} INFO - Setting next_dagrun for example_python_operator to None, run_after=None
[2023-03-22T03:59:47.046+0400] {processor.py:175} INFO - Processing /home/civis/anaconda3/lib/python3.9/site-packages/airflow/example_dags/example_python_operator.py took 0.185 seconds
