[2023-03-22T08:06:36.630+0400] {taskinstance.py:1083} INFO - Dependencies all met for <TaskInstance: data_gcp_5.format_to_parquet_task manual__2023-03-22T04:06:31.119276+00:00 [queued]>
[2023-03-22T08:06:36.633+0400] {taskinstance.py:1083} INFO - Dependencies all met for <TaskInstance: data_gcp_5.format_to_parquet_task manual__2023-03-22T04:06:31.119276+00:00 [queued]>
[2023-03-22T08:06:36.633+0400] {taskinstance.py:1279} INFO - 
--------------------------------------------------------------------------------
[2023-03-22T08:06:36.633+0400] {taskinstance.py:1280} INFO - Starting attempt 1 of 2
[2023-03-22T08:06:36.633+0400] {taskinstance.py:1281} INFO - 
--------------------------------------------------------------------------------
[2023-03-22T08:06:36.645+0400] {taskinstance.py:1300} INFO - Executing <Task(PythonOperator): format_to_parquet_task> on 2023-03-22 04:06:31.119276+00:00
[2023-03-22T08:06:36.647+0400] {standard_task_runner.py:55} INFO - Started process 498755 to run task
[2023-03-22T08:06:36.649+0400] {standard_task_runner.py:82} INFO - Running: ['airflow', 'tasks', 'run', 'data_gcp_5', 'format_to_parquet_task', 'manual__2023-03-22T04:06:31.119276+00:00', '--job-id', '47', '--raw', '--subdir', 'DAGS_FOLDER/data_gsp.py', '--cfg-path', '/tmp/tmp19dcn7v3']
[2023-03-22T08:06:36.649+0400] {standard_task_runner.py:83} INFO - Job 47: Subtask format_to_parquet_task
[2023-03-22T08:06:36.678+0400] {task_command.py:388} INFO - Running <TaskInstance: data_gcp_5.format_to_parquet_task manual__2023-03-22T04:06:31.119276+00:00 [running]> on host civispc
[2023-03-22T08:06:36.717+0400] {taskinstance.py:1507} INFO - Exporting the following env vars:
AIRFLOW_CTX_DAG_OWNER=airflow
AIRFLOW_CTX_DAG_ID=data_gcp_5
AIRFLOW_CTX_TASK_ID=format_to_parquet_task
AIRFLOW_CTX_EXECUTION_DATE=2023-03-22T04:06:31.119276+00:00
AIRFLOW_CTX_TRY_NUMBER=1
AIRFLOW_CTX_DAG_RUN_ID=manual__2023-03-22T04:06:31.119276+00:00
[2023-03-22T08:06:39.376+0400] {logging_mixin.py:137} INFO - Deleted 'pq' directory successfully
[2023-03-22T08:06:40.601+0400] {python.py:177} INFO - Done. Returned value was: None
[2023-03-22T08:06:40.605+0400] {taskinstance.py:1318} INFO - Marking task as SUCCESS. dag_id=data_gcp_5, task_id=format_to_parquet_task, execution_date=20230322T040631, start_date=20230322T040636, end_date=20230322T040640
[2023-03-22T08:06:40.668+0400] {local_task_job.py:208} INFO - Task exited with return code 0
[2023-03-22T08:06:40.681+0400] {taskinstance.py:2578} INFO - 1 downstream tasks scheduled from follow-on schedule check
