[2023-03-22T09:40:26.070+0400] {taskinstance.py:1083} INFO - Dependencies all met for <TaskInstance: data_gcp_12.format_to_parquet_task manual__2023-03-22T05:40:21.246880+00:00 [queued]>
[2023-03-22T09:40:26.073+0400] {taskinstance.py:1083} INFO - Dependencies all met for <TaskInstance: data_gcp_12.format_to_parquet_task manual__2023-03-22T05:40:21.246880+00:00 [queued]>
[2023-03-22T09:40:26.073+0400] {taskinstance.py:1279} INFO - 
--------------------------------------------------------------------------------
[2023-03-22T09:40:26.073+0400] {taskinstance.py:1280} INFO - Starting attempt 1 of 2
[2023-03-22T09:40:26.073+0400] {taskinstance.py:1281} INFO - 
--------------------------------------------------------------------------------
[2023-03-22T09:40:26.084+0400] {taskinstance.py:1300} INFO - Executing <Task(PythonOperator): format_to_parquet_task> on 2023-03-22 05:40:21.246880+00:00
[2023-03-22T09:40:26.087+0400] {standard_task_runner.py:55} INFO - Started process 679422 to run task
[2023-03-22T09:40:26.088+0400] {standard_task_runner.py:82} INFO - Running: ['airflow', 'tasks', 'run', 'data_gcp_12', 'format_to_parquet_task', 'manual__2023-03-22T05:40:21.246880+00:00', '--job-id', '96', '--raw', '--subdir', 'DAGS_FOLDER/data_gsp.py', '--cfg-path', '/tmp/tmpg8wv167n']
[2023-03-22T09:40:26.089+0400] {standard_task_runner.py:83} INFO - Job 96: Subtask format_to_parquet_task
[2023-03-22T09:40:26.118+0400] {task_command.py:388} INFO - Running <TaskInstance: data_gcp_12.format_to_parquet_task manual__2023-03-22T05:40:21.246880+00:00 [running]> on host civispc
[2023-03-22T09:40:26.152+0400] {taskinstance.py:1507} INFO - Exporting the following env vars:
AIRFLOW_CTX_DAG_OWNER=airflow
AIRFLOW_CTX_DAG_ID=data_gcp_12
AIRFLOW_CTX_TASK_ID=format_to_parquet_task
AIRFLOW_CTX_EXECUTION_DATE=2023-03-22T05:40:21.246880+00:00
AIRFLOW_CTX_TRY_NUMBER=1
AIRFLOW_CTX_DAG_RUN_ID=manual__2023-03-22T05:40:21.246880+00:00
[2023-03-22T09:40:28.826+0400] {logging_mixin.py:137} INFO - Deleted 'pq' directory successfully
[2023-03-22T09:40:30.074+0400] {python.py:177} INFO - Done. Returned value was: None
[2023-03-22T09:40:30.077+0400] {taskinstance.py:1318} INFO - Marking task as SUCCESS. dag_id=data_gcp_12, task_id=format_to_parquet_task, execution_date=20230322T054021, start_date=20230322T054026, end_date=20230322T054030
[2023-03-22T09:40:30.108+0400] {local_task_job.py:208} INFO - Task exited with return code 0
[2023-03-22T09:40:30.117+0400] {taskinstance.py:2578} INFO - 1 downstream tasks scheduled from follow-on schedule check
