[2023-03-22T08:22:17.820+0400] {taskinstance.py:1083} INFO - Dependencies all met for <TaskInstance: data_gcp_9.format_to_parquet_task manual__2023-03-22T04:22:13.235823+00:00 [queued]>
[2023-03-22T08:22:17.823+0400] {taskinstance.py:1083} INFO - Dependencies all met for <TaskInstance: data_gcp_9.format_to_parquet_task manual__2023-03-22T04:22:13.235823+00:00 [queued]>
[2023-03-22T08:22:17.823+0400] {taskinstance.py:1279} INFO - 
--------------------------------------------------------------------------------
[2023-03-22T08:22:17.823+0400] {taskinstance.py:1280} INFO - Starting attempt 1 of 2
[2023-03-22T08:22:17.823+0400] {taskinstance.py:1281} INFO - 
--------------------------------------------------------------------------------
[2023-03-22T08:22:17.834+0400] {taskinstance.py:1300} INFO - Executing <Task(PythonOperator): format_to_parquet_task> on 2023-03-22 04:22:13.235823+00:00
[2023-03-22T08:22:17.837+0400] {standard_task_runner.py:55} INFO - Started process 529106 to run task
[2023-03-22T08:22:17.838+0400] {standard_task_runner.py:82} INFO - Running: ['airflow', 'tasks', 'run', 'data_gcp_9', 'format_to_parquet_task', 'manual__2023-03-22T04:22:13.235823+00:00', '--job-id', '71', '--raw', '--subdir', 'DAGS_FOLDER/data_gsp.py', '--cfg-path', '/tmp/tmpa2x_qle8']
[2023-03-22T08:22:17.839+0400] {standard_task_runner.py:83} INFO - Job 71: Subtask format_to_parquet_task
[2023-03-22T08:22:17.863+0400] {task_command.py:388} INFO - Running <TaskInstance: data_gcp_9.format_to_parquet_task manual__2023-03-22T04:22:13.235823+00:00 [running]> on host civispc
[2023-03-22T08:22:17.898+0400] {taskinstance.py:1507} INFO - Exporting the following env vars:
AIRFLOW_CTX_DAG_OWNER=airflow
AIRFLOW_CTX_DAG_ID=data_gcp_9
AIRFLOW_CTX_TASK_ID=format_to_parquet_task
AIRFLOW_CTX_EXECUTION_DATE=2023-03-22T04:22:13.235823+00:00
AIRFLOW_CTX_TRY_NUMBER=1
AIRFLOW_CTX_DAG_RUN_ID=manual__2023-03-22T04:22:13.235823+00:00
[2023-03-22T08:22:20.663+0400] {logging_mixin.py:137} INFO - Deleted 'pq' directory successfully
[2023-03-22T08:22:21.895+0400] {python.py:177} INFO - Done. Returned value was: None
[2023-03-22T08:22:21.898+0400] {taskinstance.py:1318} INFO - Marking task as SUCCESS. dag_id=data_gcp_9, task_id=format_to_parquet_task, execution_date=20230322T042213, start_date=20230322T042217, end_date=20230322T042221
[2023-03-22T08:22:21.940+0400] {local_task_job.py:208} INFO - Task exited with return code 0
[2023-03-22T08:22:21.947+0400] {taskinstance.py:2578} INFO - 1 downstream tasks scheduled from follow-on schedule check
