[2023-03-22T09:40:23.239+0400] {taskinstance.py:1083} INFO - Dependencies all met for <TaskInstance: data_gcp_12.download_dataset_task manual__2023-03-22T05:40:21.246880+00:00 [queued]>
[2023-03-22T09:40:23.242+0400] {taskinstance.py:1083} INFO - Dependencies all met for <TaskInstance: data_gcp_12.download_dataset_task manual__2023-03-22T05:40:21.246880+00:00 [queued]>
[2023-03-22T09:40:23.242+0400] {taskinstance.py:1279} INFO - 
--------------------------------------------------------------------------------
[2023-03-22T09:40:23.242+0400] {taskinstance.py:1280} INFO - Starting attempt 1 of 2
[2023-03-22T09:40:23.242+0400] {taskinstance.py:1281} INFO - 
--------------------------------------------------------------------------------
[2023-03-22T09:40:23.254+0400] {taskinstance.py:1300} INFO - Executing <Task(BashOperator): download_dataset_task> on 2023-03-22 05:40:21.246880+00:00
[2023-03-22T09:40:23.257+0400] {standard_task_runner.py:55} INFO - Started process 679346 to run task
[2023-03-22T09:40:23.258+0400] {standard_task_runner.py:82} INFO - Running: ['airflow', 'tasks', 'run', 'data_gcp_12', 'download_dataset_task', 'manual__2023-03-22T05:40:21.246880+00:00', '--job-id', '95', '--raw', '--subdir', 'DAGS_FOLDER/data_gsp.py', '--cfg-path', '/tmp/tmpje61slf4']
[2023-03-22T09:40:23.259+0400] {standard_task_runner.py:83} INFO - Job 95: Subtask download_dataset_task
[2023-03-22T09:40:23.283+0400] {task_command.py:388} INFO - Running <TaskInstance: data_gcp_12.download_dataset_task manual__2023-03-22T05:40:21.246880+00:00 [running]> on host civispc
[2023-03-22T09:40:23.319+0400] {taskinstance.py:1507} INFO - Exporting the following env vars:
AIRFLOW_CTX_DAG_OWNER=airflow
AIRFLOW_CTX_DAG_ID=data_gcp_12
AIRFLOW_CTX_TASK_ID=download_dataset_task
AIRFLOW_CTX_EXECUTION_DATE=2023-03-22T05:40:21.246880+00:00
AIRFLOW_CTX_TRY_NUMBER=1
AIRFLOW_CTX_DAG_RUN_ID=manual__2023-03-22T05:40:21.246880+00:00
[2023-03-22T09:40:23.320+0400] {subprocess.py:63} INFO - Tmp dir root location: 
 /tmp
[2023-03-22T09:40:23.320+0400] {subprocess.py:75} INFO - Running command: ['/usr/bin/bash', '-c', 'curl -sSL https://raw.githubusercontent.com/civispro/de_zoomcamp_project/main/pldb.csv > /home/civis/git/de_zoomcamp_project/airflow/pldb.csv']
[2023-03-22T09:40:23.327+0400] {subprocess.py:86} INFO - Output:
[2023-03-22T09:40:24.108+0400] {subprocess.py:97} INFO - Command exited with return code 0
[2023-03-22T09:40:24.132+0400] {taskinstance.py:1318} INFO - Marking task as SUCCESS. dag_id=data_gcp_12, task_id=download_dataset_task, execution_date=20230322T054021, start_date=20230322T054023, end_date=20230322T054024
[2023-03-22T09:40:24.192+0400] {local_task_job.py:208} INFO - Task exited with return code 0
[2023-03-22T09:40:24.216+0400] {taskinstance.py:2578} INFO - 1 downstream tasks scheduled from follow-on schedule check
