[2023-03-22T09:34:54.614+0400] {taskinstance.py:1083} INFO - Dependencies all met for <TaskInstance: data_gcp_11.bigquery_external_table_task manual__2023-03-22T05:34:17.179123+00:00 [queued]>
[2023-03-22T09:34:54.618+0400] {taskinstance.py:1083} INFO - Dependencies all met for <TaskInstance: data_gcp_11.bigquery_external_table_task manual__2023-03-22T05:34:17.179123+00:00 [queued]>
[2023-03-22T09:34:54.618+0400] {taskinstance.py:1279} INFO - 
--------------------------------------------------------------------------------
[2023-03-22T09:34:54.618+0400] {taskinstance.py:1280} INFO - Starting attempt 1 of 2
[2023-03-22T09:34:54.618+0400] {taskinstance.py:1281} INFO - 
--------------------------------------------------------------------------------
[2023-03-22T09:34:54.630+0400] {taskinstance.py:1300} INFO - Executing <Task(BigQueryCreateExternalTableOperator): bigquery_external_table_task> on 2023-03-22 05:34:17.179123+00:00
[2023-03-22T09:34:54.633+0400] {standard_task_runner.py:55} INFO - Started process 668779 to run task
[2023-03-22T09:34:54.634+0400] {standard_task_runner.py:82} INFO - Running: ['airflow', 'tasks', 'run', 'data_gcp_11', 'bigquery_external_table_task', 'manual__2023-03-22T05:34:17.179123+00:00', '--job-id', '86', '--raw', '--subdir', 'DAGS_FOLDER/data_gsp.py', '--cfg-path', '/tmp/tmps1njfqx_']
[2023-03-22T09:34:54.635+0400] {standard_task_runner.py:83} INFO - Job 86: Subtask bigquery_external_table_task
[2023-03-22T09:34:54.661+0400] {task_command.py:388} INFO - Running <TaskInstance: data_gcp_11.bigquery_external_table_task manual__2023-03-22T05:34:17.179123+00:00 [running]> on host civispc
[2023-03-22T09:34:54.702+0400] {taskinstance.py:1507} INFO - Exporting the following env vars:
AIRFLOW_CTX_DAG_OWNER=airflow
AIRFLOW_CTX_DAG_ID=data_gcp_11
AIRFLOW_CTX_TASK_ID=bigquery_external_table_task
AIRFLOW_CTX_EXECUTION_DATE=2023-03-22T05:34:17.179123+00:00
AIRFLOW_CTX_TRY_NUMBER=1
AIRFLOW_CTX_DAG_RUN_ID=manual__2023-03-22T05:34:17.179123+00:00
[2023-03-22T09:34:54.704+0400] {base.py:73} INFO - Using connection ID 'google_cloud_default' for task execution.
[2023-03-22T09:34:54.704+0400] {credentials_provider.py:323} INFO - Getting connection using `google.auth.default()` since no key file is defined for hook.
[2023-03-22T09:34:55.264+0400] {taskinstance.py:1318} INFO - Marking task as SUCCESS. dag_id=data_gcp_11, task_id=bigquery_external_table_task, execution_date=20230322T053417, start_date=20230322T053454, end_date=20230322T053455
[2023-03-22T09:34:55.287+0400] {local_task_job.py:208} INFO - Task exited with return code 0
[2023-03-22T09:34:55.292+0400] {taskinstance.py:2578} INFO - 0 downstream tasks scheduled from follow-on schedule check
