[2023-03-22T08:10:54.500+0400] {taskinstance.py:1083} INFO - Dependencies all met for <TaskInstance: data_gcp_7.format_to_parquet_task scheduled__2023-03-21T00:00:00+00:00 [queued]>
[2023-03-22T08:10:54.503+0400] {taskinstance.py:1083} INFO - Dependencies all met for <TaskInstance: data_gcp_7.format_to_parquet_task scheduled__2023-03-21T00:00:00+00:00 [queued]>
[2023-03-22T08:10:54.503+0400] {taskinstance.py:1279} INFO - 
--------------------------------------------------------------------------------
[2023-03-22T08:10:54.503+0400] {taskinstance.py:1280} INFO - Starting attempt 1 of 2
[2023-03-22T08:10:54.503+0400] {taskinstance.py:1281} INFO - 
--------------------------------------------------------------------------------
[2023-03-22T08:10:54.515+0400] {taskinstance.py:1300} INFO - Executing <Task(PythonOperator): format_to_parquet_task> on 2023-03-21 00:00:00+00:00
[2023-03-22T08:10:54.518+0400] {standard_task_runner.py:55} INFO - Started process 507344 to run task
[2023-03-22T08:10:54.519+0400] {standard_task_runner.py:82} INFO - Running: ['airflow', 'tasks', 'run', 'data_gcp_7', 'format_to_parquet_task', 'scheduled__2023-03-21T00:00:00+00:00', '--job-id', '53', '--raw', '--subdir', 'DAGS_FOLDER/data_gsp.py', '--cfg-path', '/tmp/tmp407kcw9d']
[2023-03-22T08:10:54.520+0400] {standard_task_runner.py:83} INFO - Job 53: Subtask format_to_parquet_task
[2023-03-22T08:10:54.550+0400] {task_command.py:388} INFO - Running <TaskInstance: data_gcp_7.format_to_parquet_task scheduled__2023-03-21T00:00:00+00:00 [running]> on host civispc
[2023-03-22T08:10:54.583+0400] {taskinstance.py:1507} INFO - Exporting the following env vars:
AIRFLOW_CTX_DAG_OWNER=airflow
AIRFLOW_CTX_DAG_ID=data_gcp_7
AIRFLOW_CTX_TASK_ID=format_to_parquet_task
AIRFLOW_CTX_EXECUTION_DATE=2023-03-21T00:00:00+00:00
AIRFLOW_CTX_TRY_NUMBER=1
AIRFLOW_CTX_DAG_RUN_ID=scheduled__2023-03-21T00:00:00+00:00
[2023-03-22T08:10:57.203+0400] {logging_mixin.py:137} INFO - Deleted 'pq' directory successfully
[2023-03-22T08:10:58.451+0400] {python.py:177} INFO - Done. Returned value was: None
[2023-03-22T08:10:58.456+0400] {taskinstance.py:1318} INFO - Marking task as SUCCESS. dag_id=data_gcp_7, task_id=format_to_parquet_task, execution_date=20230321T000000, start_date=20230322T041054, end_date=20230322T041058
[2023-03-22T08:10:58.499+0400] {local_task_job.py:208} INFO - Task exited with return code 0
[2023-03-22T08:10:58.507+0400] {taskinstance.py:2578} INFO - 1 downstream tasks scheduled from follow-on schedule check
