[2023-03-22T09:38:52.878+0400] {taskinstance.py:1083} INFO - Dependencies all met for <TaskInstance: data_gcp_12.format_to_parquet_task scheduled__2023-03-21T00:00:00+00:00 [queued]>
[2023-03-22T09:38:52.881+0400] {taskinstance.py:1083} INFO - Dependencies all met for <TaskInstance: data_gcp_12.format_to_parquet_task scheduled__2023-03-21T00:00:00+00:00 [queued]>
[2023-03-22T09:38:52.881+0400] {taskinstance.py:1279} INFO - 
--------------------------------------------------------------------------------
[2023-03-22T09:38:52.881+0400] {taskinstance.py:1280} INFO - Starting attempt 1 of 2
[2023-03-22T09:38:52.881+0400] {taskinstance.py:1281} INFO - 
--------------------------------------------------------------------------------
[2023-03-22T09:38:52.893+0400] {taskinstance.py:1300} INFO - Executing <Task(PythonOperator): format_to_parquet_task> on 2023-03-21 00:00:00+00:00
[2023-03-22T09:38:52.897+0400] {standard_task_runner.py:55} INFO - Started process 676467 to run task
[2023-03-22T09:38:52.898+0400] {standard_task_runner.py:82} INFO - Running: ['airflow', 'tasks', 'run', 'data_gcp_12', 'format_to_parquet_task', 'scheduled__2023-03-21T00:00:00+00:00', '--job-id', '92', '--raw', '--subdir', 'DAGS_FOLDER/data_gsp.py', '--cfg-path', '/tmp/tmpzm0jz6ds']
[2023-03-22T09:38:52.899+0400] {standard_task_runner.py:83} INFO - Job 92: Subtask format_to_parquet_task
[2023-03-22T09:38:52.934+0400] {task_command.py:388} INFO - Running <TaskInstance: data_gcp_12.format_to_parquet_task scheduled__2023-03-21T00:00:00+00:00 [running]> on host civispc
[2023-03-22T09:38:52.968+0400] {taskinstance.py:1507} INFO - Exporting the following env vars:
AIRFLOW_CTX_DAG_OWNER=airflow
AIRFLOW_CTX_DAG_ID=data_gcp_12
AIRFLOW_CTX_TASK_ID=format_to_parquet_task
AIRFLOW_CTX_EXECUTION_DATE=2023-03-21T00:00:00+00:00
AIRFLOW_CTX_TRY_NUMBER=1
AIRFLOW_CTX_DAG_RUN_ID=scheduled__2023-03-21T00:00:00+00:00
[2023-03-22T09:38:55.735+0400] {logging_mixin.py:137} INFO - Deleted 'pq' directory successfully
[2023-03-22T09:38:56.990+0400] {python.py:177} INFO - Done. Returned value was: None
[2023-03-22T09:38:56.994+0400] {taskinstance.py:1318} INFO - Marking task as SUCCESS. dag_id=data_gcp_12, task_id=format_to_parquet_task, execution_date=20230321T000000, start_date=20230322T053852, end_date=20230322T053856
[2023-03-22T09:38:57.039+0400] {local_task_job.py:208} INFO - Task exited with return code 0
[2023-03-22T09:38:57.048+0400] {taskinstance.py:2578} INFO - 1 downstream tasks scheduled from follow-on schedule check
