[2023-03-22T09:40:31.960+0400] {taskinstance.py:1083} INFO - Dependencies all met for <TaskInstance: data_gcp_12.local_to_gcs_task manual__2023-03-22T05:40:21.246880+00:00 [queued]>
[2023-03-22T09:40:31.962+0400] {taskinstance.py:1083} INFO - Dependencies all met for <TaskInstance: data_gcp_12.local_to_gcs_task manual__2023-03-22T05:40:21.246880+00:00 [queued]>
[2023-03-22T09:40:31.962+0400] {taskinstance.py:1279} INFO - 
--------------------------------------------------------------------------------
[2023-03-22T09:40:31.963+0400] {taskinstance.py:1280} INFO - Starting attempt 1 of 2
[2023-03-22T09:40:31.963+0400] {taskinstance.py:1281} INFO - 
--------------------------------------------------------------------------------
[2023-03-22T09:40:31.974+0400] {taskinstance.py:1300} INFO - Executing <Task(PythonOperator): local_to_gcs_task> on 2023-03-22 05:40:21.246880+00:00
[2023-03-22T09:40:31.977+0400] {standard_task_runner.py:55} INFO - Started process 679806 to run task
[2023-03-22T09:40:31.978+0400] {standard_task_runner.py:82} INFO - Running: ['airflow', 'tasks', 'run', 'data_gcp_12', 'local_to_gcs_task', 'manual__2023-03-22T05:40:21.246880+00:00', '--job-id', '97', '--raw', '--subdir', 'DAGS_FOLDER/data_gsp.py', '--cfg-path', '/tmp/tmpc8msqaqs']
[2023-03-22T09:40:31.979+0400] {standard_task_runner.py:83} INFO - Job 97: Subtask local_to_gcs_task
[2023-03-22T09:40:32.002+0400] {task_command.py:388} INFO - Running <TaskInstance: data_gcp_12.local_to_gcs_task manual__2023-03-22T05:40:21.246880+00:00 [running]> on host civispc
[2023-03-22T09:40:32.041+0400] {taskinstance.py:1507} INFO - Exporting the following env vars:
AIRFLOW_CTX_DAG_OWNER=airflow
AIRFLOW_CTX_DAG_ID=data_gcp_12
AIRFLOW_CTX_TASK_ID=local_to_gcs_task
AIRFLOW_CTX_EXECUTION_DATE=2023-03-22T05:40:21.246880+00:00
AIRFLOW_CTX_TRY_NUMBER=1
AIRFLOW_CTX_DAG_RUN_ID=manual__2023-03-22T05:40:21.246880+00:00
[2023-03-22T09:40:36.754+0400] {python.py:177} INFO - Done. Returned value was: None
[2023-03-22T09:40:36.764+0400] {taskinstance.py:1318} INFO - Marking task as SUCCESS. dag_id=data_gcp_12, task_id=local_to_gcs_task, execution_date=20230322T054021, start_date=20230322T054031, end_date=20230322T054036
[2023-03-22T09:40:36.806+0400] {local_task_job.py:208} INFO - Task exited with return code 0
[2023-03-22T09:40:36.827+0400] {taskinstance.py:2578} INFO - 1 downstream tasks scheduled from follow-on schedule check
