[2023-03-22T09:34:41.971+0400] {taskinstance.py:1083} INFO - Dependencies all met for <TaskInstance: data_gcp_11.format_to_parquet_task manual__2023-03-22T05:34:17.179123+00:00 [queued]>
[2023-03-22T09:34:41.974+0400] {taskinstance.py:1083} INFO - Dependencies all met for <TaskInstance: data_gcp_11.format_to_parquet_task manual__2023-03-22T05:34:17.179123+00:00 [queued]>
[2023-03-22T09:34:41.974+0400] {taskinstance.py:1279} INFO - 
--------------------------------------------------------------------------------
[2023-03-22T09:34:41.974+0400] {taskinstance.py:1280} INFO - Starting attempt 1 of 2
[2023-03-22T09:34:41.974+0400] {taskinstance.py:1281} INFO - 
--------------------------------------------------------------------------------
[2023-03-22T09:34:41.986+0400] {taskinstance.py:1300} INFO - Executing <Task(PythonOperator): format_to_parquet_task> on 2023-03-22 05:34:17.179123+00:00
[2023-03-22T09:34:41.989+0400] {standard_task_runner.py:55} INFO - Started process 668235 to run task
[2023-03-22T09:34:41.990+0400] {standard_task_runner.py:82} INFO - Running: ['airflow', 'tasks', 'run', 'data_gcp_11', 'format_to_parquet_task', 'manual__2023-03-22T05:34:17.179123+00:00', '--job-id', '84', '--raw', '--subdir', 'DAGS_FOLDER/data_gsp.py', '--cfg-path', '/tmp/tmp8yickpm6']
[2023-03-22T09:34:41.991+0400] {standard_task_runner.py:83} INFO - Job 84: Subtask format_to_parquet_task
[2023-03-22T09:34:42.030+0400] {task_command.py:388} INFO - Running <TaskInstance: data_gcp_11.format_to_parquet_task manual__2023-03-22T05:34:17.179123+00:00 [running]> on host civispc
[2023-03-22T09:34:42.122+0400] {taskinstance.py:1507} INFO - Exporting the following env vars:
AIRFLOW_CTX_DAG_OWNER=airflow
AIRFLOW_CTX_DAG_ID=data_gcp_11
AIRFLOW_CTX_TASK_ID=format_to_parquet_task
AIRFLOW_CTX_EXECUTION_DATE=2023-03-22T05:34:17.179123+00:00
AIRFLOW_CTX_TRY_NUMBER=1
AIRFLOW_CTX_DAG_RUN_ID=manual__2023-03-22T05:34:17.179123+00:00
[2023-03-22T09:34:44.938+0400] {logging_mixin.py:137} INFO - Deleted 'pq' directory successfully
[2023-03-22T09:34:46.198+0400] {python.py:177} INFO - Done. Returned value was: None
[2023-03-22T09:34:46.201+0400] {taskinstance.py:1318} INFO - Marking task as SUCCESS. dag_id=data_gcp_11, task_id=format_to_parquet_task, execution_date=20230322T053417, start_date=20230322T053441, end_date=20230322T053446
[2023-03-22T09:34:46.250+0400] {local_task_job.py:208} INFO - Task exited with return code 0
[2023-03-22T09:34:46.260+0400] {taskinstance.py:2578} INFO - 1 downstream tasks scheduled from follow-on schedule check
