[2023-03-22T04:00:00.165+0400] {processor.py:153} INFO - Started process (PID=165478) to work on /home/civis/anaconda3/lib/python3.9/site-packages/airflow/example_dags/subdags/subdag.py
[2023-03-22T04:00:00.166+0400] {processor.py:743} INFO - Processing file /home/civis/anaconda3/lib/python3.9/site-packages/airflow/example_dags/subdags/subdag.py for tasks to queue
[2023-03-22T04:00:00.166+0400] {logging_mixin.py:137} INFO - [2023-03-22T04:00:00.166+0400] {dagbag.py:538} INFO - Filling up the DagBag from /home/civis/anaconda3/lib/python3.9/site-packages/airflow/example_dags/subdags/subdag.py
[2023-03-22T04:00:00.226+0400] {processor.py:755} WARNING - No viable dags retrieved from /home/civis/anaconda3/lib/python3.9/site-packages/airflow/example_dags/subdags/subdag.py
[2023-03-22T04:00:00.229+0400] {processor.py:175} INFO - Processing /home/civis/anaconda3/lib/python3.9/site-packages/airflow/example_dags/subdags/subdag.py took 0.067 seconds
[2023-03-22T04:00:46.103+0400] {processor.py:153} INFO - Started process (PID=166168) to work on /home/civis/anaconda3/lib/python3.9/site-packages/airflow/example_dags/subdags/subdag.py
[2023-03-22T04:00:46.113+0400] {processor.py:743} INFO - Processing file /home/civis/anaconda3/lib/python3.9/site-packages/airflow/example_dags/subdags/subdag.py for tasks to queue
[2023-03-22T04:00:46.114+0400] {logging_mixin.py:137} INFO - [2023-03-22T04:00:46.114+0400] {dagbag.py:538} INFO - Filling up the DagBag from /home/civis/anaconda3/lib/python3.9/site-packages/airflow/example_dags/subdags/subdag.py
[2023-03-22T04:00:46.120+0400] {processor.py:755} WARNING - No viable dags retrieved from /home/civis/anaconda3/lib/python3.9/site-packages/airflow/example_dags/subdags/subdag.py
[2023-03-22T04:00:46.134+0400] {processor.py:175} INFO - Processing /home/civis/anaconda3/lib/python3.9/site-packages/airflow/example_dags/subdags/subdag.py took 0.036 seconds
[2023-03-22T04:01:25.293+0400] {processor.py:153} INFO - Started process (PID=166766) to work on /home/civis/anaconda3/lib/python3.9/site-packages/airflow/example_dags/subdags/subdag.py
[2023-03-22T04:01:25.302+0400] {processor.py:743} INFO - Processing file /home/civis/anaconda3/lib/python3.9/site-packages/airflow/example_dags/subdags/subdag.py for tasks to queue
[2023-03-22T04:01:25.303+0400] {logging_mixin.py:137} INFO - [2023-03-22T04:01:25.303+0400] {dagbag.py:538} INFO - Filling up the DagBag from /home/civis/anaconda3/lib/python3.9/site-packages/airflow/example_dags/subdags/subdag.py
[2023-03-22T04:01:25.311+0400] {processor.py:755} WARNING - No viable dags retrieved from /home/civis/anaconda3/lib/python3.9/site-packages/airflow/example_dags/subdags/subdag.py
[2023-03-22T04:01:25.320+0400] {processor.py:175} INFO - Processing /home/civis/anaconda3/lib/python3.9/site-packages/airflow/example_dags/subdags/subdag.py took 0.030 seconds
[2023-03-22T04:02:05.320+0400] {processor.py:153} INFO - Started process (PID=167417) to work on /home/civis/anaconda3/lib/python3.9/site-packages/airflow/example_dags/subdags/subdag.py
[2023-03-22T04:02:05.321+0400] {processor.py:743} INFO - Processing file /home/civis/anaconda3/lib/python3.9/site-packages/airflow/example_dags/subdags/subdag.py for tasks to queue
[2023-03-22T04:02:05.322+0400] {logging_mixin.py:137} INFO - [2023-03-22T04:02:05.322+0400] {dagbag.py:538} INFO - Filling up the DagBag from /home/civis/anaconda3/lib/python3.9/site-packages/airflow/example_dags/subdags/subdag.py
[2023-03-22T04:02:05.327+0400] {processor.py:755} WARNING - No viable dags retrieved from /home/civis/anaconda3/lib/python3.9/site-packages/airflow/example_dags/subdags/subdag.py
[2023-03-22T04:02:05.335+0400] {processor.py:175} INFO - Processing /home/civis/anaconda3/lib/python3.9/site-packages/airflow/example_dags/subdags/subdag.py took 0.018 seconds
[2023-03-22T04:02:44.778+0400] {processor.py:153} INFO - Started process (PID=168232) to work on /home/civis/anaconda3/lib/python3.9/site-packages/airflow/example_dags/subdags/subdag.py
[2023-03-22T04:02:44.778+0400] {processor.py:743} INFO - Processing file /home/civis/anaconda3/lib/python3.9/site-packages/airflow/example_dags/subdags/subdag.py for tasks to queue
[2023-03-22T04:02:44.779+0400] {logging_mixin.py:137} INFO - [2023-03-22T04:02:44.778+0400] {dagbag.py:538} INFO - Filling up the DagBag from /home/civis/anaconda3/lib/python3.9/site-packages/airflow/example_dags/subdags/subdag.py
[2023-03-22T04:02:44.780+0400] {processor.py:755} WARNING - No viable dags retrieved from /home/civis/anaconda3/lib/python3.9/site-packages/airflow/example_dags/subdags/subdag.py
[2023-03-22T04:02:44.783+0400] {processor.py:175} INFO - Processing /home/civis/anaconda3/lib/python3.9/site-packages/airflow/example_dags/subdags/subdag.py took 0.007 seconds
[2023-03-22T04:03:25.883+0400] {processor.py:153} INFO - Started process (PID=169064) to work on /home/civis/anaconda3/lib/python3.9/site-packages/airflow/example_dags/subdags/subdag.py
[2023-03-22T04:03:25.891+0400] {processor.py:743} INFO - Processing file /home/civis/anaconda3/lib/python3.9/site-packages/airflow/example_dags/subdags/subdag.py for tasks to queue
[2023-03-22T04:03:25.893+0400] {logging_mixin.py:137} INFO - [2023-03-22T04:03:25.892+0400] {dagbag.py:538} INFO - Filling up the DagBag from /home/civis/anaconda3/lib/python3.9/site-packages/airflow/example_dags/subdags/subdag.py
[2023-03-22T04:03:25.899+0400] {processor.py:755} WARNING - No viable dags retrieved from /home/civis/anaconda3/lib/python3.9/site-packages/airflow/example_dags/subdags/subdag.py
[2023-03-22T04:03:25.907+0400] {processor.py:175} INFO - Processing /home/civis/anaconda3/lib/python3.9/site-packages/airflow/example_dags/subdags/subdag.py took 0.026 seconds
[2023-03-22T04:04:31.064+0400] {processor.py:153} INFO - Started process (PID=170085) to work on /home/civis/anaconda3/lib/python3.9/site-packages/airflow/example_dags/subdags/subdag.py
[2023-03-22T04:04:31.072+0400] {processor.py:743} INFO - Processing file /home/civis/anaconda3/lib/python3.9/site-packages/airflow/example_dags/subdags/subdag.py for tasks to queue
[2023-03-22T04:04:31.074+0400] {logging_mixin.py:137} INFO - [2023-03-22T04:04:31.073+0400] {dagbag.py:538} INFO - Filling up the DagBag from /home/civis/anaconda3/lib/python3.9/site-packages/airflow/example_dags/subdags/subdag.py
[2023-03-22T04:04:31.079+0400] {processor.py:755} WARNING - No viable dags retrieved from /home/civis/anaconda3/lib/python3.9/site-packages/airflow/example_dags/subdags/subdag.py
[2023-03-22T04:04:31.086+0400] {processor.py:175} INFO - Processing /home/civis/anaconda3/lib/python3.9/site-packages/airflow/example_dags/subdags/subdag.py took 0.024 seconds
[2023-03-22T04:05:12.364+0400] {processor.py:153} INFO - Started process (PID=170753) to work on /home/civis/anaconda3/lib/python3.9/site-packages/airflow/example_dags/subdags/subdag.py
[2023-03-22T04:05:12.373+0400] {processor.py:743} INFO - Processing file /home/civis/anaconda3/lib/python3.9/site-packages/airflow/example_dags/subdags/subdag.py for tasks to queue
[2023-03-22T04:05:12.374+0400] {logging_mixin.py:137} INFO - [2023-03-22T04:05:12.374+0400] {dagbag.py:538} INFO - Filling up the DagBag from /home/civis/anaconda3/lib/python3.9/site-packages/airflow/example_dags/subdags/subdag.py
[2023-03-22T04:05:12.383+0400] {processor.py:755} WARNING - No viable dags retrieved from /home/civis/anaconda3/lib/python3.9/site-packages/airflow/example_dags/subdags/subdag.py
[2023-03-22T04:05:12.390+0400] {processor.py:175} INFO - Processing /home/civis/anaconda3/lib/python3.9/site-packages/airflow/example_dags/subdags/subdag.py took 0.027 seconds
[2023-03-22T04:05:51.215+0400] {processor.py:153} INFO - Started process (PID=171351) to work on /home/civis/anaconda3/lib/python3.9/site-packages/airflow/example_dags/subdags/subdag.py
[2023-03-22T04:05:51.224+0400] {processor.py:743} INFO - Processing file /home/civis/anaconda3/lib/python3.9/site-packages/airflow/example_dags/subdags/subdag.py for tasks to queue
[2023-03-22T04:05:51.225+0400] {logging_mixin.py:137} INFO - [2023-03-22T04:05:51.225+0400] {dagbag.py:538} INFO - Filling up the DagBag from /home/civis/anaconda3/lib/python3.9/site-packages/airflow/example_dags/subdags/subdag.py
[2023-03-22T04:05:51.230+0400] {processor.py:755} WARNING - No viable dags retrieved from /home/civis/anaconda3/lib/python3.9/site-packages/airflow/example_dags/subdags/subdag.py
[2023-03-22T04:05:51.240+0400] {processor.py:175} INFO - Processing /home/civis/anaconda3/lib/python3.9/site-packages/airflow/example_dags/subdags/subdag.py took 0.029 seconds
[2023-03-22T04:06:32.734+0400] {processor.py:153} INFO - Started process (PID=172031) to work on /home/civis/anaconda3/lib/python3.9/site-packages/airflow/example_dags/subdags/subdag.py
[2023-03-22T04:06:32.743+0400] {processor.py:743} INFO - Processing file /home/civis/anaconda3/lib/python3.9/site-packages/airflow/example_dags/subdags/subdag.py for tasks to queue
[2023-03-22T04:06:32.744+0400] {logging_mixin.py:137} INFO - [2023-03-22T04:06:32.744+0400] {dagbag.py:538} INFO - Filling up the DagBag from /home/civis/anaconda3/lib/python3.9/site-packages/airflow/example_dags/subdags/subdag.py
[2023-03-22T04:06:32.750+0400] {processor.py:755} WARNING - No viable dags retrieved from /home/civis/anaconda3/lib/python3.9/site-packages/airflow/example_dags/subdags/subdag.py
[2023-03-22T04:06:32.764+0400] {processor.py:175} INFO - Processing /home/civis/anaconda3/lib/python3.9/site-packages/airflow/example_dags/subdags/subdag.py took 0.031 seconds
[2023-03-22T04:07:11.968+0400] {processor.py:153} INFO - Started process (PID=172683) to work on /home/civis/anaconda3/lib/python3.9/site-packages/airflow/example_dags/subdags/subdag.py
[2023-03-22T04:07:11.969+0400] {processor.py:743} INFO - Processing file /home/civis/anaconda3/lib/python3.9/site-packages/airflow/example_dags/subdags/subdag.py for tasks to queue
[2023-03-22T04:07:11.969+0400] {logging_mixin.py:137} INFO - [2023-03-22T04:07:11.969+0400] {dagbag.py:538} INFO - Filling up the DagBag from /home/civis/anaconda3/lib/python3.9/site-packages/airflow/example_dags/subdags/subdag.py
[2023-03-22T04:07:11.970+0400] {processor.py:755} WARNING - No viable dags retrieved from /home/civis/anaconda3/lib/python3.9/site-packages/airflow/example_dags/subdags/subdag.py
[2023-03-22T04:07:11.974+0400] {processor.py:175} INFO - Processing /home/civis/anaconda3/lib/python3.9/site-packages/airflow/example_dags/subdags/subdag.py took 0.009 seconds
[2023-03-22T04:07:54.805+0400] {processor.py:153} INFO - Started process (PID=173381) to work on /home/civis/anaconda3/lib/python3.9/site-packages/airflow/example_dags/subdags/subdag.py
[2023-03-22T04:07:54.814+0400] {processor.py:743} INFO - Processing file /home/civis/anaconda3/lib/python3.9/site-packages/airflow/example_dags/subdags/subdag.py for tasks to queue
[2023-03-22T04:07:54.815+0400] {logging_mixin.py:137} INFO - [2023-03-22T04:07:54.815+0400] {dagbag.py:538} INFO - Filling up the DagBag from /home/civis/anaconda3/lib/python3.9/site-packages/airflow/example_dags/subdags/subdag.py
[2023-03-22T04:07:54.821+0400] {processor.py:755} WARNING - No viable dags retrieved from /home/civis/anaconda3/lib/python3.9/site-packages/airflow/example_dags/subdags/subdag.py
[2023-03-22T04:07:54.829+0400] {processor.py:175} INFO - Processing /home/civis/anaconda3/lib/python3.9/site-packages/airflow/example_dags/subdags/subdag.py took 0.026 seconds
[2023-03-22T04:08:33.088+0400] {processor.py:153} INFO - Started process (PID=174077) to work on /home/civis/anaconda3/lib/python3.9/site-packages/airflow/example_dags/subdags/subdag.py
[2023-03-22T04:08:33.096+0400] {processor.py:743} INFO - Processing file /home/civis/anaconda3/lib/python3.9/site-packages/airflow/example_dags/subdags/subdag.py for tasks to queue
[2023-03-22T04:08:33.096+0400] {logging_mixin.py:137} INFO - [2023-03-22T04:08:33.096+0400] {dagbag.py:538} INFO - Filling up the DagBag from /home/civis/anaconda3/lib/python3.9/site-packages/airflow/example_dags/subdags/subdag.py
[2023-03-22T04:08:33.099+0400] {processor.py:755} WARNING - No viable dags retrieved from /home/civis/anaconda3/lib/python3.9/site-packages/airflow/example_dags/subdags/subdag.py
[2023-03-22T04:08:33.107+0400] {processor.py:175} INFO - Processing /home/civis/anaconda3/lib/python3.9/site-packages/airflow/example_dags/subdags/subdag.py took 0.021 seconds
[2023-03-22T04:09:13.423+0400] {processor.py:153} INFO - Started process (PID=175946) to work on /home/civis/anaconda3/lib/python3.9/site-packages/airflow/example_dags/subdags/subdag.py
[2023-03-22T04:09:13.431+0400] {processor.py:743} INFO - Processing file /home/civis/anaconda3/lib/python3.9/site-packages/airflow/example_dags/subdags/subdag.py for tasks to queue
[2023-03-22T04:09:13.433+0400] {logging_mixin.py:137} INFO - [2023-03-22T04:09:13.432+0400] {dagbag.py:538} INFO - Filling up the DagBag from /home/civis/anaconda3/lib/python3.9/site-packages/airflow/example_dags/subdags/subdag.py
[2023-03-22T04:09:13.438+0400] {processor.py:755} WARNING - No viable dags retrieved from /home/civis/anaconda3/lib/python3.9/site-packages/airflow/example_dags/subdags/subdag.py
[2023-03-22T04:09:13.447+0400] {processor.py:175} INFO - Processing /home/civis/anaconda3/lib/python3.9/site-packages/airflow/example_dags/subdags/subdag.py took 0.026 seconds
[2023-03-22T04:09:57.526+0400] {processor.py:153} INFO - Started process (PID=176658) to work on /home/civis/anaconda3/lib/python3.9/site-packages/airflow/example_dags/subdags/subdag.py
[2023-03-22T04:09:57.534+0400] {processor.py:743} INFO - Processing file /home/civis/anaconda3/lib/python3.9/site-packages/airflow/example_dags/subdags/subdag.py for tasks to queue
[2023-03-22T04:09:57.535+0400] {logging_mixin.py:137} INFO - [2023-03-22T04:09:57.535+0400] {dagbag.py:538} INFO - Filling up the DagBag from /home/civis/anaconda3/lib/python3.9/site-packages/airflow/example_dags/subdags/subdag.py
[2023-03-22T04:09:57.542+0400] {processor.py:755} WARNING - No viable dags retrieved from /home/civis/anaconda3/lib/python3.9/site-packages/airflow/example_dags/subdags/subdag.py
[2023-03-22T04:09:57.550+0400] {processor.py:175} INFO - Processing /home/civis/anaconda3/lib/python3.9/site-packages/airflow/example_dags/subdags/subdag.py took 0.026 seconds
[2023-03-22T04:10:41.115+0400] {processor.py:153} INFO - Started process (PID=177359) to work on /home/civis/anaconda3/lib/python3.9/site-packages/airflow/example_dags/subdags/subdag.py
[2023-03-22T04:10:41.123+0400] {processor.py:743} INFO - Processing file /home/civis/anaconda3/lib/python3.9/site-packages/airflow/example_dags/subdags/subdag.py for tasks to queue
[2023-03-22T04:10:41.126+0400] {logging_mixin.py:137} INFO - [2023-03-22T04:10:41.126+0400] {dagbag.py:538} INFO - Filling up the DagBag from /home/civis/anaconda3/lib/python3.9/site-packages/airflow/example_dags/subdags/subdag.py
[2023-03-22T04:10:41.131+0400] {processor.py:755} WARNING - No viable dags retrieved from /home/civis/anaconda3/lib/python3.9/site-packages/airflow/example_dags/subdags/subdag.py
[2023-03-22T04:10:41.139+0400] {processor.py:175} INFO - Processing /home/civis/anaconda3/lib/python3.9/site-packages/airflow/example_dags/subdags/subdag.py took 0.025 seconds
[2023-03-22T04:11:19.200+0400] {processor.py:153} INFO - Started process (PID=178070) to work on /home/civis/anaconda3/lib/python3.9/site-packages/airflow/example_dags/subdags/subdag.py
[2023-03-22T04:11:19.205+0400] {processor.py:743} INFO - Processing file /home/civis/anaconda3/lib/python3.9/site-packages/airflow/example_dags/subdags/subdag.py for tasks to queue
[2023-03-22T04:11:19.206+0400] {logging_mixin.py:137} INFO - [2023-03-22T04:11:19.205+0400] {dagbag.py:538} INFO - Filling up the DagBag from /home/civis/anaconda3/lib/python3.9/site-packages/airflow/example_dags/subdags/subdag.py
[2023-03-22T04:11:19.209+0400] {processor.py:755} WARNING - No viable dags retrieved from /home/civis/anaconda3/lib/python3.9/site-packages/airflow/example_dags/subdags/subdag.py
[2023-03-22T04:11:19.215+0400] {processor.py:175} INFO - Processing /home/civis/anaconda3/lib/python3.9/site-packages/airflow/example_dags/subdags/subdag.py took 0.019 seconds
