[2023-03-22T04:00:13.235+0400] {processor.py:153} INFO - Started process (PID=165671) to work on /home/civis/anaconda3/lib/python3.9/site-packages/airflow/example_dags/example_kubernetes_executor.py
[2023-03-22T04:00:13.236+0400] {processor.py:743} INFO - Processing file /home/civis/anaconda3/lib/python3.9/site-packages/airflow/example_dags/example_kubernetes_executor.py for tasks to queue
[2023-03-22T04:00:13.236+0400] {logging_mixin.py:137} INFO - [2023-03-22T04:00:13.236+0400] {dagbag.py:538} INFO - Filling up the DagBag from /home/civis/anaconda3/lib/python3.9/site-packages/airflow/example_dags/example_kubernetes_executor.py
[2023-03-22T04:00:13.243+0400] {logging_mixin.py:137} INFO - [2023-03-22T04:00:13.243+0400] {example_kubernetes_executor.py:41} WARNING - The example_kubernetes_executor example DAG requires the kubernetes provider. Please install it with: pip install apache-airflow[cncf.kubernetes]
[2023-03-22T04:00:13.244+0400] {processor.py:755} WARNING - No viable dags retrieved from /home/civis/anaconda3/lib/python3.9/site-packages/airflow/example_dags/example_kubernetes_executor.py
[2023-03-22T04:00:13.250+0400] {processor.py:175} INFO - Processing /home/civis/anaconda3/lib/python3.9/site-packages/airflow/example_dags/example_kubernetes_executor.py took 0.016 seconds
[2023-03-22T04:00:55.090+0400] {processor.py:153} INFO - Started process (PID=166317) to work on /home/civis/anaconda3/lib/python3.9/site-packages/airflow/example_dags/example_kubernetes_executor.py
[2023-03-22T04:00:55.098+0400] {processor.py:743} INFO - Processing file /home/civis/anaconda3/lib/python3.9/site-packages/airflow/example_dags/example_kubernetes_executor.py for tasks to queue
[2023-03-22T04:00:55.100+0400] {logging_mixin.py:137} INFO - [2023-03-22T04:00:55.099+0400] {dagbag.py:538} INFO - Filling up the DagBag from /home/civis/anaconda3/lib/python3.9/site-packages/airflow/example_dags/example_kubernetes_executor.py
[2023-03-22T04:00:55.114+0400] {logging_mixin.py:137} INFO - [2023-03-22T04:00:55.114+0400] {example_kubernetes_executor.py:41} WARNING - The example_kubernetes_executor example DAG requires the kubernetes provider. Please install it with: pip install apache-airflow[cncf.kubernetes]
[2023-03-22T04:00:55.114+0400] {processor.py:755} WARNING - No viable dags retrieved from /home/civis/anaconda3/lib/python3.9/site-packages/airflow/example_dags/example_kubernetes_executor.py
[2023-03-22T04:00:55.117+0400] {processor.py:175} INFO - Processing /home/civis/anaconda3/lib/python3.9/site-packages/airflow/example_dags/example_kubernetes_executor.py took 0.031 seconds
[2023-03-22T04:01:33.980+0400] {processor.py:153} INFO - Started process (PID=166899) to work on /home/civis/anaconda3/lib/python3.9/site-packages/airflow/example_dags/example_kubernetes_executor.py
[2023-03-22T04:01:33.981+0400] {processor.py:743} INFO - Processing file /home/civis/anaconda3/lib/python3.9/site-packages/airflow/example_dags/example_kubernetes_executor.py for tasks to queue
[2023-03-22T04:01:33.981+0400] {logging_mixin.py:137} INFO - [2023-03-22T04:01:33.981+0400] {dagbag.py:538} INFO - Filling up the DagBag from /home/civis/anaconda3/lib/python3.9/site-packages/airflow/example_dags/example_kubernetes_executor.py
[2023-03-22T04:01:33.990+0400] {logging_mixin.py:137} INFO - [2023-03-22T04:01:33.990+0400] {example_kubernetes_executor.py:41} WARNING - The example_kubernetes_executor example DAG requires the kubernetes provider. Please install it with: pip install apache-airflow[cncf.kubernetes]
[2023-03-22T04:01:33.990+0400] {processor.py:755} WARNING - No viable dags retrieved from /home/civis/anaconda3/lib/python3.9/site-packages/airflow/example_dags/example_kubernetes_executor.py
[2023-03-22T04:01:33.994+0400] {processor.py:175} INFO - Processing /home/civis/anaconda3/lib/python3.9/site-packages/airflow/example_dags/example_kubernetes_executor.py took 0.018 seconds
[2023-03-22T04:02:15.695+0400] {processor.py:153} INFO - Started process (PID=167602) to work on /home/civis/anaconda3/lib/python3.9/site-packages/airflow/example_dags/example_kubernetes_executor.py
[2023-03-22T04:02:15.704+0400] {processor.py:743} INFO - Processing file /home/civis/anaconda3/lib/python3.9/site-packages/airflow/example_dags/example_kubernetes_executor.py for tasks to queue
[2023-03-22T04:02:15.705+0400] {logging_mixin.py:137} INFO - [2023-03-22T04:02:15.705+0400] {dagbag.py:538} INFO - Filling up the DagBag from /home/civis/anaconda3/lib/python3.9/site-packages/airflow/example_dags/example_kubernetes_executor.py
[2023-03-22T04:02:15.722+0400] {logging_mixin.py:137} INFO - [2023-03-22T04:02:15.722+0400] {example_kubernetes_executor.py:41} WARNING - The example_kubernetes_executor example DAG requires the kubernetes provider. Please install it with: pip install apache-airflow[cncf.kubernetes]
[2023-03-22T04:02:15.723+0400] {processor.py:755} WARNING - No viable dags retrieved from /home/civis/anaconda3/lib/python3.9/site-packages/airflow/example_dags/example_kubernetes_executor.py
[2023-03-22T04:02:15.729+0400] {processor.py:175} INFO - Processing /home/civis/anaconda3/lib/python3.9/site-packages/airflow/example_dags/example_kubernetes_executor.py took 0.038 seconds
[2023-03-22T04:02:54.134+0400] {processor.py:153} INFO - Started process (PID=168444) to work on /home/civis/anaconda3/lib/python3.9/site-packages/airflow/example_dags/example_kubernetes_executor.py
[2023-03-22T04:02:54.142+0400] {processor.py:743} INFO - Processing file /home/civis/anaconda3/lib/python3.9/site-packages/airflow/example_dags/example_kubernetes_executor.py for tasks to queue
[2023-03-22T04:02:54.143+0400] {logging_mixin.py:137} INFO - [2023-03-22T04:02:54.143+0400] {dagbag.py:538} INFO - Filling up the DagBag from /home/civis/anaconda3/lib/python3.9/site-packages/airflow/example_dags/example_kubernetes_executor.py
[2023-03-22T04:02:54.160+0400] {logging_mixin.py:137} INFO - [2023-03-22T04:02:54.160+0400] {example_kubernetes_executor.py:41} WARNING - The example_kubernetes_executor example DAG requires the kubernetes provider. Please install it with: pip install apache-airflow[cncf.kubernetes]
[2023-03-22T04:02:54.160+0400] {processor.py:755} WARNING - No viable dags retrieved from /home/civis/anaconda3/lib/python3.9/site-packages/airflow/example_dags/example_kubernetes_executor.py
[2023-03-22T04:02:54.164+0400] {processor.py:175} INFO - Processing /home/civis/anaconda3/lib/python3.9/site-packages/airflow/example_dags/example_kubernetes_executor.py took 0.031 seconds
[2023-03-22T04:03:35.411+0400] {processor.py:153} INFO - Started process (PID=169188) to work on /home/civis/anaconda3/lib/python3.9/site-packages/airflow/example_dags/example_kubernetes_executor.py
[2023-03-22T04:03:35.421+0400] {processor.py:743} INFO - Processing file /home/civis/anaconda3/lib/python3.9/site-packages/airflow/example_dags/example_kubernetes_executor.py for tasks to queue
[2023-03-22T04:03:35.422+0400] {logging_mixin.py:137} INFO - [2023-03-22T04:03:35.421+0400] {dagbag.py:538} INFO - Filling up the DagBag from /home/civis/anaconda3/lib/python3.9/site-packages/airflow/example_dags/example_kubernetes_executor.py
[2023-03-22T04:03:35.434+0400] {logging_mixin.py:137} INFO - [2023-03-22T04:03:35.434+0400] {example_kubernetes_executor.py:41} WARNING - The example_kubernetes_executor example DAG requires the kubernetes provider. Please install it with: pip install apache-airflow[cncf.kubernetes]
[2023-03-22T04:03:35.434+0400] {processor.py:755} WARNING - No viable dags retrieved from /home/civis/anaconda3/lib/python3.9/site-packages/airflow/example_dags/example_kubernetes_executor.py
[2023-03-22T04:03:35.437+0400] {processor.py:175} INFO - Processing /home/civis/anaconda3/lib/python3.9/site-packages/airflow/example_dags/example_kubernetes_executor.py took 0.029 seconds
[2023-03-22T04:04:40.257+0400] {processor.py:153} INFO - Started process (PID=170230) to work on /home/civis/anaconda3/lib/python3.9/site-packages/airflow/example_dags/example_kubernetes_executor.py
[2023-03-22T04:04:40.266+0400] {processor.py:743} INFO - Processing file /home/civis/anaconda3/lib/python3.9/site-packages/airflow/example_dags/example_kubernetes_executor.py for tasks to queue
[2023-03-22T04:04:40.267+0400] {logging_mixin.py:137} INFO - [2023-03-22T04:04:40.267+0400] {dagbag.py:538} INFO - Filling up the DagBag from /home/civis/anaconda3/lib/python3.9/site-packages/airflow/example_dags/example_kubernetes_executor.py
[2023-03-22T04:04:40.283+0400] {logging_mixin.py:137} INFO - [2023-03-22T04:04:40.283+0400] {example_kubernetes_executor.py:41} WARNING - The example_kubernetes_executor example DAG requires the kubernetes provider. Please install it with: pip install apache-airflow[cncf.kubernetes]
[2023-03-22T04:04:40.283+0400] {processor.py:755} WARNING - No viable dags retrieved from /home/civis/anaconda3/lib/python3.9/site-packages/airflow/example_dags/example_kubernetes_executor.py
[2023-03-22T04:04:40.286+0400] {processor.py:175} INFO - Processing /home/civis/anaconda3/lib/python3.9/site-packages/airflow/example_dags/example_kubernetes_executor.py took 0.031 seconds
[2023-03-22T04:05:22.674+0400] {processor.py:153} INFO - Started process (PID=170891) to work on /home/civis/anaconda3/lib/python3.9/site-packages/airflow/example_dags/example_kubernetes_executor.py
[2023-03-22T04:05:22.683+0400] {processor.py:743} INFO - Processing file /home/civis/anaconda3/lib/python3.9/site-packages/airflow/example_dags/example_kubernetes_executor.py for tasks to queue
[2023-03-22T04:05:22.684+0400] {logging_mixin.py:137} INFO - [2023-03-22T04:05:22.683+0400] {dagbag.py:538} INFO - Filling up the DagBag from /home/civis/anaconda3/lib/python3.9/site-packages/airflow/example_dags/example_kubernetes_executor.py
[2023-03-22T04:05:22.701+0400] {logging_mixin.py:137} INFO - [2023-03-22T04:05:22.701+0400] {example_kubernetes_executor.py:41} WARNING - The example_kubernetes_executor example DAG requires the kubernetes provider. Please install it with: pip install apache-airflow[cncf.kubernetes]
[2023-03-22T04:05:22.701+0400] {processor.py:755} WARNING - No viable dags retrieved from /home/civis/anaconda3/lib/python3.9/site-packages/airflow/example_dags/example_kubernetes_executor.py
[2023-03-22T04:05:22.704+0400] {processor.py:175} INFO - Processing /home/civis/anaconda3/lib/python3.9/site-packages/airflow/example_dags/example_kubernetes_executor.py took 0.032 seconds
[2023-03-22T04:06:01.566+0400] {processor.py:153} INFO - Started process (PID=171495) to work on /home/civis/anaconda3/lib/python3.9/site-packages/airflow/example_dags/example_kubernetes_executor.py
[2023-03-22T04:06:01.575+0400] {processor.py:743} INFO - Processing file /home/civis/anaconda3/lib/python3.9/site-packages/airflow/example_dags/example_kubernetes_executor.py for tasks to queue
[2023-03-22T04:06:01.576+0400] {logging_mixin.py:137} INFO - [2023-03-22T04:06:01.576+0400] {dagbag.py:538} INFO - Filling up the DagBag from /home/civis/anaconda3/lib/python3.9/site-packages/airflow/example_dags/example_kubernetes_executor.py
[2023-03-22T04:06:01.593+0400] {logging_mixin.py:137} INFO - [2023-03-22T04:06:01.593+0400] {example_kubernetes_executor.py:41} WARNING - The example_kubernetes_executor example DAG requires the kubernetes provider. Please install it with: pip install apache-airflow[cncf.kubernetes]
[2023-03-22T04:06:01.593+0400] {processor.py:755} WARNING - No viable dags retrieved from /home/civis/anaconda3/lib/python3.9/site-packages/airflow/example_dags/example_kubernetes_executor.py
[2023-03-22T04:06:01.596+0400] {processor.py:175} INFO - Processing /home/civis/anaconda3/lib/python3.9/site-packages/airflow/example_dags/example_kubernetes_executor.py took 0.032 seconds
[2023-03-22T04:06:42.671+0400] {processor.py:153} INFO - Started process (PID=172212) to work on /home/civis/anaconda3/lib/python3.9/site-packages/airflow/example_dags/example_kubernetes_executor.py
[2023-03-22T04:06:42.679+0400] {processor.py:743} INFO - Processing file /home/civis/anaconda3/lib/python3.9/site-packages/airflow/example_dags/example_kubernetes_executor.py for tasks to queue
[2023-03-22T04:06:42.679+0400] {logging_mixin.py:137} INFO - [2023-03-22T04:06:42.679+0400] {dagbag.py:538} INFO - Filling up the DagBag from /home/civis/anaconda3/lib/python3.9/site-packages/airflow/example_dags/example_kubernetes_executor.py
[2023-03-22T04:06:42.689+0400] {logging_mixin.py:137} INFO - [2023-03-22T04:06:42.689+0400] {example_kubernetes_executor.py:41} WARNING - The example_kubernetes_executor example DAG requires the kubernetes provider. Please install it with: pip install apache-airflow[cncf.kubernetes]
[2023-03-22T04:06:42.689+0400] {processor.py:755} WARNING - No viable dags retrieved from /home/civis/anaconda3/lib/python3.9/site-packages/airflow/example_dags/example_kubernetes_executor.py
[2023-03-22T04:06:42.692+0400] {processor.py:175} INFO - Processing /home/civis/anaconda3/lib/python3.9/site-packages/airflow/example_dags/example_kubernetes_executor.py took 0.023 seconds
[2023-03-22T04:07:22.126+0400] {processor.py:153} INFO - Started process (PID=172820) to work on /home/civis/anaconda3/lib/python3.9/site-packages/airflow/example_dags/example_kubernetes_executor.py
[2023-03-22T04:07:22.134+0400] {processor.py:743} INFO - Processing file /home/civis/anaconda3/lib/python3.9/site-packages/airflow/example_dags/example_kubernetes_executor.py for tasks to queue
[2023-03-22T04:07:22.135+0400] {logging_mixin.py:137} INFO - [2023-03-22T04:07:22.135+0400] {dagbag.py:538} INFO - Filling up the DagBag from /home/civis/anaconda3/lib/python3.9/site-packages/airflow/example_dags/example_kubernetes_executor.py
[2023-03-22T04:07:22.146+0400] {logging_mixin.py:137} INFO - [2023-03-22T04:07:22.146+0400] {example_kubernetes_executor.py:41} WARNING - The example_kubernetes_executor example DAG requires the kubernetes provider. Please install it with: pip install apache-airflow[cncf.kubernetes]
[2023-03-22T04:07:22.146+0400] {processor.py:755} WARNING - No viable dags retrieved from /home/civis/anaconda3/lib/python3.9/site-packages/airflow/example_dags/example_kubernetes_executor.py
[2023-03-22T04:07:22.149+0400] {processor.py:175} INFO - Processing /home/civis/anaconda3/lib/python3.9/site-packages/airflow/example_dags/example_kubernetes_executor.py took 0.026 seconds
[2023-03-22T04:08:03.796+0400] {processor.py:153} INFO - Started process (PID=173520) to work on /home/civis/anaconda3/lib/python3.9/site-packages/airflow/example_dags/example_kubernetes_executor.py
[2023-03-22T04:08:03.805+0400] {processor.py:743} INFO - Processing file /home/civis/anaconda3/lib/python3.9/site-packages/airflow/example_dags/example_kubernetes_executor.py for tasks to queue
[2023-03-22T04:08:03.806+0400] {logging_mixin.py:137} INFO - [2023-03-22T04:08:03.806+0400] {dagbag.py:538} INFO - Filling up the DagBag from /home/civis/anaconda3/lib/python3.9/site-packages/airflow/example_dags/example_kubernetes_executor.py
[2023-03-22T04:08:03.823+0400] {logging_mixin.py:137} INFO - [2023-03-22T04:08:03.823+0400] {example_kubernetes_executor.py:41} WARNING - The example_kubernetes_executor example DAG requires the kubernetes provider. Please install it with: pip install apache-airflow[cncf.kubernetes]
[2023-03-22T04:08:03.823+0400] {processor.py:755} WARNING - No viable dags retrieved from /home/civis/anaconda3/lib/python3.9/site-packages/airflow/example_dags/example_kubernetes_executor.py
[2023-03-22T04:08:03.826+0400] {processor.py:175} INFO - Processing /home/civis/anaconda3/lib/python3.9/site-packages/airflow/example_dags/example_kubernetes_executor.py took 0.031 seconds
[2023-03-22T04:08:42.088+0400] {processor.py:153} INFO - Started process (PID=174246) to work on /home/civis/anaconda3/lib/python3.9/site-packages/airflow/example_dags/example_kubernetes_executor.py
[2023-03-22T04:08:42.088+0400] {processor.py:743} INFO - Processing file /home/civis/anaconda3/lib/python3.9/site-packages/airflow/example_dags/example_kubernetes_executor.py for tasks to queue
[2023-03-22T04:08:42.088+0400] {logging_mixin.py:137} INFO - [2023-03-22T04:08:42.088+0400] {dagbag.py:538} INFO - Filling up the DagBag from /home/civis/anaconda3/lib/python3.9/site-packages/airflow/example_dags/example_kubernetes_executor.py
[2023-03-22T04:08:42.095+0400] {logging_mixin.py:137} INFO - [2023-03-22T04:08:42.095+0400] {example_kubernetes_executor.py:41} WARNING - The example_kubernetes_executor example DAG requires the kubernetes provider. Please install it with: pip install apache-airflow[cncf.kubernetes]
[2023-03-22T04:08:42.095+0400] {processor.py:755} WARNING - No viable dags retrieved from /home/civis/anaconda3/lib/python3.9/site-packages/airflow/example_dags/example_kubernetes_executor.py
[2023-03-22T04:08:42.098+0400] {processor.py:175} INFO - Processing /home/civis/anaconda3/lib/python3.9/site-packages/airflow/example_dags/example_kubernetes_executor.py took 0.013 seconds
[2023-03-22T04:09:23.755+0400] {processor.py:153} INFO - Started process (PID=176084) to work on /home/civis/anaconda3/lib/python3.9/site-packages/airflow/example_dags/example_kubernetes_executor.py
[2023-03-22T04:09:23.756+0400] {processor.py:743} INFO - Processing file /home/civis/anaconda3/lib/python3.9/site-packages/airflow/example_dags/example_kubernetes_executor.py for tasks to queue
[2023-03-22T04:09:23.756+0400] {logging_mixin.py:137} INFO - [2023-03-22T04:09:23.756+0400] {dagbag.py:538} INFO - Filling up the DagBag from /home/civis/anaconda3/lib/python3.9/site-packages/airflow/example_dags/example_kubernetes_executor.py
[2023-03-22T04:09:23.762+0400] {logging_mixin.py:137} INFO - [2023-03-22T04:09:23.762+0400] {example_kubernetes_executor.py:41} WARNING - The example_kubernetes_executor example DAG requires the kubernetes provider. Please install it with: pip install apache-airflow[cncf.kubernetes]
[2023-03-22T04:09:23.762+0400] {processor.py:755} WARNING - No viable dags retrieved from /home/civis/anaconda3/lib/python3.9/site-packages/airflow/example_dags/example_kubernetes_executor.py
[2023-03-22T04:09:23.766+0400] {processor.py:175} INFO - Processing /home/civis/anaconda3/lib/python3.9/site-packages/airflow/example_dags/example_kubernetes_executor.py took 0.012 seconds
[2023-03-22T04:10:07.964+0400] {processor.py:153} INFO - Started process (PID=176795) to work on /home/civis/anaconda3/lib/python3.9/site-packages/airflow/example_dags/example_kubernetes_executor.py
[2023-03-22T04:10:07.973+0400] {processor.py:743} INFO - Processing file /home/civis/anaconda3/lib/python3.9/site-packages/airflow/example_dags/example_kubernetes_executor.py for tasks to queue
[2023-03-22T04:10:07.974+0400] {logging_mixin.py:137} INFO - [2023-03-22T04:10:07.974+0400] {dagbag.py:538} INFO - Filling up the DagBag from /home/civis/anaconda3/lib/python3.9/site-packages/airflow/example_dags/example_kubernetes_executor.py
[2023-03-22T04:10:07.991+0400] {logging_mixin.py:137} INFO - [2023-03-22T04:10:07.991+0400] {example_kubernetes_executor.py:41} WARNING - The example_kubernetes_executor example DAG requires the kubernetes provider. Please install it with: pip install apache-airflow[cncf.kubernetes]
[2023-03-22T04:10:07.991+0400] {processor.py:755} WARNING - No viable dags retrieved from /home/civis/anaconda3/lib/python3.9/site-packages/airflow/example_dags/example_kubernetes_executor.py
[2023-03-22T04:10:07.994+0400] {processor.py:175} INFO - Processing /home/civis/anaconda3/lib/python3.9/site-packages/airflow/example_dags/example_kubernetes_executor.py took 0.032 seconds
[2023-03-22T04:10:50.289+0400] {processor.py:153} INFO - Started process (PID=177545) to work on /home/civis/anaconda3/lib/python3.9/site-packages/airflow/example_dags/example_kubernetes_executor.py
[2023-03-22T04:10:50.298+0400] {processor.py:743} INFO - Processing file /home/civis/anaconda3/lib/python3.9/site-packages/airflow/example_dags/example_kubernetes_executor.py for tasks to queue
[2023-03-22T04:10:50.298+0400] {logging_mixin.py:137} INFO - [2023-03-22T04:10:50.298+0400] {dagbag.py:538} INFO - Filling up the DagBag from /home/civis/anaconda3/lib/python3.9/site-packages/airflow/example_dags/example_kubernetes_executor.py
[2023-03-22T04:10:50.309+0400] {logging_mixin.py:137} INFO - [2023-03-22T04:10:50.309+0400] {example_kubernetes_executor.py:41} WARNING - The example_kubernetes_executor example DAG requires the kubernetes provider. Please install it with: pip install apache-airflow[cncf.kubernetes]
[2023-03-22T04:10:50.309+0400] {processor.py:755} WARNING - No viable dags retrieved from /home/civis/anaconda3/lib/python3.9/site-packages/airflow/example_dags/example_kubernetes_executor.py
[2023-03-22T04:10:50.313+0400] {processor.py:175} INFO - Processing /home/civis/anaconda3/lib/python3.9/site-packages/airflow/example_dags/example_kubernetes_executor.py took 0.025 seconds
[2023-03-22T04:11:28.359+0400] {processor.py:153} INFO - Started process (PID=178214) to work on /home/civis/anaconda3/lib/python3.9/site-packages/airflow/example_dags/example_kubernetes_executor.py
[2023-03-22T04:11:28.367+0400] {processor.py:743} INFO - Processing file /home/civis/anaconda3/lib/python3.9/site-packages/airflow/example_dags/example_kubernetes_executor.py for tasks to queue
[2023-03-22T04:11:28.367+0400] {logging_mixin.py:137} INFO - [2023-03-22T04:11:28.367+0400] {dagbag.py:538} INFO - Filling up the DagBag from /home/civis/anaconda3/lib/python3.9/site-packages/airflow/example_dags/example_kubernetes_executor.py
[2023-03-22T04:11:28.374+0400] {logging_mixin.py:137} INFO - [2023-03-22T04:11:28.374+0400] {example_kubernetes_executor.py:41} WARNING - The example_kubernetes_executor example DAG requires the kubernetes provider. Please install it with: pip install apache-airflow[cncf.kubernetes]
[2023-03-22T04:11:28.374+0400] {processor.py:755} WARNING - No viable dags retrieved from /home/civis/anaconda3/lib/python3.9/site-packages/airflow/example_dags/example_kubernetes_executor.py
[2023-03-22T04:11:28.377+0400] {processor.py:175} INFO - Processing /home/civis/anaconda3/lib/python3.9/site-packages/airflow/example_dags/example_kubernetes_executor.py took 0.020 seconds
