[2023-03-22T04:00:24.622+0400] {processor.py:153} INFO - Started process (PID=165853) to work on /home/civis/anaconda3/lib/python3.9/site-packages/airflow/example_dags/example_short_circuit_operator.py
[2023-03-22T04:00:24.622+0400] {processor.py:743} INFO - Processing file /home/civis/anaconda3/lib/python3.9/site-packages/airflow/example_dags/example_short_circuit_operator.py for tasks to queue
[2023-03-22T04:00:24.623+0400] {logging_mixin.py:137} INFO - [2023-03-22T04:00:24.623+0400] {dagbag.py:538} INFO - Filling up the DagBag from /home/civis/anaconda3/lib/python3.9/site-packages/airflow/example_dags/example_short_circuit_operator.py
[2023-03-22T04:00:24.629+0400] {processor.py:753} INFO - DAG(s) dict_keys(['example_short_circuit_operator']) retrieved from /home/civis/anaconda3/lib/python3.9/site-packages/airflow/example_dags/example_short_circuit_operator.py
[2023-03-22T04:00:24.636+0400] {logging_mixin.py:137} INFO - [2023-03-22T04:00:24.636+0400] {dag.py:2690} INFO - Sync 1 DAGs
[2023-03-22T04:00:24.644+0400] {logging_mixin.py:137} INFO - [2023-03-22T04:00:24.644+0400] {dag.py:3437} INFO - Setting next_dagrun for example_short_circuit_operator to 2023-03-21T00:00:24.644055+00:00, run_after=2023-03-22T00:00:24.644055+00:00
[2023-03-22T04:00:24.659+0400] {processor.py:175} INFO - Processing /home/civis/anaconda3/lib/python3.9/site-packages/airflow/example_dags/example_short_circuit_operator.py took 0.038 seconds
[2023-03-22T04:01:03.623+0400] {processor.py:153} INFO - Started process (PID=166428) to work on /home/civis/anaconda3/lib/python3.9/site-packages/airflow/example_dags/example_short_circuit_operator.py
[2023-03-22T04:01:03.632+0400] {processor.py:743} INFO - Processing file /home/civis/anaconda3/lib/python3.9/site-packages/airflow/example_dags/example_short_circuit_operator.py for tasks to queue
[2023-03-22T04:01:03.634+0400] {logging_mixin.py:137} INFO - [2023-03-22T04:01:03.633+0400] {dagbag.py:538} INFO - Filling up the DagBag from /home/civis/anaconda3/lib/python3.9/site-packages/airflow/example_dags/example_short_circuit_operator.py
[2023-03-22T04:01:03.649+0400] {processor.py:753} INFO - DAG(s) dict_keys(['example_short_circuit_operator']) retrieved from /home/civis/anaconda3/lib/python3.9/site-packages/airflow/example_dags/example_short_circuit_operator.py
[2023-03-22T04:01:03.657+0400] {logging_mixin.py:137} INFO - [2023-03-22T04:01:03.656+0400] {dag.py:2690} INFO - Sync 1 DAGs
[2023-03-22T04:01:03.664+0400] {logging_mixin.py:137} INFO - [2023-03-22T04:01:03.664+0400] {dag.py:3437} INFO - Setting next_dagrun for example_short_circuit_operator to 2023-03-21T00:01:03.664813+00:00, run_after=2023-03-22T00:01:03.664813+00:00
[2023-03-22T04:01:03.680+0400] {processor.py:175} INFO - Processing /home/civis/anaconda3/lib/python3.9/site-packages/airflow/example_dags/example_short_circuit_operator.py took 0.062 seconds
[2023-03-22T04:01:43.625+0400] {processor.py:153} INFO - Started process (PID=167056) to work on /home/civis/anaconda3/lib/python3.9/site-packages/airflow/example_dags/example_short_circuit_operator.py
[2023-03-22T04:01:43.634+0400] {processor.py:743} INFO - Processing file /home/civis/anaconda3/lib/python3.9/site-packages/airflow/example_dags/example_short_circuit_operator.py for tasks to queue
[2023-03-22T04:01:43.636+0400] {logging_mixin.py:137} INFO - [2023-03-22T04:01:43.635+0400] {dagbag.py:538} INFO - Filling up the DagBag from /home/civis/anaconda3/lib/python3.9/site-packages/airflow/example_dags/example_short_circuit_operator.py
[2023-03-22T04:01:43.654+0400] {processor.py:753} INFO - DAG(s) dict_keys(['example_short_circuit_operator']) retrieved from /home/civis/anaconda3/lib/python3.9/site-packages/airflow/example_dags/example_short_circuit_operator.py
[2023-03-22T04:01:43.661+0400] {logging_mixin.py:137} INFO - [2023-03-22T04:01:43.661+0400] {dag.py:2690} INFO - Sync 1 DAGs
[2023-03-22T04:01:43.669+0400] {logging_mixin.py:137} INFO - [2023-03-22T04:01:43.669+0400] {dag.py:3437} INFO - Setting next_dagrun for example_short_circuit_operator to 2023-03-21T00:01:43.669130+00:00, run_after=2023-03-22T00:01:43.669130+00:00
[2023-03-22T04:01:43.686+0400] {processor.py:175} INFO - Processing /home/civis/anaconda3/lib/python3.9/site-packages/airflow/example_dags/example_short_circuit_operator.py took 0.063 seconds
[2023-03-22T04:02:23.874+0400] {processor.py:153} INFO - Started process (PID=167803) to work on /home/civis/anaconda3/lib/python3.9/site-packages/airflow/example_dags/example_short_circuit_operator.py
[2023-03-22T04:02:23.882+0400] {processor.py:743} INFO - Processing file /home/civis/anaconda3/lib/python3.9/site-packages/airflow/example_dags/example_short_circuit_operator.py for tasks to queue
[2023-03-22T04:02:23.883+0400] {logging_mixin.py:137} INFO - [2023-03-22T04:02:23.883+0400] {dagbag.py:538} INFO - Filling up the DagBag from /home/civis/anaconda3/lib/python3.9/site-packages/airflow/example_dags/example_short_circuit_operator.py
[2023-03-22T04:02:23.897+0400] {processor.py:753} INFO - DAG(s) dict_keys(['example_short_circuit_operator']) retrieved from /home/civis/anaconda3/lib/python3.9/site-packages/airflow/example_dags/example_short_circuit_operator.py
[2023-03-22T04:02:23.908+0400] {logging_mixin.py:137} INFO - [2023-03-22T04:02:23.908+0400] {dag.py:2690} INFO - Sync 1 DAGs
[2023-03-22T04:02:23.918+0400] {logging_mixin.py:137} INFO - [2023-03-22T04:02:23.918+0400] {dag.py:3437} INFO - Setting next_dagrun for example_short_circuit_operator to 2023-03-21T00:02:23.917969+00:00, run_after=2023-03-22T00:02:23.917969+00:00
[2023-03-22T04:02:23.934+0400] {processor.py:175} INFO - Processing /home/civis/anaconda3/lib/python3.9/site-packages/airflow/example_dags/example_short_circuit_operator.py took 0.061 seconds
[2023-03-22T04:03:04.242+0400] {processor.py:153} INFO - Started process (PID=168615) to work on /home/civis/anaconda3/lib/python3.9/site-packages/airflow/example_dags/example_short_circuit_operator.py
[2023-03-22T04:03:04.242+0400] {processor.py:743} INFO - Processing file /home/civis/anaconda3/lib/python3.9/site-packages/airflow/example_dags/example_short_circuit_operator.py for tasks to queue
[2023-03-22T04:03:04.243+0400] {logging_mixin.py:137} INFO - [2023-03-22T04:03:04.242+0400] {dagbag.py:538} INFO - Filling up the DagBag from /home/civis/anaconda3/lib/python3.9/site-packages/airflow/example_dags/example_short_circuit_operator.py
[2023-03-22T04:03:04.249+0400] {processor.py:753} INFO - DAG(s) dict_keys(['example_short_circuit_operator']) retrieved from /home/civis/anaconda3/lib/python3.9/site-packages/airflow/example_dags/example_short_circuit_operator.py
[2023-03-22T04:03:04.258+0400] {logging_mixin.py:137} INFO - [2023-03-22T04:03:04.258+0400] {dag.py:2690} INFO - Sync 1 DAGs
[2023-03-22T04:03:04.265+0400] {logging_mixin.py:137} INFO - [2023-03-22T04:03:04.265+0400] {dag.py:3437} INFO - Setting next_dagrun for example_short_circuit_operator to 2023-03-21T00:03:04.265516+00:00, run_after=2023-03-22T00:03:04.265516+00:00
[2023-03-22T04:03:04.281+0400] {processor.py:175} INFO - Processing /home/civis/anaconda3/lib/python3.9/site-packages/airflow/example_dags/example_short_circuit_operator.py took 0.040 seconds
[2023-03-22T04:03:43.116+0400] {processor.py:153} INFO - Started process (PID=169324) to work on /home/civis/anaconda3/lib/python3.9/site-packages/airflow/example_dags/example_short_circuit_operator.py
[2023-03-22T04:03:43.125+0400] {processor.py:743} INFO - Processing file /home/civis/anaconda3/lib/python3.9/site-packages/airflow/example_dags/example_short_circuit_operator.py for tasks to queue
[2023-03-22T04:03:43.125+0400] {logging_mixin.py:137} INFO - [2023-03-22T04:03:43.125+0400] {dagbag.py:538} INFO - Filling up the DagBag from /home/civis/anaconda3/lib/python3.9/site-packages/airflow/example_dags/example_short_circuit_operator.py
[2023-03-22T04:03:43.135+0400] {processor.py:753} INFO - DAG(s) dict_keys(['example_short_circuit_operator']) retrieved from /home/civis/anaconda3/lib/python3.9/site-packages/airflow/example_dags/example_short_circuit_operator.py
[2023-03-22T04:03:43.143+0400] {logging_mixin.py:137} INFO - [2023-03-22T04:03:43.142+0400] {dag.py:2690} INFO - Sync 1 DAGs
[2023-03-22T04:03:43.150+0400] {logging_mixin.py:137} INFO - [2023-03-22T04:03:43.150+0400] {dag.py:3437} INFO - Setting next_dagrun for example_short_circuit_operator to 2023-03-21T00:03:43.150512+00:00, run_after=2023-03-22T00:03:43.150512+00:00
[2023-03-22T04:03:43.166+0400] {processor.py:175} INFO - Processing /home/civis/anaconda3/lib/python3.9/site-packages/airflow/example_dags/example_short_circuit_operator.py took 0.051 seconds
[2023-03-22T04:04:10.700+0400] {processor.py:153} INFO - Started process (PID=169772) to work on /home/civis/anaconda3/lib/python3.9/site-packages/airflow/example_dags/example_short_circuit_operator.py
[2023-03-22T04:04:10.701+0400] {processor.py:743} INFO - Processing file /home/civis/anaconda3/lib/python3.9/site-packages/airflow/example_dags/example_short_circuit_operator.py for tasks to queue
[2023-03-22T04:04:10.701+0400] {logging_mixin.py:137} INFO - [2023-03-22T04:04:10.701+0400] {dagbag.py:538} INFO - Filling up the DagBag from /home/civis/anaconda3/lib/python3.9/site-packages/airflow/example_dags/example_short_circuit_operator.py
[2023-03-22T04:04:10.708+0400] {processor.py:753} INFO - DAG(s) dict_keys(['example_short_circuit_operator']) retrieved from /home/civis/anaconda3/lib/python3.9/site-packages/airflow/example_dags/example_short_circuit_operator.py
[2023-03-22T04:04:10.717+0400] {logging_mixin.py:137} INFO - [2023-03-22T04:04:10.717+0400] {dag.py:2690} INFO - Sync 1 DAGs
[2023-03-22T04:04:10.725+0400] {logging_mixin.py:137} INFO - [2023-03-22T04:04:10.725+0400] {dag.py:3437} INFO - Setting next_dagrun for example_short_circuit_operator to 2023-03-21T00:04:10.725131+00:00, run_after=2023-03-22T00:04:10.725131+00:00
[2023-03-22T04:04:10.740+0400] {processor.py:175} INFO - Processing /home/civis/anaconda3/lib/python3.9/site-packages/airflow/example_dags/example_short_circuit_operator.py took 0.041 seconds
[2023-03-22T04:04:50.595+0400] {processor.py:153} INFO - Started process (PID=170424) to work on /home/civis/anaconda3/lib/python3.9/site-packages/airflow/example_dags/example_short_circuit_operator.py
[2023-03-22T04:04:50.596+0400] {processor.py:743} INFO - Processing file /home/civis/anaconda3/lib/python3.9/site-packages/airflow/example_dags/example_short_circuit_operator.py for tasks to queue
[2023-03-22T04:04:50.597+0400] {logging_mixin.py:137} INFO - [2023-03-22T04:04:50.597+0400] {dagbag.py:538} INFO - Filling up the DagBag from /home/civis/anaconda3/lib/python3.9/site-packages/airflow/example_dags/example_short_circuit_operator.py
[2023-03-22T04:04:50.619+0400] {processor.py:753} INFO - DAG(s) dict_keys(['example_short_circuit_operator']) retrieved from /home/civis/anaconda3/lib/python3.9/site-packages/airflow/example_dags/example_short_circuit_operator.py
[2023-03-22T04:04:50.627+0400] {logging_mixin.py:137} INFO - [2023-03-22T04:04:50.626+0400] {dag.py:2690} INFO - Sync 1 DAGs
[2023-03-22T04:04:50.634+0400] {logging_mixin.py:137} INFO - [2023-03-22T04:04:50.634+0400] {dag.py:3437} INFO - Setting next_dagrun for example_short_circuit_operator to 2023-03-21T00:04:50.634560+00:00, run_after=2023-03-22T00:04:50.634560+00:00
[2023-03-22T04:04:50.649+0400] {processor.py:175} INFO - Processing /home/civis/anaconda3/lib/python3.9/site-packages/airflow/example_dags/example_short_circuit_operator.py took 0.058 seconds
[2023-03-22T04:05:30.609+0400] {processor.py:153} INFO - Started process (PID=171018) to work on /home/civis/anaconda3/lib/python3.9/site-packages/airflow/example_dags/example_short_circuit_operator.py
[2023-03-22T04:05:30.617+0400] {processor.py:743} INFO - Processing file /home/civis/anaconda3/lib/python3.9/site-packages/airflow/example_dags/example_short_circuit_operator.py for tasks to queue
[2023-03-22T04:05:30.618+0400] {logging_mixin.py:137} INFO - [2023-03-22T04:05:30.618+0400] {dagbag.py:538} INFO - Filling up the DagBag from /home/civis/anaconda3/lib/python3.9/site-packages/airflow/example_dags/example_short_circuit_operator.py
[2023-03-22T04:05:30.627+0400] {processor.py:753} INFO - DAG(s) dict_keys(['example_short_circuit_operator']) retrieved from /home/civis/anaconda3/lib/python3.9/site-packages/airflow/example_dags/example_short_circuit_operator.py
[2023-03-22T04:05:30.638+0400] {logging_mixin.py:137} INFO - [2023-03-22T04:05:30.638+0400] {dag.py:2690} INFO - Sync 1 DAGs
[2023-03-22T04:05:30.649+0400] {logging_mixin.py:137} INFO - [2023-03-22T04:05:30.649+0400] {dag.py:3437} INFO - Setting next_dagrun for example_short_circuit_operator to 2023-03-21T00:05:30.648925+00:00, run_after=2023-03-22T00:05:30.648925+00:00
[2023-03-22T04:05:30.667+0400] {processor.py:175} INFO - Processing /home/civis/anaconda3/lib/python3.9/site-packages/airflow/example_dags/example_short_circuit_operator.py took 0.059 seconds
[2023-03-22T04:06:11.137+0400] {processor.py:153} INFO - Started process (PID=171704) to work on /home/civis/anaconda3/lib/python3.9/site-packages/airflow/example_dags/example_short_circuit_operator.py
[2023-03-22T04:06:11.146+0400] {processor.py:743} INFO - Processing file /home/civis/anaconda3/lib/python3.9/site-packages/airflow/example_dags/example_short_circuit_operator.py for tasks to queue
[2023-03-22T04:06:11.147+0400] {logging_mixin.py:137} INFO - [2023-03-22T04:06:11.147+0400] {dagbag.py:538} INFO - Filling up the DagBag from /home/civis/anaconda3/lib/python3.9/site-packages/airflow/example_dags/example_short_circuit_operator.py
[2023-03-22T04:06:11.164+0400] {processor.py:753} INFO - DAG(s) dict_keys(['example_short_circuit_operator']) retrieved from /home/civis/anaconda3/lib/python3.9/site-packages/airflow/example_dags/example_short_circuit_operator.py
[2023-03-22T04:06:11.171+0400] {logging_mixin.py:137} INFO - [2023-03-22T04:06:11.171+0400] {dag.py:2690} INFO - Sync 1 DAGs
[2023-03-22T04:06:11.179+0400] {logging_mixin.py:137} INFO - [2023-03-22T04:06:11.179+0400] {dag.py:3437} INFO - Setting next_dagrun for example_short_circuit_operator to 2023-03-21T00:06:11.179280+00:00, run_after=2023-03-22T00:06:11.179280+00:00
[2023-03-22T04:06:11.195+0400] {processor.py:175} INFO - Processing /home/civis/anaconda3/lib/python3.9/site-packages/airflow/example_dags/example_short_circuit_operator.py took 0.059 seconds
[2023-03-22T04:06:50.544+0400] {processor.py:153} INFO - Started process (PID=172350) to work on /home/civis/anaconda3/lib/python3.9/site-packages/airflow/example_dags/example_short_circuit_operator.py
[2023-03-22T04:06:50.552+0400] {processor.py:743} INFO - Processing file /home/civis/anaconda3/lib/python3.9/site-packages/airflow/example_dags/example_short_circuit_operator.py for tasks to queue
[2023-03-22T04:06:50.552+0400] {logging_mixin.py:137} INFO - [2023-03-22T04:06:50.552+0400] {dagbag.py:538} INFO - Filling up the DagBag from /home/civis/anaconda3/lib/python3.9/site-packages/airflow/example_dags/example_short_circuit_operator.py
[2023-03-22T04:06:50.560+0400] {processor.py:753} INFO - DAG(s) dict_keys(['example_short_circuit_operator']) retrieved from /home/civis/anaconda3/lib/python3.9/site-packages/airflow/example_dags/example_short_circuit_operator.py
[2023-03-22T04:06:50.569+0400] {logging_mixin.py:137} INFO - [2023-03-22T04:06:50.569+0400] {dag.py:2690} INFO - Sync 1 DAGs
[2023-03-22T04:06:50.579+0400] {logging_mixin.py:137} INFO - [2023-03-22T04:06:50.578+0400] {dag.py:3437} INFO - Setting next_dagrun for example_short_circuit_operator to 2023-03-21T00:06:50.578840+00:00, run_after=2023-03-22T00:06:50.578840+00:00
[2023-03-22T04:06:50.593+0400] {processor.py:175} INFO - Processing /home/civis/anaconda3/lib/python3.9/site-packages/airflow/example_dags/example_short_circuit_operator.py took 0.051 seconds
[2023-03-22T04:07:32.257+0400] {processor.py:153} INFO - Started process (PID=172997) to work on /home/civis/anaconda3/lib/python3.9/site-packages/airflow/example_dags/example_short_circuit_operator.py
[2023-03-22T04:07:32.266+0400] {processor.py:743} INFO - Processing file /home/civis/anaconda3/lib/python3.9/site-packages/airflow/example_dags/example_short_circuit_operator.py for tasks to queue
[2023-03-22T04:07:32.267+0400] {logging_mixin.py:137} INFO - [2023-03-22T04:07:32.267+0400] {dagbag.py:538} INFO - Filling up the DagBag from /home/civis/anaconda3/lib/python3.9/site-packages/airflow/example_dags/example_short_circuit_operator.py
[2023-03-22T04:07:32.280+0400] {processor.py:753} INFO - DAG(s) dict_keys(['example_short_circuit_operator']) retrieved from /home/civis/anaconda3/lib/python3.9/site-packages/airflow/example_dags/example_short_circuit_operator.py
[2023-03-22T04:07:32.288+0400] {logging_mixin.py:137} INFO - [2023-03-22T04:07:32.288+0400] {dag.py:2690} INFO - Sync 1 DAGs
[2023-03-22T04:07:32.296+0400] {logging_mixin.py:137} INFO - [2023-03-22T04:07:32.296+0400] {dag.py:3437} INFO - Setting next_dagrun for example_short_circuit_operator to 2023-03-21T00:07:32.295968+00:00, run_after=2023-03-22T00:07:32.295968+00:00
[2023-03-22T04:07:32.311+0400] {processor.py:175} INFO - Processing /home/civis/anaconda3/lib/python3.9/site-packages/airflow/example_dags/example_short_circuit_operator.py took 0.059 seconds
[2023-03-22T04:08:11.663+0400] {processor.py:153} INFO - Started process (PID=173686) to work on /home/civis/anaconda3/lib/python3.9/site-packages/airflow/example_dags/example_short_circuit_operator.py
[2023-03-22T04:08:11.672+0400] {processor.py:743} INFO - Processing file /home/civis/anaconda3/lib/python3.9/site-packages/airflow/example_dags/example_short_circuit_operator.py for tasks to queue
[2023-03-22T04:08:11.673+0400] {logging_mixin.py:137} INFO - [2023-03-22T04:08:11.673+0400] {dagbag.py:538} INFO - Filling up the DagBag from /home/civis/anaconda3/lib/python3.9/site-packages/airflow/example_dags/example_short_circuit_operator.py
[2023-03-22T04:08:11.689+0400] {processor.py:753} INFO - DAG(s) dict_keys(['example_short_circuit_operator']) retrieved from /home/civis/anaconda3/lib/python3.9/site-packages/airflow/example_dags/example_short_circuit_operator.py
[2023-03-22T04:08:11.697+0400] {logging_mixin.py:137} INFO - [2023-03-22T04:08:11.697+0400] {dag.py:2690} INFO - Sync 1 DAGs
[2023-03-22T04:08:11.705+0400] {logging_mixin.py:137} INFO - [2023-03-22T04:08:11.705+0400] {dag.py:3437} INFO - Setting next_dagrun for example_short_circuit_operator to 2023-03-21T00:08:11.705470+00:00, run_after=2023-03-22T00:08:11.705470+00:00
[2023-03-22T04:08:11.721+0400] {processor.py:175} INFO - Processing /home/civis/anaconda3/lib/python3.9/site-packages/airflow/example_dags/example_short_circuit_operator.py took 0.061 seconds
[2023-03-22T04:08:52.502+0400] {processor.py:153} INFO - Started process (PID=175611) to work on /home/civis/anaconda3/lib/python3.9/site-packages/airflow/example_dags/example_short_circuit_operator.py
[2023-03-22T04:08:52.510+0400] {processor.py:743} INFO - Processing file /home/civis/anaconda3/lib/python3.9/site-packages/airflow/example_dags/example_short_circuit_operator.py for tasks to queue
[2023-03-22T04:08:52.511+0400] {logging_mixin.py:137} INFO - [2023-03-22T04:08:52.511+0400] {dagbag.py:538} INFO - Filling up the DagBag from /home/civis/anaconda3/lib/python3.9/site-packages/airflow/example_dags/example_short_circuit_operator.py
[2023-03-22T04:08:52.517+0400] {processor.py:753} INFO - DAG(s) dict_keys(['example_short_circuit_operator']) retrieved from /home/civis/anaconda3/lib/python3.9/site-packages/airflow/example_dags/example_short_circuit_operator.py
[2023-03-22T04:08:52.524+0400] {logging_mixin.py:137} INFO - [2023-03-22T04:08:52.524+0400] {dag.py:2690} INFO - Sync 1 DAGs
[2023-03-22T04:08:52.532+0400] {logging_mixin.py:137} INFO - [2023-03-22T04:08:52.532+0400] {dag.py:3437} INFO - Setting next_dagrun for example_short_circuit_operator to 2023-03-21T00:08:52.531986+00:00, run_after=2023-03-22T00:08:52.531986+00:00
[2023-03-22T04:08:52.547+0400] {processor.py:175} INFO - Processing /home/civis/anaconda3/lib/python3.9/site-packages/airflow/example_dags/example_short_circuit_operator.py took 0.046 seconds
[2023-03-22T04:09:34.643+0400] {processor.py:153} INFO - Started process (PID=176277) to work on /home/civis/anaconda3/lib/python3.9/site-packages/airflow/example_dags/example_short_circuit_operator.py
[2023-03-22T04:09:34.644+0400] {processor.py:743} INFO - Processing file /home/civis/anaconda3/lib/python3.9/site-packages/airflow/example_dags/example_short_circuit_operator.py for tasks to queue
[2023-03-22T04:09:34.645+0400] {logging_mixin.py:137} INFO - [2023-03-22T04:09:34.645+0400] {dagbag.py:538} INFO - Filling up the DagBag from /home/civis/anaconda3/lib/python3.9/site-packages/airflow/example_dags/example_short_circuit_operator.py
[2023-03-22T04:09:34.654+0400] {processor.py:753} INFO - DAG(s) dict_keys(['example_short_circuit_operator']) retrieved from /home/civis/anaconda3/lib/python3.9/site-packages/airflow/example_dags/example_short_circuit_operator.py
[2023-03-22T04:09:34.662+0400] {logging_mixin.py:137} INFO - [2023-03-22T04:09:34.662+0400] {dag.py:2690} INFO - Sync 1 DAGs
[2023-03-22T04:09:34.670+0400] {logging_mixin.py:137} INFO - [2023-03-22T04:09:34.670+0400] {dag.py:3437} INFO - Setting next_dagrun for example_short_circuit_operator to 2023-03-21T00:09:34.670253+00:00, run_after=2023-03-22T00:09:34.670253+00:00
[2023-03-22T04:09:34.686+0400] {processor.py:175} INFO - Processing /home/civis/anaconda3/lib/python3.9/site-packages/airflow/example_dags/example_short_circuit_operator.py took 0.046 seconds
[2023-03-22T04:10:18.235+0400] {processor.py:153} INFO - Started process (PID=177013) to work on /home/civis/anaconda3/lib/python3.9/site-packages/airflow/example_dags/example_short_circuit_operator.py
[2023-03-22T04:10:18.243+0400] {processor.py:743} INFO - Processing file /home/civis/anaconda3/lib/python3.9/site-packages/airflow/example_dags/example_short_circuit_operator.py for tasks to queue
[2023-03-22T04:10:18.245+0400] {logging_mixin.py:137} INFO - [2023-03-22T04:10:18.245+0400] {dagbag.py:538} INFO - Filling up the DagBag from /home/civis/anaconda3/lib/python3.9/site-packages/airflow/example_dags/example_short_circuit_operator.py
[2023-03-22T04:10:18.267+0400] {processor.py:753} INFO - DAG(s) dict_keys(['example_short_circuit_operator']) retrieved from /home/civis/anaconda3/lib/python3.9/site-packages/airflow/example_dags/example_short_circuit_operator.py
[2023-03-22T04:10:18.274+0400] {logging_mixin.py:137} INFO - [2023-03-22T04:10:18.274+0400] {dag.py:2690} INFO - Sync 1 DAGs
[2023-03-22T04:10:18.282+0400] {logging_mixin.py:137} INFO - [2023-03-22T04:10:18.282+0400] {dag.py:3437} INFO - Setting next_dagrun for example_short_circuit_operator to 2023-03-21T00:10:18.282362+00:00, run_after=2023-03-22T00:10:18.282362+00:00
[2023-03-22T04:10:18.297+0400] {processor.py:175} INFO - Processing /home/civis/anaconda3/lib/python3.9/site-packages/airflow/example_dags/example_short_circuit_operator.py took 0.063 seconds
[2023-03-22T04:10:57.359+0400] {processor.py:153} INFO - Started process (PID=177682) to work on /home/civis/anaconda3/lib/python3.9/site-packages/airflow/example_dags/example_short_circuit_operator.py
[2023-03-22T04:10:57.367+0400] {processor.py:743} INFO - Processing file /home/civis/anaconda3/lib/python3.9/site-packages/airflow/example_dags/example_short_circuit_operator.py for tasks to queue
[2023-03-22T04:10:57.370+0400] {logging_mixin.py:137} INFO - [2023-03-22T04:10:57.369+0400] {dagbag.py:538} INFO - Filling up the DagBag from /home/civis/anaconda3/lib/python3.9/site-packages/airflow/example_dags/example_short_circuit_operator.py
[2023-03-22T04:10:57.385+0400] {processor.py:753} INFO - DAG(s) dict_keys(['example_short_circuit_operator']) retrieved from /home/civis/anaconda3/lib/python3.9/site-packages/airflow/example_dags/example_short_circuit_operator.py
[2023-03-22T04:10:57.392+0400] {logging_mixin.py:137} INFO - [2023-03-22T04:10:57.392+0400] {dag.py:2690} INFO - Sync 1 DAGs
[2023-03-22T04:10:57.400+0400] {logging_mixin.py:137} INFO - [2023-03-22T04:10:57.400+0400] {dag.py:3437} INFO - Setting next_dagrun for example_short_circuit_operator to 2023-03-21T00:10:57.400465+00:00, run_after=2023-03-22T00:10:57.400465+00:00
[2023-03-22T04:10:57.415+0400] {processor.py:175} INFO - Processing /home/civis/anaconda3/lib/python3.9/site-packages/airflow/example_dags/example_short_circuit_operator.py took 0.059 seconds
[2023-03-22T04:11:39.003+0400] {processor.py:153} INFO - Started process (PID=178403) to work on /home/civis/anaconda3/lib/python3.9/site-packages/airflow/example_dags/example_short_circuit_operator.py
[2023-03-22T04:11:39.004+0400] {processor.py:743} INFO - Processing file /home/civis/anaconda3/lib/python3.9/site-packages/airflow/example_dags/example_short_circuit_operator.py for tasks to queue
[2023-03-22T04:11:39.005+0400] {logging_mixin.py:137} INFO - [2023-03-22T04:11:39.005+0400] {dagbag.py:538} INFO - Filling up the DagBag from /home/civis/anaconda3/lib/python3.9/site-packages/airflow/example_dags/example_short_circuit_operator.py
[2023-03-22T04:11:39.018+0400] {processor.py:753} INFO - DAG(s) dict_keys(['example_short_circuit_operator']) retrieved from /home/civis/anaconda3/lib/python3.9/site-packages/airflow/example_dags/example_short_circuit_operator.py
[2023-03-22T04:11:39.028+0400] {logging_mixin.py:137} INFO - [2023-03-22T04:11:39.028+0400] {dag.py:2690} INFO - Sync 1 DAGs
[2023-03-22T04:11:39.037+0400] {logging_mixin.py:137} INFO - [2023-03-22T04:11:39.037+0400] {dag.py:3437} INFO - Setting next_dagrun for example_short_circuit_operator to 2023-03-21T00:11:39.037234+00:00, run_after=2023-03-22T00:11:39.037234+00:00
[2023-03-22T04:11:39.053+0400] {processor.py:175} INFO - Processing /home/civis/anaconda3/lib/python3.9/site-packages/airflow/example_dags/example_short_circuit_operator.py took 0.054 seconds
