[2023-03-22T04:00:14.377+0400] {processor.py:153} INFO - Started process (PID=165697) to work on /home/civis/anaconda3/lib/python3.9/site-packages/airflow/example_dags/example_branch_operator.py
[2023-03-22T04:00:14.378+0400] {processor.py:743} INFO - Processing file /home/civis/anaconda3/lib/python3.9/site-packages/airflow/example_dags/example_branch_operator.py for tasks to queue
[2023-03-22T04:00:14.378+0400] {logging_mixin.py:137} INFO - [2023-03-22T04:00:14.378+0400] {dagbag.py:538} INFO - Filling up the DagBag from /home/civis/anaconda3/lib/python3.9/site-packages/airflow/example_dags/example_branch_operator.py
[2023-03-22T04:00:14.388+0400] {processor.py:753} INFO - DAG(s) dict_keys(['example_branch_operator']) retrieved from /home/civis/anaconda3/lib/python3.9/site-packages/airflow/example_dags/example_branch_operator.py
[2023-03-22T04:00:14.444+0400] {logging_mixin.py:137} INFO - [2023-03-22T04:00:14.444+0400] {manager.py:504} INFO - Created Permission View: can delete on DAG:example_branch_operator
[2023-03-22T04:00:14.456+0400] {logging_mixin.py:137} INFO - [2023-03-22T04:00:14.456+0400] {manager.py:504} INFO - Created Permission View: can read on DAG:example_branch_operator
[2023-03-22T04:00:14.469+0400] {logging_mixin.py:137} INFO - [2023-03-22T04:00:14.469+0400] {manager.py:504} INFO - Created Permission View: can edit on DAG:example_branch_operator
[2023-03-22T04:00:14.470+0400] {logging_mixin.py:137} INFO - [2023-03-22T04:00:14.469+0400] {dag.py:2690} INFO - Sync 1 DAGs
[2023-03-22T04:00:14.481+0400] {logging_mixin.py:137} INFO - [2023-03-22T04:00:14.481+0400] {dag.py:2711} INFO - Creating ORM DAG for example_branch_operator
[2023-03-22T04:00:14.486+0400] {logging_mixin.py:137} INFO - [2023-03-22T04:00:14.486+0400] {dag.py:3437} INFO - Setting next_dagrun for example_branch_operator to 2023-03-21T00:00:00+00:00, run_after=2023-03-22T00:00:00+00:00
[2023-03-22T04:00:14.508+0400] {processor.py:175} INFO - Processing /home/civis/anaconda3/lib/python3.9/site-packages/airflow/example_dags/example_branch_operator.py took 0.133 seconds
[2023-03-22T04:00:56.232+0400] {processor.py:153} INFO - Started process (PID=166331) to work on /home/civis/anaconda3/lib/python3.9/site-packages/airflow/example_dags/example_branch_operator.py
[2023-03-22T04:00:56.241+0400] {processor.py:743} INFO - Processing file /home/civis/anaconda3/lib/python3.9/site-packages/airflow/example_dags/example_branch_operator.py for tasks to queue
[2023-03-22T04:00:56.243+0400] {logging_mixin.py:137} INFO - [2023-03-22T04:00:56.243+0400] {dagbag.py:538} INFO - Filling up the DagBag from /home/civis/anaconda3/lib/python3.9/site-packages/airflow/example_dags/example_branch_operator.py
[2023-03-22T04:00:56.260+0400] {processor.py:753} INFO - DAG(s) dict_keys(['example_branch_operator']) retrieved from /home/civis/anaconda3/lib/python3.9/site-packages/airflow/example_dags/example_branch_operator.py
[2023-03-22T04:00:56.268+0400] {logging_mixin.py:137} INFO - [2023-03-22T04:00:56.267+0400] {dag.py:2690} INFO - Sync 1 DAGs
[2023-03-22T04:00:56.276+0400] {logging_mixin.py:137} INFO - [2023-03-22T04:00:56.276+0400] {dag.py:3437} INFO - Setting next_dagrun for example_branch_operator to 2023-03-21T00:00:00+00:00, run_after=2023-03-22T00:00:00+00:00
[2023-03-22T04:00:56.296+0400] {processor.py:175} INFO - Processing /home/civis/anaconda3/lib/python3.9/site-packages/airflow/example_dags/example_branch_operator.py took 0.066 seconds
[2023-03-22T04:01:35.031+0400] {processor.py:153} INFO - Started process (PID=166926) to work on /home/civis/anaconda3/lib/python3.9/site-packages/airflow/example_dags/example_branch_operator.py
[2023-03-22T04:01:35.032+0400] {processor.py:743} INFO - Processing file /home/civis/anaconda3/lib/python3.9/site-packages/airflow/example_dags/example_branch_operator.py for tasks to queue
[2023-03-22T04:01:35.033+0400] {logging_mixin.py:137} INFO - [2023-03-22T04:01:35.033+0400] {dagbag.py:538} INFO - Filling up the DagBag from /home/civis/anaconda3/lib/python3.9/site-packages/airflow/example_dags/example_branch_operator.py
[2023-03-22T04:01:35.043+0400] {processor.py:753} INFO - DAG(s) dict_keys(['example_branch_operator']) retrieved from /home/civis/anaconda3/lib/python3.9/site-packages/airflow/example_dags/example_branch_operator.py
[2023-03-22T04:01:35.052+0400] {logging_mixin.py:137} INFO - [2023-03-22T04:01:35.051+0400] {dag.py:2690} INFO - Sync 1 DAGs
[2023-03-22T04:01:35.060+0400] {logging_mixin.py:137} INFO - [2023-03-22T04:01:35.060+0400] {dag.py:3437} INFO - Setting next_dagrun for example_branch_operator to 2023-03-21T00:00:00+00:00, run_after=2023-03-22T00:00:00+00:00
[2023-03-22T04:01:35.076+0400] {processor.py:175} INFO - Processing /home/civis/anaconda3/lib/python3.9/site-packages/airflow/example_dags/example_branch_operator.py took 0.047 seconds
[2023-03-22T04:02:16.224+0400] {processor.py:153} INFO - Started process (PID=167604) to work on /home/civis/anaconda3/lib/python3.9/site-packages/airflow/example_dags/example_branch_operator.py
[2023-03-22T04:02:16.225+0400] {processor.py:743} INFO - Processing file /home/civis/anaconda3/lib/python3.9/site-packages/airflow/example_dags/example_branch_operator.py for tasks to queue
[2023-03-22T04:02:16.225+0400] {logging_mixin.py:137} INFO - [2023-03-22T04:02:16.225+0400] {dagbag.py:538} INFO - Filling up the DagBag from /home/civis/anaconda3/lib/python3.9/site-packages/airflow/example_dags/example_branch_operator.py
[2023-03-22T04:02:16.232+0400] {processor.py:753} INFO - DAG(s) dict_keys(['example_branch_operator']) retrieved from /home/civis/anaconda3/lib/python3.9/site-packages/airflow/example_dags/example_branch_operator.py
[2023-03-22T04:02:16.241+0400] {logging_mixin.py:137} INFO - [2023-03-22T04:02:16.241+0400] {dag.py:2690} INFO - Sync 1 DAGs
[2023-03-22T04:02:16.250+0400] {logging_mixin.py:137} INFO - [2023-03-22T04:02:16.249+0400] {dag.py:3437} INFO - Setting next_dagrun for example_branch_operator to 2023-03-21T00:00:00+00:00, run_after=2023-03-22T00:00:00+00:00
[2023-03-22T04:02:16.265+0400] {processor.py:175} INFO - Processing /home/civis/anaconda3/lib/python3.9/site-packages/airflow/example_dags/example_branch_operator.py took 0.045 seconds
[2023-03-22T04:02:55.272+0400] {processor.py:153} INFO - Started process (PID=168479) to work on /home/civis/anaconda3/lib/python3.9/site-packages/airflow/example_dags/example_branch_operator.py
[2023-03-22T04:02:55.281+0400] {processor.py:743} INFO - Processing file /home/civis/anaconda3/lib/python3.9/site-packages/airflow/example_dags/example_branch_operator.py for tasks to queue
[2023-03-22T04:02:55.282+0400] {logging_mixin.py:137} INFO - [2023-03-22T04:02:55.282+0400] {dagbag.py:538} INFO - Filling up the DagBag from /home/civis/anaconda3/lib/python3.9/site-packages/airflow/example_dags/example_branch_operator.py
[2023-03-22T04:02:55.306+0400] {processor.py:753} INFO - DAG(s) dict_keys(['example_branch_operator']) retrieved from /home/civis/anaconda3/lib/python3.9/site-packages/airflow/example_dags/example_branch_operator.py
[2023-03-22T04:02:55.314+0400] {logging_mixin.py:137} INFO - [2023-03-22T04:02:55.314+0400] {dag.py:2690} INFO - Sync 1 DAGs
[2023-03-22T04:02:55.322+0400] {logging_mixin.py:137} INFO - [2023-03-22T04:02:55.322+0400] {dag.py:3437} INFO - Setting next_dagrun for example_branch_operator to 2023-03-21T00:00:00+00:00, run_after=2023-03-22T00:00:00+00:00
[2023-03-22T04:02:55.337+0400] {processor.py:175} INFO - Processing /home/civis/anaconda3/lib/python3.9/site-packages/airflow/example_dags/example_branch_operator.py took 0.068 seconds
[2023-03-22T04:03:36.144+0400] {processor.py:153} INFO - Started process (PID=169204) to work on /home/civis/anaconda3/lib/python3.9/site-packages/airflow/example_dags/example_branch_operator.py
[2023-03-22T04:03:36.144+0400] {processor.py:743} INFO - Processing file /home/civis/anaconda3/lib/python3.9/site-packages/airflow/example_dags/example_branch_operator.py for tasks to queue
[2023-03-22T04:03:36.144+0400] {logging_mixin.py:137} INFO - [2023-03-22T04:03:36.144+0400] {dagbag.py:538} INFO - Filling up the DagBag from /home/civis/anaconda3/lib/python3.9/site-packages/airflow/example_dags/example_branch_operator.py
[2023-03-22T04:03:36.156+0400] {processor.py:753} INFO - DAG(s) dict_keys(['example_branch_operator']) retrieved from /home/civis/anaconda3/lib/python3.9/site-packages/airflow/example_dags/example_branch_operator.py
[2023-03-22T04:03:36.163+0400] {logging_mixin.py:137} INFO - [2023-03-22T04:03:36.163+0400] {dag.py:2690} INFO - Sync 1 DAGs
[2023-03-22T04:03:36.172+0400] {logging_mixin.py:137} INFO - [2023-03-22T04:03:36.172+0400] {dag.py:3437} INFO - Setting next_dagrun for example_branch_operator to 2023-03-21T00:00:00+00:00, run_after=2023-03-22T00:00:00+00:00
[2023-03-22T04:03:36.189+0400] {processor.py:175} INFO - Processing /home/civis/anaconda3/lib/python3.9/site-packages/airflow/example_dags/example_branch_operator.py took 0.046 seconds
[2023-03-22T04:04:41.393+0400] {processor.py:153} INFO - Started process (PID=170243) to work on /home/civis/anaconda3/lib/python3.9/site-packages/airflow/example_dags/example_branch_operator.py
[2023-03-22T04:04:41.402+0400] {processor.py:743} INFO - Processing file /home/civis/anaconda3/lib/python3.9/site-packages/airflow/example_dags/example_branch_operator.py for tasks to queue
[2023-03-22T04:04:41.403+0400] {logging_mixin.py:137} INFO - [2023-03-22T04:04:41.403+0400] {dagbag.py:538} INFO - Filling up the DagBag from /home/civis/anaconda3/lib/python3.9/site-packages/airflow/example_dags/example_branch_operator.py
[2023-03-22T04:04:41.420+0400] {processor.py:753} INFO - DAG(s) dict_keys(['example_branch_operator']) retrieved from /home/civis/anaconda3/lib/python3.9/site-packages/airflow/example_dags/example_branch_operator.py
[2023-03-22T04:04:41.428+0400] {logging_mixin.py:137} INFO - [2023-03-22T04:04:41.428+0400] {dag.py:2690} INFO - Sync 1 DAGs
[2023-03-22T04:04:41.437+0400] {logging_mixin.py:137} INFO - [2023-03-22T04:04:41.437+0400] {dag.py:3437} INFO - Setting next_dagrun for example_branch_operator to 2023-03-21T00:00:00+00:00, run_after=2023-03-22T00:00:00+00:00
[2023-03-22T04:04:41.452+0400] {processor.py:175} INFO - Processing /home/civis/anaconda3/lib/python3.9/site-packages/airflow/example_dags/example_branch_operator.py took 0.062 seconds
[2023-03-22T04:05:23.805+0400] {processor.py:153} INFO - Started process (PID=170910) to work on /home/civis/anaconda3/lib/python3.9/site-packages/airflow/example_dags/example_branch_operator.py
[2023-03-22T04:05:23.805+0400] {processor.py:743} INFO - Processing file /home/civis/anaconda3/lib/python3.9/site-packages/airflow/example_dags/example_branch_operator.py for tasks to queue
[2023-03-22T04:05:23.806+0400] {logging_mixin.py:137} INFO - [2023-03-22T04:05:23.806+0400] {dagbag.py:538} INFO - Filling up the DagBag from /home/civis/anaconda3/lib/python3.9/site-packages/airflow/example_dags/example_branch_operator.py
[2023-03-22T04:05:23.817+0400] {processor.py:753} INFO - DAG(s) dict_keys(['example_branch_operator']) retrieved from /home/civis/anaconda3/lib/python3.9/site-packages/airflow/example_dags/example_branch_operator.py
[2023-03-22T04:05:23.825+0400] {logging_mixin.py:137} INFO - [2023-03-22T04:05:23.825+0400] {dag.py:2690} INFO - Sync 1 DAGs
[2023-03-22T04:05:23.833+0400] {logging_mixin.py:137} INFO - [2023-03-22T04:05:23.833+0400] {dag.py:3437} INFO - Setting next_dagrun for example_branch_operator to 2023-03-21T00:00:00+00:00, run_after=2023-03-22T00:00:00+00:00
[2023-03-22T04:05:23.849+0400] {processor.py:175} INFO - Processing /home/civis/anaconda3/lib/python3.9/site-packages/airflow/example_dags/example_branch_operator.py took 0.046 seconds
[2023-03-22T04:06:02.734+0400] {processor.py:153} INFO - Started process (PID=171533) to work on /home/civis/anaconda3/lib/python3.9/site-packages/airflow/example_dags/example_branch_operator.py
[2023-03-22T04:06:02.742+0400] {processor.py:743} INFO - Processing file /home/civis/anaconda3/lib/python3.9/site-packages/airflow/example_dags/example_branch_operator.py for tasks to queue
[2023-03-22T04:06:02.744+0400] {logging_mixin.py:137} INFO - [2023-03-22T04:06:02.743+0400] {dagbag.py:538} INFO - Filling up the DagBag from /home/civis/anaconda3/lib/python3.9/site-packages/airflow/example_dags/example_branch_operator.py
[2023-03-22T04:06:02.760+0400] {processor.py:753} INFO - DAG(s) dict_keys(['example_branch_operator']) retrieved from /home/civis/anaconda3/lib/python3.9/site-packages/airflow/example_dags/example_branch_operator.py
[2023-03-22T04:06:02.770+0400] {logging_mixin.py:137} INFO - [2023-03-22T04:06:02.770+0400] {dag.py:2690} INFO - Sync 1 DAGs
[2023-03-22T04:06:02.780+0400] {logging_mixin.py:137} INFO - [2023-03-22T04:06:02.780+0400] {dag.py:3437} INFO - Setting next_dagrun for example_branch_operator to 2023-03-21T00:00:00+00:00, run_after=2023-03-22T00:00:00+00:00
[2023-03-22T04:06:02.795+0400] {processor.py:175} INFO - Processing /home/civis/anaconda3/lib/python3.9/site-packages/airflow/example_dags/example_branch_operator.py took 0.065 seconds
[2023-03-22T04:06:43.070+0400] {processor.py:153} INFO - Started process (PID=172213) to work on /home/civis/anaconda3/lib/python3.9/site-packages/airflow/example_dags/example_branch_operator.py
[2023-03-22T04:06:43.079+0400] {processor.py:743} INFO - Processing file /home/civis/anaconda3/lib/python3.9/site-packages/airflow/example_dags/example_branch_operator.py for tasks to queue
[2023-03-22T04:06:43.080+0400] {logging_mixin.py:137} INFO - [2023-03-22T04:06:43.080+0400] {dagbag.py:538} INFO - Filling up the DagBag from /home/civis/anaconda3/lib/python3.9/site-packages/airflow/example_dags/example_branch_operator.py
[2023-03-22T04:06:43.097+0400] {processor.py:753} INFO - DAG(s) dict_keys(['example_branch_operator']) retrieved from /home/civis/anaconda3/lib/python3.9/site-packages/airflow/example_dags/example_branch_operator.py
[2023-03-22T04:06:43.105+0400] {logging_mixin.py:137} INFO - [2023-03-22T04:06:43.105+0400] {dag.py:2690} INFO - Sync 1 DAGs
[2023-03-22T04:06:43.113+0400] {logging_mixin.py:137} INFO - [2023-03-22T04:06:43.113+0400] {dag.py:3437} INFO - Setting next_dagrun for example_branch_operator to 2023-03-21T00:00:00+00:00, run_after=2023-03-22T00:00:00+00:00
[2023-03-22T04:06:43.128+0400] {processor.py:175} INFO - Processing /home/civis/anaconda3/lib/python3.9/site-packages/airflow/example_dags/example_branch_operator.py took 0.060 seconds
[2023-03-22T04:07:23.281+0400] {processor.py:153} INFO - Started process (PID=172834) to work on /home/civis/anaconda3/lib/python3.9/site-packages/airflow/example_dags/example_branch_operator.py
[2023-03-22T04:07:23.282+0400] {processor.py:743} INFO - Processing file /home/civis/anaconda3/lib/python3.9/site-packages/airflow/example_dags/example_branch_operator.py for tasks to queue
[2023-03-22T04:07:23.283+0400] {logging_mixin.py:137} INFO - [2023-03-22T04:07:23.283+0400] {dagbag.py:538} INFO - Filling up the DagBag from /home/civis/anaconda3/lib/python3.9/site-packages/airflow/example_dags/example_branch_operator.py
[2023-03-22T04:07:23.305+0400] {processor.py:753} INFO - DAG(s) dict_keys(['example_branch_operator']) retrieved from /home/civis/anaconda3/lib/python3.9/site-packages/airflow/example_dags/example_branch_operator.py
[2023-03-22T04:07:23.313+0400] {logging_mixin.py:137} INFO - [2023-03-22T04:07:23.313+0400] {dag.py:2690} INFO - Sync 1 DAGs
[2023-03-22T04:07:23.321+0400] {logging_mixin.py:137} INFO - [2023-03-22T04:07:23.321+0400] {dag.py:3437} INFO - Setting next_dagrun for example_branch_operator to 2023-03-21T00:00:00+00:00, run_after=2023-03-22T00:00:00+00:00
[2023-03-22T04:07:23.338+0400] {processor.py:175} INFO - Processing /home/civis/anaconda3/lib/python3.9/site-packages/airflow/example_dags/example_branch_operator.py took 0.062 seconds
[2023-03-22T04:08:04.944+0400] {processor.py:153} INFO - Started process (PID=173533) to work on /home/civis/anaconda3/lib/python3.9/site-packages/airflow/example_dags/example_branch_operator.py
[2023-03-22T04:08:04.953+0400] {processor.py:743} INFO - Processing file /home/civis/anaconda3/lib/python3.9/site-packages/airflow/example_dags/example_branch_operator.py for tasks to queue
[2023-03-22T04:08:04.954+0400] {logging_mixin.py:137} INFO - [2023-03-22T04:08:04.954+0400] {dagbag.py:538} INFO - Filling up the DagBag from /home/civis/anaconda3/lib/python3.9/site-packages/airflow/example_dags/example_branch_operator.py
[2023-03-22T04:08:04.971+0400] {processor.py:753} INFO - DAG(s) dict_keys(['example_branch_operator']) retrieved from /home/civis/anaconda3/lib/python3.9/site-packages/airflow/example_dags/example_branch_operator.py
[2023-03-22T04:08:04.979+0400] {logging_mixin.py:137} INFO - [2023-03-22T04:08:04.979+0400] {dag.py:2690} INFO - Sync 1 DAGs
[2023-03-22T04:08:04.987+0400] {logging_mixin.py:137} INFO - [2023-03-22T04:08:04.987+0400] {dag.py:3437} INFO - Setting next_dagrun for example_branch_operator to 2023-03-21T00:00:00+00:00, run_after=2023-03-22T00:00:00+00:00
[2023-03-22T04:08:05.002+0400] {processor.py:175} INFO - Processing /home/civis/anaconda3/lib/python3.9/site-packages/airflow/example_dags/example_branch_operator.py took 0.061 seconds
[2023-03-22T04:08:43.237+0400] {processor.py:153} INFO - Started process (PID=174259) to work on /home/civis/anaconda3/lib/python3.9/site-packages/airflow/example_dags/example_branch_operator.py
[2023-03-22T04:08:43.246+0400] {processor.py:743} INFO - Processing file /home/civis/anaconda3/lib/python3.9/site-packages/airflow/example_dags/example_branch_operator.py for tasks to queue
[2023-03-22T04:08:43.247+0400] {logging_mixin.py:137} INFO - [2023-03-22T04:08:43.247+0400] {dagbag.py:538} INFO - Filling up the DagBag from /home/civis/anaconda3/lib/python3.9/site-packages/airflow/example_dags/example_branch_operator.py
[2023-03-22T04:08:43.265+0400] {processor.py:753} INFO - DAG(s) dict_keys(['example_branch_operator']) retrieved from /home/civis/anaconda3/lib/python3.9/site-packages/airflow/example_dags/example_branch_operator.py
[2023-03-22T04:08:43.273+0400] {logging_mixin.py:137} INFO - [2023-03-22T04:08:43.273+0400] {dag.py:2690} INFO - Sync 1 DAGs
[2023-03-22T04:08:43.281+0400] {logging_mixin.py:137} INFO - [2023-03-22T04:08:43.281+0400] {dag.py:3437} INFO - Setting next_dagrun for example_branch_operator to 2023-03-21T00:00:00+00:00, run_after=2023-03-22T00:00:00+00:00
[2023-03-22T04:08:43.297+0400] {processor.py:175} INFO - Processing /home/civis/anaconda3/lib/python3.9/site-packages/airflow/example_dags/example_branch_operator.py took 0.063 seconds
[2023-03-22T04:09:24.907+0400] {processor.py:153} INFO - Started process (PID=176103) to work on /home/civis/anaconda3/lib/python3.9/site-packages/airflow/example_dags/example_branch_operator.py
[2023-03-22T04:09:24.915+0400] {processor.py:743} INFO - Processing file /home/civis/anaconda3/lib/python3.9/site-packages/airflow/example_dags/example_branch_operator.py for tasks to queue
[2023-03-22T04:09:24.916+0400] {logging_mixin.py:137} INFO - [2023-03-22T04:09:24.916+0400] {dagbag.py:538} INFO - Filling up the DagBag from /home/civis/anaconda3/lib/python3.9/site-packages/airflow/example_dags/example_branch_operator.py
[2023-03-22T04:09:24.923+0400] {processor.py:753} INFO - DAG(s) dict_keys(['example_branch_operator']) retrieved from /home/civis/anaconda3/lib/python3.9/site-packages/airflow/example_dags/example_branch_operator.py
[2023-03-22T04:09:24.932+0400] {logging_mixin.py:137} INFO - [2023-03-22T04:09:24.932+0400] {dag.py:2690} INFO - Sync 1 DAGs
[2023-03-22T04:09:24.941+0400] {logging_mixin.py:137} INFO - [2023-03-22T04:09:24.941+0400] {dag.py:3437} INFO - Setting next_dagrun for example_branch_operator to 2023-03-21T00:00:00+00:00, run_after=2023-03-22T00:00:00+00:00
[2023-03-22T04:09:24.957+0400] {processor.py:175} INFO - Processing /home/civis/anaconda3/lib/python3.9/site-packages/airflow/example_dags/example_branch_operator.py took 0.051 seconds
[2023-03-22T04:10:09.127+0400] {processor.py:153} INFO - Started process (PID=176823) to work on /home/civis/anaconda3/lib/python3.9/site-packages/airflow/example_dags/example_branch_operator.py
[2023-03-22T04:10:09.128+0400] {processor.py:743} INFO - Processing file /home/civis/anaconda3/lib/python3.9/site-packages/airflow/example_dags/example_branch_operator.py for tasks to queue
[2023-03-22T04:10:09.129+0400] {logging_mixin.py:137} INFO - [2023-03-22T04:10:09.129+0400] {dagbag.py:538} INFO - Filling up the DagBag from /home/civis/anaconda3/lib/python3.9/site-packages/airflow/example_dags/example_branch_operator.py
[2023-03-22T04:10:09.149+0400] {processor.py:753} INFO - DAG(s) dict_keys(['example_branch_operator']) retrieved from /home/civis/anaconda3/lib/python3.9/site-packages/airflow/example_dags/example_branch_operator.py
[2023-03-22T04:10:09.157+0400] {logging_mixin.py:137} INFO - [2023-03-22T04:10:09.157+0400] {dag.py:2690} INFO - Sync 1 DAGs
[2023-03-22T04:10:09.165+0400] {logging_mixin.py:137} INFO - [2023-03-22T04:10:09.165+0400] {dag.py:3437} INFO - Setting next_dagrun for example_branch_operator to 2023-03-21T00:00:00+00:00, run_after=2023-03-22T00:00:00+00:00
[2023-03-22T04:10:09.180+0400] {processor.py:175} INFO - Processing /home/civis/anaconda3/lib/python3.9/site-packages/airflow/example_dags/example_branch_operator.py took 0.058 seconds
[2023-03-22T04:10:51.451+0400] {processor.py:153} INFO - Started process (PID=177564) to work on /home/civis/anaconda3/lib/python3.9/site-packages/airflow/example_dags/example_branch_operator.py
[2023-03-22T04:10:51.460+0400] {processor.py:743} INFO - Processing file /home/civis/anaconda3/lib/python3.9/site-packages/airflow/example_dags/example_branch_operator.py for tasks to queue
[2023-03-22T04:10:51.461+0400] {logging_mixin.py:137} INFO - [2023-03-22T04:10:51.461+0400] {dagbag.py:538} INFO - Filling up the DagBag from /home/civis/anaconda3/lib/python3.9/site-packages/airflow/example_dags/example_branch_operator.py
[2023-03-22T04:10:51.484+0400] {processor.py:753} INFO - DAG(s) dict_keys(['example_branch_operator']) retrieved from /home/civis/anaconda3/lib/python3.9/site-packages/airflow/example_dags/example_branch_operator.py
[2023-03-22T04:10:51.494+0400] {logging_mixin.py:137} INFO - [2023-03-22T04:10:51.494+0400] {dag.py:2690} INFO - Sync 1 DAGs
[2023-03-22T04:10:51.503+0400] {logging_mixin.py:137} INFO - [2023-03-22T04:10:51.503+0400] {dag.py:3437} INFO - Setting next_dagrun for example_branch_operator to 2023-03-21T00:00:00+00:00, run_after=2023-03-22T00:00:00+00:00
[2023-03-22T04:10:51.519+0400] {processor.py:175} INFO - Processing /home/civis/anaconda3/lib/python3.9/site-packages/airflow/example_dags/example_branch_operator.py took 0.072 seconds
[2023-03-22T04:11:29.527+0400] {processor.py:153} INFO - Started process (PID=178227) to work on /home/civis/anaconda3/lib/python3.9/site-packages/airflow/example_dags/example_branch_operator.py
[2023-03-22T04:11:29.527+0400] {processor.py:743} INFO - Processing file /home/civis/anaconda3/lib/python3.9/site-packages/airflow/example_dags/example_branch_operator.py for tasks to queue
[2023-03-22T04:11:29.528+0400] {logging_mixin.py:137} INFO - [2023-03-22T04:11:29.528+0400] {dagbag.py:538} INFO - Filling up the DagBag from /home/civis/anaconda3/lib/python3.9/site-packages/airflow/example_dags/example_branch_operator.py
[2023-03-22T04:11:29.535+0400] {processor.py:753} INFO - DAG(s) dict_keys(['example_branch_operator']) retrieved from /home/civis/anaconda3/lib/python3.9/site-packages/airflow/example_dags/example_branch_operator.py
[2023-03-22T04:11:29.542+0400] {logging_mixin.py:137} INFO - [2023-03-22T04:11:29.542+0400] {dag.py:2690} INFO - Sync 1 DAGs
[2023-03-22T04:11:29.552+0400] {logging_mixin.py:137} INFO - [2023-03-22T04:11:29.552+0400] {dag.py:3437} INFO - Setting next_dagrun for example_branch_operator to 2023-03-21T00:00:00+00:00, run_after=2023-03-22T00:00:00+00:00
[2023-03-22T04:11:29.569+0400] {processor.py:175} INFO - Processing /home/civis/anaconda3/lib/python3.9/site-packages/airflow/example_dags/example_branch_operator.py took 0.043 seconds
