[2023-03-22T04:00:05.325+0400] {processor.py:153} INFO - Started process (PID=165559) to work on /home/civis/anaconda3/lib/python3.9/site-packages/airflow/example_dags/example_branch_datetime_operator.py
[2023-03-22T04:00:05.326+0400] {processor.py:743} INFO - Processing file /home/civis/anaconda3/lib/python3.9/site-packages/airflow/example_dags/example_branch_datetime_operator.py for tasks to queue
[2023-03-22T04:00:05.327+0400] {logging_mixin.py:137} INFO - [2023-03-22T04:00:05.327+0400] {dagbag.py:538} INFO - Filling up the DagBag from /home/civis/anaconda3/lib/python3.9/site-packages/airflow/example_dags/example_branch_datetime_operator.py
[2023-03-22T04:00:05.339+0400] {processor.py:753} INFO - DAG(s) dict_keys(['example_branch_datetime_operator_3', 'example_branch_datetime_operator_2', 'example_branch_datetime_operator']) retrieved from /home/civis/anaconda3/lib/python3.9/site-packages/airflow/example_dags/example_branch_datetime_operator.py
[2023-03-22T04:00:05.409+0400] {logging_mixin.py:137} INFO - [2023-03-22T04:00:05.408+0400] {manager.py:504} INFO - Created Permission View: can delete on DAG:example_branch_datetime_operator_3
[2023-03-22T04:00:05.429+0400] {logging_mixin.py:137} INFO - [2023-03-22T04:00:05.428+0400] {manager.py:504} INFO - Created Permission View: can read on DAG:example_branch_datetime_operator_3
[2023-03-22T04:00:05.445+0400] {logging_mixin.py:137} INFO - [2023-03-22T04:00:05.444+0400] {manager.py:504} INFO - Created Permission View: can edit on DAG:example_branch_datetime_operator_3
[2023-03-22T04:00:05.480+0400] {logging_mixin.py:137} INFO - [2023-03-22T04:00:05.480+0400] {manager.py:504} INFO - Created Permission View: can delete on DAG:example_branch_datetime_operator_2
[2023-03-22T04:00:05.497+0400] {logging_mixin.py:137} INFO - [2023-03-22T04:00:05.497+0400] {manager.py:504} INFO - Created Permission View: can read on DAG:example_branch_datetime_operator_2
[2023-03-22T04:00:05.513+0400] {logging_mixin.py:137} INFO - [2023-03-22T04:00:05.513+0400] {manager.py:504} INFO - Created Permission View: can edit on DAG:example_branch_datetime_operator_2
[2023-03-22T04:00:05.548+0400] {logging_mixin.py:137} INFO - [2023-03-22T04:00:05.548+0400] {manager.py:504} INFO - Created Permission View: can delete on DAG:example_branch_datetime_operator
[2023-03-22T04:00:05.565+0400] {logging_mixin.py:137} INFO - [2023-03-22T04:00:05.565+0400] {manager.py:504} INFO - Created Permission View: can read on DAG:example_branch_datetime_operator
[2023-03-22T04:00:05.581+0400] {logging_mixin.py:137} INFO - [2023-03-22T04:00:05.580+0400] {manager.py:504} INFO - Created Permission View: can edit on DAG:example_branch_datetime_operator
[2023-03-22T04:00:05.581+0400] {logging_mixin.py:137} INFO - [2023-03-22T04:00:05.581+0400] {dag.py:2690} INFO - Sync 3 DAGs
[2023-03-22T04:00:05.596+0400] {logging_mixin.py:137} INFO - [2023-03-22T04:00:05.596+0400] {dag.py:2711} INFO - Creating ORM DAG for example_branch_datetime_operator
[2023-03-22T04:00:05.597+0400] {logging_mixin.py:137} INFO - [2023-03-22T04:00:05.596+0400] {dag.py:2711} INFO - Creating ORM DAG for example_branch_datetime_operator_3
[2023-03-22T04:00:05.597+0400] {logging_mixin.py:137} INFO - [2023-03-22T04:00:05.597+0400] {dag.py:2711} INFO - Creating ORM DAG for example_branch_datetime_operator_2
[2023-03-22T04:00:05.602+0400] {logging_mixin.py:137} INFO - [2023-03-22T04:00:05.602+0400] {dag.py:3437} INFO - Setting next_dagrun for example_branch_datetime_operator to 2023-03-21T00:00:00+00:00, run_after=2023-03-22T00:00:00+00:00
[2023-03-22T04:00:05.603+0400] {logging_mixin.py:137} INFO - [2023-03-22T04:00:05.603+0400] {dag.py:3437} INFO - Setting next_dagrun for example_branch_datetime_operator_2 to 2023-03-21T00:00:00+00:00, run_after=2023-03-22T00:00:00+00:00
[2023-03-22T04:00:05.603+0400] {logging_mixin.py:137} INFO - [2023-03-22T04:00:05.603+0400] {dag.py:3437} INFO - Setting next_dagrun for example_branch_datetime_operator_3 to 2023-03-21T00:00:00+00:00, run_after=2023-03-22T00:00:00+00:00
[2023-03-22T04:00:05.624+0400] {processor.py:175} INFO - Processing /home/civis/anaconda3/lib/python3.9/site-packages/airflow/example_dags/example_branch_datetime_operator.py took 0.304 seconds
[2023-03-22T04:00:49.721+0400] {processor.py:153} INFO - Started process (PID=166244) to work on /home/civis/anaconda3/lib/python3.9/site-packages/airflow/example_dags/example_branch_datetime_operator.py
[2023-03-22T04:00:49.721+0400] {processor.py:743} INFO - Processing file /home/civis/anaconda3/lib/python3.9/site-packages/airflow/example_dags/example_branch_datetime_operator.py for tasks to queue
[2023-03-22T04:00:49.721+0400] {logging_mixin.py:137} INFO - [2023-03-22T04:00:49.721+0400] {dagbag.py:538} INFO - Filling up the DagBag from /home/civis/anaconda3/lib/python3.9/site-packages/airflow/example_dags/example_branch_datetime_operator.py
[2023-03-22T04:00:49.731+0400] {processor.py:753} INFO - DAG(s) dict_keys(['example_branch_datetime_operator', 'example_branch_datetime_operator_3', 'example_branch_datetime_operator_2']) retrieved from /home/civis/anaconda3/lib/python3.9/site-packages/airflow/example_dags/example_branch_datetime_operator.py
[2023-03-22T04:00:49.739+0400] {logging_mixin.py:137} INFO - [2023-03-22T04:00:49.739+0400] {dag.py:2690} INFO - Sync 3 DAGs
[2023-03-22T04:00:49.747+0400] {logging_mixin.py:137} INFO - [2023-03-22T04:00:49.747+0400] {dag.py:3437} INFO - Setting next_dagrun for example_branch_datetime_operator to 2023-03-21T00:00:00+00:00, run_after=2023-03-22T00:00:00+00:00
[2023-03-22T04:00:49.749+0400] {logging_mixin.py:137} INFO - [2023-03-22T04:00:49.749+0400] {dag.py:3437} INFO - Setting next_dagrun for example_branch_datetime_operator_2 to 2023-03-21T00:00:00+00:00, run_after=2023-03-22T00:00:00+00:00
[2023-03-22T04:00:49.750+0400] {logging_mixin.py:137} INFO - [2023-03-22T04:00:49.750+0400] {dag.py:3437} INFO - Setting next_dagrun for example_branch_datetime_operator_3 to 2023-03-21T00:00:00+00:00, run_after=2023-03-22T00:00:00+00:00
[2023-03-22T04:00:49.764+0400] {processor.py:175} INFO - Processing /home/civis/anaconda3/lib/python3.9/site-packages/airflow/example_dags/example_branch_datetime_operator.py took 0.046 seconds
[2023-03-22T04:01:28.160+0400] {processor.py:153} INFO - Started process (PID=166814) to work on /home/civis/anaconda3/lib/python3.9/site-packages/airflow/example_dags/example_branch_datetime_operator.py
[2023-03-22T04:01:28.162+0400] {processor.py:743} INFO - Processing file /home/civis/anaconda3/lib/python3.9/site-packages/airflow/example_dags/example_branch_datetime_operator.py for tasks to queue
[2023-03-22T04:01:28.162+0400] {logging_mixin.py:137} INFO - [2023-03-22T04:01:28.162+0400] {dagbag.py:538} INFO - Filling up the DagBag from /home/civis/anaconda3/lib/python3.9/site-packages/airflow/example_dags/example_branch_datetime_operator.py
[2023-03-22T04:01:28.173+0400] {processor.py:753} INFO - DAG(s) dict_keys(['example_branch_datetime_operator_3', 'example_branch_datetime_operator_2', 'example_branch_datetime_operator']) retrieved from /home/civis/anaconda3/lib/python3.9/site-packages/airflow/example_dags/example_branch_datetime_operator.py
[2023-03-22T04:01:28.182+0400] {logging_mixin.py:137} INFO - [2023-03-22T04:01:28.182+0400] {dag.py:2690} INFO - Sync 3 DAGs
[2023-03-22T04:01:28.191+0400] {logging_mixin.py:137} INFO - [2023-03-22T04:01:28.191+0400] {dag.py:3437} INFO - Setting next_dagrun for example_branch_datetime_operator to 2023-03-21T00:00:00+00:00, run_after=2023-03-22T00:00:00+00:00
[2023-03-22T04:01:28.193+0400] {logging_mixin.py:137} INFO - [2023-03-22T04:01:28.193+0400] {dag.py:3437} INFO - Setting next_dagrun for example_branch_datetime_operator_2 to 2023-03-21T00:00:00+00:00, run_after=2023-03-22T00:00:00+00:00
[2023-03-22T04:01:28.194+0400] {logging_mixin.py:137} INFO - [2023-03-22T04:01:28.194+0400] {dag.py:3437} INFO - Setting next_dagrun for example_branch_datetime_operator_3 to 2023-03-21T00:00:00+00:00, run_after=2023-03-22T00:00:00+00:00
[2023-03-22T04:01:28.208+0400] {processor.py:175} INFO - Processing /home/civis/anaconda3/lib/python3.9/site-packages/airflow/example_dags/example_branch_datetime_operator.py took 0.053 seconds
[2023-03-22T04:02:09.410+0400] {processor.py:153} INFO - Started process (PID=167503) to work on /home/civis/anaconda3/lib/python3.9/site-packages/airflow/example_dags/example_branch_datetime_operator.py
[2023-03-22T04:02:09.410+0400] {processor.py:743} INFO - Processing file /home/civis/anaconda3/lib/python3.9/site-packages/airflow/example_dags/example_branch_datetime_operator.py for tasks to queue
[2023-03-22T04:02:09.410+0400] {logging_mixin.py:137} INFO - [2023-03-22T04:02:09.410+0400] {dagbag.py:538} INFO - Filling up the DagBag from /home/civis/anaconda3/lib/python3.9/site-packages/airflow/example_dags/example_branch_datetime_operator.py
[2023-03-22T04:02:09.418+0400] {processor.py:753} INFO - DAG(s) dict_keys(['example_branch_datetime_operator_2', 'example_branch_datetime_operator', 'example_branch_datetime_operator_3']) retrieved from /home/civis/anaconda3/lib/python3.9/site-packages/airflow/example_dags/example_branch_datetime_operator.py
[2023-03-22T04:02:09.429+0400] {logging_mixin.py:137} INFO - [2023-03-22T04:02:09.429+0400] {dag.py:2690} INFO - Sync 3 DAGs
[2023-03-22T04:02:09.438+0400] {logging_mixin.py:137} INFO - [2023-03-22T04:02:09.438+0400] {dag.py:3437} INFO - Setting next_dagrun for example_branch_datetime_operator to 2023-03-21T00:00:00+00:00, run_after=2023-03-22T00:00:00+00:00
[2023-03-22T04:02:09.440+0400] {logging_mixin.py:137} INFO - [2023-03-22T04:02:09.440+0400] {dag.py:3437} INFO - Setting next_dagrun for example_branch_datetime_operator_2 to 2023-03-21T00:00:00+00:00, run_after=2023-03-22T00:00:00+00:00
[2023-03-22T04:02:09.440+0400] {logging_mixin.py:137} INFO - [2023-03-22T04:02:09.440+0400] {dag.py:3437} INFO - Setting next_dagrun for example_branch_datetime_operator_3 to 2023-03-21T00:00:00+00:00, run_after=2023-03-22T00:00:00+00:00
[2023-03-22T04:02:09.455+0400] {processor.py:175} INFO - Processing /home/civis/anaconda3/lib/python3.9/site-packages/airflow/example_dags/example_branch_datetime_operator.py took 0.048 seconds
[2023-03-22T04:02:48.792+0400] {processor.py:153} INFO - Started process (PID=168337) to work on /home/civis/anaconda3/lib/python3.9/site-packages/airflow/example_dags/example_branch_datetime_operator.py
[2023-03-22T04:02:48.793+0400] {processor.py:743} INFO - Processing file /home/civis/anaconda3/lib/python3.9/site-packages/airflow/example_dags/example_branch_datetime_operator.py for tasks to queue
[2023-03-22T04:02:48.793+0400] {logging_mixin.py:137} INFO - [2023-03-22T04:02:48.793+0400] {dagbag.py:538} INFO - Filling up the DagBag from /home/civis/anaconda3/lib/python3.9/site-packages/airflow/example_dags/example_branch_datetime_operator.py
[2023-03-22T04:02:48.801+0400] {processor.py:753} INFO - DAG(s) dict_keys(['example_branch_datetime_operator_2', 'example_branch_datetime_operator', 'example_branch_datetime_operator_3']) retrieved from /home/civis/anaconda3/lib/python3.9/site-packages/airflow/example_dags/example_branch_datetime_operator.py
[2023-03-22T04:02:48.810+0400] {logging_mixin.py:137} INFO - [2023-03-22T04:02:48.810+0400] {dag.py:2690} INFO - Sync 3 DAGs
[2023-03-22T04:02:48.819+0400] {logging_mixin.py:137} INFO - [2023-03-22T04:02:48.819+0400] {dag.py:3437} INFO - Setting next_dagrun for example_branch_datetime_operator to 2023-03-21T00:00:00+00:00, run_after=2023-03-22T00:00:00+00:00
[2023-03-22T04:02:48.820+0400] {logging_mixin.py:137} INFO - [2023-03-22T04:02:48.820+0400] {dag.py:3437} INFO - Setting next_dagrun for example_branch_datetime_operator_2 to 2023-03-21T00:00:00+00:00, run_after=2023-03-22T00:00:00+00:00
[2023-03-22T04:02:48.821+0400] {logging_mixin.py:137} INFO - [2023-03-22T04:02:48.821+0400] {dag.py:3437} INFO - Setting next_dagrun for example_branch_datetime_operator_3 to 2023-03-21T00:00:00+00:00, run_after=2023-03-22T00:00:00+00:00
[2023-03-22T04:02:48.842+0400] {processor.py:175} INFO - Processing /home/civis/anaconda3/lib/python3.9/site-packages/airflow/example_dags/example_branch_datetime_operator.py took 0.051 seconds
[2023-03-22T04:03:29.393+0400] {processor.py:153} INFO - Started process (PID=169105) to work on /home/civis/anaconda3/lib/python3.9/site-packages/airflow/example_dags/example_branch_datetime_operator.py
[2023-03-22T04:03:29.402+0400] {processor.py:743} INFO - Processing file /home/civis/anaconda3/lib/python3.9/site-packages/airflow/example_dags/example_branch_datetime_operator.py for tasks to queue
[2023-03-22T04:03:29.402+0400] {logging_mixin.py:137} INFO - [2023-03-22T04:03:29.402+0400] {dagbag.py:538} INFO - Filling up the DagBag from /home/civis/anaconda3/lib/python3.9/site-packages/airflow/example_dags/example_branch_datetime_operator.py
[2023-03-22T04:03:29.417+0400] {processor.py:753} INFO - DAG(s) dict_keys(['example_branch_datetime_operator_3', 'example_branch_datetime_operator', 'example_branch_datetime_operator_2']) retrieved from /home/civis/anaconda3/lib/python3.9/site-packages/airflow/example_dags/example_branch_datetime_operator.py
[2023-03-22T04:03:29.427+0400] {logging_mixin.py:137} INFO - [2023-03-22T04:03:29.427+0400] {dag.py:2690} INFO - Sync 3 DAGs
[2023-03-22T04:03:29.435+0400] {logging_mixin.py:137} INFO - [2023-03-22T04:03:29.434+0400] {dag.py:3437} INFO - Setting next_dagrun for example_branch_datetime_operator to 2023-03-21T00:00:00+00:00, run_after=2023-03-22T00:00:00+00:00
[2023-03-22T04:03:29.436+0400] {logging_mixin.py:137} INFO - [2023-03-22T04:03:29.436+0400] {dag.py:3437} INFO - Setting next_dagrun for example_branch_datetime_operator_2 to 2023-03-21T00:00:00+00:00, run_after=2023-03-22T00:00:00+00:00
[2023-03-22T04:03:29.437+0400] {logging_mixin.py:137} INFO - [2023-03-22T04:03:29.437+0400] {dag.py:3437} INFO - Setting next_dagrun for example_branch_datetime_operator_3 to 2023-03-21T00:00:00+00:00, run_after=2023-03-22T00:00:00+00:00
[2023-03-22T04:03:29.452+0400] {processor.py:175} INFO - Processing /home/civis/anaconda3/lib/python3.9/site-packages/airflow/example_dags/example_branch_datetime_operator.py took 0.062 seconds
[2023-03-22T04:04:35.091+0400] {processor.py:153} INFO - Started process (PID=170143) to work on /home/civis/anaconda3/lib/python3.9/site-packages/airflow/example_dags/example_branch_datetime_operator.py
[2023-03-22T04:04:35.100+0400] {processor.py:743} INFO - Processing file /home/civis/anaconda3/lib/python3.9/site-packages/airflow/example_dags/example_branch_datetime_operator.py for tasks to queue
[2023-03-22T04:04:35.101+0400] {logging_mixin.py:137} INFO - [2023-03-22T04:04:35.101+0400] {dagbag.py:538} INFO - Filling up the DagBag from /home/civis/anaconda3/lib/python3.9/site-packages/airflow/example_dags/example_branch_datetime_operator.py
[2023-03-22T04:04:35.121+0400] {processor.py:753} INFO - DAG(s) dict_keys(['example_branch_datetime_operator', 'example_branch_datetime_operator_3', 'example_branch_datetime_operator_2']) retrieved from /home/civis/anaconda3/lib/python3.9/site-packages/airflow/example_dags/example_branch_datetime_operator.py
[2023-03-22T04:04:35.130+0400] {logging_mixin.py:137} INFO - [2023-03-22T04:04:35.130+0400] {dag.py:2690} INFO - Sync 3 DAGs
[2023-03-22T04:04:35.138+0400] {logging_mixin.py:137} INFO - [2023-03-22T04:04:35.138+0400] {dag.py:3437} INFO - Setting next_dagrun for example_branch_datetime_operator to 2023-03-21T00:00:00+00:00, run_after=2023-03-22T00:00:00+00:00
[2023-03-22T04:04:35.139+0400] {logging_mixin.py:137} INFO - [2023-03-22T04:04:35.139+0400] {dag.py:3437} INFO - Setting next_dagrun for example_branch_datetime_operator_2 to 2023-03-21T00:00:00+00:00, run_after=2023-03-22T00:00:00+00:00
[2023-03-22T04:04:35.140+0400] {logging_mixin.py:137} INFO - [2023-03-22T04:04:35.140+0400] {dag.py:3437} INFO - Setting next_dagrun for example_branch_datetime_operator_3 to 2023-03-21T00:00:00+00:00, run_after=2023-03-22T00:00:00+00:00
[2023-03-22T04:04:35.154+0400] {processor.py:175} INFO - Processing /home/civis/anaconda3/lib/python3.9/site-packages/airflow/example_dags/example_branch_datetime_operator.py took 0.066 seconds
[2023-03-22T04:05:16.370+0400] {processor.py:153} INFO - Started process (PID=170809) to work on /home/civis/anaconda3/lib/python3.9/site-packages/airflow/example_dags/example_branch_datetime_operator.py
[2023-03-22T04:05:16.372+0400] {processor.py:743} INFO - Processing file /home/civis/anaconda3/lib/python3.9/site-packages/airflow/example_dags/example_branch_datetime_operator.py for tasks to queue
[2023-03-22T04:05:16.373+0400] {logging_mixin.py:137} INFO - [2023-03-22T04:05:16.373+0400] {dagbag.py:538} INFO - Filling up the DagBag from /home/civis/anaconda3/lib/python3.9/site-packages/airflow/example_dags/example_branch_datetime_operator.py
[2023-03-22T04:05:16.389+0400] {processor.py:753} INFO - DAG(s) dict_keys(['example_branch_datetime_operator', 'example_branch_datetime_operator_3', 'example_branch_datetime_operator_2']) retrieved from /home/civis/anaconda3/lib/python3.9/site-packages/airflow/example_dags/example_branch_datetime_operator.py
[2023-03-22T04:05:16.397+0400] {logging_mixin.py:137} INFO - [2023-03-22T04:05:16.397+0400] {dag.py:2690} INFO - Sync 3 DAGs
[2023-03-22T04:05:16.405+0400] {logging_mixin.py:137} INFO - [2023-03-22T04:05:16.405+0400] {dag.py:3437} INFO - Setting next_dagrun for example_branch_datetime_operator to 2023-03-21T00:00:00+00:00, run_after=2023-03-22T00:00:00+00:00
[2023-03-22T04:05:16.407+0400] {logging_mixin.py:137} INFO - [2023-03-22T04:05:16.407+0400] {dag.py:3437} INFO - Setting next_dagrun for example_branch_datetime_operator_2 to 2023-03-21T00:00:00+00:00, run_after=2023-03-22T00:00:00+00:00
[2023-03-22T04:05:16.408+0400] {logging_mixin.py:137} INFO - [2023-03-22T04:05:16.407+0400] {dag.py:3437} INFO - Setting next_dagrun for example_branch_datetime_operator_3 to 2023-03-21T00:00:00+00:00, run_after=2023-03-22T00:00:00+00:00
[2023-03-22T04:05:16.423+0400] {processor.py:175} INFO - Processing /home/civis/anaconda3/lib/python3.9/site-packages/airflow/example_dags/example_branch_datetime_operator.py took 0.057 seconds
[2023-03-22T04:05:55.256+0400] {processor.py:153} INFO - Started process (PID=171413) to work on /home/civis/anaconda3/lib/python3.9/site-packages/airflow/example_dags/example_branch_datetime_operator.py
[2023-03-22T04:05:55.265+0400] {processor.py:743} INFO - Processing file /home/civis/anaconda3/lib/python3.9/site-packages/airflow/example_dags/example_branch_datetime_operator.py for tasks to queue
[2023-03-22T04:05:55.266+0400] {logging_mixin.py:137} INFO - [2023-03-22T04:05:55.266+0400] {dagbag.py:538} INFO - Filling up the DagBag from /home/civis/anaconda3/lib/python3.9/site-packages/airflow/example_dags/example_branch_datetime_operator.py
[2023-03-22T04:05:55.280+0400] {processor.py:753} INFO - DAG(s) dict_keys(['example_branch_datetime_operator', 'example_branch_datetime_operator_3', 'example_branch_datetime_operator_2']) retrieved from /home/civis/anaconda3/lib/python3.9/site-packages/airflow/example_dags/example_branch_datetime_operator.py
[2023-03-22T04:05:55.289+0400] {logging_mixin.py:137} INFO - [2023-03-22T04:05:55.289+0400] {dag.py:2690} INFO - Sync 3 DAGs
[2023-03-22T04:05:55.297+0400] {logging_mixin.py:137} INFO - [2023-03-22T04:05:55.297+0400] {dag.py:3437} INFO - Setting next_dagrun for example_branch_datetime_operator to 2023-03-21T00:00:00+00:00, run_after=2023-03-22T00:00:00+00:00
[2023-03-22T04:05:55.299+0400] {logging_mixin.py:137} INFO - [2023-03-22T04:05:55.299+0400] {dag.py:3437} INFO - Setting next_dagrun for example_branch_datetime_operator_2 to 2023-03-21T00:00:00+00:00, run_after=2023-03-22T00:00:00+00:00
[2023-03-22T04:05:55.300+0400] {logging_mixin.py:137} INFO - [2023-03-22T04:05:55.300+0400] {dag.py:3437} INFO - Setting next_dagrun for example_branch_datetime_operator_3 to 2023-03-21T00:00:00+00:00, run_after=2023-03-22T00:00:00+00:00
[2023-03-22T04:05:55.315+0400] {processor.py:175} INFO - Processing /home/civis/anaconda3/lib/python3.9/site-packages/airflow/example_dags/example_branch_datetime_operator.py took 0.062 seconds
[2023-03-22T04:06:37.323+0400] {processor.py:153} INFO - Started process (PID=172112) to work on /home/civis/anaconda3/lib/python3.9/site-packages/airflow/example_dags/example_branch_datetime_operator.py
[2023-03-22T04:06:37.332+0400] {processor.py:743} INFO - Processing file /home/civis/anaconda3/lib/python3.9/site-packages/airflow/example_dags/example_branch_datetime_operator.py for tasks to queue
[2023-03-22T04:06:37.333+0400] {logging_mixin.py:137} INFO - [2023-03-22T04:06:37.333+0400] {dagbag.py:538} INFO - Filling up the DagBag from /home/civis/anaconda3/lib/python3.9/site-packages/airflow/example_dags/example_branch_datetime_operator.py
[2023-03-22T04:06:37.348+0400] {processor.py:753} INFO - DAG(s) dict_keys(['example_branch_datetime_operator_2', 'example_branch_datetime_operator_3', 'example_branch_datetime_operator']) retrieved from /home/civis/anaconda3/lib/python3.9/site-packages/airflow/example_dags/example_branch_datetime_operator.py
[2023-03-22T04:06:37.357+0400] {logging_mixin.py:137} INFO - [2023-03-22T04:06:37.357+0400] {dag.py:2690} INFO - Sync 3 DAGs
[2023-03-22T04:06:37.365+0400] {logging_mixin.py:137} INFO - [2023-03-22T04:06:37.365+0400] {dag.py:3437} INFO - Setting next_dagrun for example_branch_datetime_operator to 2023-03-21T00:00:00+00:00, run_after=2023-03-22T00:00:00+00:00
[2023-03-22T04:06:37.367+0400] {logging_mixin.py:137} INFO - [2023-03-22T04:06:37.367+0400] {dag.py:3437} INFO - Setting next_dagrun for example_branch_datetime_operator_2 to 2023-03-21T00:00:00+00:00, run_after=2023-03-22T00:00:00+00:00
[2023-03-22T04:06:37.368+0400] {logging_mixin.py:137} INFO - [2023-03-22T04:06:37.368+0400] {dag.py:3437} INFO - Setting next_dagrun for example_branch_datetime_operator_3 to 2023-03-21T00:00:00+00:00, run_after=2023-03-22T00:00:00+00:00
[2023-03-22T04:06:37.382+0400] {processor.py:175} INFO - Processing /home/civis/anaconda3/lib/python3.9/site-packages/airflow/example_dags/example_branch_datetime_operator.py took 0.064 seconds
[2023-03-22T04:07:16.334+0400] {processor.py:153} INFO - Started process (PID=172739) to work on /home/civis/anaconda3/lib/python3.9/site-packages/airflow/example_dags/example_branch_datetime_operator.py
[2023-03-22T04:07:16.334+0400] {processor.py:743} INFO - Processing file /home/civis/anaconda3/lib/python3.9/site-packages/airflow/example_dags/example_branch_datetime_operator.py for tasks to queue
[2023-03-22T04:07:16.335+0400] {logging_mixin.py:137} INFO - [2023-03-22T04:07:16.335+0400] {dagbag.py:538} INFO - Filling up the DagBag from /home/civis/anaconda3/lib/python3.9/site-packages/airflow/example_dags/example_branch_datetime_operator.py
[2023-03-22T04:07:16.349+0400] {processor.py:753} INFO - DAG(s) dict_keys(['example_branch_datetime_operator_2', 'example_branch_datetime_operator', 'example_branch_datetime_operator_3']) retrieved from /home/civis/anaconda3/lib/python3.9/site-packages/airflow/example_dags/example_branch_datetime_operator.py
[2023-03-22T04:07:16.358+0400] {logging_mixin.py:137} INFO - [2023-03-22T04:07:16.358+0400] {dag.py:2690} INFO - Sync 3 DAGs
[2023-03-22T04:07:16.366+0400] {logging_mixin.py:137} INFO - [2023-03-22T04:07:16.366+0400] {dag.py:3437} INFO - Setting next_dagrun for example_branch_datetime_operator to 2023-03-21T00:00:00+00:00, run_after=2023-03-22T00:00:00+00:00
[2023-03-22T04:07:16.367+0400] {logging_mixin.py:137} INFO - [2023-03-22T04:07:16.367+0400] {dag.py:3437} INFO - Setting next_dagrun for example_branch_datetime_operator_2 to 2023-03-21T00:00:00+00:00, run_after=2023-03-22T00:00:00+00:00
[2023-03-22T04:07:16.368+0400] {logging_mixin.py:137} INFO - [2023-03-22T04:07:16.368+0400] {dag.py:3437} INFO - Setting next_dagrun for example_branch_datetime_operator_3 to 2023-03-21T00:00:00+00:00, run_after=2023-03-22T00:00:00+00:00
[2023-03-22T04:07:16.386+0400] {processor.py:175} INFO - Processing /home/civis/anaconda3/lib/python3.9/site-packages/airflow/example_dags/example_branch_datetime_operator.py took 0.055 seconds
[2023-03-22T04:07:57.915+0400] {processor.py:153} INFO - Started process (PID=173422) to work on /home/civis/anaconda3/lib/python3.9/site-packages/airflow/example_dags/example_branch_datetime_operator.py
[2023-03-22T04:07:57.924+0400] {processor.py:743} INFO - Processing file /home/civis/anaconda3/lib/python3.9/site-packages/airflow/example_dags/example_branch_datetime_operator.py for tasks to queue
[2023-03-22T04:07:57.925+0400] {logging_mixin.py:137} INFO - [2023-03-22T04:07:57.925+0400] {dagbag.py:538} INFO - Filling up the DagBag from /home/civis/anaconda3/lib/python3.9/site-packages/airflow/example_dags/example_branch_datetime_operator.py
[2023-03-22T04:07:57.948+0400] {processor.py:753} INFO - DAG(s) dict_keys(['example_branch_datetime_operator', 'example_branch_datetime_operator_3', 'example_branch_datetime_operator_2']) retrieved from /home/civis/anaconda3/lib/python3.9/site-packages/airflow/example_dags/example_branch_datetime_operator.py
[2023-03-22T04:07:57.957+0400] {logging_mixin.py:137} INFO - [2023-03-22T04:07:57.957+0400] {dag.py:2690} INFO - Sync 3 DAGs
[2023-03-22T04:07:57.965+0400] {logging_mixin.py:137} INFO - [2023-03-22T04:07:57.965+0400] {dag.py:3437} INFO - Setting next_dagrun for example_branch_datetime_operator to 2023-03-21T00:00:00+00:00, run_after=2023-03-22T00:00:00+00:00
[2023-03-22T04:07:57.967+0400] {logging_mixin.py:137} INFO - [2023-03-22T04:07:57.967+0400] {dag.py:3437} INFO - Setting next_dagrun for example_branch_datetime_operator_2 to 2023-03-21T00:00:00+00:00, run_after=2023-03-22T00:00:00+00:00
[2023-03-22T04:07:57.968+0400] {logging_mixin.py:137} INFO - [2023-03-22T04:07:57.968+0400] {dag.py:3437} INFO - Setting next_dagrun for example_branch_datetime_operator_3 to 2023-03-21T00:00:00+00:00, run_after=2023-03-22T00:00:00+00:00
[2023-03-22T04:07:57.982+0400] {processor.py:175} INFO - Processing /home/civis/anaconda3/lib/python3.9/site-packages/airflow/example_dags/example_branch_datetime_operator.py took 0.070 seconds
[2023-03-22T04:08:36.837+0400] {processor.py:153} INFO - Started process (PID=174139) to work on /home/civis/anaconda3/lib/python3.9/site-packages/airflow/example_dags/example_branch_datetime_operator.py
[2023-03-22T04:08:36.838+0400] {processor.py:743} INFO - Processing file /home/civis/anaconda3/lib/python3.9/site-packages/airflow/example_dags/example_branch_datetime_operator.py for tasks to queue
[2023-03-22T04:08:36.838+0400] {logging_mixin.py:137} INFO - [2023-03-22T04:08:36.838+0400] {dagbag.py:538} INFO - Filling up the DagBag from /home/civis/anaconda3/lib/python3.9/site-packages/airflow/example_dags/example_branch_datetime_operator.py
[2023-03-22T04:08:36.845+0400] {processor.py:753} INFO - DAG(s) dict_keys(['example_branch_datetime_operator_2', 'example_branch_datetime_operator_3', 'example_branch_datetime_operator']) retrieved from /home/civis/anaconda3/lib/python3.9/site-packages/airflow/example_dags/example_branch_datetime_operator.py
[2023-03-22T04:08:36.854+0400] {logging_mixin.py:137} INFO - [2023-03-22T04:08:36.854+0400] {dag.py:2690} INFO - Sync 3 DAGs
[2023-03-22T04:08:36.862+0400] {logging_mixin.py:137} INFO - [2023-03-22T04:08:36.862+0400] {dag.py:3437} INFO - Setting next_dagrun for example_branch_datetime_operator to 2023-03-21T00:00:00+00:00, run_after=2023-03-22T00:00:00+00:00
[2023-03-22T04:08:36.864+0400] {logging_mixin.py:137} INFO - [2023-03-22T04:08:36.864+0400] {dag.py:3437} INFO - Setting next_dagrun for example_branch_datetime_operator_2 to 2023-03-21T00:00:00+00:00, run_after=2023-03-22T00:00:00+00:00
[2023-03-22T04:08:36.864+0400] {logging_mixin.py:137} INFO - [2023-03-22T04:08:36.864+0400] {dag.py:3437} INFO - Setting next_dagrun for example_branch_datetime_operator_3 to 2023-03-21T00:00:00+00:00, run_after=2023-03-22T00:00:00+00:00
[2023-03-22T04:08:36.879+0400] {processor.py:175} INFO - Processing /home/civis/anaconda3/lib/python3.9/site-packages/airflow/example_dags/example_branch_datetime_operator.py took 0.043 seconds
[2023-03-22T04:09:17.995+0400] {processor.py:153} INFO - Started process (PID=176014) to work on /home/civis/anaconda3/lib/python3.9/site-packages/airflow/example_dags/example_branch_datetime_operator.py
[2023-03-22T04:09:18.004+0400] {processor.py:743} INFO - Processing file /home/civis/anaconda3/lib/python3.9/site-packages/airflow/example_dags/example_branch_datetime_operator.py for tasks to queue
[2023-03-22T04:09:18.005+0400] {logging_mixin.py:137} INFO - [2023-03-22T04:09:18.005+0400] {dagbag.py:538} INFO - Filling up the DagBag from /home/civis/anaconda3/lib/python3.9/site-packages/airflow/example_dags/example_branch_datetime_operator.py
[2023-03-22T04:09:18.028+0400] {processor.py:753} INFO - DAG(s) dict_keys(['example_branch_datetime_operator_3', 'example_branch_datetime_operator', 'example_branch_datetime_operator_2']) retrieved from /home/civis/anaconda3/lib/python3.9/site-packages/airflow/example_dags/example_branch_datetime_operator.py
[2023-03-22T04:09:18.037+0400] {logging_mixin.py:137} INFO - [2023-03-22T04:09:18.037+0400] {dag.py:2690} INFO - Sync 3 DAGs
[2023-03-22T04:09:18.045+0400] {logging_mixin.py:137} INFO - [2023-03-22T04:09:18.045+0400] {dag.py:3437} INFO - Setting next_dagrun for example_branch_datetime_operator to 2023-03-21T00:00:00+00:00, run_after=2023-03-22T00:00:00+00:00
[2023-03-22T04:09:18.047+0400] {logging_mixin.py:137} INFO - [2023-03-22T04:09:18.047+0400] {dag.py:3437} INFO - Setting next_dagrun for example_branch_datetime_operator_2 to 2023-03-21T00:00:00+00:00, run_after=2023-03-22T00:00:00+00:00
[2023-03-22T04:09:18.048+0400] {logging_mixin.py:137} INFO - [2023-03-22T04:09:18.048+0400] {dag.py:3437} INFO - Setting next_dagrun for example_branch_datetime_operator_3 to 2023-03-21T00:00:00+00:00, run_after=2023-03-22T00:00:00+00:00
[2023-03-22T04:09:18.062+0400] {processor.py:175} INFO - Processing /home/civis/anaconda3/lib/python3.9/site-packages/airflow/example_dags/example_branch_datetime_operator.py took 0.071 seconds
[2023-03-22T04:10:01.637+0400] {processor.py:153} INFO - Started process (PID=176713) to work on /home/civis/anaconda3/lib/python3.9/site-packages/airflow/example_dags/example_branch_datetime_operator.py
[2023-03-22T04:10:01.646+0400] {processor.py:743} INFO - Processing file /home/civis/anaconda3/lib/python3.9/site-packages/airflow/example_dags/example_branch_datetime_operator.py for tasks to queue
[2023-03-22T04:10:01.647+0400] {logging_mixin.py:137} INFO - [2023-03-22T04:10:01.646+0400] {dagbag.py:538} INFO - Filling up the DagBag from /home/civis/anaconda3/lib/python3.9/site-packages/airflow/example_dags/example_branch_datetime_operator.py
[2023-03-22T04:10:01.659+0400] {processor.py:753} INFO - DAG(s) dict_keys(['example_branch_datetime_operator_2', 'example_branch_datetime_operator_3', 'example_branch_datetime_operator']) retrieved from /home/civis/anaconda3/lib/python3.9/site-packages/airflow/example_dags/example_branch_datetime_operator.py
[2023-03-22T04:10:01.668+0400] {logging_mixin.py:137} INFO - [2023-03-22T04:10:01.667+0400] {dag.py:2690} INFO - Sync 3 DAGs
[2023-03-22T04:10:01.676+0400] {logging_mixin.py:137} INFO - [2023-03-22T04:10:01.676+0400] {dag.py:3437} INFO - Setting next_dagrun for example_branch_datetime_operator to 2023-03-21T00:00:00+00:00, run_after=2023-03-22T00:00:00+00:00
[2023-03-22T04:10:01.677+0400] {logging_mixin.py:137} INFO - [2023-03-22T04:10:01.677+0400] {dag.py:3437} INFO - Setting next_dagrun for example_branch_datetime_operator_2 to 2023-03-21T00:00:00+00:00, run_after=2023-03-22T00:00:00+00:00
[2023-03-22T04:10:01.678+0400] {logging_mixin.py:137} INFO - [2023-03-22T04:10:01.678+0400] {dag.py:3437} INFO - Setting next_dagrun for example_branch_datetime_operator_3 to 2023-03-21T00:00:00+00:00, run_after=2023-03-22T00:00:00+00:00
[2023-03-22T04:10:01.693+0400] {processor.py:175} INFO - Processing /home/civis/anaconda3/lib/python3.9/site-packages/airflow/example_dags/example_branch_datetime_operator.py took 0.058 seconds
[2023-03-22T04:10:44.131+0400] {processor.py:153} INFO - Started process (PID=177429) to work on /home/civis/anaconda3/lib/python3.9/site-packages/airflow/example_dags/example_branch_datetime_operator.py
[2023-03-22T04:10:44.132+0400] {processor.py:743} INFO - Processing file /home/civis/anaconda3/lib/python3.9/site-packages/airflow/example_dags/example_branch_datetime_operator.py for tasks to queue
[2023-03-22T04:10:44.133+0400] {logging_mixin.py:137} INFO - [2023-03-22T04:10:44.133+0400] {dagbag.py:538} INFO - Filling up the DagBag from /home/civis/anaconda3/lib/python3.9/site-packages/airflow/example_dags/example_branch_datetime_operator.py
[2023-03-22T04:10:44.141+0400] {processor.py:753} INFO - DAG(s) dict_keys(['example_branch_datetime_operator', 'example_branch_datetime_operator_2', 'example_branch_datetime_operator_3']) retrieved from /home/civis/anaconda3/lib/python3.9/site-packages/airflow/example_dags/example_branch_datetime_operator.py
[2023-03-22T04:10:44.155+0400] {logging_mixin.py:137} INFO - [2023-03-22T04:10:44.155+0400] {dag.py:2690} INFO - Sync 3 DAGs
[2023-03-22T04:10:44.165+0400] {logging_mixin.py:137} INFO - [2023-03-22T04:10:44.165+0400] {dag.py:3437} INFO - Setting next_dagrun for example_branch_datetime_operator to 2023-03-21T00:00:00+00:00, run_after=2023-03-22T00:00:00+00:00
[2023-03-22T04:10:44.176+0400] {logging_mixin.py:137} INFO - [2023-03-22T04:10:44.176+0400] {dag.py:3437} INFO - Setting next_dagrun for example_branch_datetime_operator_2 to 2023-03-21T00:00:00+00:00, run_after=2023-03-22T00:00:00+00:00
[2023-03-22T04:10:44.196+0400] {logging_mixin.py:137} INFO - [2023-03-22T04:10:44.196+0400] {dag.py:3437} INFO - Setting next_dagrun for example_branch_datetime_operator_3 to 2023-03-21T00:00:00+00:00, run_after=2023-03-22T00:00:00+00:00
[2023-03-22T04:10:44.370+0400] {processor.py:175} INFO - Processing /home/civis/anaconda3/lib/python3.9/site-packages/airflow/example_dags/example_branch_datetime_operator.py took 0.241 seconds
[2023-03-22T04:11:23.200+0400] {processor.py:153} INFO - Started process (PID=178131) to work on /home/civis/anaconda3/lib/python3.9/site-packages/airflow/example_dags/example_branch_datetime_operator.py
[2023-03-22T04:11:23.209+0400] {processor.py:743} INFO - Processing file /home/civis/anaconda3/lib/python3.9/site-packages/airflow/example_dags/example_branch_datetime_operator.py for tasks to queue
[2023-03-22T04:11:23.210+0400] {logging_mixin.py:137} INFO - [2023-03-22T04:11:23.210+0400] {dagbag.py:538} INFO - Filling up the DagBag from /home/civis/anaconda3/lib/python3.9/site-packages/airflow/example_dags/example_branch_datetime_operator.py
[2023-03-22T04:11:23.221+0400] {processor.py:753} INFO - DAG(s) dict_keys(['example_branch_datetime_operator', 'example_branch_datetime_operator_3', 'example_branch_datetime_operator_2']) retrieved from /home/civis/anaconda3/lib/python3.9/site-packages/airflow/example_dags/example_branch_datetime_operator.py
[2023-03-22T04:11:23.230+0400] {logging_mixin.py:137} INFO - [2023-03-22T04:11:23.230+0400] {dag.py:2690} INFO - Sync 3 DAGs
[2023-03-22T04:11:23.238+0400] {logging_mixin.py:137} INFO - [2023-03-22T04:11:23.238+0400] {dag.py:3437} INFO - Setting next_dagrun for example_branch_datetime_operator to 2023-03-21T00:00:00+00:00, run_after=2023-03-22T00:00:00+00:00
[2023-03-22T04:11:23.240+0400] {logging_mixin.py:137} INFO - [2023-03-22T04:11:23.240+0400] {dag.py:3437} INFO - Setting next_dagrun for example_branch_datetime_operator_2 to 2023-03-21T00:00:00+00:00, run_after=2023-03-22T00:00:00+00:00
[2023-03-22T04:11:23.241+0400] {logging_mixin.py:137} INFO - [2023-03-22T04:11:23.241+0400] {dag.py:3437} INFO - Setting next_dagrun for example_branch_datetime_operator_3 to 2023-03-21T00:00:00+00:00, run_after=2023-03-22T00:00:00+00:00
[2023-03-22T04:11:23.256+0400] {processor.py:175} INFO - Processing /home/civis/anaconda3/lib/python3.9/site-packages/airflow/example_dags/example_branch_datetime_operator.py took 0.058 seconds
