[2023-03-22T04:00:08.148+0400] {processor.py:153} INFO - Started process (PID=165604) to work on /home/civis/anaconda3/lib/python3.9/site-packages/airflow/example_dags/example_dag_decorator.py
[2023-03-22T04:00:08.148+0400] {processor.py:743} INFO - Processing file /home/civis/anaconda3/lib/python3.9/site-packages/airflow/example_dags/example_dag_decorator.py for tasks to queue
[2023-03-22T04:00:08.148+0400] {logging_mixin.py:137} INFO - [2023-03-22T04:00:08.148+0400] {dagbag.py:538} INFO - Filling up the DagBag from /home/civis/anaconda3/lib/python3.9/site-packages/airflow/example_dags/example_dag_decorator.py
[2023-03-22T04:00:08.155+0400] {logging_mixin.py:137} INFO - [2023-03-22T04:00:08.155+0400] {taskmixin.py:205} WARNING - Dependency <Task(_PythonDecoratedOperator): prepare_email>, send_email already registered for DAG: example_dag_decorator
[2023-03-22T04:00:08.155+0400] {logging_mixin.py:137} INFO - [2023-03-22T04:00:08.155+0400] {taskmixin.py:205} WARNING - Dependency <Task(EmailOperator): send_email>, prepare_email already registered for DAG: example_dag_decorator
[2023-03-22T04:00:08.159+0400] {processor.py:753} INFO - DAG(s) dict_keys(['example_dag_decorator']) retrieved from /home/civis/anaconda3/lib/python3.9/site-packages/airflow/example_dags/example_dag_decorator.py
[2023-03-22T04:00:08.224+0400] {logging_mixin.py:137} INFO - [2023-03-22T04:00:08.224+0400] {manager.py:504} INFO - Created Permission View: can delete on DAG:example_dag_decorator
[2023-03-22T04:00:08.238+0400] {logging_mixin.py:137} INFO - [2023-03-22T04:00:08.238+0400] {manager.py:504} INFO - Created Permission View: can read on DAG:example_dag_decorator
[2023-03-22T04:00:08.250+0400] {logging_mixin.py:137} INFO - [2023-03-22T04:00:08.250+0400] {manager.py:504} INFO - Created Permission View: can edit on DAG:example_dag_decorator
[2023-03-22T04:00:08.250+0400] {logging_mixin.py:137} INFO - [2023-03-22T04:00:08.250+0400] {dag.py:2690} INFO - Sync 1 DAGs
[2023-03-22T04:00:08.257+0400] {logging_mixin.py:137} INFO - [2023-03-22T04:00:08.257+0400] {dag.py:2711} INFO - Creating ORM DAG for example_dag_decorator
[2023-03-22T04:00:08.261+0400] {logging_mixin.py:137} INFO - [2023-03-22T04:00:08.261+0400] {dag.py:3437} INFO - Setting next_dagrun for example_dag_decorator to None, run_after=None
[2023-03-22T04:00:08.283+0400] {processor.py:175} INFO - Processing /home/civis/anaconda3/lib/python3.9/site-packages/airflow/example_dags/example_dag_decorator.py took 0.138 seconds
[2023-03-22T04:00:52.011+0400] {processor.py:153} INFO - Started process (PID=166270) to work on /home/civis/anaconda3/lib/python3.9/site-packages/airflow/example_dags/example_dag_decorator.py
[2023-03-22T04:00:52.020+0400] {processor.py:743} INFO - Processing file /home/civis/anaconda3/lib/python3.9/site-packages/airflow/example_dags/example_dag_decorator.py for tasks to queue
[2023-03-22T04:00:52.022+0400] {logging_mixin.py:137} INFO - [2023-03-22T04:00:52.021+0400] {dagbag.py:538} INFO - Filling up the DagBag from /home/civis/anaconda3/lib/python3.9/site-packages/airflow/example_dags/example_dag_decorator.py
[2023-03-22T04:00:52.038+0400] {logging_mixin.py:137} INFO - [2023-03-22T04:00:52.038+0400] {taskmixin.py:205} WARNING - Dependency <Task(_PythonDecoratedOperator): prepare_email>, send_email already registered for DAG: example_dag_decorator
[2023-03-22T04:00:52.039+0400] {logging_mixin.py:137} INFO - [2023-03-22T04:00:52.038+0400] {taskmixin.py:205} WARNING - Dependency <Task(EmailOperator): send_email>, prepare_email already registered for DAG: example_dag_decorator
[2023-03-22T04:00:52.043+0400] {processor.py:753} INFO - DAG(s) dict_keys(['example_dag_decorator']) retrieved from /home/civis/anaconda3/lib/python3.9/site-packages/airflow/example_dags/example_dag_decorator.py
[2023-03-22T04:00:52.063+0400] {logging_mixin.py:137} INFO - [2023-03-22T04:00:52.062+0400] {dag.py:2690} INFO - Sync 1 DAGs
[2023-03-22T04:00:52.069+0400] {logging_mixin.py:137} INFO - [2023-03-22T04:00:52.069+0400] {dag.py:3437} INFO - Setting next_dagrun for example_dag_decorator to None, run_after=None
[2023-03-22T04:00:52.085+0400] {processor.py:175} INFO - Processing /home/civis/anaconda3/lib/python3.9/site-packages/airflow/example_dags/example_dag_decorator.py took 0.075 seconds
[2023-03-22T04:01:30.444+0400] {processor.py:153} INFO - Started process (PID=166843) to work on /home/civis/anaconda3/lib/python3.9/site-packages/airflow/example_dags/example_dag_decorator.py
[2023-03-22T04:01:30.452+0400] {processor.py:743} INFO - Processing file /home/civis/anaconda3/lib/python3.9/site-packages/airflow/example_dags/example_dag_decorator.py for tasks to queue
[2023-03-22T04:01:30.453+0400] {logging_mixin.py:137} INFO - [2023-03-22T04:01:30.453+0400] {dagbag.py:538} INFO - Filling up the DagBag from /home/civis/anaconda3/lib/python3.9/site-packages/airflow/example_dags/example_dag_decorator.py
[2023-03-22T04:01:30.461+0400] {logging_mixin.py:137} INFO - [2023-03-22T04:01:30.461+0400] {taskmixin.py:205} WARNING - Dependency <Task(_PythonDecoratedOperator): prepare_email>, send_email already registered for DAG: example_dag_decorator
[2023-03-22T04:01:30.461+0400] {logging_mixin.py:137} INFO - [2023-03-22T04:01:30.461+0400] {taskmixin.py:205} WARNING - Dependency <Task(EmailOperator): send_email>, prepare_email already registered for DAG: example_dag_decorator
[2023-03-22T04:01:30.466+0400] {processor.py:753} INFO - DAG(s) dict_keys(['example_dag_decorator']) retrieved from /home/civis/anaconda3/lib/python3.9/site-packages/airflow/example_dags/example_dag_decorator.py
[2023-03-22T04:01:30.486+0400] {logging_mixin.py:137} INFO - [2023-03-22T04:01:30.485+0400] {dag.py:2690} INFO - Sync 1 DAGs
[2023-03-22T04:01:30.493+0400] {logging_mixin.py:137} INFO - [2023-03-22T04:01:30.493+0400] {dag.py:3437} INFO - Setting next_dagrun for example_dag_decorator to None, run_after=None
[2023-03-22T04:01:30.510+0400] {processor.py:175} INFO - Processing /home/civis/anaconda3/lib/python3.9/site-packages/airflow/example_dags/example_dag_decorator.py took 0.067 seconds
[2023-03-22T04:02:11.698+0400] {processor.py:153} INFO - Started process (PID=167539) to work on /home/civis/anaconda3/lib/python3.9/site-packages/airflow/example_dags/example_dag_decorator.py
[2023-03-22T04:02:11.698+0400] {processor.py:743} INFO - Processing file /home/civis/anaconda3/lib/python3.9/site-packages/airflow/example_dags/example_dag_decorator.py for tasks to queue
[2023-03-22T04:02:11.698+0400] {logging_mixin.py:137} INFO - [2023-03-22T04:02:11.698+0400] {dagbag.py:538} INFO - Filling up the DagBag from /home/civis/anaconda3/lib/python3.9/site-packages/airflow/example_dags/example_dag_decorator.py
[2023-03-22T04:02:11.705+0400] {logging_mixin.py:137} INFO - [2023-03-22T04:02:11.705+0400] {taskmixin.py:205} WARNING - Dependency <Task(_PythonDecoratedOperator): prepare_email>, send_email already registered for DAG: example_dag_decorator
[2023-03-22T04:02:11.705+0400] {logging_mixin.py:137} INFO - [2023-03-22T04:02:11.705+0400] {taskmixin.py:205} WARNING - Dependency <Task(EmailOperator): send_email>, prepare_email already registered for DAG: example_dag_decorator
[2023-03-22T04:02:11.710+0400] {processor.py:753} INFO - DAG(s) dict_keys(['example_dag_decorator']) retrieved from /home/civis/anaconda3/lib/python3.9/site-packages/airflow/example_dags/example_dag_decorator.py
[2023-03-22T04:02:11.729+0400] {logging_mixin.py:137} INFO - [2023-03-22T04:02:11.729+0400] {dag.py:2690} INFO - Sync 1 DAGs
[2023-03-22T04:02:11.736+0400] {logging_mixin.py:137} INFO - [2023-03-22T04:02:11.736+0400] {dag.py:3437} INFO - Setting next_dagrun for example_dag_decorator to None, run_after=None
[2023-03-22T04:02:11.752+0400] {processor.py:175} INFO - Processing /home/civis/anaconda3/lib/python3.9/site-packages/airflow/example_dags/example_dag_decorator.py took 0.055 seconds
[2023-03-22T04:02:50.513+0400] {processor.py:153} INFO - Started process (PID=168373) to work on /home/civis/anaconda3/lib/python3.9/site-packages/airflow/example_dags/example_dag_decorator.py
[2023-03-22T04:02:50.513+0400] {processor.py:743} INFO - Processing file /home/civis/anaconda3/lib/python3.9/site-packages/airflow/example_dags/example_dag_decorator.py for tasks to queue
[2023-03-22T04:02:50.513+0400] {logging_mixin.py:137} INFO - [2023-03-22T04:02:50.513+0400] {dagbag.py:538} INFO - Filling up the DagBag from /home/civis/anaconda3/lib/python3.9/site-packages/airflow/example_dags/example_dag_decorator.py
[2023-03-22T04:02:50.521+0400] {logging_mixin.py:137} INFO - [2023-03-22T04:02:50.521+0400] {taskmixin.py:205} WARNING - Dependency <Task(_PythonDecoratedOperator): prepare_email>, send_email already registered for DAG: example_dag_decorator
[2023-03-22T04:02:50.521+0400] {logging_mixin.py:137} INFO - [2023-03-22T04:02:50.521+0400] {taskmixin.py:205} WARNING - Dependency <Task(EmailOperator): send_email>, prepare_email already registered for DAG: example_dag_decorator
[2023-03-22T04:02:50.527+0400] {processor.py:753} INFO - DAG(s) dict_keys(['example_dag_decorator']) retrieved from /home/civis/anaconda3/lib/python3.9/site-packages/airflow/example_dags/example_dag_decorator.py
[2023-03-22T04:02:50.548+0400] {logging_mixin.py:137} INFO - [2023-03-22T04:02:50.548+0400] {dag.py:2690} INFO - Sync 1 DAGs
[2023-03-22T04:02:50.556+0400] {logging_mixin.py:137} INFO - [2023-03-22T04:02:50.555+0400] {dag.py:3437} INFO - Setting next_dagrun for example_dag_decorator to None, run_after=None
[2023-03-22T04:02:50.582+0400] {processor.py:175} INFO - Processing /home/civis/anaconda3/lib/python3.9/site-packages/airflow/example_dags/example_dag_decorator.py took 0.070 seconds
[2023-03-22T04:03:31.639+0400] {processor.py:153} INFO - Started process (PID=169136) to work on /home/civis/anaconda3/lib/python3.9/site-packages/airflow/example_dags/example_dag_decorator.py
[2023-03-22T04:03:31.648+0400] {processor.py:743} INFO - Processing file /home/civis/anaconda3/lib/python3.9/site-packages/airflow/example_dags/example_dag_decorator.py for tasks to queue
[2023-03-22T04:03:31.649+0400] {logging_mixin.py:137} INFO - [2023-03-22T04:03:31.648+0400] {dagbag.py:538} INFO - Filling up the DagBag from /home/civis/anaconda3/lib/python3.9/site-packages/airflow/example_dags/example_dag_decorator.py
[2023-03-22T04:03:31.667+0400] {logging_mixin.py:137} INFO - [2023-03-22T04:03:31.667+0400] {taskmixin.py:205} WARNING - Dependency <Task(_PythonDecoratedOperator): prepare_email>, send_email already registered for DAG: example_dag_decorator
[2023-03-22T04:03:31.667+0400] {logging_mixin.py:137} INFO - [2023-03-22T04:03:31.667+0400] {taskmixin.py:205} WARNING - Dependency <Task(EmailOperator): send_email>, prepare_email already registered for DAG: example_dag_decorator
[2023-03-22T04:03:31.672+0400] {processor.py:753} INFO - DAG(s) dict_keys(['example_dag_decorator']) retrieved from /home/civis/anaconda3/lib/python3.9/site-packages/airflow/example_dags/example_dag_decorator.py
[2023-03-22T04:03:31.692+0400] {logging_mixin.py:137} INFO - [2023-03-22T04:03:31.692+0400] {dag.py:2690} INFO - Sync 1 DAGs
[2023-03-22T04:03:31.698+0400] {logging_mixin.py:137} INFO - [2023-03-22T04:03:31.698+0400] {dag.py:3437} INFO - Setting next_dagrun for example_dag_decorator to None, run_after=None
[2023-03-22T04:03:31.714+0400] {processor.py:175} INFO - Processing /home/civis/anaconda3/lib/python3.9/site-packages/airflow/example_dags/example_dag_decorator.py took 0.078 seconds
[2023-03-22T04:04:37.366+0400] {processor.py:153} INFO - Started process (PID=170174) to work on /home/civis/anaconda3/lib/python3.9/site-packages/airflow/example_dags/example_dag_decorator.py
[2023-03-22T04:04:37.367+0400] {processor.py:743} INFO - Processing file /home/civis/anaconda3/lib/python3.9/site-packages/airflow/example_dags/example_dag_decorator.py for tasks to queue
[2023-03-22T04:04:37.367+0400] {logging_mixin.py:137} INFO - [2023-03-22T04:04:37.367+0400] {dagbag.py:538} INFO - Filling up the DagBag from /home/civis/anaconda3/lib/python3.9/site-packages/airflow/example_dags/example_dag_decorator.py
[2023-03-22T04:04:37.376+0400] {logging_mixin.py:137} INFO - [2023-03-22T04:04:37.376+0400] {taskmixin.py:205} WARNING - Dependency <Task(_PythonDecoratedOperator): prepare_email>, send_email already registered for DAG: example_dag_decorator
[2023-03-22T04:04:37.376+0400] {logging_mixin.py:137} INFO - [2023-03-22T04:04:37.376+0400] {taskmixin.py:205} WARNING - Dependency <Task(EmailOperator): send_email>, prepare_email already registered for DAG: example_dag_decorator
[2023-03-22T04:04:37.381+0400] {processor.py:753} INFO - DAG(s) dict_keys(['example_dag_decorator']) retrieved from /home/civis/anaconda3/lib/python3.9/site-packages/airflow/example_dags/example_dag_decorator.py
[2023-03-22T04:04:37.401+0400] {logging_mixin.py:137} INFO - [2023-03-22T04:04:37.400+0400] {dag.py:2690} INFO - Sync 1 DAGs
[2023-03-22T04:04:37.408+0400] {logging_mixin.py:137} INFO - [2023-03-22T04:04:37.408+0400] {dag.py:3437} INFO - Setting next_dagrun for example_dag_decorator to None, run_after=None
[2023-03-22T04:04:37.423+0400] {processor.py:175} INFO - Processing /home/civis/anaconda3/lib/python3.9/site-packages/airflow/example_dags/example_dag_decorator.py took 0.061 seconds
[2023-03-22T04:05:18.666+0400] {processor.py:153} INFO - Started process (PID=170835) to work on /home/civis/anaconda3/lib/python3.9/site-packages/airflow/example_dags/example_dag_decorator.py
[2023-03-22T04:05:18.674+0400] {processor.py:743} INFO - Processing file /home/civis/anaconda3/lib/python3.9/site-packages/airflow/example_dags/example_dag_decorator.py for tasks to queue
[2023-03-22T04:05:18.676+0400] {logging_mixin.py:137} INFO - [2023-03-22T04:05:18.675+0400] {dagbag.py:538} INFO - Filling up the DagBag from /home/civis/anaconda3/lib/python3.9/site-packages/airflow/example_dags/example_dag_decorator.py
[2023-03-22T04:05:18.693+0400] {logging_mixin.py:137} INFO - [2023-03-22T04:05:18.693+0400] {taskmixin.py:205} WARNING - Dependency <Task(_PythonDecoratedOperator): prepare_email>, send_email already registered for DAG: example_dag_decorator
[2023-03-22T04:05:18.693+0400] {logging_mixin.py:137} INFO - [2023-03-22T04:05:18.693+0400] {taskmixin.py:205} WARNING - Dependency <Task(EmailOperator): send_email>, prepare_email already registered for DAG: example_dag_decorator
[2023-03-22T04:05:18.698+0400] {processor.py:753} INFO - DAG(s) dict_keys(['example_dag_decorator']) retrieved from /home/civis/anaconda3/lib/python3.9/site-packages/airflow/example_dags/example_dag_decorator.py
[2023-03-22T04:05:18.717+0400] {logging_mixin.py:137} INFO - [2023-03-22T04:05:18.717+0400] {dag.py:2690} INFO - Sync 1 DAGs
[2023-03-22T04:05:18.723+0400] {logging_mixin.py:137} INFO - [2023-03-22T04:05:18.723+0400] {dag.py:3437} INFO - Setting next_dagrun for example_dag_decorator to None, run_after=None
[2023-03-22T04:05:18.740+0400] {processor.py:175} INFO - Processing /home/civis/anaconda3/lib/python3.9/site-packages/airflow/example_dags/example_dag_decorator.py took 0.076 seconds
[2023-03-22T04:05:57.570+0400] {processor.py:153} INFO - Started process (PID=171443) to work on /home/civis/anaconda3/lib/python3.9/site-packages/airflow/example_dags/example_dag_decorator.py
[2023-03-22T04:05:57.579+0400] {processor.py:743} INFO - Processing file /home/civis/anaconda3/lib/python3.9/site-packages/airflow/example_dags/example_dag_decorator.py for tasks to queue
[2023-03-22T04:05:57.580+0400] {logging_mixin.py:137} INFO - [2023-03-22T04:05:57.579+0400] {dagbag.py:538} INFO - Filling up the DagBag from /home/civis/anaconda3/lib/python3.9/site-packages/airflow/example_dags/example_dag_decorator.py
[2023-03-22T04:05:57.592+0400] {logging_mixin.py:137} INFO - [2023-03-22T04:05:57.592+0400] {taskmixin.py:205} WARNING - Dependency <Task(_PythonDecoratedOperator): prepare_email>, send_email already registered for DAG: example_dag_decorator
[2023-03-22T04:05:57.592+0400] {logging_mixin.py:137} INFO - [2023-03-22T04:05:57.592+0400] {taskmixin.py:205} WARNING - Dependency <Task(EmailOperator): send_email>, prepare_email already registered for DAG: example_dag_decorator
[2023-03-22T04:05:57.597+0400] {processor.py:753} INFO - DAG(s) dict_keys(['example_dag_decorator']) retrieved from /home/civis/anaconda3/lib/python3.9/site-packages/airflow/example_dags/example_dag_decorator.py
[2023-03-22T04:05:57.616+0400] {logging_mixin.py:137} INFO - [2023-03-22T04:05:57.616+0400] {dag.py:2690} INFO - Sync 1 DAGs
[2023-03-22T04:05:57.622+0400] {logging_mixin.py:137} INFO - [2023-03-22T04:05:57.622+0400] {dag.py:3437} INFO - Setting next_dagrun for example_dag_decorator to None, run_after=None
[2023-03-22T04:05:57.637+0400] {processor.py:175} INFO - Processing /home/civis/anaconda3/lib/python3.9/site-packages/airflow/example_dags/example_dag_decorator.py took 0.070 seconds
[2023-03-22T04:06:39.078+0400] {processor.py:153} INFO - Started process (PID=172152) to work on /home/civis/anaconda3/lib/python3.9/site-packages/airflow/example_dags/example_dag_decorator.py
[2023-03-22T04:06:39.087+0400] {processor.py:743} INFO - Processing file /home/civis/anaconda3/lib/python3.9/site-packages/airflow/example_dags/example_dag_decorator.py for tasks to queue
[2023-03-22T04:06:39.088+0400] {logging_mixin.py:137} INFO - [2023-03-22T04:06:39.088+0400] {dagbag.py:538} INFO - Filling up the DagBag from /home/civis/anaconda3/lib/python3.9/site-packages/airflow/example_dags/example_dag_decorator.py
[2023-03-22T04:06:39.105+0400] {logging_mixin.py:137} INFO - [2023-03-22T04:06:39.105+0400] {taskmixin.py:205} WARNING - Dependency <Task(_PythonDecoratedOperator): prepare_email>, send_email already registered for DAG: example_dag_decorator
[2023-03-22T04:06:39.106+0400] {logging_mixin.py:137} INFO - [2023-03-22T04:06:39.106+0400] {taskmixin.py:205} WARNING - Dependency <Task(EmailOperator): send_email>, prepare_email already registered for DAG: example_dag_decorator
[2023-03-22T04:06:39.110+0400] {processor.py:753} INFO - DAG(s) dict_keys(['example_dag_decorator']) retrieved from /home/civis/anaconda3/lib/python3.9/site-packages/airflow/example_dags/example_dag_decorator.py
[2023-03-22T04:06:39.130+0400] {logging_mixin.py:137} INFO - [2023-03-22T04:06:39.130+0400] {dag.py:2690} INFO - Sync 1 DAGs
[2023-03-22T04:06:39.137+0400] {logging_mixin.py:137} INFO - [2023-03-22T04:06:39.137+0400] {dag.py:3437} INFO - Setting next_dagrun for example_dag_decorator to None, run_after=None
[2023-03-22T04:06:39.153+0400] {processor.py:175} INFO - Processing /home/civis/anaconda3/lib/python3.9/site-packages/airflow/example_dags/example_dag_decorator.py took 0.076 seconds
[2023-03-22T04:07:18.614+0400] {processor.py:153} INFO - Started process (PID=172765) to work on /home/civis/anaconda3/lib/python3.9/site-packages/airflow/example_dags/example_dag_decorator.py
[2023-03-22T04:07:18.622+0400] {processor.py:743} INFO - Processing file /home/civis/anaconda3/lib/python3.9/site-packages/airflow/example_dags/example_dag_decorator.py for tasks to queue
[2023-03-22T04:07:18.623+0400] {logging_mixin.py:137} INFO - [2023-03-22T04:07:18.623+0400] {dagbag.py:538} INFO - Filling up the DagBag from /home/civis/anaconda3/lib/python3.9/site-packages/airflow/example_dags/example_dag_decorator.py
[2023-03-22T04:07:18.635+0400] {logging_mixin.py:137} INFO - [2023-03-22T04:07:18.635+0400] {taskmixin.py:205} WARNING - Dependency <Task(_PythonDecoratedOperator): prepare_email>, send_email already registered for DAG: example_dag_decorator
[2023-03-22T04:07:18.635+0400] {logging_mixin.py:137} INFO - [2023-03-22T04:07:18.635+0400] {taskmixin.py:205} WARNING - Dependency <Task(EmailOperator): send_email>, prepare_email already registered for DAG: example_dag_decorator
[2023-03-22T04:07:18.640+0400] {processor.py:753} INFO - DAG(s) dict_keys(['example_dag_decorator']) retrieved from /home/civis/anaconda3/lib/python3.9/site-packages/airflow/example_dags/example_dag_decorator.py
[2023-03-22T04:07:18.658+0400] {logging_mixin.py:137} INFO - [2023-03-22T04:07:18.658+0400] {dag.py:2690} INFO - Sync 1 DAGs
[2023-03-22T04:07:18.665+0400] {logging_mixin.py:137} INFO - [2023-03-22T04:07:18.665+0400] {dag.py:3437} INFO - Setting next_dagrun for example_dag_decorator to None, run_after=None
[2023-03-22T04:07:18.685+0400] {processor.py:175} INFO - Processing /home/civis/anaconda3/lib/python3.9/site-packages/airflow/example_dags/example_dag_decorator.py took 0.074 seconds
[2023-03-22T04:08:00.193+0400] {processor.py:153} INFO - Started process (PID=173458) to work on /home/civis/anaconda3/lib/python3.9/site-packages/airflow/example_dags/example_dag_decorator.py
[2023-03-22T04:08:00.201+0400] {processor.py:743} INFO - Processing file /home/civis/anaconda3/lib/python3.9/site-packages/airflow/example_dags/example_dag_decorator.py for tasks to queue
[2023-03-22T04:08:00.202+0400] {logging_mixin.py:137} INFO - [2023-03-22T04:08:00.202+0400] {dagbag.py:538} INFO - Filling up the DagBag from /home/civis/anaconda3/lib/python3.9/site-packages/airflow/example_dags/example_dag_decorator.py
[2023-03-22T04:08:00.210+0400] {logging_mixin.py:137} INFO - [2023-03-22T04:08:00.210+0400] {taskmixin.py:205} WARNING - Dependency <Task(_PythonDecoratedOperator): prepare_email>, send_email already registered for DAG: example_dag_decorator
[2023-03-22T04:08:00.210+0400] {logging_mixin.py:137} INFO - [2023-03-22T04:08:00.210+0400] {taskmixin.py:205} WARNING - Dependency <Task(EmailOperator): send_email>, prepare_email already registered for DAG: example_dag_decorator
[2023-03-22T04:08:00.216+0400] {processor.py:753} INFO - DAG(s) dict_keys(['example_dag_decorator']) retrieved from /home/civis/anaconda3/lib/python3.9/site-packages/airflow/example_dags/example_dag_decorator.py
[2023-03-22T04:08:00.237+0400] {logging_mixin.py:137} INFO - [2023-03-22T04:08:00.237+0400] {dag.py:2690} INFO - Sync 1 DAGs
[2023-03-22T04:08:00.244+0400] {logging_mixin.py:137} INFO - [2023-03-22T04:08:00.244+0400] {dag.py:3437} INFO - Setting next_dagrun for example_dag_decorator to None, run_after=None
[2023-03-22T04:08:00.260+0400] {processor.py:175} INFO - Processing /home/civis/anaconda3/lib/python3.9/site-packages/airflow/example_dags/example_dag_decorator.py took 0.068 seconds
[2023-03-22T04:08:39.130+0400] {processor.py:153} INFO - Started process (PID=174202) to work on /home/civis/anaconda3/lib/python3.9/site-packages/airflow/example_dags/example_dag_decorator.py
[2023-03-22T04:08:39.139+0400] {processor.py:743} INFO - Processing file /home/civis/anaconda3/lib/python3.9/site-packages/airflow/example_dags/example_dag_decorator.py for tasks to queue
[2023-03-22T04:08:39.140+0400] {logging_mixin.py:137} INFO - [2023-03-22T04:08:39.140+0400] {dagbag.py:538} INFO - Filling up the DagBag from /home/civis/anaconda3/lib/python3.9/site-packages/airflow/example_dags/example_dag_decorator.py
[2023-03-22T04:08:39.158+0400] {logging_mixin.py:137} INFO - [2023-03-22T04:08:39.158+0400] {taskmixin.py:205} WARNING - Dependency <Task(_PythonDecoratedOperator): prepare_email>, send_email already registered for DAG: example_dag_decorator
[2023-03-22T04:08:39.158+0400] {logging_mixin.py:137} INFO - [2023-03-22T04:08:39.158+0400] {taskmixin.py:205} WARNING - Dependency <Task(EmailOperator): send_email>, prepare_email already registered for DAG: example_dag_decorator
[2023-03-22T04:08:39.163+0400] {processor.py:753} INFO - DAG(s) dict_keys(['example_dag_decorator']) retrieved from /home/civis/anaconda3/lib/python3.9/site-packages/airflow/example_dags/example_dag_decorator.py
[2023-03-22T04:08:39.185+0400] {logging_mixin.py:137} INFO - [2023-03-22T04:08:39.185+0400] {dag.py:2690} INFO - Sync 1 DAGs
[2023-03-22T04:08:39.192+0400] {logging_mixin.py:137} INFO - [2023-03-22T04:08:39.192+0400] {dag.py:3437} INFO - Setting next_dagrun for example_dag_decorator to None, run_after=None
[2023-03-22T04:08:39.208+0400] {processor.py:175} INFO - Processing /home/civis/anaconda3/lib/python3.9/site-packages/airflow/example_dags/example_dag_decorator.py took 0.080 seconds
[2023-03-22T04:09:19.763+0400] {processor.py:153} INFO - Started process (PID=176028) to work on /home/civis/anaconda3/lib/python3.9/site-packages/airflow/example_dags/example_dag_decorator.py
[2023-03-22T04:09:19.772+0400] {processor.py:743} INFO - Processing file /home/civis/anaconda3/lib/python3.9/site-packages/airflow/example_dags/example_dag_decorator.py for tasks to queue
[2023-03-22T04:09:19.773+0400] {logging_mixin.py:137} INFO - [2023-03-22T04:09:19.773+0400] {dagbag.py:538} INFO - Filling up the DagBag from /home/civis/anaconda3/lib/python3.9/site-packages/airflow/example_dags/example_dag_decorator.py
[2023-03-22T04:09:19.790+0400] {logging_mixin.py:137} INFO - [2023-03-22T04:09:19.790+0400] {taskmixin.py:205} WARNING - Dependency <Task(_PythonDecoratedOperator): prepare_email>, send_email already registered for DAG: example_dag_decorator
[2023-03-22T04:09:19.791+0400] {logging_mixin.py:137} INFO - [2023-03-22T04:09:19.791+0400] {taskmixin.py:205} WARNING - Dependency <Task(EmailOperator): send_email>, prepare_email already registered for DAG: example_dag_decorator
[2023-03-22T04:09:19.800+0400] {processor.py:753} INFO - DAG(s) dict_keys(['example_dag_decorator']) retrieved from /home/civis/anaconda3/lib/python3.9/site-packages/airflow/example_dags/example_dag_decorator.py
[2023-03-22T04:09:19.821+0400] {logging_mixin.py:137} INFO - [2023-03-22T04:09:19.821+0400] {dag.py:2690} INFO - Sync 1 DAGs
[2023-03-22T04:09:19.828+0400] {logging_mixin.py:137} INFO - [2023-03-22T04:09:19.828+0400] {dag.py:3437} INFO - Setting next_dagrun for example_dag_decorator to None, run_after=None
[2023-03-22T04:09:19.845+0400] {processor.py:175} INFO - Processing /home/civis/anaconda3/lib/python3.9/site-packages/airflow/example_dags/example_dag_decorator.py took 0.083 seconds
[2023-03-22T04:10:03.943+0400] {processor.py:153} INFO - Started process (PID=176740) to work on /home/civis/anaconda3/lib/python3.9/site-packages/airflow/example_dags/example_dag_decorator.py
[2023-03-22T04:10:03.952+0400] {processor.py:743} INFO - Processing file /home/civis/anaconda3/lib/python3.9/site-packages/airflow/example_dags/example_dag_decorator.py for tasks to queue
[2023-03-22T04:10:03.953+0400] {logging_mixin.py:137} INFO - [2023-03-22T04:10:03.953+0400] {dagbag.py:538} INFO - Filling up the DagBag from /home/civis/anaconda3/lib/python3.9/site-packages/airflow/example_dags/example_dag_decorator.py
[2023-03-22T04:10:03.965+0400] {logging_mixin.py:137} INFO - [2023-03-22T04:10:03.965+0400] {taskmixin.py:205} WARNING - Dependency <Task(_PythonDecoratedOperator): prepare_email>, send_email already registered for DAG: example_dag_decorator
[2023-03-22T04:10:03.965+0400] {logging_mixin.py:137} INFO - [2023-03-22T04:10:03.965+0400] {taskmixin.py:205} WARNING - Dependency <Task(EmailOperator): send_email>, prepare_email already registered for DAG: example_dag_decorator
[2023-03-22T04:10:03.971+0400] {processor.py:753} INFO - DAG(s) dict_keys(['example_dag_decorator']) retrieved from /home/civis/anaconda3/lib/python3.9/site-packages/airflow/example_dags/example_dag_decorator.py
[2023-03-22T04:10:03.991+0400] {logging_mixin.py:137} INFO - [2023-03-22T04:10:03.991+0400] {dag.py:2690} INFO - Sync 1 DAGs
[2023-03-22T04:10:03.998+0400] {logging_mixin.py:137} INFO - [2023-03-22T04:10:03.998+0400] {dag.py:3437} INFO - Setting next_dagrun for example_dag_decorator to None, run_after=None
[2023-03-22T04:10:04.014+0400] {processor.py:175} INFO - Processing /home/civis/anaconda3/lib/python3.9/site-packages/airflow/example_dags/example_dag_decorator.py took 0.073 seconds
[2023-03-22T04:10:46.025+0400] {processor.py:153} INFO - Started process (PID=177482) to work on /home/civis/anaconda3/lib/python3.9/site-packages/airflow/example_dags/example_dag_decorator.py
[2023-03-22T04:10:46.025+0400] {processor.py:743} INFO - Processing file /home/civis/anaconda3/lib/python3.9/site-packages/airflow/example_dags/example_dag_decorator.py for tasks to queue
[2023-03-22T04:10:46.026+0400] {logging_mixin.py:137} INFO - [2023-03-22T04:10:46.026+0400] {dagbag.py:538} INFO - Filling up the DagBag from /home/civis/anaconda3/lib/python3.9/site-packages/airflow/example_dags/example_dag_decorator.py
[2023-03-22T04:10:46.033+0400] {logging_mixin.py:137} INFO - [2023-03-22T04:10:46.033+0400] {taskmixin.py:205} WARNING - Dependency <Task(_PythonDecoratedOperator): prepare_email>, send_email already registered for DAG: example_dag_decorator
[2023-03-22T04:10:46.033+0400] {logging_mixin.py:137} INFO - [2023-03-22T04:10:46.033+0400] {taskmixin.py:205} WARNING - Dependency <Task(EmailOperator): send_email>, prepare_email already registered for DAG: example_dag_decorator
[2023-03-22T04:10:46.039+0400] {processor.py:753} INFO - DAG(s) dict_keys(['example_dag_decorator']) retrieved from /home/civis/anaconda3/lib/python3.9/site-packages/airflow/example_dags/example_dag_decorator.py
[2023-03-22T04:10:46.060+0400] {logging_mixin.py:137} INFO - [2023-03-22T04:10:46.060+0400] {dag.py:2690} INFO - Sync 1 DAGs
[2023-03-22T04:10:46.068+0400] {logging_mixin.py:137} INFO - [2023-03-22T04:10:46.068+0400] {dag.py:3437} INFO - Setting next_dagrun for example_dag_decorator to None, run_after=None
[2023-03-22T04:10:46.084+0400] {processor.py:175} INFO - Processing /home/civis/anaconda3/lib/python3.9/site-packages/airflow/example_dags/example_dag_decorator.py took 0.060 seconds
[2023-03-22T04:11:25.519+0400] {processor.py:153} INFO - Started process (PID=178161) to work on /home/civis/anaconda3/lib/python3.9/site-packages/airflow/example_dags/example_dag_decorator.py
[2023-03-22T04:11:25.519+0400] {processor.py:743} INFO - Processing file /home/civis/anaconda3/lib/python3.9/site-packages/airflow/example_dags/example_dag_decorator.py for tasks to queue
[2023-03-22T04:11:25.519+0400] {logging_mixin.py:137} INFO - [2023-03-22T04:11:25.519+0400] {dagbag.py:538} INFO - Filling up the DagBag from /home/civis/anaconda3/lib/python3.9/site-packages/airflow/example_dags/example_dag_decorator.py
[2023-03-22T04:11:25.527+0400] {logging_mixin.py:137} INFO - [2023-03-22T04:11:25.527+0400] {taskmixin.py:205} WARNING - Dependency <Task(_PythonDecoratedOperator): prepare_email>, send_email already registered for DAG: example_dag_decorator
[2023-03-22T04:11:25.527+0400] {logging_mixin.py:137} INFO - [2023-03-22T04:11:25.527+0400] {taskmixin.py:205} WARNING - Dependency <Task(EmailOperator): send_email>, prepare_email already registered for DAG: example_dag_decorator
[2023-03-22T04:11:25.532+0400] {processor.py:753} INFO - DAG(s) dict_keys(['example_dag_decorator']) retrieved from /home/civis/anaconda3/lib/python3.9/site-packages/airflow/example_dags/example_dag_decorator.py
[2023-03-22T04:11:25.551+0400] {logging_mixin.py:137} INFO - [2023-03-22T04:11:25.551+0400] {dag.py:2690} INFO - Sync 1 DAGs
[2023-03-22T04:11:25.559+0400] {logging_mixin.py:137} INFO - [2023-03-22T04:11:25.559+0400] {dag.py:3437} INFO - Setting next_dagrun for example_dag_decorator to None, run_after=None
[2023-03-22T04:11:25.574+0400] {processor.py:175} INFO - Processing /home/civis/anaconda3/lib/python3.9/site-packages/airflow/example_dags/example_dag_decorator.py took 0.058 seconds
