[2023-03-22T04:00:28.667+0400] {processor.py:153} INFO - Started process (PID=165908) to work on /home/civis/anaconda3/lib/python3.9/site-packages/airflow/example_dags/example_trigger_target_dag.py
[2023-03-22T04:00:28.667+0400] {processor.py:743} INFO - Processing file /home/civis/anaconda3/lib/python3.9/site-packages/airflow/example_dags/example_trigger_target_dag.py for tasks to queue
[2023-03-22T04:00:28.667+0400] {logging_mixin.py:137} INFO - [2023-03-22T04:00:28.667+0400] {dagbag.py:538} INFO - Filling up the DagBag from /home/civis/anaconda3/lib/python3.9/site-packages/airflow/example_dags/example_trigger_target_dag.py
[2023-03-22T04:00:28.677+0400] {processor.py:753} INFO - DAG(s) dict_keys(['example_trigger_target_dag']) retrieved from /home/civis/anaconda3/lib/python3.9/site-packages/airflow/example_dags/example_trigger_target_dag.py
[2023-03-22T04:00:28.685+0400] {logging_mixin.py:137} INFO - [2023-03-22T04:00:28.685+0400] {dag.py:2690} INFO - Sync 1 DAGs
[2023-03-22T04:00:28.693+0400] {logging_mixin.py:137} INFO - [2023-03-22T04:00:28.693+0400] {dag.py:3437} INFO - Setting next_dagrun for example_trigger_target_dag to None, run_after=None
[2023-03-22T04:00:28.721+0400] {processor.py:175} INFO - Processing /home/civis/anaconda3/lib/python3.9/site-packages/airflow/example_dags/example_trigger_target_dag.py took 0.058 seconds
[2023-03-22T04:01:07.519+0400] {processor.py:153} INFO - Started process (PID=166497) to work on /home/civis/anaconda3/lib/python3.9/site-packages/airflow/example_dags/example_trigger_target_dag.py
[2023-03-22T04:01:07.520+0400] {processor.py:743} INFO - Processing file /home/civis/anaconda3/lib/python3.9/site-packages/airflow/example_dags/example_trigger_target_dag.py for tasks to queue
[2023-03-22T04:01:07.521+0400] {logging_mixin.py:137} INFO - [2023-03-22T04:01:07.521+0400] {dagbag.py:538} INFO - Filling up the DagBag from /home/civis/anaconda3/lib/python3.9/site-packages/airflow/example_dags/example_trigger_target_dag.py
[2023-03-22T04:01:07.532+0400] {processor.py:753} INFO - DAG(s) dict_keys(['example_trigger_target_dag']) retrieved from /home/civis/anaconda3/lib/python3.9/site-packages/airflow/example_dags/example_trigger_target_dag.py
[2023-03-22T04:01:07.539+0400] {logging_mixin.py:137} INFO - [2023-03-22T04:01:07.539+0400] {dag.py:2690} INFO - Sync 1 DAGs
[2023-03-22T04:01:07.547+0400] {logging_mixin.py:137} INFO - [2023-03-22T04:01:07.546+0400] {dag.py:3437} INFO - Setting next_dagrun for example_trigger_target_dag to None, run_after=None
[2023-03-22T04:01:07.562+0400] {processor.py:175} INFO - Processing /home/civis/anaconda3/lib/python3.9/site-packages/airflow/example_dags/example_trigger_target_dag.py took 0.045 seconds
[2023-03-22T04:01:48.090+0400] {processor.py:153} INFO - Started process (PID=167129) to work on /home/civis/anaconda3/lib/python3.9/site-packages/airflow/example_dags/example_trigger_target_dag.py
[2023-03-22T04:01:48.099+0400] {processor.py:743} INFO - Processing file /home/civis/anaconda3/lib/python3.9/site-packages/airflow/example_dags/example_trigger_target_dag.py for tasks to queue
[2023-03-22T04:01:48.099+0400] {logging_mixin.py:137} INFO - [2023-03-22T04:01:48.099+0400] {dagbag.py:538} INFO - Filling up the DagBag from /home/civis/anaconda3/lib/python3.9/site-packages/airflow/example_dags/example_trigger_target_dag.py
[2023-03-22T04:01:48.110+0400] {processor.py:753} INFO - DAG(s) dict_keys(['example_trigger_target_dag']) retrieved from /home/civis/anaconda3/lib/python3.9/site-packages/airflow/example_dags/example_trigger_target_dag.py
[2023-03-22T04:01:48.117+0400] {logging_mixin.py:137} INFO - [2023-03-22T04:01:48.117+0400] {dag.py:2690} INFO - Sync 1 DAGs
[2023-03-22T04:01:48.124+0400] {logging_mixin.py:137} INFO - [2023-03-22T04:01:48.124+0400] {dag.py:3437} INFO - Setting next_dagrun for example_trigger_target_dag to None, run_after=None
[2023-03-22T04:01:48.139+0400] {processor.py:175} INFO - Processing /home/civis/anaconda3/lib/python3.9/site-packages/airflow/example_dags/example_trigger_target_dag.py took 0.051 seconds
[2023-03-22T04:02:27.491+0400] {processor.py:153} INFO - Started process (PID=167887) to work on /home/civis/anaconda3/lib/python3.9/site-packages/airflow/example_dags/example_trigger_target_dag.py
[2023-03-22T04:02:27.491+0400] {processor.py:743} INFO - Processing file /home/civis/anaconda3/lib/python3.9/site-packages/airflow/example_dags/example_trigger_target_dag.py for tasks to queue
[2023-03-22T04:02:27.492+0400] {logging_mixin.py:137} INFO - [2023-03-22T04:02:27.492+0400] {dagbag.py:538} INFO - Filling up the DagBag from /home/civis/anaconda3/lib/python3.9/site-packages/airflow/example_dags/example_trigger_target_dag.py
[2023-03-22T04:02:27.501+0400] {processor.py:753} INFO - DAG(s) dict_keys(['example_trigger_target_dag']) retrieved from /home/civis/anaconda3/lib/python3.9/site-packages/airflow/example_dags/example_trigger_target_dag.py
[2023-03-22T04:02:27.508+0400] {logging_mixin.py:137} INFO - [2023-03-22T04:02:27.508+0400] {dag.py:2690} INFO - Sync 1 DAGs
[2023-03-22T04:02:27.516+0400] {logging_mixin.py:137} INFO - [2023-03-22T04:02:27.516+0400] {dag.py:3437} INFO - Setting next_dagrun for example_trigger_target_dag to None, run_after=None
[2023-03-22T04:02:27.531+0400] {processor.py:175} INFO - Processing /home/civis/anaconda3/lib/python3.9/site-packages/airflow/example_dags/example_trigger_target_dag.py took 0.041 seconds
[2023-03-22T04:03:07.924+0400] {processor.py:153} INFO - Started process (PID=168695) to work on /home/civis/anaconda3/lib/python3.9/site-packages/airflow/example_dags/example_trigger_target_dag.py
[2023-03-22T04:03:07.932+0400] {processor.py:743} INFO - Processing file /home/civis/anaconda3/lib/python3.9/site-packages/airflow/example_dags/example_trigger_target_dag.py for tasks to queue
[2023-03-22T04:03:07.932+0400] {logging_mixin.py:137} INFO - [2023-03-22T04:03:07.932+0400] {dagbag.py:538} INFO - Filling up the DagBag from /home/civis/anaconda3/lib/python3.9/site-packages/airflow/example_dags/example_trigger_target_dag.py
[2023-03-22T04:03:07.941+0400] {processor.py:753} INFO - DAG(s) dict_keys(['example_trigger_target_dag']) retrieved from /home/civis/anaconda3/lib/python3.9/site-packages/airflow/example_dags/example_trigger_target_dag.py
[2023-03-22T04:03:07.948+0400] {logging_mixin.py:137} INFO - [2023-03-22T04:03:07.948+0400] {dag.py:2690} INFO - Sync 1 DAGs
[2023-03-22T04:03:07.955+0400] {logging_mixin.py:137} INFO - [2023-03-22T04:03:07.955+0400] {dag.py:3437} INFO - Setting next_dagrun for example_trigger_target_dag to None, run_after=None
[2023-03-22T04:03:07.971+0400] {processor.py:175} INFO - Processing /home/civis/anaconda3/lib/python3.9/site-packages/airflow/example_dags/example_trigger_target_dag.py took 0.048 seconds
[2023-03-22T04:03:47.117+0400] {processor.py:153} INFO - Started process (PID=169387) to work on /home/civis/anaconda3/lib/python3.9/site-packages/airflow/example_dags/example_trigger_target_dag.py
[2023-03-22T04:03:47.118+0400] {processor.py:743} INFO - Processing file /home/civis/anaconda3/lib/python3.9/site-packages/airflow/example_dags/example_trigger_target_dag.py for tasks to queue
[2023-03-22T04:03:47.118+0400] {logging_mixin.py:137} INFO - [2023-03-22T04:03:47.118+0400] {dagbag.py:538} INFO - Filling up the DagBag from /home/civis/anaconda3/lib/python3.9/site-packages/airflow/example_dags/example_trigger_target_dag.py
[2023-03-22T04:03:47.132+0400] {processor.py:753} INFO - DAG(s) dict_keys(['example_trigger_target_dag']) retrieved from /home/civis/anaconda3/lib/python3.9/site-packages/airflow/example_dags/example_trigger_target_dag.py
[2023-03-22T04:03:47.139+0400] {logging_mixin.py:137} INFO - [2023-03-22T04:03:47.139+0400] {dag.py:2690} INFO - Sync 1 DAGs
[2023-03-22T04:03:47.147+0400] {logging_mixin.py:137} INFO - [2023-03-22T04:03:47.147+0400] {dag.py:3437} INFO - Setting next_dagrun for example_trigger_target_dag to None, run_after=None
[2023-03-22T04:03:47.162+0400] {processor.py:175} INFO - Processing /home/civis/anaconda3/lib/python3.9/site-packages/airflow/example_dags/example_trigger_target_dag.py took 0.047 seconds
[2023-03-22T04:04:14.563+0400] {processor.py:153} INFO - Started process (PID=169841) to work on /home/civis/anaconda3/lib/python3.9/site-packages/airflow/example_dags/example_trigger_target_dag.py
[2023-03-22T04:04:14.572+0400] {processor.py:743} INFO - Processing file /home/civis/anaconda3/lib/python3.9/site-packages/airflow/example_dags/example_trigger_target_dag.py for tasks to queue
[2023-03-22T04:04:14.573+0400] {logging_mixin.py:137} INFO - [2023-03-22T04:04:14.573+0400] {dagbag.py:538} INFO - Filling up the DagBag from /home/civis/anaconda3/lib/python3.9/site-packages/airflow/example_dags/example_trigger_target_dag.py
[2023-03-22T04:04:14.590+0400] {processor.py:753} INFO - DAG(s) dict_keys(['example_trigger_target_dag']) retrieved from /home/civis/anaconda3/lib/python3.9/site-packages/airflow/example_dags/example_trigger_target_dag.py
[2023-03-22T04:04:14.597+0400] {logging_mixin.py:137} INFO - [2023-03-22T04:04:14.597+0400] {dag.py:2690} INFO - Sync 1 DAGs
[2023-03-22T04:04:14.604+0400] {logging_mixin.py:137} INFO - [2023-03-22T04:04:14.604+0400] {dag.py:3437} INFO - Setting next_dagrun for example_trigger_target_dag to None, run_after=None
[2023-03-22T04:04:14.619+0400] {processor.py:175} INFO - Processing /home/civis/anaconda3/lib/python3.9/site-packages/airflow/example_dags/example_trigger_target_dag.py took 0.060 seconds
[2023-03-22T04:04:54.583+0400] {processor.py:153} INFO - Started process (PID=170480) to work on /home/civis/anaconda3/lib/python3.9/site-packages/airflow/example_dags/example_trigger_target_dag.py
[2023-03-22T04:04:54.583+0400] {processor.py:743} INFO - Processing file /home/civis/anaconda3/lib/python3.9/site-packages/airflow/example_dags/example_trigger_target_dag.py for tasks to queue
[2023-03-22T04:04:54.583+0400] {logging_mixin.py:137} INFO - [2023-03-22T04:04:54.583+0400] {dagbag.py:538} INFO - Filling up the DagBag from /home/civis/anaconda3/lib/python3.9/site-packages/airflow/example_dags/example_trigger_target_dag.py
[2023-03-22T04:04:54.594+0400] {processor.py:753} INFO - DAG(s) dict_keys(['example_trigger_target_dag']) retrieved from /home/civis/anaconda3/lib/python3.9/site-packages/airflow/example_dags/example_trigger_target_dag.py
[2023-03-22T04:04:54.602+0400] {logging_mixin.py:137} INFO - [2023-03-22T04:04:54.602+0400] {dag.py:2690} INFO - Sync 1 DAGs
[2023-03-22T04:04:54.610+0400] {logging_mixin.py:137} INFO - [2023-03-22T04:04:54.610+0400] {dag.py:3437} INFO - Setting next_dagrun for example_trigger_target_dag to None, run_after=None
[2023-03-22T04:04:54.626+0400] {processor.py:175} INFO - Processing /home/civis/anaconda3/lib/python3.9/site-packages/airflow/example_dags/example_trigger_target_dag.py took 0.045 seconds
[2023-03-22T04:05:35.172+0400] {processor.py:153} INFO - Started process (PID=171106) to work on /home/civis/anaconda3/lib/python3.9/site-packages/airflow/example_dags/example_trigger_target_dag.py
[2023-03-22T04:05:35.181+0400] {processor.py:743} INFO - Processing file /home/civis/anaconda3/lib/python3.9/site-packages/airflow/example_dags/example_trigger_target_dag.py for tasks to queue
[2023-03-22T04:05:35.182+0400] {logging_mixin.py:137} INFO - [2023-03-22T04:05:35.182+0400] {dagbag.py:538} INFO - Filling up the DagBag from /home/civis/anaconda3/lib/python3.9/site-packages/airflow/example_dags/example_trigger_target_dag.py
[2023-03-22T04:05:35.198+0400] {processor.py:753} INFO - DAG(s) dict_keys(['example_trigger_target_dag']) retrieved from /home/civis/anaconda3/lib/python3.9/site-packages/airflow/example_dags/example_trigger_target_dag.py
[2023-03-22T04:05:35.205+0400] {logging_mixin.py:137} INFO - [2023-03-22T04:05:35.205+0400] {dag.py:2690} INFO - Sync 1 DAGs
[2023-03-22T04:05:35.213+0400] {logging_mixin.py:137} INFO - [2023-03-22T04:05:35.213+0400] {dag.py:3437} INFO - Setting next_dagrun for example_trigger_target_dag to None, run_after=None
[2023-03-22T04:05:35.228+0400] {processor.py:175} INFO - Processing /home/civis/anaconda3/lib/python3.9/site-packages/airflow/example_dags/example_trigger_target_dag.py took 0.060 seconds
[2023-03-22T04:06:15.643+0400] {processor.py:153} INFO - Started process (PID=171794) to work on /home/civis/anaconda3/lib/python3.9/site-packages/airflow/example_dags/example_trigger_target_dag.py
[2023-03-22T04:06:15.652+0400] {processor.py:743} INFO - Processing file /home/civis/anaconda3/lib/python3.9/site-packages/airflow/example_dags/example_trigger_target_dag.py for tasks to queue
[2023-03-22T04:06:15.653+0400] {logging_mixin.py:137} INFO - [2023-03-22T04:06:15.653+0400] {dagbag.py:538} INFO - Filling up the DagBag from /home/civis/anaconda3/lib/python3.9/site-packages/airflow/example_dags/example_trigger_target_dag.py
[2023-03-22T04:06:15.676+0400] {processor.py:753} INFO - DAG(s) dict_keys(['example_trigger_target_dag']) retrieved from /home/civis/anaconda3/lib/python3.9/site-packages/airflow/example_dags/example_trigger_target_dag.py
[2023-03-22T04:06:15.683+0400] {logging_mixin.py:137} INFO - [2023-03-22T04:06:15.683+0400] {dag.py:2690} INFO - Sync 1 DAGs
[2023-03-22T04:06:15.691+0400] {logging_mixin.py:137} INFO - [2023-03-22T04:06:15.691+0400] {dag.py:3437} INFO - Setting next_dagrun for example_trigger_target_dag to None, run_after=None
[2023-03-22T04:06:15.706+0400] {processor.py:175} INFO - Processing /home/civis/anaconda3/lib/python3.9/site-packages/airflow/example_dags/example_trigger_target_dag.py took 0.065 seconds
[2023-03-22T04:06:54.565+0400] {processor.py:153} INFO - Started process (PID=172396) to work on /home/civis/anaconda3/lib/python3.9/site-packages/airflow/example_dags/example_trigger_target_dag.py
[2023-03-22T04:06:54.566+0400] {processor.py:743} INFO - Processing file /home/civis/anaconda3/lib/python3.9/site-packages/airflow/example_dags/example_trigger_target_dag.py for tasks to queue
[2023-03-22T04:06:54.566+0400] {logging_mixin.py:137} INFO - [2023-03-22T04:06:54.566+0400] {dagbag.py:538} INFO - Filling up the DagBag from /home/civis/anaconda3/lib/python3.9/site-packages/airflow/example_dags/example_trigger_target_dag.py
[2023-03-22T04:06:54.575+0400] {processor.py:753} INFO - DAG(s) dict_keys(['example_trigger_target_dag']) retrieved from /home/civis/anaconda3/lib/python3.9/site-packages/airflow/example_dags/example_trigger_target_dag.py
[2023-03-22T04:06:54.584+0400] {logging_mixin.py:137} INFO - [2023-03-22T04:06:54.584+0400] {dag.py:2690} INFO - Sync 1 DAGs
[2023-03-22T04:06:54.592+0400] {logging_mixin.py:137} INFO - [2023-03-22T04:06:54.592+0400] {dag.py:3437} INFO - Setting next_dagrun for example_trigger_target_dag to None, run_after=None
[2023-03-22T04:06:54.608+0400] {processor.py:175} INFO - Processing /home/civis/anaconda3/lib/python3.9/site-packages/airflow/example_dags/example_trigger_target_dag.py took 0.046 seconds
[2023-03-22T04:07:36.132+0400] {processor.py:153} INFO - Started process (PID=173079) to work on /home/civis/anaconda3/lib/python3.9/site-packages/airflow/example_dags/example_trigger_target_dag.py
[2023-03-22T04:07:36.132+0400] {processor.py:743} INFO - Processing file /home/civis/anaconda3/lib/python3.9/site-packages/airflow/example_dags/example_trigger_target_dag.py for tasks to queue
[2023-03-22T04:07:36.132+0400] {logging_mixin.py:137} INFO - [2023-03-22T04:07:36.132+0400] {dagbag.py:538} INFO - Filling up the DagBag from /home/civis/anaconda3/lib/python3.9/site-packages/airflow/example_dags/example_trigger_target_dag.py
[2023-03-22T04:07:36.142+0400] {processor.py:753} INFO - DAG(s) dict_keys(['example_trigger_target_dag']) retrieved from /home/civis/anaconda3/lib/python3.9/site-packages/airflow/example_dags/example_trigger_target_dag.py
[2023-03-22T04:07:36.151+0400] {logging_mixin.py:137} INFO - [2023-03-22T04:07:36.150+0400] {dag.py:2690} INFO - Sync 1 DAGs
[2023-03-22T04:07:36.159+0400] {logging_mixin.py:137} INFO - [2023-03-22T04:07:36.158+0400] {dag.py:3437} INFO - Setting next_dagrun for example_trigger_target_dag to None, run_after=None
[2023-03-22T04:07:36.180+0400] {processor.py:175} INFO - Processing /home/civis/anaconda3/lib/python3.9/site-packages/airflow/example_dags/example_trigger_target_dag.py took 0.050 seconds
[2023-03-22T04:08:16.200+0400] {processor.py:153} INFO - Started process (PID=173742) to work on /home/civis/anaconda3/lib/python3.9/site-packages/airflow/example_dags/example_trigger_target_dag.py
[2023-03-22T04:08:16.201+0400] {processor.py:743} INFO - Processing file /home/civis/anaconda3/lib/python3.9/site-packages/airflow/example_dags/example_trigger_target_dag.py for tasks to queue
[2023-03-22T04:08:16.201+0400] {logging_mixin.py:137} INFO - [2023-03-22T04:08:16.201+0400] {dagbag.py:538} INFO - Filling up the DagBag from /home/civis/anaconda3/lib/python3.9/site-packages/airflow/example_dags/example_trigger_target_dag.py
[2023-03-22T04:08:16.210+0400] {processor.py:753} INFO - DAG(s) dict_keys(['example_trigger_target_dag']) retrieved from /home/civis/anaconda3/lib/python3.9/site-packages/airflow/example_dags/example_trigger_target_dag.py
[2023-03-22T04:08:16.217+0400] {logging_mixin.py:137} INFO - [2023-03-22T04:08:16.217+0400] {dag.py:2690} INFO - Sync 1 DAGs
[2023-03-22T04:08:16.224+0400] {logging_mixin.py:137} INFO - [2023-03-22T04:08:16.224+0400] {dag.py:3437} INFO - Setting next_dagrun for example_trigger_target_dag to None, run_after=None
[2023-03-22T04:08:16.239+0400] {processor.py:175} INFO - Processing /home/civis/anaconda3/lib/python3.9/site-packages/airflow/example_dags/example_trigger_target_dag.py took 0.040 seconds
[2023-03-22T04:08:57.035+0400] {processor.py:153} INFO - Started process (PID=175685) to work on /home/civis/anaconda3/lib/python3.9/site-packages/airflow/example_dags/example_trigger_target_dag.py
[2023-03-22T04:08:57.043+0400] {processor.py:743} INFO - Processing file /home/civis/anaconda3/lib/python3.9/site-packages/airflow/example_dags/example_trigger_target_dag.py for tasks to queue
[2023-03-22T04:08:57.045+0400] {logging_mixin.py:137} INFO - [2023-03-22T04:08:57.044+0400] {dagbag.py:538} INFO - Filling up the DagBag from /home/civis/anaconda3/lib/python3.9/site-packages/airflow/example_dags/example_trigger_target_dag.py
[2023-03-22T04:08:57.064+0400] {processor.py:753} INFO - DAG(s) dict_keys(['example_trigger_target_dag']) retrieved from /home/civis/anaconda3/lib/python3.9/site-packages/airflow/example_dags/example_trigger_target_dag.py
[2023-03-22T04:08:57.071+0400] {logging_mixin.py:137} INFO - [2023-03-22T04:08:57.071+0400] {dag.py:2690} INFO - Sync 1 DAGs
[2023-03-22T04:08:57.079+0400] {logging_mixin.py:137} INFO - [2023-03-22T04:08:57.079+0400] {dag.py:3437} INFO - Setting next_dagrun for example_trigger_target_dag to None, run_after=None
[2023-03-22T04:08:57.097+0400] {processor.py:175} INFO - Processing /home/civis/anaconda3/lib/python3.9/site-packages/airflow/example_dags/example_trigger_target_dag.py took 0.066 seconds
[2023-03-22T04:09:39.642+0400] {processor.py:153} INFO - Started process (PID=176383) to work on /home/civis/anaconda3/lib/python3.9/site-packages/airflow/example_dags/example_trigger_target_dag.py
[2023-03-22T04:09:39.643+0400] {processor.py:743} INFO - Processing file /home/civis/anaconda3/lib/python3.9/site-packages/airflow/example_dags/example_trigger_target_dag.py for tasks to queue
[2023-03-22T04:09:39.643+0400] {logging_mixin.py:137} INFO - [2023-03-22T04:09:39.643+0400] {dagbag.py:538} INFO - Filling up the DagBag from /home/civis/anaconda3/lib/python3.9/site-packages/airflow/example_dags/example_trigger_target_dag.py
[2023-03-22T04:09:39.653+0400] {processor.py:753} INFO - DAG(s) dict_keys(['example_trigger_target_dag']) retrieved from /home/civis/anaconda3/lib/python3.9/site-packages/airflow/example_dags/example_trigger_target_dag.py
[2023-03-22T04:09:39.661+0400] {logging_mixin.py:137} INFO - [2023-03-22T04:09:39.661+0400] {dag.py:2690} INFO - Sync 1 DAGs
[2023-03-22T04:09:39.669+0400] {logging_mixin.py:137} INFO - [2023-03-22T04:09:39.669+0400] {dag.py:3437} INFO - Setting next_dagrun for example_trigger_target_dag to None, run_after=None
[2023-03-22T04:09:39.684+0400] {processor.py:175} INFO - Processing /home/civis/anaconda3/lib/python3.9/site-packages/airflow/example_dags/example_trigger_target_dag.py took 0.045 seconds
[2023-03-22T04:10:22.246+0400] {processor.py:153} INFO - Started process (PID=177070) to work on /home/civis/anaconda3/lib/python3.9/site-packages/airflow/example_dags/example_trigger_target_dag.py
[2023-03-22T04:10:22.255+0400] {processor.py:743} INFO - Processing file /home/civis/anaconda3/lib/python3.9/site-packages/airflow/example_dags/example_trigger_target_dag.py for tasks to queue
[2023-03-22T04:10:22.258+0400] {logging_mixin.py:137} INFO - [2023-03-22T04:10:22.258+0400] {dagbag.py:538} INFO - Filling up the DagBag from /home/civis/anaconda3/lib/python3.9/site-packages/airflow/example_dags/example_trigger_target_dag.py
[2023-03-22T04:10:22.277+0400] {processor.py:753} INFO - DAG(s) dict_keys(['example_trigger_target_dag']) retrieved from /home/civis/anaconda3/lib/python3.9/site-packages/airflow/example_dags/example_trigger_target_dag.py
[2023-03-22T04:10:22.284+0400] {logging_mixin.py:137} INFO - [2023-03-22T04:10:22.284+0400] {dag.py:2690} INFO - Sync 1 DAGs
[2023-03-22T04:10:22.292+0400] {logging_mixin.py:137} INFO - [2023-03-22T04:10:22.292+0400] {dag.py:3437} INFO - Setting next_dagrun for example_trigger_target_dag to None, run_after=None
[2023-03-22T04:10:22.307+0400] {processor.py:175} INFO - Processing /home/civis/anaconda3/lib/python3.9/site-packages/airflow/example_dags/example_trigger_target_dag.py took 0.065 seconds
[2023-03-22T04:11:02.018+0400] {processor.py:153} INFO - Started process (PID=177759) to work on /home/civis/anaconda3/lib/python3.9/site-packages/airflow/example_dags/example_trigger_target_dag.py
[2023-03-22T04:11:02.027+0400] {processor.py:743} INFO - Processing file /home/civis/anaconda3/lib/python3.9/site-packages/airflow/example_dags/example_trigger_target_dag.py for tasks to queue
[2023-03-22T04:11:02.028+0400] {logging_mixin.py:137} INFO - [2023-03-22T04:11:02.028+0400] {dagbag.py:538} INFO - Filling up the DagBag from /home/civis/anaconda3/lib/python3.9/site-packages/airflow/example_dags/example_trigger_target_dag.py
[2023-03-22T04:11:02.056+0400] {processor.py:753} INFO - DAG(s) dict_keys(['example_trigger_target_dag']) retrieved from /home/civis/anaconda3/lib/python3.9/site-packages/airflow/example_dags/example_trigger_target_dag.py
[2023-03-22T04:11:02.064+0400] {logging_mixin.py:137} INFO - [2023-03-22T04:11:02.064+0400] {dag.py:2690} INFO - Sync 1 DAGs
[2023-03-22T04:11:02.071+0400] {logging_mixin.py:137} INFO - [2023-03-22T04:11:02.071+0400] {dag.py:3437} INFO - Setting next_dagrun for example_trigger_target_dag to None, run_after=None
[2023-03-22T04:11:02.087+0400] {processor.py:175} INFO - Processing /home/civis/anaconda3/lib/python3.9/site-packages/airflow/example_dags/example_trigger_target_dag.py took 0.070 seconds
