[2023-03-22T04:00:06.916+0400] {processor.py:153} INFO - Started process (PID=165575) to work on /home/civis/anaconda3/lib/python3.9/site-packages/airflow/example_dags/example_branch_labels.py
[2023-03-22T04:00:06.916+0400] {processor.py:743} INFO - Processing file /home/civis/anaconda3/lib/python3.9/site-packages/airflow/example_dags/example_branch_labels.py for tasks to queue
[2023-03-22T04:00:06.917+0400] {logging_mixin.py:137} INFO - [2023-03-22T04:00:06.916+0400] {dagbag.py:538} INFO - Filling up the DagBag from /home/civis/anaconda3/lib/python3.9/site-packages/airflow/example_dags/example_branch_labels.py
[2023-03-22T04:00:06.924+0400] {processor.py:753} INFO - DAG(s) dict_keys(['example_branch_labels']) retrieved from /home/civis/anaconda3/lib/python3.9/site-packages/airflow/example_dags/example_branch_labels.py
[2023-03-22T04:00:06.992+0400] {logging_mixin.py:137} INFO - [2023-03-22T04:00:06.992+0400] {manager.py:504} INFO - Created Permission View: can delete on DAG:example_branch_labels
[2023-03-22T04:00:07.008+0400] {logging_mixin.py:137} INFO - [2023-03-22T04:00:07.008+0400] {manager.py:504} INFO - Created Permission View: can read on DAG:example_branch_labels
[2023-03-22T04:00:07.020+0400] {logging_mixin.py:137} INFO - [2023-03-22T04:00:07.020+0400] {manager.py:504} INFO - Created Permission View: can edit on DAG:example_branch_labels
[2023-03-22T04:00:07.020+0400] {logging_mixin.py:137} INFO - [2023-03-22T04:00:07.020+0400] {dag.py:2690} INFO - Sync 1 DAGs
[2023-03-22T04:00:07.025+0400] {logging_mixin.py:137} INFO - [2023-03-22T04:00:07.025+0400] {dag.py:2711} INFO - Creating ORM DAG for example_branch_labels
[2023-03-22T04:00:07.029+0400] {logging_mixin.py:137} INFO - [2023-03-22T04:00:07.029+0400] {dag.py:3437} INFO - Setting next_dagrun for example_branch_labels to 2023-03-21T00:00:00+00:00, run_after=2023-03-22T00:00:00+00:00
[2023-03-22T04:00:07.050+0400] {processor.py:175} INFO - Processing /home/civis/anaconda3/lib/python3.9/site-packages/airflow/example_dags/example_branch_labels.py took 0.136 seconds
[2023-03-22T04:00:50.870+0400] {processor.py:153} INFO - Started process (PID=166257) to work on /home/civis/anaconda3/lib/python3.9/site-packages/airflow/example_dags/example_branch_labels.py
[2023-03-22T04:00:50.879+0400] {processor.py:743} INFO - Processing file /home/civis/anaconda3/lib/python3.9/site-packages/airflow/example_dags/example_branch_labels.py for tasks to queue
[2023-03-22T04:00:50.880+0400] {logging_mixin.py:137} INFO - [2023-03-22T04:00:50.880+0400] {dagbag.py:538} INFO - Filling up the DagBag from /home/civis/anaconda3/lib/python3.9/site-packages/airflow/example_dags/example_branch_labels.py
[2023-03-22T04:00:50.896+0400] {processor.py:753} INFO - DAG(s) dict_keys(['example_branch_labels']) retrieved from /home/civis/anaconda3/lib/python3.9/site-packages/airflow/example_dags/example_branch_labels.py
[2023-03-22T04:00:50.904+0400] {logging_mixin.py:137} INFO - [2023-03-22T04:00:50.903+0400] {dag.py:2690} INFO - Sync 1 DAGs
[2023-03-22T04:00:50.912+0400] {logging_mixin.py:137} INFO - [2023-03-22T04:00:50.912+0400] {dag.py:3437} INFO - Setting next_dagrun for example_branch_labels to 2023-03-21T00:00:00+00:00, run_after=2023-03-22T00:00:00+00:00
[2023-03-22T04:00:50.928+0400] {processor.py:175} INFO - Processing /home/civis/anaconda3/lib/python3.9/site-packages/airflow/example_dags/example_branch_labels.py took 0.060 seconds
[2023-03-22T04:01:29.326+0400] {processor.py:153} INFO - Started process (PID=166827) to work on /home/civis/anaconda3/lib/python3.9/site-packages/airflow/example_dags/example_branch_labels.py
[2023-03-22T04:01:29.335+0400] {processor.py:743} INFO - Processing file /home/civis/anaconda3/lib/python3.9/site-packages/airflow/example_dags/example_branch_labels.py for tasks to queue
[2023-03-22T04:01:29.337+0400] {logging_mixin.py:137} INFO - [2023-03-22T04:01:29.336+0400] {dagbag.py:538} INFO - Filling up the DagBag from /home/civis/anaconda3/lib/python3.9/site-packages/airflow/example_dags/example_branch_labels.py
[2023-03-22T04:01:29.352+0400] {processor.py:753} INFO - DAG(s) dict_keys(['example_branch_labels']) retrieved from /home/civis/anaconda3/lib/python3.9/site-packages/airflow/example_dags/example_branch_labels.py
[2023-03-22T04:01:29.366+0400] {logging_mixin.py:137} INFO - [2023-03-22T04:01:29.366+0400] {dag.py:2690} INFO - Sync 1 DAGs
[2023-03-22T04:01:29.375+0400] {logging_mixin.py:137} INFO - [2023-03-22T04:01:29.375+0400] {dag.py:3437} INFO - Setting next_dagrun for example_branch_labels to 2023-03-21T00:00:00+00:00, run_after=2023-03-22T00:00:00+00:00
[2023-03-22T04:01:29.390+0400] {processor.py:175} INFO - Processing /home/civis/anaconda3/lib/python3.9/site-packages/airflow/example_dags/example_branch_labels.py took 0.069 seconds
[2023-03-22T04:02:10.558+0400] {processor.py:153} INFO - Started process (PID=167518) to work on /home/civis/anaconda3/lib/python3.9/site-packages/airflow/example_dags/example_branch_labels.py
[2023-03-22T04:02:10.558+0400] {processor.py:743} INFO - Processing file /home/civis/anaconda3/lib/python3.9/site-packages/airflow/example_dags/example_branch_labels.py for tasks to queue
[2023-03-22T04:02:10.559+0400] {logging_mixin.py:137} INFO - [2023-03-22T04:02:10.559+0400] {dagbag.py:538} INFO - Filling up the DagBag from /home/civis/anaconda3/lib/python3.9/site-packages/airflow/example_dags/example_branch_labels.py
[2023-03-22T04:02:10.572+0400] {processor.py:753} INFO - DAG(s) dict_keys(['example_branch_labels']) retrieved from /home/civis/anaconda3/lib/python3.9/site-packages/airflow/example_dags/example_branch_labels.py
[2023-03-22T04:02:10.580+0400] {logging_mixin.py:137} INFO - [2023-03-22T04:02:10.580+0400] {dag.py:2690} INFO - Sync 1 DAGs
[2023-03-22T04:02:10.588+0400] {logging_mixin.py:137} INFO - [2023-03-22T04:02:10.588+0400] {dag.py:3437} INFO - Setting next_dagrun for example_branch_labels to 2023-03-21T00:00:00+00:00, run_after=2023-03-22T00:00:00+00:00
[2023-03-22T04:02:10.603+0400] {processor.py:175} INFO - Processing /home/civis/anaconda3/lib/python3.9/site-packages/airflow/example_dags/example_branch_labels.py took 0.048 seconds
[2023-03-22T04:02:49.930+0400] {processor.py:153} INFO - Started process (PID=168365) to work on /home/civis/anaconda3/lib/python3.9/site-packages/airflow/example_dags/example_branch_labels.py
[2023-03-22T04:02:49.930+0400] {processor.py:743} INFO - Processing file /home/civis/anaconda3/lib/python3.9/site-packages/airflow/example_dags/example_branch_labels.py for tasks to queue
[2023-03-22T04:02:49.930+0400] {logging_mixin.py:137} INFO - [2023-03-22T04:02:49.930+0400] {dagbag.py:538} INFO - Filling up the DagBag from /home/civis/anaconda3/lib/python3.9/site-packages/airflow/example_dags/example_branch_labels.py
[2023-03-22T04:02:49.937+0400] {processor.py:753} INFO - DAG(s) dict_keys(['example_branch_labels']) retrieved from /home/civis/anaconda3/lib/python3.9/site-packages/airflow/example_dags/example_branch_labels.py
[2023-03-22T04:02:49.944+0400] {logging_mixin.py:137} INFO - [2023-03-22T04:02:49.944+0400] {dag.py:2690} INFO - Sync 1 DAGs
[2023-03-22T04:02:49.952+0400] {logging_mixin.py:137} INFO - [2023-03-22T04:02:49.952+0400] {dag.py:3437} INFO - Setting next_dagrun for example_branch_labels to 2023-03-21T00:00:00+00:00, run_after=2023-03-22T00:00:00+00:00
[2023-03-22T04:02:49.967+0400] {processor.py:175} INFO - Processing /home/civis/anaconda3/lib/python3.9/site-packages/airflow/example_dags/example_branch_labels.py took 0.039 seconds
[2023-03-22T04:03:30.534+0400] {processor.py:153} INFO - Started process (PID=169123) to work on /home/civis/anaconda3/lib/python3.9/site-packages/airflow/example_dags/example_branch_labels.py
[2023-03-22T04:03:30.542+0400] {processor.py:743} INFO - Processing file /home/civis/anaconda3/lib/python3.9/site-packages/airflow/example_dags/example_branch_labels.py for tasks to queue
[2023-03-22T04:03:30.543+0400] {logging_mixin.py:137} INFO - [2023-03-22T04:03:30.543+0400] {dagbag.py:538} INFO - Filling up the DagBag from /home/civis/anaconda3/lib/python3.9/site-packages/airflow/example_dags/example_branch_labels.py
[2023-03-22T04:03:30.568+0400] {processor.py:753} INFO - DAG(s) dict_keys(['example_branch_labels']) retrieved from /home/civis/anaconda3/lib/python3.9/site-packages/airflow/example_dags/example_branch_labels.py
[2023-03-22T04:03:30.578+0400] {logging_mixin.py:137} INFO - [2023-03-22T04:03:30.578+0400] {dag.py:2690} INFO - Sync 1 DAGs
[2023-03-22T04:03:30.585+0400] {logging_mixin.py:137} INFO - [2023-03-22T04:03:30.585+0400] {dag.py:3437} INFO - Setting next_dagrun for example_branch_labels to 2023-03-21T00:00:00+00:00, run_after=2023-03-22T00:00:00+00:00
[2023-03-22T04:03:30.601+0400] {processor.py:175} INFO - Processing /home/civis/anaconda3/lib/python3.9/site-packages/airflow/example_dags/example_branch_labels.py took 0.068 seconds
[2023-03-22T04:04:36.231+0400] {processor.py:153} INFO - Started process (PID=170156) to work on /home/civis/anaconda3/lib/python3.9/site-packages/airflow/example_dags/example_branch_labels.py
[2023-03-22T04:04:36.240+0400] {processor.py:743} INFO - Processing file /home/civis/anaconda3/lib/python3.9/site-packages/airflow/example_dags/example_branch_labels.py for tasks to queue
[2023-03-22T04:04:36.241+0400] {logging_mixin.py:137} INFO - [2023-03-22T04:04:36.241+0400] {dagbag.py:538} INFO - Filling up the DagBag from /home/civis/anaconda3/lib/python3.9/site-packages/airflow/example_dags/example_branch_labels.py
[2023-03-22T04:04:36.258+0400] {processor.py:753} INFO - DAG(s) dict_keys(['example_branch_labels']) retrieved from /home/civis/anaconda3/lib/python3.9/site-packages/airflow/example_dags/example_branch_labels.py
[2023-03-22T04:04:36.266+0400] {logging_mixin.py:137} INFO - [2023-03-22T04:04:36.266+0400] {dag.py:2690} INFO - Sync 1 DAGs
[2023-03-22T04:04:36.273+0400] {logging_mixin.py:137} INFO - [2023-03-22T04:04:36.273+0400] {dag.py:3437} INFO - Setting next_dagrun for example_branch_labels to 2023-03-21T00:00:00+00:00, run_after=2023-03-22T00:00:00+00:00
[2023-03-22T04:04:36.288+0400] {processor.py:175} INFO - Processing /home/civis/anaconda3/lib/python3.9/site-packages/airflow/example_dags/example_branch_labels.py took 0.060 seconds
[2023-03-22T04:05:17.517+0400] {processor.py:153} INFO - Started process (PID=170822) to work on /home/civis/anaconda3/lib/python3.9/site-packages/airflow/example_dags/example_branch_labels.py
[2023-03-22T04:05:17.526+0400] {processor.py:743} INFO - Processing file /home/civis/anaconda3/lib/python3.9/site-packages/airflow/example_dags/example_branch_labels.py for tasks to queue
[2023-03-22T04:05:17.527+0400] {logging_mixin.py:137} INFO - [2023-03-22T04:05:17.527+0400] {dagbag.py:538} INFO - Filling up the DagBag from /home/civis/anaconda3/lib/python3.9/site-packages/airflow/example_dags/example_branch_labels.py
[2023-03-22T04:05:17.542+0400] {processor.py:753} INFO - DAG(s) dict_keys(['example_branch_labels']) retrieved from /home/civis/anaconda3/lib/python3.9/site-packages/airflow/example_dags/example_branch_labels.py
[2023-03-22T04:05:17.550+0400] {logging_mixin.py:137} INFO - [2023-03-22T04:05:17.550+0400] {dag.py:2690} INFO - Sync 1 DAGs
[2023-03-22T04:05:17.558+0400] {logging_mixin.py:137} INFO - [2023-03-22T04:05:17.558+0400] {dag.py:3437} INFO - Setting next_dagrun for example_branch_labels to 2023-03-21T00:00:00+00:00, run_after=2023-03-22T00:00:00+00:00
[2023-03-22T04:05:17.576+0400] {processor.py:175} INFO - Processing /home/civis/anaconda3/lib/python3.9/site-packages/airflow/example_dags/example_branch_labels.py took 0.060 seconds
[2023-03-22T04:05:56.395+0400] {processor.py:153} INFO - Started process (PID=171427) to work on /home/civis/anaconda3/lib/python3.9/site-packages/airflow/example_dags/example_branch_labels.py
[2023-03-22T04:05:56.404+0400] {processor.py:743} INFO - Processing file /home/civis/anaconda3/lib/python3.9/site-packages/airflow/example_dags/example_branch_labels.py for tasks to queue
[2023-03-22T04:05:56.405+0400] {logging_mixin.py:137} INFO - [2023-03-22T04:05:56.405+0400] {dagbag.py:538} INFO - Filling up the DagBag from /home/civis/anaconda3/lib/python3.9/site-packages/airflow/example_dags/example_branch_labels.py
[2023-03-22T04:05:56.420+0400] {processor.py:753} INFO - DAG(s) dict_keys(['example_branch_labels']) retrieved from /home/civis/anaconda3/lib/python3.9/site-packages/airflow/example_dags/example_branch_labels.py
[2023-03-22T04:05:56.429+0400] {logging_mixin.py:137} INFO - [2023-03-22T04:05:56.429+0400] {dag.py:2690} INFO - Sync 1 DAGs
[2023-03-22T04:05:56.437+0400] {logging_mixin.py:137} INFO - [2023-03-22T04:05:56.437+0400] {dag.py:3437} INFO - Setting next_dagrun for example_branch_labels to 2023-03-21T00:00:00+00:00, run_after=2023-03-22T00:00:00+00:00
[2023-03-22T04:05:56.453+0400] {processor.py:175} INFO - Processing /home/civis/anaconda3/lib/python3.9/site-packages/airflow/example_dags/example_branch_labels.py took 0.060 seconds
[2023-03-22T04:06:37.920+0400] {processor.py:153} INFO - Started process (PID=172125) to work on /home/civis/anaconda3/lib/python3.9/site-packages/airflow/example_dags/example_branch_labels.py
[2023-03-22T04:06:37.930+0400] {processor.py:743} INFO - Processing file /home/civis/anaconda3/lib/python3.9/site-packages/airflow/example_dags/example_branch_labels.py for tasks to queue
[2023-03-22T04:06:37.931+0400] {logging_mixin.py:137} INFO - [2023-03-22T04:06:37.931+0400] {dagbag.py:538} INFO - Filling up the DagBag from /home/civis/anaconda3/lib/python3.9/site-packages/airflow/example_dags/example_branch_labels.py
[2023-03-22T04:06:37.945+0400] {processor.py:753} INFO - DAG(s) dict_keys(['example_branch_labels']) retrieved from /home/civis/anaconda3/lib/python3.9/site-packages/airflow/example_dags/example_branch_labels.py
[2023-03-22T04:06:37.952+0400] {logging_mixin.py:137} INFO - [2023-03-22T04:06:37.952+0400] {dag.py:2690} INFO - Sync 1 DAGs
[2023-03-22T04:06:37.961+0400] {logging_mixin.py:137} INFO - [2023-03-22T04:06:37.961+0400] {dag.py:3437} INFO - Setting next_dagrun for example_branch_labels to 2023-03-21T00:00:00+00:00, run_after=2023-03-22T00:00:00+00:00
[2023-03-22T04:06:37.976+0400] {processor.py:175} INFO - Processing /home/civis/anaconda3/lib/python3.9/site-packages/airflow/example_dags/example_branch_labels.py took 0.061 seconds
[2023-03-22T04:07:17.471+0400] {processor.py:153} INFO - Started process (PID=172752) to work on /home/civis/anaconda3/lib/python3.9/site-packages/airflow/example_dags/example_branch_labels.py
[2023-03-22T04:07:17.480+0400] {processor.py:743} INFO - Processing file /home/civis/anaconda3/lib/python3.9/site-packages/airflow/example_dags/example_branch_labels.py for tasks to queue
[2023-03-22T04:07:17.481+0400] {logging_mixin.py:137} INFO - [2023-03-22T04:07:17.481+0400] {dagbag.py:538} INFO - Filling up the DagBag from /home/civis/anaconda3/lib/python3.9/site-packages/airflow/example_dags/example_branch_labels.py
[2023-03-22T04:07:17.491+0400] {processor.py:753} INFO - DAG(s) dict_keys(['example_branch_labels']) retrieved from /home/civis/anaconda3/lib/python3.9/site-packages/airflow/example_dags/example_branch_labels.py
[2023-03-22T04:07:17.499+0400] {logging_mixin.py:137} INFO - [2023-03-22T04:07:17.499+0400] {dag.py:2690} INFO - Sync 1 DAGs
[2023-03-22T04:07:17.507+0400] {logging_mixin.py:137} INFO - [2023-03-22T04:07:17.507+0400] {dag.py:3437} INFO - Setting next_dagrun for example_branch_labels to 2023-03-21T00:00:00+00:00, run_after=2023-03-22T00:00:00+00:00
[2023-03-22T04:07:17.526+0400] {processor.py:175} INFO - Processing /home/civis/anaconda3/lib/python3.9/site-packages/airflow/example_dags/example_branch_labels.py took 0.056 seconds
[2023-03-22T04:07:59.047+0400] {processor.py:153} INFO - Started process (PID=173439) to work on /home/civis/anaconda3/lib/python3.9/site-packages/airflow/example_dags/example_branch_labels.py
[2023-03-22T04:07:59.056+0400] {processor.py:743} INFO - Processing file /home/civis/anaconda3/lib/python3.9/site-packages/airflow/example_dags/example_branch_labels.py for tasks to queue
[2023-03-22T04:07:59.058+0400] {logging_mixin.py:137} INFO - [2023-03-22T04:07:59.057+0400] {dagbag.py:538} INFO - Filling up the DagBag from /home/civis/anaconda3/lib/python3.9/site-packages/airflow/example_dags/example_branch_labels.py
[2023-03-22T04:07:59.073+0400] {processor.py:753} INFO - DAG(s) dict_keys(['example_branch_labels']) retrieved from /home/civis/anaconda3/lib/python3.9/site-packages/airflow/example_dags/example_branch_labels.py
[2023-03-22T04:07:59.080+0400] {logging_mixin.py:137} INFO - [2023-03-22T04:07:59.080+0400] {dag.py:2690} INFO - Sync 1 DAGs
[2023-03-22T04:07:59.088+0400] {logging_mixin.py:137} INFO - [2023-03-22T04:07:59.088+0400] {dag.py:3437} INFO - Setting next_dagrun for example_branch_labels to 2023-03-21T00:00:00+00:00, run_after=2023-03-22T00:00:00+00:00
[2023-03-22T04:07:59.106+0400] {processor.py:175} INFO - Processing /home/civis/anaconda3/lib/python3.9/site-packages/airflow/example_dags/example_branch_labels.py took 0.061 seconds
[2023-03-22T04:08:38.003+0400] {processor.py:153} INFO - Started process (PID=174153) to work on /home/civis/anaconda3/lib/python3.9/site-packages/airflow/example_dags/example_branch_labels.py
[2023-03-22T04:08:38.012+0400] {processor.py:743} INFO - Processing file /home/civis/anaconda3/lib/python3.9/site-packages/airflow/example_dags/example_branch_labels.py for tasks to queue
[2023-03-22T04:08:38.014+0400] {logging_mixin.py:137} INFO - [2023-03-22T04:08:38.013+0400] {dagbag.py:538} INFO - Filling up the DagBag from /home/civis/anaconda3/lib/python3.9/site-packages/airflow/example_dags/example_branch_labels.py
[2023-03-22T04:08:38.027+0400] {processor.py:753} INFO - DAG(s) dict_keys(['example_branch_labels']) retrieved from /home/civis/anaconda3/lib/python3.9/site-packages/airflow/example_dags/example_branch_labels.py
[2023-03-22T04:08:38.034+0400] {logging_mixin.py:137} INFO - [2023-03-22T04:08:38.034+0400] {dag.py:2690} INFO - Sync 1 DAGs
[2023-03-22T04:08:38.042+0400] {logging_mixin.py:137} INFO - [2023-03-22T04:08:38.042+0400] {dag.py:3437} INFO - Setting next_dagrun for example_branch_labels to 2023-03-21T00:00:00+00:00, run_after=2023-03-22T00:00:00+00:00
[2023-03-22T04:08:38.057+0400] {processor.py:175} INFO - Processing /home/civis/anaconda3/lib/python3.9/site-packages/airflow/example_dags/example_branch_labels.py took 0.058 seconds
[2023-03-22T04:09:18.591+0400] {processor.py:153} INFO - Started process (PID=176015) to work on /home/civis/anaconda3/lib/python3.9/site-packages/airflow/example_dags/example_branch_labels.py
[2023-03-22T04:09:18.599+0400] {processor.py:743} INFO - Processing file /home/civis/anaconda3/lib/python3.9/site-packages/airflow/example_dags/example_branch_labels.py for tasks to queue
[2023-03-22T04:09:18.600+0400] {logging_mixin.py:137} INFO - [2023-03-22T04:09:18.600+0400] {dagbag.py:538} INFO - Filling up the DagBag from /home/civis/anaconda3/lib/python3.9/site-packages/airflow/example_dags/example_branch_labels.py
[2023-03-22T04:09:18.610+0400] {processor.py:753} INFO - DAG(s) dict_keys(['example_branch_labels']) retrieved from /home/civis/anaconda3/lib/python3.9/site-packages/airflow/example_dags/example_branch_labels.py
[2023-03-22T04:09:18.617+0400] {logging_mixin.py:137} INFO - [2023-03-22T04:09:18.617+0400] {dag.py:2690} INFO - Sync 1 DAGs
[2023-03-22T04:09:18.625+0400] {logging_mixin.py:137} INFO - [2023-03-22T04:09:18.625+0400] {dag.py:3437} INFO - Setting next_dagrun for example_branch_labels to 2023-03-21T00:00:00+00:00, run_after=2023-03-22T00:00:00+00:00
[2023-03-22T04:09:18.641+0400] {processor.py:175} INFO - Processing /home/civis/anaconda3/lib/python3.9/site-packages/airflow/example_dags/example_branch_labels.py took 0.053 seconds
[2023-03-22T04:10:02.799+0400] {processor.py:153} INFO - Started process (PID=176726) to work on /home/civis/anaconda3/lib/python3.9/site-packages/airflow/example_dags/example_branch_labels.py
[2023-03-22T04:10:02.807+0400] {processor.py:743} INFO - Processing file /home/civis/anaconda3/lib/python3.9/site-packages/airflow/example_dags/example_branch_labels.py for tasks to queue
[2023-03-22T04:10:02.809+0400] {logging_mixin.py:137} INFO - [2023-03-22T04:10:02.808+0400] {dagbag.py:538} INFO - Filling up the DagBag from /home/civis/anaconda3/lib/python3.9/site-packages/airflow/example_dags/example_branch_labels.py
[2023-03-22T04:10:02.826+0400] {processor.py:753} INFO - DAG(s) dict_keys(['example_branch_labels']) retrieved from /home/civis/anaconda3/lib/python3.9/site-packages/airflow/example_dags/example_branch_labels.py
[2023-03-22T04:10:02.834+0400] {logging_mixin.py:137} INFO - [2023-03-22T04:10:02.834+0400] {dag.py:2690} INFO - Sync 1 DAGs
[2023-03-22T04:10:02.842+0400] {logging_mixin.py:137} INFO - [2023-03-22T04:10:02.842+0400] {dag.py:3437} INFO - Setting next_dagrun for example_branch_labels to 2023-03-21T00:00:00+00:00, run_after=2023-03-22T00:00:00+00:00
[2023-03-22T04:10:02.857+0400] {processor.py:175} INFO - Processing /home/civis/anaconda3/lib/python3.9/site-packages/airflow/example_dags/example_branch_labels.py took 0.062 seconds
[2023-03-22T04:10:45.687+0400] {processor.py:153} INFO - Started process (PID=177478) to work on /home/civis/anaconda3/lib/python3.9/site-packages/airflow/example_dags/example_branch_labels.py
[2023-03-22T04:10:45.688+0400] {processor.py:743} INFO - Processing file /home/civis/anaconda3/lib/python3.9/site-packages/airflow/example_dags/example_branch_labels.py for tasks to queue
[2023-03-22T04:10:45.689+0400] {logging_mixin.py:137} INFO - [2023-03-22T04:10:45.689+0400] {dagbag.py:538} INFO - Filling up the DagBag from /home/civis/anaconda3/lib/python3.9/site-packages/airflow/example_dags/example_branch_labels.py
[2023-03-22T04:10:45.698+0400] {processor.py:753} INFO - DAG(s) dict_keys(['example_branch_labels']) retrieved from /home/civis/anaconda3/lib/python3.9/site-packages/airflow/example_dags/example_branch_labels.py
[2023-03-22T04:10:45.719+0400] {logging_mixin.py:137} INFO - [2023-03-22T04:10:45.719+0400] {dag.py:2690} INFO - Sync 1 DAGs
[2023-03-22T04:10:45.762+0400] {logging_mixin.py:137} INFO - [2023-03-22T04:10:45.762+0400] {dag.py:3437} INFO - Setting next_dagrun for example_branch_labels to 2023-03-21T00:00:00+00:00, run_after=2023-03-22T00:00:00+00:00
[2023-03-22T04:10:45.890+0400] {processor.py:175} INFO - Processing /home/civis/anaconda3/lib/python3.9/site-packages/airflow/example_dags/example_branch_labels.py took 0.206 seconds
[2023-03-22T04:11:24.368+0400] {processor.py:153} INFO - Started process (PID=178146) to work on /home/civis/anaconda3/lib/python3.9/site-packages/airflow/example_dags/example_branch_labels.py
[2023-03-22T04:11:24.376+0400] {processor.py:743} INFO - Processing file /home/civis/anaconda3/lib/python3.9/site-packages/airflow/example_dags/example_branch_labels.py for tasks to queue
[2023-03-22T04:11:24.377+0400] {logging_mixin.py:137} INFO - [2023-03-22T04:11:24.377+0400] {dagbag.py:538} INFO - Filling up the DagBag from /home/civis/anaconda3/lib/python3.9/site-packages/airflow/example_dags/example_branch_labels.py
[2023-03-22T04:11:24.386+0400] {processor.py:753} INFO - DAG(s) dict_keys(['example_branch_labels']) retrieved from /home/civis/anaconda3/lib/python3.9/site-packages/airflow/example_dags/example_branch_labels.py
[2023-03-22T04:11:24.394+0400] {logging_mixin.py:137} INFO - [2023-03-22T04:11:24.394+0400] {dag.py:2690} INFO - Sync 1 DAGs
[2023-03-22T04:11:24.402+0400] {logging_mixin.py:137} INFO - [2023-03-22T04:11:24.402+0400] {dag.py:3437} INFO - Setting next_dagrun for example_branch_labels to 2023-03-21T00:00:00+00:00, run_after=2023-03-22T00:00:00+00:00
[2023-03-22T04:11:24.417+0400] {processor.py:175} INFO - Processing /home/civis/anaconda3/lib/python3.9/site-packages/airflow/example_dags/example_branch_labels.py took 0.050 seconds
