[2023-03-22T04:00:35.947+0400] {processor.py:153} INFO - Started process (PID=166007) to work on /home/civis/anaconda3/lib/python3.9/site-packages/airflow/example_dags/example_trigger_controller_dag.py
[2023-03-22T04:00:35.948+0400] {processor.py:743} INFO - Processing file /home/civis/anaconda3/lib/python3.9/site-packages/airflow/example_dags/example_trigger_controller_dag.py for tasks to queue
[2023-03-22T04:00:35.949+0400] {logging_mixin.py:137} INFO - [2023-03-22T04:00:35.949+0400] {dagbag.py:538} INFO - Filling up the DagBag from /home/civis/anaconda3/lib/python3.9/site-packages/airflow/example_dags/example_trigger_controller_dag.py
[2023-03-22T04:00:35.957+0400] {processor.py:753} INFO - DAG(s) dict_keys(['example_trigger_controller_dag']) retrieved from /home/civis/anaconda3/lib/python3.9/site-packages/airflow/example_dags/example_trigger_controller_dag.py
[2023-03-22T04:00:35.965+0400] {logging_mixin.py:137} INFO - [2023-03-22T04:00:35.965+0400] {dag.py:2690} INFO - Sync 1 DAGs
[2023-03-22T04:00:35.973+0400] {logging_mixin.py:137} INFO - [2023-03-22T04:00:35.973+0400] {dag.py:3437} INFO - Setting next_dagrun for example_trigger_controller_dag to 2021-01-01T00:00:00+00:00, run_after=2021-01-01T00:00:00+00:00
[2023-03-22T04:00:35.996+0400] {processor.py:175} INFO - Processing /home/civis/anaconda3/lib/python3.9/site-packages/airflow/example_dags/example_trigger_controller_dag.py took 0.052 seconds
[2023-03-22T04:01:15.372+0400] {processor.py:153} INFO - Started process (PID=166607) to work on /home/civis/anaconda3/lib/python3.9/site-packages/airflow/example_dags/example_trigger_controller_dag.py
[2023-03-22T04:01:15.380+0400] {processor.py:743} INFO - Processing file /home/civis/anaconda3/lib/python3.9/site-packages/airflow/example_dags/example_trigger_controller_dag.py for tasks to queue
[2023-03-22T04:01:15.382+0400] {logging_mixin.py:137} INFO - [2023-03-22T04:01:15.381+0400] {dagbag.py:538} INFO - Filling up the DagBag from /home/civis/anaconda3/lib/python3.9/site-packages/airflow/example_dags/example_trigger_controller_dag.py
[2023-03-22T04:01:15.400+0400] {processor.py:753} INFO - DAG(s) dict_keys(['example_trigger_controller_dag']) retrieved from /home/civis/anaconda3/lib/python3.9/site-packages/airflow/example_dags/example_trigger_controller_dag.py
[2023-03-22T04:01:15.408+0400] {logging_mixin.py:137} INFO - [2023-03-22T04:01:15.408+0400] {dag.py:2690} INFO - Sync 1 DAGs
[2023-03-22T04:01:15.416+0400] {logging_mixin.py:137} INFO - [2023-03-22T04:01:15.416+0400] {dag.py:3437} INFO - Setting next_dagrun for example_trigger_controller_dag to 2021-01-01T00:00:00+00:00, run_after=2021-01-01T00:00:00+00:00
[2023-03-22T04:01:15.432+0400] {processor.py:175} INFO - Processing /home/civis/anaconda3/lib/python3.9/site-packages/airflow/example_dags/example_trigger_controller_dag.py took 0.062 seconds
[2023-03-22T04:01:55.114+0400] {processor.py:153} INFO - Started process (PID=167239) to work on /home/civis/anaconda3/lib/python3.9/site-packages/airflow/example_dags/example_trigger_controller_dag.py
[2023-03-22T04:01:55.123+0400] {processor.py:743} INFO - Processing file /home/civis/anaconda3/lib/python3.9/site-packages/airflow/example_dags/example_trigger_controller_dag.py for tasks to queue
[2023-03-22T04:01:55.124+0400] {logging_mixin.py:137} INFO - [2023-03-22T04:01:55.124+0400] {dagbag.py:538} INFO - Filling up the DagBag from /home/civis/anaconda3/lib/python3.9/site-packages/airflow/example_dags/example_trigger_controller_dag.py
[2023-03-22T04:01:55.138+0400] {processor.py:753} INFO - DAG(s) dict_keys(['example_trigger_controller_dag']) retrieved from /home/civis/anaconda3/lib/python3.9/site-packages/airflow/example_dags/example_trigger_controller_dag.py
[2023-03-22T04:01:55.147+0400] {logging_mixin.py:137} INFO - [2023-03-22T04:01:55.147+0400] {dag.py:2690} INFO - Sync 1 DAGs
[2023-03-22T04:01:55.155+0400] {logging_mixin.py:137} INFO - [2023-03-22T04:01:55.155+0400] {dag.py:3437} INFO - Setting next_dagrun for example_trigger_controller_dag to 2021-01-01T00:00:00+00:00, run_after=2021-01-01T00:00:00+00:00
[2023-03-22T04:01:55.171+0400] {processor.py:175} INFO - Processing /home/civis/anaconda3/lib/python3.9/site-packages/airflow/example_dags/example_trigger_controller_dag.py took 0.058 seconds
[2023-03-22T04:02:35.077+0400] {processor.py:153} INFO - Started process (PID=168027) to work on /home/civis/anaconda3/lib/python3.9/site-packages/airflow/example_dags/example_trigger_controller_dag.py
[2023-03-22T04:02:35.078+0400] {processor.py:743} INFO - Processing file /home/civis/anaconda3/lib/python3.9/site-packages/airflow/example_dags/example_trigger_controller_dag.py for tasks to queue
[2023-03-22T04:02:35.078+0400] {logging_mixin.py:137} INFO - [2023-03-22T04:02:35.078+0400] {dagbag.py:538} INFO - Filling up the DagBag from /home/civis/anaconda3/lib/python3.9/site-packages/airflow/example_dags/example_trigger_controller_dag.py
[2023-03-22T04:02:35.088+0400] {processor.py:753} INFO - DAG(s) dict_keys(['example_trigger_controller_dag']) retrieved from /home/civis/anaconda3/lib/python3.9/site-packages/airflow/example_dags/example_trigger_controller_dag.py
[2023-03-22T04:02:35.100+0400] {logging_mixin.py:137} INFO - [2023-03-22T04:02:35.100+0400] {dag.py:2690} INFO - Sync 1 DAGs
[2023-03-22T04:02:35.109+0400] {logging_mixin.py:137} INFO - [2023-03-22T04:02:35.109+0400] {dag.py:3437} INFO - Setting next_dagrun for example_trigger_controller_dag to 2021-01-01T00:00:00+00:00, run_after=2021-01-01T00:00:00+00:00
[2023-03-22T04:02:35.125+0400] {processor.py:175} INFO - Processing /home/civis/anaconda3/lib/python3.9/site-packages/airflow/example_dags/example_trigger_controller_dag.py took 0.050 seconds
[2023-03-22T04:03:16.153+0400] {processor.py:153} INFO - Started process (PID=168905) to work on /home/civis/anaconda3/lib/python3.9/site-packages/airflow/example_dags/example_trigger_controller_dag.py
[2023-03-22T04:03:16.162+0400] {processor.py:743} INFO - Processing file /home/civis/anaconda3/lib/python3.9/site-packages/airflow/example_dags/example_trigger_controller_dag.py for tasks to queue
[2023-03-22T04:03:16.164+0400] {logging_mixin.py:137} INFO - [2023-03-22T04:03:16.164+0400] {dagbag.py:538} INFO - Filling up the DagBag from /home/civis/anaconda3/lib/python3.9/site-packages/airflow/example_dags/example_trigger_controller_dag.py
[2023-03-22T04:03:16.178+0400] {processor.py:753} INFO - DAG(s) dict_keys(['example_trigger_controller_dag']) retrieved from /home/civis/anaconda3/lib/python3.9/site-packages/airflow/example_dags/example_trigger_controller_dag.py
[2023-03-22T04:03:16.185+0400] {logging_mixin.py:137} INFO - [2023-03-22T04:03:16.185+0400] {dag.py:2690} INFO - Sync 1 DAGs
[2023-03-22T04:03:16.193+0400] {logging_mixin.py:137} INFO - [2023-03-22T04:03:16.193+0400] {dag.py:3437} INFO - Setting next_dagrun for example_trigger_controller_dag to 2021-01-01T00:00:00+00:00, run_after=2021-01-01T00:00:00+00:00
[2023-03-22T04:03:16.208+0400] {processor.py:175} INFO - Processing /home/civis/anaconda3/lib/python3.9/site-packages/airflow/example_dags/example_trigger_controller_dag.py took 0.059 seconds
[2023-03-22T04:03:54.592+0400] {processor.py:153} INFO - Started process (PID=169508) to work on /home/civis/anaconda3/lib/python3.9/site-packages/airflow/example_dags/example_trigger_controller_dag.py
[2023-03-22T04:03:54.593+0400] {processor.py:743} INFO - Processing file /home/civis/anaconda3/lib/python3.9/site-packages/airflow/example_dags/example_trigger_controller_dag.py for tasks to queue
[2023-03-22T04:03:54.593+0400] {logging_mixin.py:137} INFO - [2023-03-22T04:03:54.593+0400] {dagbag.py:538} INFO - Filling up the DagBag from /home/civis/anaconda3/lib/python3.9/site-packages/airflow/example_dags/example_trigger_controller_dag.py
[2023-03-22T04:03:54.599+0400] {processor.py:753} INFO - DAG(s) dict_keys(['example_trigger_controller_dag']) retrieved from /home/civis/anaconda3/lib/python3.9/site-packages/airflow/example_dags/example_trigger_controller_dag.py
[2023-03-22T04:03:54.609+0400] {logging_mixin.py:137} INFO - [2023-03-22T04:03:54.609+0400] {dag.py:2690} INFO - Sync 1 DAGs
[2023-03-22T04:03:54.616+0400] {logging_mixin.py:137} INFO - [2023-03-22T04:03:54.616+0400] {dag.py:3437} INFO - Setting next_dagrun for example_trigger_controller_dag to 2021-01-01T00:00:00+00:00, run_after=2021-01-01T00:00:00+00:00
[2023-03-22T04:03:54.632+0400] {processor.py:175} INFO - Processing /home/civis/anaconda3/lib/python3.9/site-packages/airflow/example_dags/example_trigger_controller_dag.py took 0.041 seconds
[2023-03-22T04:04:23.027+0400] {processor.py:153} INFO - Started process (PID=169953) to work on /home/civis/anaconda3/lib/python3.9/site-packages/airflow/example_dags/example_trigger_controller_dag.py
[2023-03-22T04:04:23.036+0400] {processor.py:743} INFO - Processing file /home/civis/anaconda3/lib/python3.9/site-packages/airflow/example_dags/example_trigger_controller_dag.py for tasks to queue
[2023-03-22T04:04:23.037+0400] {logging_mixin.py:137} INFO - [2023-03-22T04:04:23.037+0400] {dagbag.py:538} INFO - Filling up the DagBag from /home/civis/anaconda3/lib/python3.9/site-packages/airflow/example_dags/example_trigger_controller_dag.py
[2023-03-22T04:04:23.050+0400] {processor.py:753} INFO - DAG(s) dict_keys(['example_trigger_controller_dag']) retrieved from /home/civis/anaconda3/lib/python3.9/site-packages/airflow/example_dags/example_trigger_controller_dag.py
[2023-03-22T04:04:23.058+0400] {logging_mixin.py:137} INFO - [2023-03-22T04:04:23.058+0400] {dag.py:2690} INFO - Sync 1 DAGs
[2023-03-22T04:04:23.066+0400] {logging_mixin.py:137} INFO - [2023-03-22T04:04:23.066+0400] {dag.py:3437} INFO - Setting next_dagrun for example_trigger_controller_dag to 2021-01-01T00:00:00+00:00, run_after=2021-01-01T00:00:00+00:00
[2023-03-22T04:04:23.081+0400] {processor.py:175} INFO - Processing /home/civis/anaconda3/lib/python3.9/site-packages/airflow/example_dags/example_trigger_controller_dag.py took 0.057 seconds
[2023-03-22T04:05:03.197+0400] {processor.py:153} INFO - Started process (PID=170612) to work on /home/civis/anaconda3/lib/python3.9/site-packages/airflow/example_dags/example_trigger_controller_dag.py
[2023-03-22T04:05:03.206+0400] {processor.py:743} INFO - Processing file /home/civis/anaconda3/lib/python3.9/site-packages/airflow/example_dags/example_trigger_controller_dag.py for tasks to queue
[2023-03-22T04:05:03.207+0400] {logging_mixin.py:137} INFO - [2023-03-22T04:05:03.207+0400] {dagbag.py:538} INFO - Filling up the DagBag from /home/civis/anaconda3/lib/python3.9/site-packages/airflow/example_dags/example_trigger_controller_dag.py
[2023-03-22T04:05:03.222+0400] {processor.py:753} INFO - DAG(s) dict_keys(['example_trigger_controller_dag']) retrieved from /home/civis/anaconda3/lib/python3.9/site-packages/airflow/example_dags/example_trigger_controller_dag.py
[2023-03-22T04:05:03.229+0400] {logging_mixin.py:137} INFO - [2023-03-22T04:05:03.229+0400] {dag.py:2690} INFO - Sync 1 DAGs
[2023-03-22T04:05:03.237+0400] {logging_mixin.py:137} INFO - [2023-03-22T04:05:03.237+0400] {dag.py:3437} INFO - Setting next_dagrun for example_trigger_controller_dag to 2021-01-01T00:00:00+00:00, run_after=2021-01-01T00:00:00+00:00
[2023-03-22T04:05:03.252+0400] {processor.py:175} INFO - Processing /home/civis/anaconda3/lib/python3.9/site-packages/airflow/example_dags/example_trigger_controller_dag.py took 0.056 seconds
[2023-03-22T04:05:42.053+0400] {processor.py:153} INFO - Started process (PID=171221) to work on /home/civis/anaconda3/lib/python3.9/site-packages/airflow/example_dags/example_trigger_controller_dag.py
[2023-03-22T04:05:42.053+0400] {processor.py:743} INFO - Processing file /home/civis/anaconda3/lib/python3.9/site-packages/airflow/example_dags/example_trigger_controller_dag.py for tasks to queue
[2023-03-22T04:05:42.054+0400] {logging_mixin.py:137} INFO - [2023-03-22T04:05:42.054+0400] {dagbag.py:538} INFO - Filling up the DagBag from /home/civis/anaconda3/lib/python3.9/site-packages/airflow/example_dags/example_trigger_controller_dag.py
[2023-03-22T04:05:42.059+0400] {processor.py:753} INFO - DAG(s) dict_keys(['example_trigger_controller_dag']) retrieved from /home/civis/anaconda3/lib/python3.9/site-packages/airflow/example_dags/example_trigger_controller_dag.py
[2023-03-22T04:05:42.067+0400] {logging_mixin.py:137} INFO - [2023-03-22T04:05:42.066+0400] {dag.py:2690} INFO - Sync 1 DAGs
[2023-03-22T04:05:42.074+0400] {logging_mixin.py:137} INFO - [2023-03-22T04:05:42.074+0400] {dag.py:3437} INFO - Setting next_dagrun for example_trigger_controller_dag to 2021-01-01T00:00:00+00:00, run_after=2021-01-01T00:00:00+00:00
[2023-03-22T04:05:42.089+0400] {processor.py:175} INFO - Processing /home/civis/anaconda3/lib/python3.9/site-packages/airflow/example_dags/example_trigger_controller_dag.py took 0.039 seconds
[2023-03-22T04:06:23.572+0400] {processor.py:153} INFO - Started process (PID=171903) to work on /home/civis/anaconda3/lib/python3.9/site-packages/airflow/example_dags/example_trigger_controller_dag.py
[2023-03-22T04:06:23.572+0400] {processor.py:743} INFO - Processing file /home/civis/anaconda3/lib/python3.9/site-packages/airflow/example_dags/example_trigger_controller_dag.py for tasks to queue
[2023-03-22T04:06:23.572+0400] {logging_mixin.py:137} INFO - [2023-03-22T04:06:23.572+0400] {dagbag.py:538} INFO - Filling up the DagBag from /home/civis/anaconda3/lib/python3.9/site-packages/airflow/example_dags/example_trigger_controller_dag.py
[2023-03-22T04:06:23.577+0400] {processor.py:753} INFO - DAG(s) dict_keys(['example_trigger_controller_dag']) retrieved from /home/civis/anaconda3/lib/python3.9/site-packages/airflow/example_dags/example_trigger_controller_dag.py
[2023-03-22T04:06:23.584+0400] {logging_mixin.py:137} INFO - [2023-03-22T04:06:23.584+0400] {dag.py:2690} INFO - Sync 1 DAGs
[2023-03-22T04:06:23.592+0400] {logging_mixin.py:137} INFO - [2023-03-22T04:06:23.591+0400] {dag.py:3437} INFO - Setting next_dagrun for example_trigger_controller_dag to 2021-01-01T00:00:00+00:00, run_after=2021-01-01T00:00:00+00:00
[2023-03-22T04:06:23.606+0400] {processor.py:175} INFO - Processing /home/civis/anaconda3/lib/python3.9/site-packages/airflow/example_dags/example_trigger_controller_dag.py took 0.036 seconds
[2023-03-22T04:07:01.837+0400] {processor.py:153} INFO - Started process (PID=172509) to work on /home/civis/anaconda3/lib/python3.9/site-packages/airflow/example_dags/example_trigger_controller_dag.py
[2023-03-22T04:07:01.846+0400] {processor.py:743} INFO - Processing file /home/civis/anaconda3/lib/python3.9/site-packages/airflow/example_dags/example_trigger_controller_dag.py for tasks to queue
[2023-03-22T04:07:01.847+0400] {logging_mixin.py:137} INFO - [2023-03-22T04:07:01.847+0400] {dagbag.py:538} INFO - Filling up the DagBag from /home/civis/anaconda3/lib/python3.9/site-packages/airflow/example_dags/example_trigger_controller_dag.py
[2023-03-22T04:07:01.861+0400] {processor.py:753} INFO - DAG(s) dict_keys(['example_trigger_controller_dag']) retrieved from /home/civis/anaconda3/lib/python3.9/site-packages/airflow/example_dags/example_trigger_controller_dag.py
[2023-03-22T04:07:01.869+0400] {logging_mixin.py:137} INFO - [2023-03-22T04:07:01.869+0400] {dag.py:2690} INFO - Sync 1 DAGs
[2023-03-22T04:07:01.880+0400] {logging_mixin.py:137} INFO - [2023-03-22T04:07:01.880+0400] {dag.py:3437} INFO - Setting next_dagrun for example_trigger_controller_dag to 2021-01-01T00:00:00+00:00, run_after=2021-01-01T00:00:00+00:00
[2023-03-22T04:07:01.896+0400] {processor.py:175} INFO - Processing /home/civis/anaconda3/lib/python3.9/site-packages/airflow/example_dags/example_trigger_controller_dag.py took 0.060 seconds
[2023-03-22T04:07:44.666+0400] {processor.py:153} INFO - Started process (PID=173208) to work on /home/civis/anaconda3/lib/python3.9/site-packages/airflow/example_dags/example_trigger_controller_dag.py
[2023-03-22T04:07:44.674+0400] {processor.py:743} INFO - Processing file /home/civis/anaconda3/lib/python3.9/site-packages/airflow/example_dags/example_trigger_controller_dag.py for tasks to queue
[2023-03-22T04:07:44.675+0400] {logging_mixin.py:137} INFO - [2023-03-22T04:07:44.675+0400] {dagbag.py:538} INFO - Filling up the DagBag from /home/civis/anaconda3/lib/python3.9/site-packages/airflow/example_dags/example_trigger_controller_dag.py
[2023-03-22T04:07:44.683+0400] {processor.py:753} INFO - DAG(s) dict_keys(['example_trigger_controller_dag']) retrieved from /home/civis/anaconda3/lib/python3.9/site-packages/airflow/example_dags/example_trigger_controller_dag.py
[2023-03-22T04:07:44.694+0400] {logging_mixin.py:137} INFO - [2023-03-22T04:07:44.694+0400] {dag.py:2690} INFO - Sync 1 DAGs
[2023-03-22T04:07:44.702+0400] {logging_mixin.py:137} INFO - [2023-03-22T04:07:44.702+0400] {dag.py:3437} INFO - Setting next_dagrun for example_trigger_controller_dag to 2021-01-01T00:00:00+00:00, run_after=2021-01-01T00:00:00+00:00
[2023-03-22T04:07:44.717+0400] {processor.py:175} INFO - Processing /home/civis/anaconda3/lib/python3.9/site-packages/airflow/example_dags/example_trigger_controller_dag.py took 0.052 seconds
[2023-03-22T04:08:24.074+0400] {processor.py:153} INFO - Started process (PID=173873) to work on /home/civis/anaconda3/lib/python3.9/site-packages/airflow/example_dags/example_trigger_controller_dag.py
[2023-03-22T04:08:24.082+0400] {processor.py:743} INFO - Processing file /home/civis/anaconda3/lib/python3.9/site-packages/airflow/example_dags/example_trigger_controller_dag.py for tasks to queue
[2023-03-22T04:08:24.084+0400] {logging_mixin.py:137} INFO - [2023-03-22T04:08:24.083+0400] {dagbag.py:538} INFO - Filling up the DagBag from /home/civis/anaconda3/lib/python3.9/site-packages/airflow/example_dags/example_trigger_controller_dag.py
[2023-03-22T04:08:24.099+0400] {processor.py:753} INFO - DAG(s) dict_keys(['example_trigger_controller_dag']) retrieved from /home/civis/anaconda3/lib/python3.9/site-packages/airflow/example_dags/example_trigger_controller_dag.py
[2023-03-22T04:08:24.106+0400] {logging_mixin.py:137} INFO - [2023-03-22T04:08:24.106+0400] {dag.py:2690} INFO - Sync 1 DAGs
[2023-03-22T04:08:24.114+0400] {logging_mixin.py:137} INFO - [2023-03-22T04:08:24.114+0400] {dag.py:3437} INFO - Setting next_dagrun for example_trigger_controller_dag to 2021-01-01T00:00:00+00:00, run_after=2021-01-01T00:00:00+00:00
[2023-03-22T04:08:24.128+0400] {processor.py:175} INFO - Processing /home/civis/anaconda3/lib/python3.9/site-packages/airflow/example_dags/example_trigger_controller_dag.py took 0.057 seconds
[2023-03-22T04:09:04.262+0400] {processor.py:153} INFO - Started process (PID=175780) to work on /home/civis/anaconda3/lib/python3.9/site-packages/airflow/example_dags/example_trigger_controller_dag.py
[2023-03-22T04:09:04.271+0400] {processor.py:743} INFO - Processing file /home/civis/anaconda3/lib/python3.9/site-packages/airflow/example_dags/example_trigger_controller_dag.py for tasks to queue
[2023-03-22T04:09:04.272+0400] {logging_mixin.py:137} INFO - [2023-03-22T04:09:04.272+0400] {dagbag.py:538} INFO - Filling up the DagBag from /home/civis/anaconda3/lib/python3.9/site-packages/airflow/example_dags/example_trigger_controller_dag.py
[2023-03-22T04:09:04.285+0400] {processor.py:753} INFO - DAG(s) dict_keys(['example_trigger_controller_dag']) retrieved from /home/civis/anaconda3/lib/python3.9/site-packages/airflow/example_dags/example_trigger_controller_dag.py
[2023-03-22T04:09:04.293+0400] {logging_mixin.py:137} INFO - [2023-03-22T04:09:04.293+0400] {dag.py:2690} INFO - Sync 1 DAGs
[2023-03-22T04:09:04.301+0400] {logging_mixin.py:137} INFO - [2023-03-22T04:09:04.301+0400] {dag.py:3437} INFO - Setting next_dagrun for example_trigger_controller_dag to 2021-01-01T00:00:00+00:00, run_after=2021-01-01T00:00:00+00:00
[2023-03-22T04:09:04.316+0400] {processor.py:175} INFO - Processing /home/civis/anaconda3/lib/python3.9/site-packages/airflow/example_dags/example_trigger_controller_dag.py took 0.060 seconds
[2023-03-22T04:09:48.401+0400] {processor.py:153} INFO - Started process (PID=176535) to work on /home/civis/anaconda3/lib/python3.9/site-packages/airflow/example_dags/example_trigger_controller_dag.py
[2023-03-22T04:09:48.402+0400] {processor.py:743} INFO - Processing file /home/civis/anaconda3/lib/python3.9/site-packages/airflow/example_dags/example_trigger_controller_dag.py for tasks to queue
[2023-03-22T04:09:48.402+0400] {logging_mixin.py:137} INFO - [2023-03-22T04:09:48.402+0400] {dagbag.py:538} INFO - Filling up the DagBag from /home/civis/anaconda3/lib/python3.9/site-packages/airflow/example_dags/example_trigger_controller_dag.py
[2023-03-22T04:09:48.406+0400] {processor.py:753} INFO - DAG(s) dict_keys(['example_trigger_controller_dag']) retrieved from /home/civis/anaconda3/lib/python3.9/site-packages/airflow/example_dags/example_trigger_controller_dag.py
[2023-03-22T04:09:48.413+0400] {logging_mixin.py:137} INFO - [2023-03-22T04:09:48.413+0400] {dag.py:2690} INFO - Sync 1 DAGs
[2023-03-22T04:09:48.421+0400] {logging_mixin.py:137} INFO - [2023-03-22T04:09:48.421+0400] {dag.py:3437} INFO - Setting next_dagrun for example_trigger_controller_dag to 2021-01-01T00:00:00+00:00, run_after=2021-01-01T00:00:00+00:00
[2023-03-22T04:09:48.436+0400] {processor.py:175} INFO - Processing /home/civis/anaconda3/lib/python3.9/site-packages/airflow/example_dags/example_trigger_controller_dag.py took 0.037 seconds
[2023-03-22T04:10:30.143+0400] {processor.py:153} INFO - Started process (PID=177178) to work on /home/civis/anaconda3/lib/python3.9/site-packages/airflow/example_dags/example_trigger_controller_dag.py
[2023-03-22T04:10:30.144+0400] {processor.py:743} INFO - Processing file /home/civis/anaconda3/lib/python3.9/site-packages/airflow/example_dags/example_trigger_controller_dag.py for tasks to queue
[2023-03-22T04:10:30.144+0400] {logging_mixin.py:137} INFO - [2023-03-22T04:10:30.144+0400] {dagbag.py:538} INFO - Filling up the DagBag from /home/civis/anaconda3/lib/python3.9/site-packages/airflow/example_dags/example_trigger_controller_dag.py
[2023-03-22T04:10:30.148+0400] {processor.py:753} INFO - DAG(s) dict_keys(['example_trigger_controller_dag']) retrieved from /home/civis/anaconda3/lib/python3.9/site-packages/airflow/example_dags/example_trigger_controller_dag.py
[2023-03-22T04:10:30.161+0400] {logging_mixin.py:137} INFO - [2023-03-22T04:10:30.161+0400] {dag.py:2690} INFO - Sync 1 DAGs
[2023-03-22T04:10:30.169+0400] {logging_mixin.py:137} INFO - [2023-03-22T04:10:30.169+0400] {dag.py:3437} INFO - Setting next_dagrun for example_trigger_controller_dag to 2021-01-01T00:00:00+00:00, run_after=2021-01-01T00:00:00+00:00
[2023-03-22T04:10:30.184+0400] {processor.py:175} INFO - Processing /home/civis/anaconda3/lib/python3.9/site-packages/airflow/example_dags/example_trigger_controller_dag.py took 0.043 seconds
[2023-03-22T04:11:09.725+0400] {processor.py:153} INFO - Started process (PID=177889) to work on /home/civis/anaconda3/lib/python3.9/site-packages/airflow/example_dags/example_trigger_controller_dag.py
[2023-03-22T04:11:09.733+0400] {processor.py:743} INFO - Processing file /home/civis/anaconda3/lib/python3.9/site-packages/airflow/example_dags/example_trigger_controller_dag.py for tasks to queue
[2023-03-22T04:11:09.734+0400] {logging_mixin.py:137} INFO - [2023-03-22T04:11:09.734+0400] {dagbag.py:538} INFO - Filling up the DagBag from /home/civis/anaconda3/lib/python3.9/site-packages/airflow/example_dags/example_trigger_controller_dag.py
[2023-03-22T04:11:09.748+0400] {processor.py:753} INFO - DAG(s) dict_keys(['example_trigger_controller_dag']) retrieved from /home/civis/anaconda3/lib/python3.9/site-packages/airflow/example_dags/example_trigger_controller_dag.py
[2023-03-22T04:11:09.758+0400] {logging_mixin.py:137} INFO - [2023-03-22T04:11:09.758+0400] {dag.py:2690} INFO - Sync 1 DAGs
[2023-03-22T04:11:09.766+0400] {logging_mixin.py:137} INFO - [2023-03-22T04:11:09.766+0400] {dag.py:3437} INFO - Setting next_dagrun for example_trigger_controller_dag to 2021-01-01T00:00:00+00:00, run_after=2021-01-01T00:00:00+00:00
[2023-03-22T04:11:09.783+0400] {processor.py:175} INFO - Processing /home/civis/anaconda3/lib/python3.9/site-packages/airflow/example_dags/example_trigger_controller_dag.py took 0.061 seconds
