[2023-03-22T04:00:37.856+0400] {processor.py:153} INFO - Started process (PID=166052) to work on /home/civis/anaconda3/lib/python3.9/site-packages/airflow/example_dags/example_skip_dag.py
[2023-03-22T04:00:37.857+0400] {processor.py:743} INFO - Processing file /home/civis/anaconda3/lib/python3.9/site-packages/airflow/example_dags/example_skip_dag.py for tasks to queue
[2023-03-22T04:00:37.857+0400] {logging_mixin.py:137} INFO - [2023-03-22T04:00:37.857+0400] {dagbag.py:538} INFO - Filling up the DagBag from /home/civis/anaconda3/lib/python3.9/site-packages/airflow/example_dags/example_skip_dag.py
[2023-03-22T04:00:37.868+0400] {processor.py:753} INFO - DAG(s) dict_keys(['example_skip_dag']) retrieved from /home/civis/anaconda3/lib/python3.9/site-packages/airflow/example_dags/example_skip_dag.py
[2023-03-22T04:00:37.879+0400] {logging_mixin.py:137} INFO - [2023-03-22T04:00:37.879+0400] {dag.py:2690} INFO - Sync 1 DAGs
[2023-03-22T04:00:37.888+0400] {logging_mixin.py:137} INFO - [2023-03-22T04:00:37.888+0400] {dag.py:3437} INFO - Setting next_dagrun for example_skip_dag to 2023-03-21T00:00:37.888019+00:00, run_after=2023-03-22T00:00:37.888019+00:00
[2023-03-22T04:00:37.913+0400] {processor.py:175} INFO - Processing /home/civis/anaconda3/lib/python3.9/site-packages/airflow/example_dags/example_skip_dag.py took 0.060 seconds
[2023-03-22T04:01:17.663+0400] {processor.py:153} INFO - Started process (PID=166633) to work on /home/civis/anaconda3/lib/python3.9/site-packages/airflow/example_dags/example_skip_dag.py
[2023-03-22T04:01:17.672+0400] {processor.py:743} INFO - Processing file /home/civis/anaconda3/lib/python3.9/site-packages/airflow/example_dags/example_skip_dag.py for tasks to queue
[2023-03-22T04:01:17.673+0400] {logging_mixin.py:137} INFO - [2023-03-22T04:01:17.673+0400] {dagbag.py:538} INFO - Filling up the DagBag from /home/civis/anaconda3/lib/python3.9/site-packages/airflow/example_dags/example_skip_dag.py
[2023-03-22T04:01:17.689+0400] {processor.py:753} INFO - DAG(s) dict_keys(['example_skip_dag']) retrieved from /home/civis/anaconda3/lib/python3.9/site-packages/airflow/example_dags/example_skip_dag.py
[2023-03-22T04:01:17.696+0400] {logging_mixin.py:137} INFO - [2023-03-22T04:01:17.696+0400] {dag.py:2690} INFO - Sync 1 DAGs
[2023-03-22T04:01:17.704+0400] {logging_mixin.py:137} INFO - [2023-03-22T04:01:17.704+0400] {dag.py:3437} INFO - Setting next_dagrun for example_skip_dag to 2023-03-21T00:01:17.704472+00:00, run_after=2023-03-22T00:01:17.704472+00:00
[2023-03-22T04:01:17.720+0400] {processor.py:175} INFO - Processing /home/civis/anaconda3/lib/python3.9/site-packages/airflow/example_dags/example_skip_dag.py took 0.060 seconds
[2023-03-22T04:01:57.087+0400] {processor.py:153} INFO - Started process (PID=167282) to work on /home/civis/anaconda3/lib/python3.9/site-packages/airflow/example_dags/example_skip_dag.py
[2023-03-22T04:01:57.096+0400] {processor.py:743} INFO - Processing file /home/civis/anaconda3/lib/python3.9/site-packages/airflow/example_dags/example_skip_dag.py for tasks to queue
[2023-03-22T04:01:57.097+0400] {logging_mixin.py:137} INFO - [2023-03-22T04:01:57.097+0400] {dagbag.py:538} INFO - Filling up the DagBag from /home/civis/anaconda3/lib/python3.9/site-packages/airflow/example_dags/example_skip_dag.py
[2023-03-22T04:01:57.113+0400] {processor.py:753} INFO - DAG(s) dict_keys(['example_skip_dag']) retrieved from /home/civis/anaconda3/lib/python3.9/site-packages/airflow/example_dags/example_skip_dag.py
[2023-03-22T04:01:57.120+0400] {logging_mixin.py:137} INFO - [2023-03-22T04:01:57.120+0400] {dag.py:2690} INFO - Sync 1 DAGs
[2023-03-22T04:01:57.127+0400] {logging_mixin.py:137} INFO - [2023-03-22T04:01:57.127+0400] {dag.py:3437} INFO - Setting next_dagrun for example_skip_dag to 2023-03-21T00:01:57.127842+00:00, run_after=2023-03-22T00:01:57.127842+00:00
[2023-03-22T04:01:57.142+0400] {processor.py:175} INFO - Processing /home/civis/anaconda3/lib/python3.9/site-packages/airflow/example_dags/example_skip_dag.py took 0.058 seconds
[2023-03-22T04:02:36.497+0400] {processor.py:153} INFO - Started process (PID=168059) to work on /home/civis/anaconda3/lib/python3.9/site-packages/airflow/example_dags/example_skip_dag.py
[2023-03-22T04:02:36.498+0400] {processor.py:743} INFO - Processing file /home/civis/anaconda3/lib/python3.9/site-packages/airflow/example_dags/example_skip_dag.py for tasks to queue
[2023-03-22T04:02:36.498+0400] {logging_mixin.py:137} INFO - [2023-03-22T04:02:36.498+0400] {dagbag.py:538} INFO - Filling up the DagBag from /home/civis/anaconda3/lib/python3.9/site-packages/airflow/example_dags/example_skip_dag.py
[2023-03-22T04:02:36.504+0400] {processor.py:753} INFO - DAG(s) dict_keys(['example_skip_dag']) retrieved from /home/civis/anaconda3/lib/python3.9/site-packages/airflow/example_dags/example_skip_dag.py
[2023-03-22T04:02:36.511+0400] {logging_mixin.py:137} INFO - [2023-03-22T04:02:36.511+0400] {dag.py:2690} INFO - Sync 1 DAGs
[2023-03-22T04:02:36.519+0400] {logging_mixin.py:137} INFO - [2023-03-22T04:02:36.519+0400] {dag.py:3437} INFO - Setting next_dagrun for example_skip_dag to 2023-03-21T00:02:36.519456+00:00, run_after=2023-03-22T00:02:36.519456+00:00
[2023-03-22T04:02:36.541+0400] {processor.py:175} INFO - Processing /home/civis/anaconda3/lib/python3.9/site-packages/airflow/example_dags/example_skip_dag.py took 0.046 seconds
[2023-03-22T04:03:18.087+0400] {processor.py:153} INFO - Started process (PID=168932) to work on /home/civis/anaconda3/lib/python3.9/site-packages/airflow/example_dags/example_skip_dag.py
[2023-03-22T04:03:18.096+0400] {processor.py:743} INFO - Processing file /home/civis/anaconda3/lib/python3.9/site-packages/airflow/example_dags/example_skip_dag.py for tasks to queue
[2023-03-22T04:03:18.097+0400] {logging_mixin.py:137} INFO - [2023-03-22T04:03:18.097+0400] {dagbag.py:538} INFO - Filling up the DagBag from /home/civis/anaconda3/lib/python3.9/site-packages/airflow/example_dags/example_skip_dag.py
[2023-03-22T04:03:18.113+0400] {processor.py:753} INFO - DAG(s) dict_keys(['example_skip_dag']) retrieved from /home/civis/anaconda3/lib/python3.9/site-packages/airflow/example_dags/example_skip_dag.py
[2023-03-22T04:03:18.120+0400] {logging_mixin.py:137} INFO - [2023-03-22T04:03:18.120+0400] {dag.py:2690} INFO - Sync 1 DAGs
[2023-03-22T04:03:18.127+0400] {logging_mixin.py:137} INFO - [2023-03-22T04:03:18.127+0400] {dag.py:3437} INFO - Setting next_dagrun for example_skip_dag to 2023-03-21T00:03:18.127482+00:00, run_after=2023-03-22T00:03:18.127482+00:00
[2023-03-22T04:03:18.142+0400] {processor.py:175} INFO - Processing /home/civis/anaconda3/lib/python3.9/site-packages/airflow/example_dags/example_skip_dag.py took 0.057 seconds
[2023-03-22T04:03:56.877+0400] {processor.py:153} INFO - Started process (PID=169558) to work on /home/civis/anaconda3/lib/python3.9/site-packages/airflow/example_dags/example_skip_dag.py
[2023-03-22T04:03:56.886+0400] {processor.py:743} INFO - Processing file /home/civis/anaconda3/lib/python3.9/site-packages/airflow/example_dags/example_skip_dag.py for tasks to queue
[2023-03-22T04:03:56.886+0400] {logging_mixin.py:137} INFO - [2023-03-22T04:03:56.886+0400] {dagbag.py:538} INFO - Filling up the DagBag from /home/civis/anaconda3/lib/python3.9/site-packages/airflow/example_dags/example_skip_dag.py
[2023-03-22T04:03:56.894+0400] {processor.py:753} INFO - DAG(s) dict_keys(['example_skip_dag']) retrieved from /home/civis/anaconda3/lib/python3.9/site-packages/airflow/example_dags/example_skip_dag.py
[2023-03-22T04:03:56.904+0400] {logging_mixin.py:137} INFO - [2023-03-22T04:03:56.904+0400] {dag.py:2690} INFO - Sync 1 DAGs
[2023-03-22T04:03:56.916+0400] {logging_mixin.py:137} INFO - [2023-03-22T04:03:56.916+0400] {dag.py:3437} INFO - Setting next_dagrun for example_skip_dag to 2023-03-21T00:03:56.914664+00:00, run_after=2023-03-22T00:03:56.914664+00:00
[2023-03-22T04:03:56.934+0400] {processor.py:175} INFO - Processing /home/civis/anaconda3/lib/python3.9/site-packages/airflow/example_dags/example_skip_dag.py took 0.058 seconds
[2023-03-22T04:04:23.608+0400] {processor.py:153} INFO - Started process (PID=169969) to work on /home/civis/anaconda3/lib/python3.9/site-packages/airflow/example_dags/example_skip_dag.py
[2023-03-22T04:04:23.617+0400] {processor.py:743} INFO - Processing file /home/civis/anaconda3/lib/python3.9/site-packages/airflow/example_dags/example_skip_dag.py for tasks to queue
[2023-03-22T04:04:23.618+0400] {logging_mixin.py:137} INFO - [2023-03-22T04:04:23.618+0400] {dagbag.py:538} INFO - Filling up the DagBag from /home/civis/anaconda3/lib/python3.9/site-packages/airflow/example_dags/example_skip_dag.py
[2023-03-22T04:04:23.634+0400] {processor.py:753} INFO - DAG(s) dict_keys(['example_skip_dag']) retrieved from /home/civis/anaconda3/lib/python3.9/site-packages/airflow/example_dags/example_skip_dag.py
[2023-03-22T04:04:23.642+0400] {logging_mixin.py:137} INFO - [2023-03-22T04:04:23.642+0400] {dag.py:2690} INFO - Sync 1 DAGs
[2023-03-22T04:04:23.649+0400] {logging_mixin.py:137} INFO - [2023-03-22T04:04:23.649+0400] {dag.py:3437} INFO - Setting next_dagrun for example_skip_dag to 2023-03-21T00:04:23.649585+00:00, run_after=2023-03-22T00:04:23.649585+00:00
[2023-03-22T04:04:23.665+0400] {processor.py:175} INFO - Processing /home/civis/anaconda3/lib/python3.9/site-packages/airflow/example_dags/example_skip_dag.py took 0.059 seconds
[2023-03-22T04:05:04.900+0400] {processor.py:153} INFO - Started process (PID=170638) to work on /home/civis/anaconda3/lib/python3.9/site-packages/airflow/example_dags/example_skip_dag.py
[2023-03-22T04:05:04.909+0400] {processor.py:743} INFO - Processing file /home/civis/anaconda3/lib/python3.9/site-packages/airflow/example_dags/example_skip_dag.py for tasks to queue
[2023-03-22T04:05:04.910+0400] {logging_mixin.py:137} INFO - [2023-03-22T04:05:04.909+0400] {dagbag.py:538} INFO - Filling up the DagBag from /home/civis/anaconda3/lib/python3.9/site-packages/airflow/example_dags/example_skip_dag.py
[2023-03-22T04:05:04.919+0400] {processor.py:753} INFO - DAG(s) dict_keys(['example_skip_dag']) retrieved from /home/civis/anaconda3/lib/python3.9/site-packages/airflow/example_dags/example_skip_dag.py
[2023-03-22T04:05:04.926+0400] {logging_mixin.py:137} INFO - [2023-03-22T04:05:04.926+0400] {dag.py:2690} INFO - Sync 1 DAGs
[2023-03-22T04:05:04.934+0400] {logging_mixin.py:137} INFO - [2023-03-22T04:05:04.933+0400] {dag.py:3437} INFO - Setting next_dagrun for example_skip_dag to 2023-03-21T00:05:04.933840+00:00, run_after=2023-03-22T00:05:04.933840+00:00
[2023-03-22T04:05:04.949+0400] {processor.py:175} INFO - Processing /home/civis/anaconda3/lib/python3.9/site-packages/airflow/example_dags/example_skip_dag.py took 0.052 seconds
[2023-03-22T04:05:44.342+0400] {processor.py:153} INFO - Started process (PID=171247) to work on /home/civis/anaconda3/lib/python3.9/site-packages/airflow/example_dags/example_skip_dag.py
[2023-03-22T04:05:44.351+0400] {processor.py:743} INFO - Processing file /home/civis/anaconda3/lib/python3.9/site-packages/airflow/example_dags/example_skip_dag.py for tasks to queue
[2023-03-22T04:05:44.351+0400] {logging_mixin.py:137} INFO - [2023-03-22T04:05:44.351+0400] {dagbag.py:538} INFO - Filling up the DagBag from /home/civis/anaconda3/lib/python3.9/site-packages/airflow/example_dags/example_skip_dag.py
[2023-03-22T04:05:44.361+0400] {processor.py:753} INFO - DAG(s) dict_keys(['example_skip_dag']) retrieved from /home/civis/anaconda3/lib/python3.9/site-packages/airflow/example_dags/example_skip_dag.py
[2023-03-22T04:05:44.368+0400] {logging_mixin.py:137} INFO - [2023-03-22T04:05:44.368+0400] {dag.py:2690} INFO - Sync 1 DAGs
[2023-03-22T04:05:44.376+0400] {logging_mixin.py:137} INFO - [2023-03-22T04:05:44.375+0400] {dag.py:3437} INFO - Setting next_dagrun for example_skip_dag to 2023-03-21T00:05:44.375894+00:00, run_after=2023-03-22T00:05:44.375894+00:00
[2023-03-22T04:05:44.391+0400] {processor.py:175} INFO - Processing /home/civis/anaconda3/lib/python3.9/site-packages/airflow/example_dags/example_skip_dag.py took 0.052 seconds
[2023-03-22T04:06:25.552+0400] {processor.py:153} INFO - Started process (PID=171933) to work on /home/civis/anaconda3/lib/python3.9/site-packages/airflow/example_dags/example_skip_dag.py
[2023-03-22T04:06:25.561+0400] {processor.py:743} INFO - Processing file /home/civis/anaconda3/lib/python3.9/site-packages/airflow/example_dags/example_skip_dag.py for tasks to queue
[2023-03-22T04:06:25.562+0400] {logging_mixin.py:137} INFO - [2023-03-22T04:06:25.562+0400] {dagbag.py:538} INFO - Filling up the DagBag from /home/civis/anaconda3/lib/python3.9/site-packages/airflow/example_dags/example_skip_dag.py
[2023-03-22T04:06:25.580+0400] {processor.py:753} INFO - DAG(s) dict_keys(['example_skip_dag']) retrieved from /home/civis/anaconda3/lib/python3.9/site-packages/airflow/example_dags/example_skip_dag.py
[2023-03-22T04:06:25.587+0400] {logging_mixin.py:137} INFO - [2023-03-22T04:06:25.587+0400] {dag.py:2690} INFO - Sync 1 DAGs
[2023-03-22T04:06:25.595+0400] {logging_mixin.py:137} INFO - [2023-03-22T04:06:25.595+0400] {dag.py:3437} INFO - Setting next_dagrun for example_skip_dag to 2023-03-21T00:06:25.595407+00:00, run_after=2023-03-22T00:06:25.595407+00:00
[2023-03-22T04:06:25.610+0400] {processor.py:175} INFO - Processing /home/civis/anaconda3/lib/python3.9/site-packages/airflow/example_dags/example_skip_dag.py took 0.061 seconds
[2023-03-22T04:07:03.706+0400] {processor.py:153} INFO - Started process (PID=172531) to work on /home/civis/anaconda3/lib/python3.9/site-packages/airflow/example_dags/example_skip_dag.py
[2023-03-22T04:07:03.715+0400] {processor.py:743} INFO - Processing file /home/civis/anaconda3/lib/python3.9/site-packages/airflow/example_dags/example_skip_dag.py for tasks to queue
[2023-03-22T04:07:03.715+0400] {logging_mixin.py:137} INFO - [2023-03-22T04:07:03.715+0400] {dagbag.py:538} INFO - Filling up the DagBag from /home/civis/anaconda3/lib/python3.9/site-packages/airflow/example_dags/example_skip_dag.py
[2023-03-22T04:07:03.721+0400] {processor.py:753} INFO - DAG(s) dict_keys(['example_skip_dag']) retrieved from /home/civis/anaconda3/lib/python3.9/site-packages/airflow/example_dags/example_skip_dag.py
[2023-03-22T04:07:03.729+0400] {logging_mixin.py:137} INFO - [2023-03-22T04:07:03.729+0400] {dag.py:2690} INFO - Sync 1 DAGs
[2023-03-22T04:07:03.738+0400] {logging_mixin.py:137} INFO - [2023-03-22T04:07:03.738+0400] {dag.py:3437} INFO - Setting next_dagrun for example_skip_dag to 2023-03-21T00:07:03.738323+00:00, run_after=2023-03-22T00:07:03.738323+00:00
[2023-03-22T04:07:03.753+0400] {processor.py:175} INFO - Processing /home/civis/anaconda3/lib/python3.9/site-packages/airflow/example_dags/example_skip_dag.py took 0.049 seconds
[2023-03-22T04:07:46.455+0400] {processor.py:153} INFO - Started process (PID=173241) to work on /home/civis/anaconda3/lib/python3.9/site-packages/airflow/example_dags/example_skip_dag.py
[2023-03-22T04:07:46.464+0400] {processor.py:743} INFO - Processing file /home/civis/anaconda3/lib/python3.9/site-packages/airflow/example_dags/example_skip_dag.py for tasks to queue
[2023-03-22T04:07:46.465+0400] {logging_mixin.py:137} INFO - [2023-03-22T04:07:46.465+0400] {dagbag.py:538} INFO - Filling up the DagBag from /home/civis/anaconda3/lib/python3.9/site-packages/airflow/example_dags/example_skip_dag.py
[2023-03-22T04:07:46.481+0400] {processor.py:753} INFO - DAG(s) dict_keys(['example_skip_dag']) retrieved from /home/civis/anaconda3/lib/python3.9/site-packages/airflow/example_dags/example_skip_dag.py
[2023-03-22T04:07:46.488+0400] {logging_mixin.py:137} INFO - [2023-03-22T04:07:46.488+0400] {dag.py:2690} INFO - Sync 1 DAGs
[2023-03-22T04:07:46.495+0400] {logging_mixin.py:137} INFO - [2023-03-22T04:07:46.495+0400] {dag.py:3437} INFO - Setting next_dagrun for example_skip_dag to 2023-03-21T00:07:46.495803+00:00, run_after=2023-03-22T00:07:46.495803+00:00
[2023-03-22T04:07:46.515+0400] {processor.py:175} INFO - Processing /home/civis/anaconda3/lib/python3.9/site-packages/airflow/example_dags/example_skip_dag.py took 0.061 seconds
[2023-03-22T04:08:25.603+0400] {processor.py:153} INFO - Started process (PID=173919) to work on /home/civis/anaconda3/lib/python3.9/site-packages/airflow/example_dags/example_skip_dag.py
[2023-03-22T04:08:25.612+0400] {processor.py:743} INFO - Processing file /home/civis/anaconda3/lib/python3.9/site-packages/airflow/example_dags/example_skip_dag.py for tasks to queue
[2023-03-22T04:08:25.613+0400] {logging_mixin.py:137} INFO - [2023-03-22T04:08:25.613+0400] {dagbag.py:538} INFO - Filling up the DagBag from /home/civis/anaconda3/lib/python3.9/site-packages/airflow/example_dags/example_skip_dag.py
[2023-03-22T04:08:25.636+0400] {processor.py:753} INFO - DAG(s) dict_keys(['example_skip_dag']) retrieved from /home/civis/anaconda3/lib/python3.9/site-packages/airflow/example_dags/example_skip_dag.py
[2023-03-22T04:08:25.645+0400] {logging_mixin.py:137} INFO - [2023-03-22T04:08:25.645+0400] {dag.py:2690} INFO - Sync 1 DAGs
[2023-03-22T04:08:25.653+0400] {logging_mixin.py:137} INFO - [2023-03-22T04:08:25.653+0400] {dag.py:3437} INFO - Setting next_dagrun for example_skip_dag to 2023-03-21T00:08:25.653168+00:00, run_after=2023-03-22T00:08:25.653168+00:00
[2023-03-22T04:08:25.668+0400] {processor.py:175} INFO - Processing /home/civis/anaconda3/lib/python3.9/site-packages/airflow/example_dags/example_skip_dag.py took 0.066 seconds
[2023-03-22T04:09:06.549+0400] {processor.py:153} INFO - Started process (PID=175811) to work on /home/civis/anaconda3/lib/python3.9/site-packages/airflow/example_dags/example_skip_dag.py
[2023-03-22T04:09:06.558+0400] {processor.py:743} INFO - Processing file /home/civis/anaconda3/lib/python3.9/site-packages/airflow/example_dags/example_skip_dag.py for tasks to queue
[2023-03-22T04:09:06.558+0400] {logging_mixin.py:137} INFO - [2023-03-22T04:09:06.558+0400] {dagbag.py:538} INFO - Filling up the DagBag from /home/civis/anaconda3/lib/python3.9/site-packages/airflow/example_dags/example_skip_dag.py
[2023-03-22T04:09:06.568+0400] {processor.py:753} INFO - DAG(s) dict_keys(['example_skip_dag']) retrieved from /home/civis/anaconda3/lib/python3.9/site-packages/airflow/example_dags/example_skip_dag.py
[2023-03-22T04:09:06.575+0400] {logging_mixin.py:137} INFO - [2023-03-22T04:09:06.575+0400] {dag.py:2690} INFO - Sync 1 DAGs
[2023-03-22T04:09:06.583+0400] {logging_mixin.py:137} INFO - [2023-03-22T04:09:06.583+0400] {dag.py:3437} INFO - Setting next_dagrun for example_skip_dag to 2023-03-21T00:09:06.583362+00:00, run_after=2023-03-22T00:09:06.583362+00:00
[2023-03-22T04:09:06.599+0400] {processor.py:175} INFO - Processing /home/civis/anaconda3/lib/python3.9/site-packages/airflow/example_dags/example_skip_dag.py took 0.052 seconds
[2023-03-22T04:09:50.100+0400] {processor.py:153} INFO - Started process (PID=176554) to work on /home/civis/anaconda3/lib/python3.9/site-packages/airflow/example_dags/example_skip_dag.py
[2023-03-22T04:09:50.108+0400] {processor.py:743} INFO - Processing file /home/civis/anaconda3/lib/python3.9/site-packages/airflow/example_dags/example_skip_dag.py for tasks to queue
[2023-03-22T04:09:50.109+0400] {logging_mixin.py:137} INFO - [2023-03-22T04:09:50.109+0400] {dagbag.py:538} INFO - Filling up the DagBag from /home/civis/anaconda3/lib/python3.9/site-packages/airflow/example_dags/example_skip_dag.py
[2023-03-22T04:09:50.115+0400] {processor.py:753} INFO - DAG(s) dict_keys(['example_skip_dag']) retrieved from /home/civis/anaconda3/lib/python3.9/site-packages/airflow/example_dags/example_skip_dag.py
[2023-03-22T04:09:50.124+0400] {logging_mixin.py:137} INFO - [2023-03-22T04:09:50.124+0400] {dag.py:2690} INFO - Sync 1 DAGs
[2023-03-22T04:09:50.134+0400] {logging_mixin.py:137} INFO - [2023-03-22T04:09:50.134+0400] {dag.py:3437} INFO - Setting next_dagrun for example_skip_dag to 2023-03-21T00:09:50.134284+00:00, run_after=2023-03-22T00:09:50.134284+00:00
[2023-03-22T04:09:50.151+0400] {processor.py:175} INFO - Processing /home/civis/anaconda3/lib/python3.9/site-packages/airflow/example_dags/example_skip_dag.py took 0.053 seconds
[2023-03-22T04:10:32.476+0400] {processor.py:153} INFO - Started process (PID=177216) to work on /home/civis/anaconda3/lib/python3.9/site-packages/airflow/example_dags/example_skip_dag.py
[2023-03-22T04:10:32.485+0400] {processor.py:743} INFO - Processing file /home/civis/anaconda3/lib/python3.9/site-packages/airflow/example_dags/example_skip_dag.py for tasks to queue
[2023-03-22T04:10:32.485+0400] {logging_mixin.py:137} INFO - [2023-03-22T04:10:32.485+0400] {dagbag.py:538} INFO - Filling up the DagBag from /home/civis/anaconda3/lib/python3.9/site-packages/airflow/example_dags/example_skip_dag.py
[2023-03-22T04:10:32.492+0400] {processor.py:753} INFO - DAG(s) dict_keys(['example_skip_dag']) retrieved from /home/civis/anaconda3/lib/python3.9/site-packages/airflow/example_dags/example_skip_dag.py
[2023-03-22T04:10:32.501+0400] {logging_mixin.py:137} INFO - [2023-03-22T04:10:32.501+0400] {dag.py:2690} INFO - Sync 1 DAGs
[2023-03-22T04:10:32.510+0400] {logging_mixin.py:137} INFO - [2023-03-22T04:10:32.510+0400] {dag.py:3437} INFO - Setting next_dagrun for example_skip_dag to 2023-03-21T00:10:32.510084+00:00, run_after=2023-03-22T00:10:32.510084+00:00
[2023-03-22T04:10:32.526+0400] {processor.py:175} INFO - Processing /home/civis/anaconda3/lib/python3.9/site-packages/airflow/example_dags/example_skip_dag.py took 0.051 seconds
[2023-03-22T04:11:12.041+0400] {processor.py:153} INFO - Started process (PID=177934) to work on /home/civis/anaconda3/lib/python3.9/site-packages/airflow/example_dags/example_skip_dag.py
[2023-03-22T04:11:12.041+0400] {processor.py:743} INFO - Processing file /home/civis/anaconda3/lib/python3.9/site-packages/airflow/example_dags/example_skip_dag.py for tasks to queue
[2023-03-22T04:11:12.041+0400] {logging_mixin.py:137} INFO - [2023-03-22T04:11:12.041+0400] {dagbag.py:538} INFO - Filling up the DagBag from /home/civis/anaconda3/lib/python3.9/site-packages/airflow/example_dags/example_skip_dag.py
[2023-03-22T04:11:12.047+0400] {processor.py:753} INFO - DAG(s) dict_keys(['example_skip_dag']) retrieved from /home/civis/anaconda3/lib/python3.9/site-packages/airflow/example_dags/example_skip_dag.py
[2023-03-22T04:11:12.055+0400] {logging_mixin.py:137} INFO - [2023-03-22T04:11:12.054+0400] {dag.py:2690} INFO - Sync 1 DAGs
[2023-03-22T04:11:12.062+0400] {logging_mixin.py:137} INFO - [2023-03-22T04:11:12.062+0400] {dag.py:3437} INFO - Setting next_dagrun for example_skip_dag to 2023-03-21T00:11:12.062485+00:00, run_after=2023-03-22T00:11:12.062485+00:00
[2023-03-22T04:11:12.081+0400] {processor.py:175} INFO - Processing /home/civis/anaconda3/lib/python3.9/site-packages/airflow/example_dags/example_skip_dag.py took 0.042 seconds
