[2023-03-22T04:00:26.380+0400] {processor.py:153} INFO - Started process (PID=165867) to work on /home/civis/anaconda3/lib/python3.9/site-packages/airflow/example_dags/example_sensors.py
[2023-03-22T04:00:26.380+0400] {processor.py:743} INFO - Processing file /home/civis/anaconda3/lib/python3.9/site-packages/airflow/example_dags/example_sensors.py for tasks to queue
[2023-03-22T04:00:26.381+0400] {logging_mixin.py:137} INFO - [2023-03-22T04:00:26.381+0400] {dagbag.py:538} INFO - Filling up the DagBag from /home/civis/anaconda3/lib/python3.9/site-packages/airflow/example_dags/example_sensors.py
[2023-03-22T04:00:26.389+0400] {processor.py:753} INFO - DAG(s) dict_keys(['example_sensors']) retrieved from /home/civis/anaconda3/lib/python3.9/site-packages/airflow/example_dags/example_sensors.py
[2023-03-22T04:00:26.398+0400] {logging_mixin.py:137} INFO - [2023-03-22T04:00:26.397+0400] {dag.py:2690} INFO - Sync 1 DAGs
[2023-03-22T04:00:26.406+0400] {logging_mixin.py:137} INFO - [2023-03-22T04:00:26.406+0400] {dag.py:3437} INFO - Setting next_dagrun for example_sensors to None, run_after=None
[2023-03-22T04:00:26.421+0400] {processor.py:175} INFO - Processing /home/civis/anaconda3/lib/python3.9/site-packages/airflow/example_dags/example_sensors.py took 0.043 seconds
[2023-03-22T04:01:05.235+0400] {processor.py:153} INFO - Started process (PID=166454) to work on /home/civis/anaconda3/lib/python3.9/site-packages/airflow/example_dags/example_sensors.py
[2023-03-22T04:01:05.244+0400] {processor.py:743} INFO - Processing file /home/civis/anaconda3/lib/python3.9/site-packages/airflow/example_dags/example_sensors.py for tasks to queue
[2023-03-22T04:01:05.245+0400] {logging_mixin.py:137} INFO - [2023-03-22T04:01:05.245+0400] {dagbag.py:538} INFO - Filling up the DagBag from /home/civis/anaconda3/lib/python3.9/site-packages/airflow/example_dags/example_sensors.py
[2023-03-22T04:01:05.263+0400] {processor.py:753} INFO - DAG(s) dict_keys(['example_sensors']) retrieved from /home/civis/anaconda3/lib/python3.9/site-packages/airflow/example_dags/example_sensors.py
[2023-03-22T04:01:05.271+0400] {logging_mixin.py:137} INFO - [2023-03-22T04:01:05.270+0400] {dag.py:2690} INFO - Sync 1 DAGs
[2023-03-22T04:01:05.278+0400] {logging_mixin.py:137} INFO - [2023-03-22T04:01:05.278+0400] {dag.py:3437} INFO - Setting next_dagrun for example_sensors to None, run_after=None
[2023-03-22T04:01:05.293+0400] {processor.py:175} INFO - Processing /home/civis/anaconda3/lib/python3.9/site-packages/airflow/example_dags/example_sensors.py took 0.059 seconds
[2023-03-22T04:01:45.798+0400] {processor.py:153} INFO - Started process (PID=167094) to work on /home/civis/anaconda3/lib/python3.9/site-packages/airflow/example_dags/example_sensors.py
[2023-03-22T04:01:45.808+0400] {processor.py:743} INFO - Processing file /home/civis/anaconda3/lib/python3.9/site-packages/airflow/example_dags/example_sensors.py for tasks to queue
[2023-03-22T04:01:45.809+0400] {logging_mixin.py:137} INFO - [2023-03-22T04:01:45.809+0400] {dagbag.py:538} INFO - Filling up the DagBag from /home/civis/anaconda3/lib/python3.9/site-packages/airflow/example_dags/example_sensors.py
[2023-03-22T04:01:45.827+0400] {processor.py:753} INFO - DAG(s) dict_keys(['example_sensors']) retrieved from /home/civis/anaconda3/lib/python3.9/site-packages/airflow/example_dags/example_sensors.py
[2023-03-22T04:01:45.836+0400] {logging_mixin.py:137} INFO - [2023-03-22T04:01:45.836+0400] {dag.py:2690} INFO - Sync 1 DAGs
[2023-03-22T04:01:45.843+0400] {logging_mixin.py:137} INFO - [2023-03-22T04:01:45.843+0400] {dag.py:3437} INFO - Setting next_dagrun for example_sensors to None, run_after=None
[2023-03-22T04:01:45.858+0400] {processor.py:175} INFO - Processing /home/civis/anaconda3/lib/python3.9/site-packages/airflow/example_dags/example_sensors.py took 0.064 seconds
[2023-03-22T04:02:25.929+0400] {processor.py:153} INFO - Started process (PID=167839) to work on /home/civis/anaconda3/lib/python3.9/site-packages/airflow/example_dags/example_sensors.py
[2023-03-22T04:02:25.929+0400] {processor.py:743} INFO - Processing file /home/civis/anaconda3/lib/python3.9/site-packages/airflow/example_dags/example_sensors.py for tasks to queue
[2023-03-22T04:02:25.930+0400] {logging_mixin.py:137} INFO - [2023-03-22T04:02:25.929+0400] {dagbag.py:538} INFO - Filling up the DagBag from /home/civis/anaconda3/lib/python3.9/site-packages/airflow/example_dags/example_sensors.py
[2023-03-22T04:02:25.940+0400] {processor.py:753} INFO - DAG(s) dict_keys(['example_sensors']) retrieved from /home/civis/anaconda3/lib/python3.9/site-packages/airflow/example_dags/example_sensors.py
[2023-03-22T04:02:25.948+0400] {logging_mixin.py:137} INFO - [2023-03-22T04:02:25.948+0400] {dag.py:2690} INFO - Sync 1 DAGs
[2023-03-22T04:02:25.956+0400] {logging_mixin.py:137} INFO - [2023-03-22T04:02:25.956+0400] {dag.py:3437} INFO - Setting next_dagrun for example_sensors to None, run_after=None
[2023-03-22T04:02:25.972+0400] {processor.py:175} INFO - Processing /home/civis/anaconda3/lib/python3.9/site-packages/airflow/example_dags/example_sensors.py took 0.045 seconds
[2023-03-22T04:03:05.859+0400] {processor.py:153} INFO - Started process (PID=168652) to work on /home/civis/anaconda3/lib/python3.9/site-packages/airflow/example_dags/example_sensors.py
[2023-03-22T04:03:05.860+0400] {processor.py:743} INFO - Processing file /home/civis/anaconda3/lib/python3.9/site-packages/airflow/example_dags/example_sensors.py for tasks to queue
[2023-03-22T04:03:05.860+0400] {logging_mixin.py:137} INFO - [2023-03-22T04:03:05.860+0400] {dagbag.py:538} INFO - Filling up the DagBag from /home/civis/anaconda3/lib/python3.9/site-packages/airflow/example_dags/example_sensors.py
[2023-03-22T04:03:05.868+0400] {processor.py:753} INFO - DAG(s) dict_keys(['example_sensors']) retrieved from /home/civis/anaconda3/lib/python3.9/site-packages/airflow/example_dags/example_sensors.py
[2023-03-22T04:03:05.876+0400] {logging_mixin.py:137} INFO - [2023-03-22T04:03:05.876+0400] {dag.py:2690} INFO - Sync 1 DAGs
[2023-03-22T04:03:05.884+0400] {logging_mixin.py:137} INFO - [2023-03-22T04:03:05.884+0400] {dag.py:3437} INFO - Setting next_dagrun for example_sensors to None, run_after=None
[2023-03-22T04:03:05.900+0400] {processor.py:175} INFO - Processing /home/civis/anaconda3/lib/python3.9/site-packages/airflow/example_dags/example_sensors.py took 0.043 seconds
[2023-03-22T04:03:45.400+0400] {processor.py:153} INFO - Started process (PID=169351) to work on /home/civis/anaconda3/lib/python3.9/site-packages/airflow/example_dags/example_sensors.py
[2023-03-22T04:03:45.408+0400] {processor.py:743} INFO - Processing file /home/civis/anaconda3/lib/python3.9/site-packages/airflow/example_dags/example_sensors.py for tasks to queue
[2023-03-22T04:03:45.409+0400] {logging_mixin.py:137} INFO - [2023-03-22T04:03:45.409+0400] {dagbag.py:538} INFO - Filling up the DagBag from /home/civis/anaconda3/lib/python3.9/site-packages/airflow/example_dags/example_sensors.py
[2023-03-22T04:03:45.417+0400] {processor.py:753} INFO - DAG(s) dict_keys(['example_sensors']) retrieved from /home/civis/anaconda3/lib/python3.9/site-packages/airflow/example_dags/example_sensors.py
[2023-03-22T04:03:45.425+0400] {logging_mixin.py:137} INFO - [2023-03-22T04:03:45.425+0400] {dag.py:2690} INFO - Sync 1 DAGs
[2023-03-22T04:03:45.433+0400] {logging_mixin.py:137} INFO - [2023-03-22T04:03:45.433+0400] {dag.py:3437} INFO - Setting next_dagrun for example_sensors to None, run_after=None
[2023-03-22T04:03:45.448+0400] {processor.py:175} INFO - Processing /home/civis/anaconda3/lib/python3.9/site-packages/airflow/example_dags/example_sensors.py took 0.050 seconds
[2023-03-22T04:04:12.948+0400] {processor.py:153} INFO - Started process (PID=169811) to work on /home/civis/anaconda3/lib/python3.9/site-packages/airflow/example_dags/example_sensors.py
[2023-03-22T04:04:12.956+0400] {processor.py:743} INFO - Processing file /home/civis/anaconda3/lib/python3.9/site-packages/airflow/example_dags/example_sensors.py for tasks to queue
[2023-03-22T04:04:12.956+0400] {logging_mixin.py:137} INFO - [2023-03-22T04:04:12.956+0400] {dagbag.py:538} INFO - Filling up the DagBag from /home/civis/anaconda3/lib/python3.9/site-packages/airflow/example_dags/example_sensors.py
[2023-03-22T04:04:12.964+0400] {processor.py:753} INFO - DAG(s) dict_keys(['example_sensors']) retrieved from /home/civis/anaconda3/lib/python3.9/site-packages/airflow/example_dags/example_sensors.py
[2023-03-22T04:04:12.972+0400] {logging_mixin.py:137} INFO - [2023-03-22T04:04:12.972+0400] {dag.py:2690} INFO - Sync 1 DAGs
[2023-03-22T04:04:12.980+0400] {logging_mixin.py:137} INFO - [2023-03-22T04:04:12.980+0400] {dag.py:3437} INFO - Setting next_dagrun for example_sensors to None, run_after=None
[2023-03-22T04:04:12.996+0400] {processor.py:175} INFO - Processing /home/civis/anaconda3/lib/python3.9/site-packages/airflow/example_dags/example_sensors.py took 0.050 seconds
[2023-03-22T04:04:52.876+0400] {processor.py:153} INFO - Started process (PID=170450) to work on /home/civis/anaconda3/lib/python3.9/site-packages/airflow/example_dags/example_sensors.py
[2023-03-22T04:04:52.885+0400] {processor.py:743} INFO - Processing file /home/civis/anaconda3/lib/python3.9/site-packages/airflow/example_dags/example_sensors.py for tasks to queue
[2023-03-22T04:04:52.886+0400] {logging_mixin.py:137} INFO - [2023-03-22T04:04:52.886+0400] {dagbag.py:538} INFO - Filling up the DagBag from /home/civis/anaconda3/lib/python3.9/site-packages/airflow/example_dags/example_sensors.py
[2023-03-22T04:04:52.906+0400] {processor.py:753} INFO - DAG(s) dict_keys(['example_sensors']) retrieved from /home/civis/anaconda3/lib/python3.9/site-packages/airflow/example_dags/example_sensors.py
[2023-03-22T04:04:52.913+0400] {logging_mixin.py:137} INFO - [2023-03-22T04:04:52.913+0400] {dag.py:2690} INFO - Sync 1 DAGs
[2023-03-22T04:04:52.921+0400] {logging_mixin.py:137} INFO - [2023-03-22T04:04:52.920+0400] {dag.py:3437} INFO - Setting next_dagrun for example_sensors to None, run_after=None
[2023-03-22T04:04:52.936+0400] {processor.py:175} INFO - Processing /home/civis/anaconda3/lib/python3.9/site-packages/airflow/example_dags/example_sensors.py took 0.061 seconds
[2023-03-22T04:05:32.890+0400] {processor.py:153} INFO - Started process (PID=171074) to work on /home/civis/anaconda3/lib/python3.9/site-packages/airflow/example_dags/example_sensors.py
[2023-03-22T04:05:32.899+0400] {processor.py:743} INFO - Processing file /home/civis/anaconda3/lib/python3.9/site-packages/airflow/example_dags/example_sensors.py for tasks to queue
[2023-03-22T04:05:32.899+0400] {logging_mixin.py:137} INFO - [2023-03-22T04:05:32.899+0400] {dagbag.py:538} INFO - Filling up the DagBag from /home/civis/anaconda3/lib/python3.9/site-packages/airflow/example_dags/example_sensors.py
[2023-03-22T04:05:32.907+0400] {processor.py:753} INFO - DAG(s) dict_keys(['example_sensors']) retrieved from /home/civis/anaconda3/lib/python3.9/site-packages/airflow/example_dags/example_sensors.py
[2023-03-22T04:05:32.916+0400] {logging_mixin.py:137} INFO - [2023-03-22T04:05:32.916+0400] {dag.py:2690} INFO - Sync 1 DAGs
[2023-03-22T04:05:32.925+0400] {logging_mixin.py:137} INFO - [2023-03-22T04:05:32.925+0400] {dag.py:3437} INFO - Setting next_dagrun for example_sensors to None, run_after=None
[2023-03-22T04:05:32.941+0400] {processor.py:175} INFO - Processing /home/civis/anaconda3/lib/python3.9/site-packages/airflow/example_dags/example_sensors.py took 0.053 seconds
[2023-03-22T04:06:13.357+0400] {processor.py:153} INFO - Started process (PID=171760) to work on /home/civis/anaconda3/lib/python3.9/site-packages/airflow/example_dags/example_sensors.py
[2023-03-22T04:06:13.358+0400] {processor.py:743} INFO - Processing file /home/civis/anaconda3/lib/python3.9/site-packages/airflow/example_dags/example_sensors.py for tasks to queue
[2023-03-22T04:06:13.358+0400] {logging_mixin.py:137} INFO - [2023-03-22T04:06:13.358+0400] {dagbag.py:538} INFO - Filling up the DagBag from /home/civis/anaconda3/lib/python3.9/site-packages/airflow/example_dags/example_sensors.py
[2023-03-22T04:06:13.365+0400] {processor.py:753} INFO - DAG(s) dict_keys(['example_sensors']) retrieved from /home/civis/anaconda3/lib/python3.9/site-packages/airflow/example_dags/example_sensors.py
[2023-03-22T04:06:13.373+0400] {logging_mixin.py:137} INFO - [2023-03-22T04:06:13.373+0400] {dag.py:2690} INFO - Sync 1 DAGs
[2023-03-22T04:06:13.381+0400] {logging_mixin.py:137} INFO - [2023-03-22T04:06:13.381+0400] {dag.py:3437} INFO - Setting next_dagrun for example_sensors to None, run_after=None
[2023-03-22T04:06:13.396+0400] {processor.py:175} INFO - Processing /home/civis/anaconda3/lib/python3.9/site-packages/airflow/example_dags/example_sensors.py took 0.043 seconds
[2023-03-22T04:06:52.819+0400] {processor.py:153} INFO - Started process (PID=172382) to work on /home/civis/anaconda3/lib/python3.9/site-packages/airflow/example_dags/example_sensors.py
[2023-03-22T04:06:52.828+0400] {processor.py:743} INFO - Processing file /home/civis/anaconda3/lib/python3.9/site-packages/airflow/example_dags/example_sensors.py for tasks to queue
[2023-03-22T04:06:52.829+0400] {logging_mixin.py:137} INFO - [2023-03-22T04:06:52.828+0400] {dagbag.py:538} INFO - Filling up the DagBag from /home/civis/anaconda3/lib/python3.9/site-packages/airflow/example_dags/example_sensors.py
[2023-03-22T04:06:52.847+0400] {processor.py:753} INFO - DAG(s) dict_keys(['example_sensors']) retrieved from /home/civis/anaconda3/lib/python3.9/site-packages/airflow/example_dags/example_sensors.py
[2023-03-22T04:06:52.862+0400] {logging_mixin.py:137} INFO - [2023-03-22T04:06:52.862+0400] {dag.py:2690} INFO - Sync 1 DAGs
[2023-03-22T04:06:52.869+0400] {logging_mixin.py:137} INFO - [2023-03-22T04:06:52.869+0400] {dag.py:3437} INFO - Setting next_dagrun for example_sensors to None, run_after=None
[2023-03-22T04:06:52.885+0400] {processor.py:175} INFO - Processing /home/civis/anaconda3/lib/python3.9/site-packages/airflow/example_dags/example_sensors.py took 0.068 seconds
[2023-03-22T04:07:34.520+0400] {processor.py:153} INFO - Started process (PID=173028) to work on /home/civis/anaconda3/lib/python3.9/site-packages/airflow/example_dags/example_sensors.py
[2023-03-22T04:07:34.529+0400] {processor.py:743} INFO - Processing file /home/civis/anaconda3/lib/python3.9/site-packages/airflow/example_dags/example_sensors.py for tasks to queue
[2023-03-22T04:07:34.530+0400] {logging_mixin.py:137} INFO - [2023-03-22T04:07:34.529+0400] {dagbag.py:538} INFO - Filling up the DagBag from /home/civis/anaconda3/lib/python3.9/site-packages/airflow/example_dags/example_sensors.py
[2023-03-22T04:07:34.552+0400] {processor.py:753} INFO - DAG(s) dict_keys(['example_sensors']) retrieved from /home/civis/anaconda3/lib/python3.9/site-packages/airflow/example_dags/example_sensors.py
[2023-03-22T04:07:34.564+0400] {logging_mixin.py:137} INFO - [2023-03-22T04:07:34.564+0400] {dag.py:2690} INFO - Sync 1 DAGs
[2023-03-22T04:07:34.572+0400] {logging_mixin.py:137} INFO - [2023-03-22T04:07:34.572+0400] {dag.py:3437} INFO - Setting next_dagrun for example_sensors to None, run_after=None
[2023-03-22T04:07:34.588+0400] {processor.py:175} INFO - Processing /home/civis/anaconda3/lib/python3.9/site-packages/airflow/example_dags/example_sensors.py took 0.069 seconds
[2023-03-22T04:08:13.923+0400] {processor.py:153} INFO - Started process (PID=173715) to work on /home/civis/anaconda3/lib/python3.9/site-packages/airflow/example_dags/example_sensors.py
[2023-03-22T04:08:13.931+0400] {processor.py:743} INFO - Processing file /home/civis/anaconda3/lib/python3.9/site-packages/airflow/example_dags/example_sensors.py for tasks to queue
[2023-03-22T04:08:13.933+0400] {logging_mixin.py:137} INFO - [2023-03-22T04:08:13.932+0400] {dagbag.py:538} INFO - Filling up the DagBag from /home/civis/anaconda3/lib/python3.9/site-packages/airflow/example_dags/example_sensors.py
[2023-03-22T04:08:13.951+0400] {processor.py:753} INFO - DAG(s) dict_keys(['example_sensors']) retrieved from /home/civis/anaconda3/lib/python3.9/site-packages/airflow/example_dags/example_sensors.py
[2023-03-22T04:08:13.959+0400] {logging_mixin.py:137} INFO - [2023-03-22T04:08:13.959+0400] {dag.py:2690} INFO - Sync 1 DAGs
[2023-03-22T04:08:13.966+0400] {logging_mixin.py:137} INFO - [2023-03-22T04:08:13.966+0400] {dag.py:3437} INFO - Setting next_dagrun for example_sensors to None, run_after=None
[2023-03-22T04:08:13.981+0400] {processor.py:175} INFO - Processing /home/civis/anaconda3/lib/python3.9/site-packages/airflow/example_dags/example_sensors.py took 0.061 seconds
[2023-03-22T04:08:54.762+0400] {processor.py:153} INFO - Started process (PID=175650) to work on /home/civis/anaconda3/lib/python3.9/site-packages/airflow/example_dags/example_sensors.py
[2023-03-22T04:08:54.770+0400] {processor.py:743} INFO - Processing file /home/civis/anaconda3/lib/python3.9/site-packages/airflow/example_dags/example_sensors.py for tasks to queue
[2023-03-22T04:08:54.771+0400] {logging_mixin.py:137} INFO - [2023-03-22T04:08:54.770+0400] {dagbag.py:538} INFO - Filling up the DagBag from /home/civis/anaconda3/lib/python3.9/site-packages/airflow/example_dags/example_sensors.py
[2023-03-22T04:08:54.778+0400] {processor.py:753} INFO - DAG(s) dict_keys(['example_sensors']) retrieved from /home/civis/anaconda3/lib/python3.9/site-packages/airflow/example_dags/example_sensors.py
[2023-03-22T04:08:54.786+0400] {logging_mixin.py:137} INFO - [2023-03-22T04:08:54.786+0400] {dag.py:2690} INFO - Sync 1 DAGs
[2023-03-22T04:08:54.793+0400] {logging_mixin.py:137} INFO - [2023-03-22T04:08:54.793+0400] {dag.py:3437} INFO - Setting next_dagrun for example_sensors to None, run_after=None
[2023-03-22T04:08:54.808+0400] {processor.py:175} INFO - Processing /home/civis/anaconda3/lib/python3.9/site-packages/airflow/example_dags/example_sensors.py took 0.047 seconds
[2023-03-22T04:09:37.477+0400] {processor.py:153} INFO - Started process (PID=176338) to work on /home/civis/anaconda3/lib/python3.9/site-packages/airflow/example_dags/example_sensors.py
[2023-03-22T04:09:37.485+0400] {processor.py:743} INFO - Processing file /home/civis/anaconda3/lib/python3.9/site-packages/airflow/example_dags/example_sensors.py for tasks to queue
[2023-03-22T04:09:37.487+0400] {logging_mixin.py:137} INFO - [2023-03-22T04:09:37.486+0400] {dagbag.py:538} INFO - Filling up the DagBag from /home/civis/anaconda3/lib/python3.9/site-packages/airflow/example_dags/example_sensors.py
[2023-03-22T04:09:37.504+0400] {processor.py:753} INFO - DAG(s) dict_keys(['example_sensors']) retrieved from /home/civis/anaconda3/lib/python3.9/site-packages/airflow/example_dags/example_sensors.py
[2023-03-22T04:09:37.513+0400] {logging_mixin.py:137} INFO - [2023-03-22T04:09:37.512+0400] {dag.py:2690} INFO - Sync 1 DAGs
[2023-03-22T04:09:37.521+0400] {logging_mixin.py:137} INFO - [2023-03-22T04:09:37.520+0400] {dag.py:3437} INFO - Setting next_dagrun for example_sensors to None, run_after=None
[2023-03-22T04:09:37.542+0400] {processor.py:175} INFO - Processing /home/civis/anaconda3/lib/python3.9/site-packages/airflow/example_dags/example_sensors.py took 0.067 seconds
[2023-03-22T04:10:20.539+0400] {processor.py:153} INFO - Started process (PID=177054) to work on /home/civis/anaconda3/lib/python3.9/site-packages/airflow/example_dags/example_sensors.py
[2023-03-22T04:10:20.548+0400] {processor.py:743} INFO - Processing file /home/civis/anaconda3/lib/python3.9/site-packages/airflow/example_dags/example_sensors.py for tasks to queue
[2023-03-22T04:10:20.549+0400] {logging_mixin.py:137} INFO - [2023-03-22T04:10:20.549+0400] {dagbag.py:538} INFO - Filling up the DagBag from /home/civis/anaconda3/lib/python3.9/site-packages/airflow/example_dags/example_sensors.py
[2023-03-22T04:10:20.567+0400] {processor.py:753} INFO - DAG(s) dict_keys(['example_sensors']) retrieved from /home/civis/anaconda3/lib/python3.9/site-packages/airflow/example_dags/example_sensors.py
[2023-03-22T04:10:20.576+0400] {logging_mixin.py:137} INFO - [2023-03-22T04:10:20.576+0400] {dag.py:2690} INFO - Sync 1 DAGs
[2023-03-22T04:10:20.583+0400] {logging_mixin.py:137} INFO - [2023-03-22T04:10:20.583+0400] {dag.py:3437} INFO - Setting next_dagrun for example_sensors to None, run_after=None
[2023-03-22T04:10:20.599+0400] {processor.py:175} INFO - Processing /home/civis/anaconda3/lib/python3.9/site-packages/airflow/example_dags/example_sensors.py took 0.061 seconds
[2023-03-22T04:10:59.699+0400] {processor.py:153} INFO - Started process (PID=177717) to work on /home/civis/anaconda3/lib/python3.9/site-packages/airflow/example_dags/example_sensors.py
[2023-03-22T04:10:59.699+0400] {processor.py:743} INFO - Processing file /home/civis/anaconda3/lib/python3.9/site-packages/airflow/example_dags/example_sensors.py for tasks to queue
[2023-03-22T04:10:59.699+0400] {logging_mixin.py:137} INFO - [2023-03-22T04:10:59.699+0400] {dagbag.py:538} INFO - Filling up the DagBag from /home/civis/anaconda3/lib/python3.9/site-packages/airflow/example_dags/example_sensors.py
[2023-03-22T04:10:59.708+0400] {processor.py:753} INFO - DAG(s) dict_keys(['example_sensors']) retrieved from /home/civis/anaconda3/lib/python3.9/site-packages/airflow/example_dags/example_sensors.py
[2023-03-22T04:10:59.718+0400] {logging_mixin.py:137} INFO - [2023-03-22T04:10:59.718+0400] {dag.py:2690} INFO - Sync 1 DAGs
[2023-03-22T04:10:59.728+0400] {logging_mixin.py:137} INFO - [2023-03-22T04:10:59.728+0400] {dag.py:3437} INFO - Setting next_dagrun for example_sensors to None, run_after=None
[2023-03-22T04:10:59.756+0400] {processor.py:175} INFO - Processing /home/civis/anaconda3/lib/python3.9/site-packages/airflow/example_dags/example_sensors.py took 0.060 seconds
