[2023-03-22T04:00:40.137+0400] {processor.py:153} INFO - Started process (PID=166078) to work on /home/civis/anaconda3/lib/python3.9/site-packages/airflow/example_dags/example_short_circuit_decorator.py
[2023-03-22T04:00:40.137+0400] {processor.py:743} INFO - Processing file /home/civis/anaconda3/lib/python3.9/site-packages/airflow/example_dags/example_short_circuit_decorator.py for tasks to queue
[2023-03-22T04:00:40.138+0400] {logging_mixin.py:137} INFO - [2023-03-22T04:00:40.137+0400] {dagbag.py:538} INFO - Filling up the DagBag from /home/civis/anaconda3/lib/python3.9/site-packages/airflow/example_dags/example_short_circuit_decorator.py
[2023-03-22T04:00:40.148+0400] {processor.py:753} INFO - DAG(s) dict_keys(['example_short_circuit_decorator']) retrieved from /home/civis/anaconda3/lib/python3.9/site-packages/airflow/example_dags/example_short_circuit_decorator.py
[2023-03-22T04:00:40.156+0400] {logging_mixin.py:137} INFO - [2023-03-22T04:00:40.156+0400] {dag.py:2690} INFO - Sync 1 DAGs
[2023-03-22T04:00:40.163+0400] {logging_mixin.py:137} INFO - [2023-03-22T04:00:40.163+0400] {dag.py:3437} INFO - Setting next_dagrun for example_short_circuit_decorator to 2023-03-21T00:00:40.163788+00:00, run_after=2023-03-22T00:00:40.163788+00:00
[2023-03-22T04:00:40.187+0400] {processor.py:175} INFO - Processing /home/civis/anaconda3/lib/python3.9/site-packages/airflow/example_dags/example_short_circuit_decorator.py took 0.053 seconds
[2023-03-22T04:01:18.976+0400] {processor.py:153} INFO - Started process (PID=166659) to work on /home/civis/anaconda3/lib/python3.9/site-packages/airflow/example_dags/example_short_circuit_decorator.py
[2023-03-22T04:01:18.977+0400] {processor.py:743} INFO - Processing file /home/civis/anaconda3/lib/python3.9/site-packages/airflow/example_dags/example_short_circuit_decorator.py for tasks to queue
[2023-03-22T04:01:18.978+0400] {logging_mixin.py:137} INFO - [2023-03-22T04:01:18.978+0400] {dagbag.py:538} INFO - Filling up the DagBag from /home/civis/anaconda3/lib/python3.9/site-packages/airflow/example_dags/example_short_circuit_decorator.py
[2023-03-22T04:01:18.990+0400] {processor.py:753} INFO - DAG(s) dict_keys(['example_short_circuit_decorator']) retrieved from /home/civis/anaconda3/lib/python3.9/site-packages/airflow/example_dags/example_short_circuit_decorator.py
[2023-03-22T04:01:18.998+0400] {logging_mixin.py:137} INFO - [2023-03-22T04:01:18.998+0400] {dag.py:2690} INFO - Sync 1 DAGs
[2023-03-22T04:01:19.005+0400] {logging_mixin.py:137} INFO - [2023-03-22T04:01:19.005+0400] {dag.py:3437} INFO - Setting next_dagrun for example_short_circuit_decorator to 2023-03-21T00:01:19.005631+00:00, run_after=2023-03-22T00:01:19.005631+00:00
[2023-03-22T04:01:19.026+0400] {processor.py:175} INFO - Processing /home/civis/anaconda3/lib/python3.9/site-packages/airflow/example_dags/example_short_circuit_decorator.py took 0.053 seconds
[2023-03-22T04:01:59.106+0400] {processor.py:153} INFO - Started process (PID=167308) to work on /home/civis/anaconda3/lib/python3.9/site-packages/airflow/example_dags/example_short_circuit_decorator.py
[2023-03-22T04:01:59.106+0400] {processor.py:743} INFO - Processing file /home/civis/anaconda3/lib/python3.9/site-packages/airflow/example_dags/example_short_circuit_decorator.py for tasks to queue
[2023-03-22T04:01:59.106+0400] {logging_mixin.py:137} INFO - [2023-03-22T04:01:59.106+0400] {dagbag.py:538} INFO - Filling up the DagBag from /home/civis/anaconda3/lib/python3.9/site-packages/airflow/example_dags/example_short_circuit_decorator.py
[2023-03-22T04:01:59.116+0400] {processor.py:753} INFO - DAG(s) dict_keys(['example_short_circuit_decorator']) retrieved from /home/civis/anaconda3/lib/python3.9/site-packages/airflow/example_dags/example_short_circuit_decorator.py
[2023-03-22T04:01:59.125+0400] {logging_mixin.py:137} INFO - [2023-03-22T04:01:59.125+0400] {dag.py:2690} INFO - Sync 1 DAGs
[2023-03-22T04:01:59.134+0400] {logging_mixin.py:137} INFO - [2023-03-22T04:01:59.134+0400] {dag.py:3437} INFO - Setting next_dagrun for example_short_circuit_decorator to 2023-03-21T00:01:59.134247+00:00, run_after=2023-03-22T00:01:59.134247+00:00
[2023-03-22T04:01:59.150+0400] {processor.py:175} INFO - Processing /home/civis/anaconda3/lib/python3.9/site-packages/airflow/example_dags/example_short_circuit_decorator.py took 0.047 seconds
[2023-03-22T04:02:38.762+0400] {processor.py:153} INFO - Started process (PID=168109) to work on /home/civis/anaconda3/lib/python3.9/site-packages/airflow/example_dags/example_short_circuit_decorator.py
[2023-03-22T04:02:38.762+0400] {processor.py:743} INFO - Processing file /home/civis/anaconda3/lib/python3.9/site-packages/airflow/example_dags/example_short_circuit_decorator.py for tasks to queue
[2023-03-22T04:02:38.763+0400] {logging_mixin.py:137} INFO - [2023-03-22T04:02:38.763+0400] {dagbag.py:538} INFO - Filling up the DagBag from /home/civis/anaconda3/lib/python3.9/site-packages/airflow/example_dags/example_short_circuit_decorator.py
[2023-03-22T04:02:38.773+0400] {processor.py:753} INFO - DAG(s) dict_keys(['example_short_circuit_decorator']) retrieved from /home/civis/anaconda3/lib/python3.9/site-packages/airflow/example_dags/example_short_circuit_decorator.py
[2023-03-22T04:02:38.781+0400] {logging_mixin.py:137} INFO - [2023-03-22T04:02:38.781+0400] {dag.py:2690} INFO - Sync 1 DAGs
[2023-03-22T04:02:38.789+0400] {logging_mixin.py:137} INFO - [2023-03-22T04:02:38.789+0400] {dag.py:3437} INFO - Setting next_dagrun for example_short_circuit_decorator to 2023-03-21T00:02:38.789402+00:00, run_after=2023-03-22T00:02:38.789402+00:00
[2023-03-22T04:02:38.813+0400] {processor.py:175} INFO - Processing /home/civis/anaconda3/lib/python3.9/site-packages/airflow/example_dags/example_short_circuit_decorator.py took 0.053 seconds
[2023-03-22T04:03:20.350+0400] {processor.py:153} INFO - Started process (PID=168962) to work on /home/civis/anaconda3/lib/python3.9/site-packages/airflow/example_dags/example_short_circuit_decorator.py
[2023-03-22T04:03:20.358+0400] {processor.py:743} INFO - Processing file /home/civis/anaconda3/lib/python3.9/site-packages/airflow/example_dags/example_short_circuit_decorator.py for tasks to queue
[2023-03-22T04:03:20.359+0400] {logging_mixin.py:137} INFO - [2023-03-22T04:03:20.358+0400] {dagbag.py:538} INFO - Filling up the DagBag from /home/civis/anaconda3/lib/python3.9/site-packages/airflow/example_dags/example_short_circuit_decorator.py
[2023-03-22T04:03:20.379+0400] {processor.py:753} INFO - DAG(s) dict_keys(['example_short_circuit_decorator']) retrieved from /home/civis/anaconda3/lib/python3.9/site-packages/airflow/example_dags/example_short_circuit_decorator.py
[2023-03-22T04:03:20.391+0400] {logging_mixin.py:137} INFO - [2023-03-22T04:03:20.390+0400] {dag.py:2690} INFO - Sync 1 DAGs
[2023-03-22T04:03:20.398+0400] {logging_mixin.py:137} INFO - [2023-03-22T04:03:20.398+0400] {dag.py:3437} INFO - Setting next_dagrun for example_short_circuit_decorator to 2023-03-21T00:03:20.398821+00:00, run_after=2023-03-22T00:03:20.398821+00:00
[2023-03-22T04:03:20.414+0400] {processor.py:175} INFO - Processing /home/civis/anaconda3/lib/python3.9/site-packages/airflow/example_dags/example_short_circuit_decorator.py took 0.066 seconds
[2023-03-22T04:03:58.621+0400] {processor.py:153} INFO - Started process (PID=169593) to work on /home/civis/anaconda3/lib/python3.9/site-packages/airflow/example_dags/example_short_circuit_decorator.py
[2023-03-22T04:03:58.630+0400] {processor.py:743} INFO - Processing file /home/civis/anaconda3/lib/python3.9/site-packages/airflow/example_dags/example_short_circuit_decorator.py for tasks to queue
[2023-03-22T04:03:58.631+0400] {logging_mixin.py:137} INFO - [2023-03-22T04:03:58.630+0400] {dagbag.py:538} INFO - Filling up the DagBag from /home/civis/anaconda3/lib/python3.9/site-packages/airflow/example_dags/example_short_circuit_decorator.py
[2023-03-22T04:03:58.646+0400] {processor.py:753} INFO - DAG(s) dict_keys(['example_short_circuit_decorator']) retrieved from /home/civis/anaconda3/lib/python3.9/site-packages/airflow/example_dags/example_short_circuit_decorator.py
[2023-03-22T04:03:58.654+0400] {logging_mixin.py:137} INFO - [2023-03-22T04:03:58.653+0400] {dag.py:2690} INFO - Sync 1 DAGs
[2023-03-22T04:03:58.661+0400] {logging_mixin.py:137} INFO - [2023-03-22T04:03:58.661+0400] {dag.py:3437} INFO - Setting next_dagrun for example_short_circuit_decorator to 2023-03-21T00:03:58.661758+00:00, run_after=2023-03-22T00:03:58.661758+00:00
[2023-03-22T04:03:58.677+0400] {processor.py:175} INFO - Processing /home/civis/anaconda3/lib/python3.9/site-packages/airflow/example_dags/example_short_circuit_decorator.py took 0.058 seconds
[2023-03-22T04:04:25.907+0400] {processor.py:153} INFO - Started process (PID=169995) to work on /home/civis/anaconda3/lib/python3.9/site-packages/airflow/example_dags/example_short_circuit_decorator.py
[2023-03-22T04:04:25.915+0400] {processor.py:743} INFO - Processing file /home/civis/anaconda3/lib/python3.9/site-packages/airflow/example_dags/example_short_circuit_decorator.py for tasks to queue
[2023-03-22T04:04:25.916+0400] {logging_mixin.py:137} INFO - [2023-03-22T04:04:25.916+0400] {dagbag.py:538} INFO - Filling up the DagBag from /home/civis/anaconda3/lib/python3.9/site-packages/airflow/example_dags/example_short_circuit_decorator.py
[2023-03-22T04:04:25.940+0400] {processor.py:753} INFO - DAG(s) dict_keys(['example_short_circuit_decorator']) retrieved from /home/civis/anaconda3/lib/python3.9/site-packages/airflow/example_dags/example_short_circuit_decorator.py
[2023-03-22T04:04:25.950+0400] {logging_mixin.py:137} INFO - [2023-03-22T04:04:25.950+0400] {dag.py:2690} INFO - Sync 1 DAGs
[2023-03-22T04:04:25.958+0400] {logging_mixin.py:137} INFO - [2023-03-22T04:04:25.958+0400] {dag.py:3437} INFO - Setting next_dagrun for example_short_circuit_decorator to 2023-03-21T00:04:25.957933+00:00, run_after=2023-03-22T00:04:25.957933+00:00
[2023-03-22T04:04:25.973+0400] {processor.py:175} INFO - Processing /home/civis/anaconda3/lib/python3.9/site-packages/airflow/example_dags/example_short_circuit_decorator.py took 0.068 seconds
[2023-03-22T04:05:07.183+0400] {processor.py:153} INFO - Started process (PID=170668) to work on /home/civis/anaconda3/lib/python3.9/site-packages/airflow/example_dags/example_short_circuit_decorator.py
[2023-03-22T04:05:07.185+0400] {processor.py:743} INFO - Processing file /home/civis/anaconda3/lib/python3.9/site-packages/airflow/example_dags/example_short_circuit_decorator.py for tasks to queue
[2023-03-22T04:05:07.186+0400] {logging_mixin.py:137} INFO - [2023-03-22T04:05:07.185+0400] {dagbag.py:538} INFO - Filling up the DagBag from /home/civis/anaconda3/lib/python3.9/site-packages/airflow/example_dags/example_short_circuit_decorator.py
[2023-03-22T04:05:07.199+0400] {processor.py:753} INFO - DAG(s) dict_keys(['example_short_circuit_decorator']) retrieved from /home/civis/anaconda3/lib/python3.9/site-packages/airflow/example_dags/example_short_circuit_decorator.py
[2023-03-22T04:05:07.206+0400] {logging_mixin.py:137} INFO - [2023-03-22T04:05:07.206+0400] {dag.py:2690} INFO - Sync 1 DAGs
[2023-03-22T04:05:07.214+0400] {logging_mixin.py:137} INFO - [2023-03-22T04:05:07.214+0400] {dag.py:3437} INFO - Setting next_dagrun for example_short_circuit_decorator to 2023-03-21T00:05:07.213972+00:00, run_after=2023-03-22T00:05:07.213972+00:00
[2023-03-22T04:05:07.229+0400] {processor.py:175} INFO - Processing /home/civis/anaconda3/lib/python3.9/site-packages/airflow/example_dags/example_short_circuit_decorator.py took 0.047 seconds
[2023-03-22T04:05:46.060+0400] {processor.py:153} INFO - Started process (PID=171281) to work on /home/civis/anaconda3/lib/python3.9/site-packages/airflow/example_dags/example_short_circuit_decorator.py
[2023-03-22T04:05:46.061+0400] {processor.py:743} INFO - Processing file /home/civis/anaconda3/lib/python3.9/site-packages/airflow/example_dags/example_short_circuit_decorator.py for tasks to queue
[2023-03-22T04:05:46.062+0400] {logging_mixin.py:137} INFO - [2023-03-22T04:05:46.061+0400] {dagbag.py:538} INFO - Filling up the DagBag from /home/civis/anaconda3/lib/python3.9/site-packages/airflow/example_dags/example_short_circuit_decorator.py
[2023-03-22T04:05:46.073+0400] {processor.py:753} INFO - DAG(s) dict_keys(['example_short_circuit_decorator']) retrieved from /home/civis/anaconda3/lib/python3.9/site-packages/airflow/example_dags/example_short_circuit_decorator.py
[2023-03-22T04:05:46.080+0400] {logging_mixin.py:137} INFO - [2023-03-22T04:05:46.080+0400] {dag.py:2690} INFO - Sync 1 DAGs
[2023-03-22T04:05:46.088+0400] {logging_mixin.py:137} INFO - [2023-03-22T04:05:46.088+0400] {dag.py:3437} INFO - Setting next_dagrun for example_short_circuit_decorator to 2023-03-21T00:05:46.088328+00:00, run_after=2023-03-22T00:05:46.088328+00:00
[2023-03-22T04:05:46.104+0400] {processor.py:175} INFO - Processing /home/civis/anaconda3/lib/python3.9/site-packages/airflow/example_dags/example_short_circuit_decorator.py took 0.046 seconds
[2023-03-22T04:06:27.572+0400] {processor.py:153} INFO - Started process (PID=171961) to work on /home/civis/anaconda3/lib/python3.9/site-packages/airflow/example_dags/example_short_circuit_decorator.py
[2023-03-22T04:06:27.581+0400] {processor.py:743} INFO - Processing file /home/civis/anaconda3/lib/python3.9/site-packages/airflow/example_dags/example_short_circuit_decorator.py for tasks to queue
[2023-03-22T04:06:27.582+0400] {logging_mixin.py:137} INFO - [2023-03-22T04:06:27.581+0400] {dagbag.py:538} INFO - Filling up the DagBag from /home/civis/anaconda3/lib/python3.9/site-packages/airflow/example_dags/example_short_circuit_decorator.py
[2023-03-22T04:06:27.602+0400] {processor.py:753} INFO - DAG(s) dict_keys(['example_short_circuit_decorator']) retrieved from /home/civis/anaconda3/lib/python3.9/site-packages/airflow/example_dags/example_short_circuit_decorator.py
[2023-03-22T04:06:27.609+0400] {logging_mixin.py:137} INFO - [2023-03-22T04:06:27.609+0400] {dag.py:2690} INFO - Sync 1 DAGs
[2023-03-22T04:06:27.617+0400] {logging_mixin.py:137} INFO - [2023-03-22T04:06:27.617+0400] {dag.py:3437} INFO - Setting next_dagrun for example_short_circuit_decorator to 2023-03-21T00:06:27.616980+00:00, run_after=2023-03-22T00:06:27.616980+00:00
[2023-03-22T04:06:27.632+0400] {processor.py:175} INFO - Processing /home/civis/anaconda3/lib/python3.9/site-packages/airflow/example_dags/example_short_circuit_decorator.py took 0.062 seconds
[2023-03-22T04:07:05.998+0400] {processor.py:153} INFO - Started process (PID=172585) to work on /home/civis/anaconda3/lib/python3.9/site-packages/airflow/example_dags/example_short_circuit_decorator.py
[2023-03-22T04:07:06.007+0400] {processor.py:743} INFO - Processing file /home/civis/anaconda3/lib/python3.9/site-packages/airflow/example_dags/example_short_circuit_decorator.py for tasks to queue
[2023-03-22T04:07:06.008+0400] {logging_mixin.py:137} INFO - [2023-03-22T04:07:06.008+0400] {dagbag.py:538} INFO - Filling up the DagBag from /home/civis/anaconda3/lib/python3.9/site-packages/airflow/example_dags/example_short_circuit_decorator.py
[2023-03-22T04:07:06.038+0400] {processor.py:753} INFO - DAG(s) dict_keys(['example_short_circuit_decorator']) retrieved from /home/civis/anaconda3/lib/python3.9/site-packages/airflow/example_dags/example_short_circuit_decorator.py
[2023-03-22T04:07:06.046+0400] {logging_mixin.py:137} INFO - [2023-03-22T04:07:06.046+0400] {dag.py:2690} INFO - Sync 1 DAGs
[2023-03-22T04:07:06.054+0400] {logging_mixin.py:137} INFO - [2023-03-22T04:07:06.054+0400] {dag.py:3437} INFO - Setting next_dagrun for example_short_circuit_decorator to 2023-03-21T00:07:06.054060+00:00, run_after=2023-03-22T00:07:06.054060+00:00
[2023-03-22T04:07:06.072+0400] {processor.py:175} INFO - Processing /home/civis/anaconda3/lib/python3.9/site-packages/airflow/example_dags/example_short_circuit_decorator.py took 0.076 seconds
[2023-03-22T04:07:48.720+0400] {processor.py:153} INFO - Started process (PID=173277) to work on /home/civis/anaconda3/lib/python3.9/site-packages/airflow/example_dags/example_short_circuit_decorator.py
[2023-03-22T04:07:48.720+0400] {processor.py:743} INFO - Processing file /home/civis/anaconda3/lib/python3.9/site-packages/airflow/example_dags/example_short_circuit_decorator.py for tasks to queue
[2023-03-22T04:07:48.720+0400] {logging_mixin.py:137} INFO - [2023-03-22T04:07:48.720+0400] {dagbag.py:538} INFO - Filling up the DagBag from /home/civis/anaconda3/lib/python3.9/site-packages/airflow/example_dags/example_short_circuit_decorator.py
[2023-03-22T04:07:48.731+0400] {processor.py:753} INFO - DAG(s) dict_keys(['example_short_circuit_decorator']) retrieved from /home/civis/anaconda3/lib/python3.9/site-packages/airflow/example_dags/example_short_circuit_decorator.py
[2023-03-22T04:07:48.739+0400] {logging_mixin.py:137} INFO - [2023-03-22T04:07:48.739+0400] {dag.py:2690} INFO - Sync 1 DAGs
[2023-03-22T04:07:48.747+0400] {logging_mixin.py:137} INFO - [2023-03-22T04:07:48.747+0400] {dag.py:3437} INFO - Setting next_dagrun for example_short_circuit_decorator to 2023-03-21T00:07:48.747539+00:00, run_after=2023-03-22T00:07:48.747539+00:00
[2023-03-22T04:07:48.763+0400] {processor.py:175} INFO - Processing /home/civis/anaconda3/lib/python3.9/site-packages/airflow/example_dags/example_short_circuit_decorator.py took 0.044 seconds
[2023-03-22T04:08:27.674+0400] {processor.py:153} INFO - Started process (PID=173991) to work on /home/civis/anaconda3/lib/python3.9/site-packages/airflow/example_dags/example_short_circuit_decorator.py
[2023-03-22T04:08:27.674+0400] {processor.py:743} INFO - Processing file /home/civis/anaconda3/lib/python3.9/site-packages/airflow/example_dags/example_short_circuit_decorator.py for tasks to queue
[2023-03-22T04:08:27.674+0400] {logging_mixin.py:137} INFO - [2023-03-22T04:08:27.674+0400] {dagbag.py:538} INFO - Filling up the DagBag from /home/civis/anaconda3/lib/python3.9/site-packages/airflow/example_dags/example_short_circuit_decorator.py
[2023-03-22T04:08:27.685+0400] {processor.py:753} INFO - DAG(s) dict_keys(['example_short_circuit_decorator']) retrieved from /home/civis/anaconda3/lib/python3.9/site-packages/airflow/example_dags/example_short_circuit_decorator.py
[2023-03-22T04:08:27.693+0400] {logging_mixin.py:137} INFO - [2023-03-22T04:08:27.693+0400] {dag.py:2690} INFO - Sync 1 DAGs
[2023-03-22T04:08:27.701+0400] {logging_mixin.py:137} INFO - [2023-03-22T04:08:27.701+0400] {dag.py:3437} INFO - Setting next_dagrun for example_short_circuit_decorator to 2023-03-21T00:08:27.701166+00:00, run_after=2023-03-22T00:08:27.701166+00:00
[2023-03-22T04:08:27.722+0400] {processor.py:175} INFO - Processing /home/civis/anaconda3/lib/python3.9/site-packages/airflow/example_dags/example_short_circuit_decorator.py took 0.050 seconds
[2023-03-22T04:09:08.257+0400] {processor.py:153} INFO - Started process (PID=175838) to work on /home/civis/anaconda3/lib/python3.9/site-packages/airflow/example_dags/example_short_circuit_decorator.py
[2023-03-22T04:09:08.266+0400] {processor.py:743} INFO - Processing file /home/civis/anaconda3/lib/python3.9/site-packages/airflow/example_dags/example_short_circuit_decorator.py for tasks to queue
[2023-03-22T04:09:08.267+0400] {logging_mixin.py:137} INFO - [2023-03-22T04:09:08.266+0400] {dagbag.py:538} INFO - Filling up the DagBag from /home/civis/anaconda3/lib/python3.9/site-packages/airflow/example_dags/example_short_circuit_decorator.py
[2023-03-22T04:09:08.279+0400] {processor.py:753} INFO - DAG(s) dict_keys(['example_short_circuit_decorator']) retrieved from /home/civis/anaconda3/lib/python3.9/site-packages/airflow/example_dags/example_short_circuit_decorator.py
[2023-03-22T04:09:08.286+0400] {logging_mixin.py:137} INFO - [2023-03-22T04:09:08.286+0400] {dag.py:2690} INFO - Sync 1 DAGs
[2023-03-22T04:09:08.294+0400] {logging_mixin.py:137} INFO - [2023-03-22T04:09:08.294+0400] {dag.py:3437} INFO - Setting next_dagrun for example_short_circuit_decorator to 2023-03-21T00:09:08.294454+00:00, run_after=2023-03-22T00:09:08.294454+00:00
[2023-03-22T04:09:08.310+0400] {processor.py:175} INFO - Processing /home/civis/anaconda3/lib/python3.9/site-packages/airflow/example_dags/example_short_circuit_decorator.py took 0.054 seconds
[2023-03-22T04:09:52.431+0400] {processor.py:153} INFO - Started process (PID=176587) to work on /home/civis/anaconda3/lib/python3.9/site-packages/airflow/example_dags/example_short_circuit_decorator.py
[2023-03-22T04:09:52.440+0400] {processor.py:743} INFO - Processing file /home/civis/anaconda3/lib/python3.9/site-packages/airflow/example_dags/example_short_circuit_decorator.py for tasks to queue
[2023-03-22T04:09:52.441+0400] {logging_mixin.py:137} INFO - [2023-03-22T04:09:52.441+0400] {dagbag.py:538} INFO - Filling up the DagBag from /home/civis/anaconda3/lib/python3.9/site-packages/airflow/example_dags/example_short_circuit_decorator.py
[2023-03-22T04:09:52.466+0400] {processor.py:753} INFO - DAG(s) dict_keys(['example_short_circuit_decorator']) retrieved from /home/civis/anaconda3/lib/python3.9/site-packages/airflow/example_dags/example_short_circuit_decorator.py
[2023-03-22T04:09:52.475+0400] {logging_mixin.py:137} INFO - [2023-03-22T04:09:52.475+0400] {dag.py:2690} INFO - Sync 1 DAGs
[2023-03-22T04:09:52.482+0400] {logging_mixin.py:137} INFO - [2023-03-22T04:09:52.482+0400] {dag.py:3437} INFO - Setting next_dagrun for example_short_circuit_decorator to 2023-03-21T00:09:52.482708+00:00, run_after=2023-03-22T00:09:52.482708+00:00
[2023-03-22T04:09:52.497+0400] {processor.py:175} INFO - Processing /home/civis/anaconda3/lib/python3.9/site-packages/airflow/example_dags/example_short_circuit_decorator.py took 0.069 seconds
[2023-03-22T04:10:34.796+0400] {processor.py:153} INFO - Started process (PID=177250) to work on /home/civis/anaconda3/lib/python3.9/site-packages/airflow/example_dags/example_short_circuit_decorator.py
[2023-03-22T04:10:34.805+0400] {processor.py:743} INFO - Processing file /home/civis/anaconda3/lib/python3.9/site-packages/airflow/example_dags/example_short_circuit_decorator.py for tasks to queue
[2023-03-22T04:10:34.806+0400] {logging_mixin.py:137} INFO - [2023-03-22T04:10:34.806+0400] {dagbag.py:538} INFO - Filling up the DagBag from /home/civis/anaconda3/lib/python3.9/site-packages/airflow/example_dags/example_short_circuit_decorator.py
[2023-03-22T04:10:34.822+0400] {processor.py:753} INFO - DAG(s) dict_keys(['example_short_circuit_decorator']) retrieved from /home/civis/anaconda3/lib/python3.9/site-packages/airflow/example_dags/example_short_circuit_decorator.py
[2023-03-22T04:10:34.829+0400] {logging_mixin.py:137} INFO - [2023-03-22T04:10:34.829+0400] {dag.py:2690} INFO - Sync 1 DAGs
[2023-03-22T04:10:34.836+0400] {logging_mixin.py:137} INFO - [2023-03-22T04:10:34.836+0400] {dag.py:3437} INFO - Setting next_dagrun for example_short_circuit_decorator to 2023-03-21T00:10:34.836424+00:00, run_after=2023-03-22T00:10:34.836424+00:00
[2023-03-22T04:10:34.851+0400] {processor.py:175} INFO - Processing /home/civis/anaconda3/lib/python3.9/site-packages/airflow/example_dags/example_short_circuit_decorator.py took 0.059 seconds
[2023-03-22T04:11:14.020+0400] {processor.py:153} INFO - Started process (PID=177967) to work on /home/civis/anaconda3/lib/python3.9/site-packages/airflow/example_dags/example_short_circuit_decorator.py
[2023-03-22T04:11:14.028+0400] {processor.py:743} INFO - Processing file /home/civis/anaconda3/lib/python3.9/site-packages/airflow/example_dags/example_short_circuit_decorator.py for tasks to queue
[2023-03-22T04:11:14.029+0400] {logging_mixin.py:137} INFO - [2023-03-22T04:11:14.029+0400] {dagbag.py:538} INFO - Filling up the DagBag from /home/civis/anaconda3/lib/python3.9/site-packages/airflow/example_dags/example_short_circuit_decorator.py
[2023-03-22T04:11:14.044+0400] {processor.py:753} INFO - DAG(s) dict_keys(['example_short_circuit_decorator']) retrieved from /home/civis/anaconda3/lib/python3.9/site-packages/airflow/example_dags/example_short_circuit_decorator.py
[2023-03-22T04:11:14.051+0400] {logging_mixin.py:137} INFO - [2023-03-22T04:11:14.051+0400] {dag.py:2690} INFO - Sync 1 DAGs
[2023-03-22T04:11:14.059+0400] {logging_mixin.py:137} INFO - [2023-03-22T04:11:14.059+0400] {dag.py:3437} INFO - Setting next_dagrun for example_short_circuit_decorator to 2023-03-21T00:11:14.059067+00:00, run_after=2023-03-22T00:11:14.059067+00:00
[2023-03-22T04:11:14.076+0400] {processor.py:175} INFO - Processing /home/civis/anaconda3/lib/python3.9/site-packages/airflow/example_dags/example_short_circuit_decorator.py took 0.057 seconds
