[2023-03-22T04:00:44.140+0400] {processor.py:153} INFO - Started process (PID=166133) to work on /home/civis/anaconda3/lib/python3.9/site-packages/airflow/example_dags/example_xcom.py
[2023-03-22T04:00:44.141+0400] {processor.py:743} INFO - Processing file /home/civis/anaconda3/lib/python3.9/site-packages/airflow/example_dags/example_xcom.py for tasks to queue
[2023-03-22T04:00:44.141+0400] {logging_mixin.py:137} INFO - [2023-03-22T04:00:44.141+0400] {dagbag.py:538} INFO - Filling up the DagBag from /home/civis/anaconda3/lib/python3.9/site-packages/airflow/example_dags/example_xcom.py
[2023-03-22T04:00:44.151+0400] {processor.py:753} INFO - DAG(s) dict_keys(['example_xcom']) retrieved from /home/civis/anaconda3/lib/python3.9/site-packages/airflow/example_dags/example_xcom.py
[2023-03-22T04:00:44.158+0400] {logging_mixin.py:137} INFO - [2023-03-22T04:00:44.158+0400] {dag.py:2690} INFO - Sync 1 DAGs
[2023-03-22T04:00:44.165+0400] {logging_mixin.py:137} INFO - [2023-03-22T04:00:44.165+0400] {dag.py:3437} INFO - Setting next_dagrun for example_xcom to 2021-01-01T00:00:00+00:00, run_after=2021-01-01T00:00:00+00:00
[2023-03-22T04:00:44.181+0400] {processor.py:175} INFO - Processing /home/civis/anaconda3/lib/python3.9/site-packages/airflow/example_dags/example_xcom.py took 0.045 seconds
[2023-03-22T04:01:22.983+0400] {processor.py:153} INFO - Started process (PID=166737) to work on /home/civis/anaconda3/lib/python3.9/site-packages/airflow/example_dags/example_xcom.py
[2023-03-22T04:01:22.984+0400] {processor.py:743} INFO - Processing file /home/civis/anaconda3/lib/python3.9/site-packages/airflow/example_dags/example_xcom.py for tasks to queue
[2023-03-22T04:01:22.984+0400] {logging_mixin.py:137} INFO - [2023-03-22T04:01:22.984+0400] {dagbag.py:538} INFO - Filling up the DagBag from /home/civis/anaconda3/lib/python3.9/site-packages/airflow/example_dags/example_xcom.py
[2023-03-22T04:01:22.998+0400] {processor.py:753} INFO - DAG(s) dict_keys(['example_xcom']) retrieved from /home/civis/anaconda3/lib/python3.9/site-packages/airflow/example_dags/example_xcom.py
[2023-03-22T04:01:23.007+0400] {logging_mixin.py:137} INFO - [2023-03-22T04:01:23.007+0400] {dag.py:2690} INFO - Sync 1 DAGs
[2023-03-22T04:01:23.015+0400] {logging_mixin.py:137} INFO - [2023-03-22T04:01:23.014+0400] {dag.py:3437} INFO - Setting next_dagrun for example_xcom to 2021-01-01T00:00:00+00:00, run_after=2021-01-01T00:00:00+00:00
[2023-03-22T04:01:23.030+0400] {processor.py:175} INFO - Processing /home/civis/anaconda3/lib/python3.9/site-packages/airflow/example_dags/example_xcom.py took 0.049 seconds
[2023-03-22T04:02:03.681+0400] {processor.py:153} INFO - Started process (PID=167384) to work on /home/civis/anaconda3/lib/python3.9/site-packages/airflow/example_dags/example_xcom.py
[2023-03-22T04:02:03.682+0400] {processor.py:743} INFO - Processing file /home/civis/anaconda3/lib/python3.9/site-packages/airflow/example_dags/example_xcom.py for tasks to queue
[2023-03-22T04:02:03.682+0400] {logging_mixin.py:137} INFO - [2023-03-22T04:02:03.682+0400] {dagbag.py:538} INFO - Filling up the DagBag from /home/civis/anaconda3/lib/python3.9/site-packages/airflow/example_dags/example_xcom.py
[2023-03-22T04:02:03.691+0400] {processor.py:753} INFO - DAG(s) dict_keys(['example_xcom']) retrieved from /home/civis/anaconda3/lib/python3.9/site-packages/airflow/example_dags/example_xcom.py
[2023-03-22T04:02:03.699+0400] {logging_mixin.py:137} INFO - [2023-03-22T04:02:03.699+0400] {dag.py:2690} INFO - Sync 1 DAGs
[2023-03-22T04:02:03.706+0400] {logging_mixin.py:137} INFO - [2023-03-22T04:02:03.706+0400] {dag.py:3437} INFO - Setting next_dagrun for example_xcom to 2021-01-01T00:00:00+00:00, run_after=2021-01-01T00:00:00+00:00
[2023-03-22T04:02:03.722+0400] {processor.py:175} INFO - Processing /home/civis/anaconda3/lib/python3.9/site-packages/airflow/example_dags/example_xcom.py took 0.044 seconds
[2023-03-22T04:02:42.503+0400] {processor.py:153} INFO - Started process (PID=168174) to work on /home/civis/anaconda3/lib/python3.9/site-packages/airflow/example_dags/example_xcom.py
[2023-03-22T04:02:42.503+0400] {processor.py:743} INFO - Processing file /home/civis/anaconda3/lib/python3.9/site-packages/airflow/example_dags/example_xcom.py for tasks to queue
[2023-03-22T04:02:42.504+0400] {logging_mixin.py:137} INFO - [2023-03-22T04:02:42.504+0400] {dagbag.py:538} INFO - Filling up the DagBag from /home/civis/anaconda3/lib/python3.9/site-packages/airflow/example_dags/example_xcom.py
[2023-03-22T04:02:42.513+0400] {processor.py:753} INFO - DAG(s) dict_keys(['example_xcom']) retrieved from /home/civis/anaconda3/lib/python3.9/site-packages/airflow/example_dags/example_xcom.py
[2023-03-22T04:02:42.521+0400] {logging_mixin.py:137} INFO - [2023-03-22T04:02:42.521+0400] {dag.py:2690} INFO - Sync 1 DAGs
[2023-03-22T04:02:42.528+0400] {logging_mixin.py:137} INFO - [2023-03-22T04:02:42.528+0400] {dag.py:3437} INFO - Setting next_dagrun for example_xcom to 2021-01-01T00:00:00+00:00, run_after=2021-01-01T00:00:00+00:00
[2023-03-22T04:02:42.544+0400] {processor.py:175} INFO - Processing /home/civis/anaconda3/lib/python3.9/site-packages/airflow/example_dags/example_xcom.py took 0.042 seconds
[2023-03-22T04:03:23.614+0400] {processor.py:153} INFO - Started process (PID=169002) to work on /home/civis/anaconda3/lib/python3.9/site-packages/airflow/example_dags/example_xcom.py
[2023-03-22T04:03:23.623+0400] {processor.py:743} INFO - Processing file /home/civis/anaconda3/lib/python3.9/site-packages/airflow/example_dags/example_xcom.py for tasks to queue
[2023-03-22T04:03:23.624+0400] {logging_mixin.py:137} INFO - [2023-03-22T04:03:23.624+0400] {dagbag.py:538} INFO - Filling up the DagBag from /home/civis/anaconda3/lib/python3.9/site-packages/airflow/example_dags/example_xcom.py
[2023-03-22T04:03:23.639+0400] {processor.py:753} INFO - DAG(s) dict_keys(['example_xcom']) retrieved from /home/civis/anaconda3/lib/python3.9/site-packages/airflow/example_dags/example_xcom.py
[2023-03-22T04:03:23.646+0400] {logging_mixin.py:137} INFO - [2023-03-22T04:03:23.646+0400] {dag.py:2690} INFO - Sync 1 DAGs
[2023-03-22T04:03:23.654+0400] {logging_mixin.py:137} INFO - [2023-03-22T04:03:23.654+0400] {dag.py:3437} INFO - Setting next_dagrun for example_xcom to 2021-01-01T00:00:00+00:00, run_after=2021-01-01T00:00:00+00:00
[2023-03-22T04:03:23.669+0400] {processor.py:175} INFO - Processing /home/civis/anaconda3/lib/python3.9/site-packages/airflow/example_dags/example_xcom.py took 0.058 seconds
[2023-03-22T04:04:28.764+0400] {processor.py:153} INFO - Started process (PID=170059) to work on /home/civis/anaconda3/lib/python3.9/site-packages/airflow/example_dags/example_xcom.py
[2023-03-22T04:04:28.765+0400] {processor.py:743} INFO - Processing file /home/civis/anaconda3/lib/python3.9/site-packages/airflow/example_dags/example_xcom.py for tasks to queue
[2023-03-22T04:04:28.765+0400] {logging_mixin.py:137} INFO - [2023-03-22T04:04:28.765+0400] {dagbag.py:538} INFO - Filling up the DagBag from /home/civis/anaconda3/lib/python3.9/site-packages/airflow/example_dags/example_xcom.py
[2023-03-22T04:04:28.779+0400] {processor.py:753} INFO - DAG(s) dict_keys(['example_xcom']) retrieved from /home/civis/anaconda3/lib/python3.9/site-packages/airflow/example_dags/example_xcom.py
[2023-03-22T04:04:28.786+0400] {logging_mixin.py:137} INFO - [2023-03-22T04:04:28.786+0400] {dag.py:2690} INFO - Sync 1 DAGs
[2023-03-22T04:04:28.794+0400] {logging_mixin.py:137} INFO - [2023-03-22T04:04:28.794+0400] {dag.py:3437} INFO - Setting next_dagrun for example_xcom to 2021-01-01T00:00:00+00:00, run_after=2021-01-01T00:00:00+00:00
[2023-03-22T04:04:28.809+0400] {processor.py:175} INFO - Processing /home/civis/anaconda3/lib/python3.9/site-packages/airflow/example_dags/example_xcom.py took 0.048 seconds
[2023-03-22T04:05:10.054+0400] {processor.py:153} INFO - Started process (PID=170723) to work on /home/civis/anaconda3/lib/python3.9/site-packages/airflow/example_dags/example_xcom.py
[2023-03-22T04:05:10.055+0400] {processor.py:743} INFO - Processing file /home/civis/anaconda3/lib/python3.9/site-packages/airflow/example_dags/example_xcom.py for tasks to queue
[2023-03-22T04:05:10.056+0400] {logging_mixin.py:137} INFO - [2023-03-22T04:05:10.056+0400] {dagbag.py:538} INFO - Filling up the DagBag from /home/civis/anaconda3/lib/python3.9/site-packages/airflow/example_dags/example_xcom.py
[2023-03-22T04:05:10.074+0400] {processor.py:753} INFO - DAG(s) dict_keys(['example_xcom']) retrieved from /home/civis/anaconda3/lib/python3.9/site-packages/airflow/example_dags/example_xcom.py
[2023-03-22T04:05:10.082+0400] {logging_mixin.py:137} INFO - [2023-03-22T04:05:10.082+0400] {dag.py:2690} INFO - Sync 1 DAGs
[2023-03-22T04:05:10.089+0400] {logging_mixin.py:137} INFO - [2023-03-22T04:05:10.089+0400] {dag.py:3437} INFO - Setting next_dagrun for example_xcom to 2021-01-01T00:00:00+00:00, run_after=2021-01-01T00:00:00+00:00
[2023-03-22T04:05:10.105+0400] {processor.py:175} INFO - Processing /home/civis/anaconda3/lib/python3.9/site-packages/airflow/example_dags/example_xcom.py took 0.054 seconds
[2023-03-22T04:05:49.761+0400] {processor.py:153} INFO - Started process (PID=171325) to work on /home/civis/anaconda3/lib/python3.9/site-packages/airflow/example_dags/example_xcom.py
[2023-03-22T04:05:49.770+0400] {processor.py:743} INFO - Processing file /home/civis/anaconda3/lib/python3.9/site-packages/airflow/example_dags/example_xcom.py for tasks to queue
[2023-03-22T04:05:49.772+0400] {logging_mixin.py:137} INFO - [2023-03-22T04:05:49.771+0400] {dagbag.py:538} INFO - Filling up the DagBag from /home/civis/anaconda3/lib/python3.9/site-packages/airflow/example_dags/example_xcom.py
[2023-03-22T04:05:49.790+0400] {processor.py:753} INFO - DAG(s) dict_keys(['example_xcom']) retrieved from /home/civis/anaconda3/lib/python3.9/site-packages/airflow/example_dags/example_xcom.py
[2023-03-22T04:05:49.798+0400] {logging_mixin.py:137} INFO - [2023-03-22T04:05:49.797+0400] {dag.py:2690} INFO - Sync 1 DAGs
[2023-03-22T04:05:49.805+0400] {logging_mixin.py:137} INFO - [2023-03-22T04:05:49.805+0400] {dag.py:3437} INFO - Setting next_dagrun for example_xcom to 2021-01-01T00:00:00+00:00, run_after=2021-01-01T00:00:00+00:00
[2023-03-22T04:05:49.822+0400] {processor.py:175} INFO - Processing /home/civis/anaconda3/lib/python3.9/site-packages/airflow/example_dags/example_xcom.py took 0.067 seconds
[2023-03-22T04:06:31.401+0400] {processor.py:153} INFO - Started process (PID=172013) to work on /home/civis/anaconda3/lib/python3.9/site-packages/airflow/example_dags/example_xcom.py
[2023-03-22T04:06:31.409+0400] {processor.py:743} INFO - Processing file /home/civis/anaconda3/lib/python3.9/site-packages/airflow/example_dags/example_xcom.py for tasks to queue
[2023-03-22T04:06:31.410+0400] {logging_mixin.py:137} INFO - [2023-03-22T04:06:31.409+0400] {dagbag.py:538} INFO - Filling up the DagBag from /home/civis/anaconda3/lib/python3.9/site-packages/airflow/example_dags/example_xcom.py
[2023-03-22T04:06:31.420+0400] {processor.py:753} INFO - DAG(s) dict_keys(['example_xcom']) retrieved from /home/civis/anaconda3/lib/python3.9/site-packages/airflow/example_dags/example_xcom.py
[2023-03-22T04:06:31.428+0400] {logging_mixin.py:137} INFO - [2023-03-22T04:06:31.428+0400] {dag.py:2690} INFO - Sync 1 DAGs
[2023-03-22T04:06:31.436+0400] {logging_mixin.py:137} INFO - [2023-03-22T04:06:31.436+0400] {dag.py:3437} INFO - Setting next_dagrun for example_xcom to 2021-01-01T00:00:00+00:00, run_after=2021-01-01T00:00:00+00:00
[2023-03-22T04:06:31.451+0400] {processor.py:175} INFO - Processing /home/civis/anaconda3/lib/python3.9/site-packages/airflow/example_dags/example_xcom.py took 0.051 seconds
[2023-03-22T04:07:09.866+0400] {processor.py:153} INFO - Started process (PID=172653) to work on /home/civis/anaconda3/lib/python3.9/site-packages/airflow/example_dags/example_xcom.py
[2023-03-22T04:07:09.866+0400] {processor.py:743} INFO - Processing file /home/civis/anaconda3/lib/python3.9/site-packages/airflow/example_dags/example_xcom.py for tasks to queue
[2023-03-22T04:07:09.867+0400] {logging_mixin.py:137} INFO - [2023-03-22T04:07:09.867+0400] {dagbag.py:538} INFO - Filling up the DagBag from /home/civis/anaconda3/lib/python3.9/site-packages/airflow/example_dags/example_xcom.py
[2023-03-22T04:07:09.876+0400] {processor.py:753} INFO - DAG(s) dict_keys(['example_xcom']) retrieved from /home/civis/anaconda3/lib/python3.9/site-packages/airflow/example_dags/example_xcom.py
[2023-03-22T04:07:09.883+0400] {logging_mixin.py:137} INFO - [2023-03-22T04:07:09.883+0400] {dag.py:2690} INFO - Sync 1 DAGs
[2023-03-22T04:07:09.891+0400] {logging_mixin.py:137} INFO - [2023-03-22T04:07:09.890+0400] {dag.py:3437} INFO - Setting next_dagrun for example_xcom to 2021-01-01T00:00:00+00:00, run_after=2021-01-01T00:00:00+00:00
[2023-03-22T04:07:09.906+0400] {processor.py:175} INFO - Processing /home/civis/anaconda3/lib/python3.9/site-packages/airflow/example_dags/example_xcom.py took 0.042 seconds
[2023-03-22T04:07:52.524+0400] {processor.py:153} INFO - Started process (PID=173344) to work on /home/civis/anaconda3/lib/python3.9/site-packages/airflow/example_dags/example_xcom.py
[2023-03-22T04:07:52.533+0400] {processor.py:743} INFO - Processing file /home/civis/anaconda3/lib/python3.9/site-packages/airflow/example_dags/example_xcom.py for tasks to queue
[2023-03-22T04:07:52.534+0400] {logging_mixin.py:137} INFO - [2023-03-22T04:07:52.534+0400] {dagbag.py:538} INFO - Filling up the DagBag from /home/civis/anaconda3/lib/python3.9/site-packages/airflow/example_dags/example_xcom.py
[2023-03-22T04:07:52.551+0400] {processor.py:753} INFO - DAG(s) dict_keys(['example_xcom']) retrieved from /home/civis/anaconda3/lib/python3.9/site-packages/airflow/example_dags/example_xcom.py
[2023-03-22T04:07:52.558+0400] {logging_mixin.py:137} INFO - [2023-03-22T04:07:52.558+0400] {dag.py:2690} INFO - Sync 1 DAGs
[2023-03-22T04:07:52.565+0400] {logging_mixin.py:137} INFO - [2023-03-22T04:07:52.565+0400] {dag.py:3437} INFO - Setting next_dagrun for example_xcom to 2021-01-01T00:00:00+00:00, run_after=2021-01-01T00:00:00+00:00
[2023-03-22T04:07:52.580+0400] {processor.py:175} INFO - Processing /home/civis/anaconda3/lib/python3.9/site-packages/airflow/example_dags/example_xcom.py took 0.060 seconds
[2023-03-22T04:08:31.681+0400] {processor.py:153} INFO - Started process (PID=174063) to work on /home/civis/anaconda3/lib/python3.9/site-packages/airflow/example_dags/example_xcom.py
[2023-03-22T04:08:31.689+0400] {processor.py:743} INFO - Processing file /home/civis/anaconda3/lib/python3.9/site-packages/airflow/example_dags/example_xcom.py for tasks to queue
[2023-03-22T04:08:31.691+0400] {logging_mixin.py:137} INFO - [2023-03-22T04:08:31.690+0400] {dagbag.py:538} INFO - Filling up the DagBag from /home/civis/anaconda3/lib/python3.9/site-packages/airflow/example_dags/example_xcom.py
[2023-03-22T04:08:31.711+0400] {processor.py:753} INFO - DAG(s) dict_keys(['example_xcom']) retrieved from /home/civis/anaconda3/lib/python3.9/site-packages/airflow/example_dags/example_xcom.py
[2023-03-22T04:08:31.719+0400] {logging_mixin.py:137} INFO - [2023-03-22T04:08:31.719+0400] {dag.py:2690} INFO - Sync 1 DAGs
[2023-03-22T04:08:31.726+0400] {logging_mixin.py:137} INFO - [2023-03-22T04:08:31.726+0400] {dag.py:3437} INFO - Setting next_dagrun for example_xcom to 2021-01-01T00:00:00+00:00, run_after=2021-01-01T00:00:00+00:00
[2023-03-22T04:08:31.742+0400] {processor.py:175} INFO - Processing /home/civis/anaconda3/lib/python3.9/site-packages/airflow/example_dags/example_xcom.py took 0.063 seconds
[2023-03-22T04:09:12.190+0400] {processor.py:153} INFO - Started process (PID=175932) to work on /home/civis/anaconda3/lib/python3.9/site-packages/airflow/example_dags/example_xcom.py
[2023-03-22T04:09:12.199+0400] {processor.py:743} INFO - Processing file /home/civis/anaconda3/lib/python3.9/site-packages/airflow/example_dags/example_xcom.py for tasks to queue
[2023-03-22T04:09:12.200+0400] {logging_mixin.py:137} INFO - [2023-03-22T04:09:12.200+0400] {dagbag.py:538} INFO - Filling up the DagBag from /home/civis/anaconda3/lib/python3.9/site-packages/airflow/example_dags/example_xcom.py
[2023-03-22T04:09:12.229+0400] {processor.py:753} INFO - DAG(s) dict_keys(['example_xcom']) retrieved from /home/civis/anaconda3/lib/python3.9/site-packages/airflow/example_dags/example_xcom.py
[2023-03-22T04:09:12.238+0400] {logging_mixin.py:137} INFO - [2023-03-22T04:09:12.237+0400] {dag.py:2690} INFO - Sync 1 DAGs
[2023-03-22T04:09:12.246+0400] {logging_mixin.py:137} INFO - [2023-03-22T04:09:12.246+0400] {dag.py:3437} INFO - Setting next_dagrun for example_xcom to 2021-01-01T00:00:00+00:00, run_after=2021-01-01T00:00:00+00:00
[2023-03-22T04:09:12.261+0400] {processor.py:175} INFO - Processing /home/civis/anaconda3/lib/python3.9/site-packages/airflow/example_dags/example_xcom.py took 0.075 seconds
[2023-03-22T04:09:55.284+0400] {processor.py:153} INFO - Started process (PID=176631) to work on /home/civis/anaconda3/lib/python3.9/site-packages/airflow/example_dags/example_xcom.py
[2023-03-22T04:09:55.285+0400] {processor.py:743} INFO - Processing file /home/civis/anaconda3/lib/python3.9/site-packages/airflow/example_dags/example_xcom.py for tasks to queue
[2023-03-22T04:09:55.285+0400] {logging_mixin.py:137} INFO - [2023-03-22T04:09:55.285+0400] {dagbag.py:538} INFO - Filling up the DagBag from /home/civis/anaconda3/lib/python3.9/site-packages/airflow/example_dags/example_xcom.py
[2023-03-22T04:09:55.301+0400] {processor.py:753} INFO - DAG(s) dict_keys(['example_xcom']) retrieved from /home/civis/anaconda3/lib/python3.9/site-packages/airflow/example_dags/example_xcom.py
[2023-03-22T04:09:55.308+0400] {logging_mixin.py:137} INFO - [2023-03-22T04:09:55.308+0400] {dag.py:2690} INFO - Sync 1 DAGs
[2023-03-22T04:09:55.316+0400] {logging_mixin.py:137} INFO - [2023-03-22T04:09:55.315+0400] {dag.py:3437} INFO - Setting next_dagrun for example_xcom to 2021-01-01T00:00:00+00:00, run_after=2021-01-01T00:00:00+00:00
[2023-03-22T04:09:55.335+0400] {processor.py:175} INFO - Processing /home/civis/anaconda3/lib/python3.9/site-packages/airflow/example_dags/example_xcom.py took 0.052 seconds
[2023-03-22T04:10:38.819+0400] {processor.py:153} INFO - Started process (PID=177314) to work on /home/civis/anaconda3/lib/python3.9/site-packages/airflow/example_dags/example_xcom.py
[2023-03-22T04:10:38.827+0400] {processor.py:743} INFO - Processing file /home/civis/anaconda3/lib/python3.9/site-packages/airflow/example_dags/example_xcom.py for tasks to queue
[2023-03-22T04:10:38.828+0400] {logging_mixin.py:137} INFO - [2023-03-22T04:10:38.828+0400] {dagbag.py:538} INFO - Filling up the DagBag from /home/civis/anaconda3/lib/python3.9/site-packages/airflow/example_dags/example_xcom.py
[2023-03-22T04:10:38.847+0400] {processor.py:753} INFO - DAG(s) dict_keys(['example_xcom']) retrieved from /home/civis/anaconda3/lib/python3.9/site-packages/airflow/example_dags/example_xcom.py
[2023-03-22T04:10:38.855+0400] {logging_mixin.py:137} INFO - [2023-03-22T04:10:38.855+0400] {dag.py:2690} INFO - Sync 1 DAGs
[2023-03-22T04:10:38.862+0400] {logging_mixin.py:137} INFO - [2023-03-22T04:10:38.862+0400] {dag.py:3437} INFO - Setting next_dagrun for example_xcom to 2021-01-01T00:00:00+00:00, run_after=2021-01-01T00:00:00+00:00
[2023-03-22T04:10:38.877+0400] {processor.py:175} INFO - Processing /home/civis/anaconda3/lib/python3.9/site-packages/airflow/example_dags/example_xcom.py took 0.059 seconds
[2023-03-22T04:11:17.843+0400] {processor.py:153} INFO - Started process (PID=178047) to work on /home/civis/anaconda3/lib/python3.9/site-packages/airflow/example_dags/example_xcom.py
[2023-03-22T04:11:17.851+0400] {processor.py:743} INFO - Processing file /home/civis/anaconda3/lib/python3.9/site-packages/airflow/example_dags/example_xcom.py for tasks to queue
[2023-03-22T04:11:17.852+0400] {logging_mixin.py:137} INFO - [2023-03-22T04:11:17.851+0400] {dagbag.py:538} INFO - Filling up the DagBag from /home/civis/anaconda3/lib/python3.9/site-packages/airflow/example_dags/example_xcom.py
[2023-03-22T04:11:17.863+0400] {processor.py:753} INFO - DAG(s) dict_keys(['example_xcom']) retrieved from /home/civis/anaconda3/lib/python3.9/site-packages/airflow/example_dags/example_xcom.py
[2023-03-22T04:11:17.872+0400] {logging_mixin.py:137} INFO - [2023-03-22T04:11:17.872+0400] {dag.py:2690} INFO - Sync 1 DAGs
[2023-03-22T04:11:17.880+0400] {logging_mixin.py:137} INFO - [2023-03-22T04:11:17.880+0400] {dag.py:3437} INFO - Setting next_dagrun for example_xcom to 2021-01-01T00:00:00+00:00, run_after=2021-01-01T00:00:00+00:00
[2023-03-22T04:11:17.896+0400] {processor.py:175} INFO - Processing /home/civis/anaconda3/lib/python3.9/site-packages/airflow/example_dags/example_xcom.py took 0.054 seconds
