[2023-03-22T04:00:17.208+0400] {processor.py:153} INFO - Started process (PID=165726) to work on /home/civis/anaconda3/lib/python3.9/site-packages/airflow/example_dags/example_branch_operator_decorator.py
[2023-03-22T04:00:17.209+0400] {processor.py:743} INFO - Processing file /home/civis/anaconda3/lib/python3.9/site-packages/airflow/example_dags/example_branch_operator_decorator.py for tasks to queue
[2023-03-22T04:00:17.209+0400] {logging_mixin.py:137} INFO - [2023-03-22T04:00:17.209+0400] {dagbag.py:538} INFO - Filling up the DagBag from /home/civis/anaconda3/lib/python3.9/site-packages/airflow/example_dags/example_branch_operator_decorator.py
[2023-03-22T04:00:17.221+0400] {processor.py:753} INFO - DAG(s) dict_keys(['example_branch_python_operator_decorator']) retrieved from /home/civis/anaconda3/lib/python3.9/site-packages/airflow/example_dags/example_branch_operator_decorator.py
[2023-03-22T04:00:17.283+0400] {logging_mixin.py:137} INFO - [2023-03-22T04:00:17.282+0400] {manager.py:504} INFO - Created Permission View: can delete on DAG:example_branch_python_operator_decorator
[2023-03-22T04:00:17.299+0400] {logging_mixin.py:137} INFO - [2023-03-22T04:00:17.299+0400] {manager.py:504} INFO - Created Permission View: can read on DAG:example_branch_python_operator_decorator
[2023-03-22T04:00:17.312+0400] {logging_mixin.py:137} INFO - [2023-03-22T04:00:17.312+0400] {manager.py:504} INFO - Created Permission View: can edit on DAG:example_branch_python_operator_decorator
[2023-03-22T04:00:17.313+0400] {logging_mixin.py:137} INFO - [2023-03-22T04:00:17.313+0400] {dag.py:2690} INFO - Sync 1 DAGs
[2023-03-22T04:00:17.321+0400] {logging_mixin.py:137} INFO - [2023-03-22T04:00:17.321+0400] {dag.py:2711} INFO - Creating ORM DAG for example_branch_python_operator_decorator
[2023-03-22T04:00:17.326+0400] {logging_mixin.py:137} INFO - [2023-03-22T04:00:17.326+0400] {dag.py:3437} INFO - Setting next_dagrun for example_branch_python_operator_decorator to 2023-03-21T00:00:00+00:00, run_after=2023-03-22T00:00:00+00:00
[2023-03-22T04:00:17.347+0400] {processor.py:175} INFO - Processing /home/civis/anaconda3/lib/python3.9/site-packages/airflow/example_dags/example_branch_operator_decorator.py took 0.140 seconds
[2023-03-22T04:00:58.468+0400] {processor.py:153} INFO - Started process (PID=166360) to work on /home/civis/anaconda3/lib/python3.9/site-packages/airflow/example_dags/example_branch_operator_decorator.py
[2023-03-22T04:00:58.478+0400] {processor.py:743} INFO - Processing file /home/civis/anaconda3/lib/python3.9/site-packages/airflow/example_dags/example_branch_operator_decorator.py for tasks to queue
[2023-03-22T04:00:58.479+0400] {logging_mixin.py:137} INFO - [2023-03-22T04:00:58.479+0400] {dagbag.py:538} INFO - Filling up the DagBag from /home/civis/anaconda3/lib/python3.9/site-packages/airflow/example_dags/example_branch_operator_decorator.py
[2023-03-22T04:00:58.503+0400] {processor.py:753} INFO - DAG(s) dict_keys(['example_branch_python_operator_decorator']) retrieved from /home/civis/anaconda3/lib/python3.9/site-packages/airflow/example_dags/example_branch_operator_decorator.py
[2023-03-22T04:00:58.511+0400] {logging_mixin.py:137} INFO - [2023-03-22T04:00:58.511+0400] {dag.py:2690} INFO - Sync 1 DAGs
[2023-03-22T04:00:58.519+0400] {logging_mixin.py:137} INFO - [2023-03-22T04:00:58.519+0400] {dag.py:3437} INFO - Setting next_dagrun for example_branch_python_operator_decorator to 2023-03-21T00:00:00+00:00, run_after=2023-03-22T00:00:00+00:00
[2023-03-22T04:00:58.534+0400] {processor.py:175} INFO - Processing /home/civis/anaconda3/lib/python3.9/site-packages/airflow/example_dags/example_branch_operator_decorator.py took 0.071 seconds
[2023-03-22T04:01:36.805+0400] {processor.py:153} INFO - Started process (PID=166941) to work on /home/civis/anaconda3/lib/python3.9/site-packages/airflow/example_dags/example_branch_operator_decorator.py
[2023-03-22T04:01:36.805+0400] {processor.py:743} INFO - Processing file /home/civis/anaconda3/lib/python3.9/site-packages/airflow/example_dags/example_branch_operator_decorator.py for tasks to queue
[2023-03-22T04:01:36.805+0400] {logging_mixin.py:137} INFO - [2023-03-22T04:01:36.805+0400] {dagbag.py:538} INFO - Filling up the DagBag from /home/civis/anaconda3/lib/python3.9/site-packages/airflow/example_dags/example_branch_operator_decorator.py
[2023-03-22T04:01:36.816+0400] {processor.py:753} INFO - DAG(s) dict_keys(['example_branch_python_operator_decorator']) retrieved from /home/civis/anaconda3/lib/python3.9/site-packages/airflow/example_dags/example_branch_operator_decorator.py
[2023-03-22T04:01:36.823+0400] {logging_mixin.py:137} INFO - [2023-03-22T04:01:36.823+0400] {dag.py:2690} INFO - Sync 1 DAGs
[2023-03-22T04:01:36.832+0400] {logging_mixin.py:137} INFO - [2023-03-22T04:01:36.832+0400] {dag.py:3437} INFO - Setting next_dagrun for example_branch_python_operator_decorator to 2023-03-21T00:00:00+00:00, run_after=2023-03-22T00:00:00+00:00
[2023-03-22T04:01:36.847+0400] {processor.py:175} INFO - Processing /home/civis/anaconda3/lib/python3.9/site-packages/airflow/example_dags/example_branch_operator_decorator.py took 0.043 seconds
[2023-03-22T04:02:18.492+0400] {processor.py:153} INFO - Started process (PID=167672) to work on /home/civis/anaconda3/lib/python3.9/site-packages/airflow/example_dags/example_branch_operator_decorator.py
[2023-03-22T04:02:18.501+0400] {processor.py:743} INFO - Processing file /home/civis/anaconda3/lib/python3.9/site-packages/airflow/example_dags/example_branch_operator_decorator.py for tasks to queue
[2023-03-22T04:02:18.502+0400] {logging_mixin.py:137} INFO - [2023-03-22T04:02:18.502+0400] {dagbag.py:538} INFO - Filling up the DagBag from /home/civis/anaconda3/lib/python3.9/site-packages/airflow/example_dags/example_branch_operator_decorator.py
[2023-03-22T04:02:18.522+0400] {processor.py:753} INFO - DAG(s) dict_keys(['example_branch_python_operator_decorator']) retrieved from /home/civis/anaconda3/lib/python3.9/site-packages/airflow/example_dags/example_branch_operator_decorator.py
[2023-03-22T04:02:18.529+0400] {logging_mixin.py:137} INFO - [2023-03-22T04:02:18.529+0400] {dag.py:2690} INFO - Sync 1 DAGs
[2023-03-22T04:02:18.537+0400] {logging_mixin.py:137} INFO - [2023-03-22T04:02:18.537+0400] {dag.py:3437} INFO - Setting next_dagrun for example_branch_python_operator_decorator to 2023-03-21T00:00:00+00:00, run_after=2023-03-22T00:00:00+00:00
[2023-03-22T04:02:18.552+0400] {processor.py:175} INFO - Processing /home/civis/anaconda3/lib/python3.9/site-packages/airflow/example_dags/example_branch_operator_decorator.py took 0.064 seconds
[2023-03-22T04:02:56.670+0400] {processor.py:153} INFO - Started process (PID=168507) to work on /home/civis/anaconda3/lib/python3.9/site-packages/airflow/example_dags/example_branch_operator_decorator.py
[2023-03-22T04:02:56.670+0400] {processor.py:743} INFO - Processing file /home/civis/anaconda3/lib/python3.9/site-packages/airflow/example_dags/example_branch_operator_decorator.py for tasks to queue
[2023-03-22T04:02:56.671+0400] {logging_mixin.py:137} INFO - [2023-03-22T04:02:56.671+0400] {dagbag.py:538} INFO - Filling up the DagBag from /home/civis/anaconda3/lib/python3.9/site-packages/airflow/example_dags/example_branch_operator_decorator.py
[2023-03-22T04:02:56.685+0400] {processor.py:753} INFO - DAG(s) dict_keys(['example_branch_python_operator_decorator']) retrieved from /home/civis/anaconda3/lib/python3.9/site-packages/airflow/example_dags/example_branch_operator_decorator.py
[2023-03-22T04:02:56.694+0400] {logging_mixin.py:137} INFO - [2023-03-22T04:02:56.693+0400] {dag.py:2690} INFO - Sync 1 DAGs
[2023-03-22T04:02:56.702+0400] {logging_mixin.py:137} INFO - [2023-03-22T04:02:56.702+0400] {dag.py:3437} INFO - Setting next_dagrun for example_branch_python_operator_decorator to 2023-03-21T00:00:00+00:00, run_after=2023-03-22T00:00:00+00:00
[2023-03-22T04:02:56.718+0400] {processor.py:175} INFO - Processing /home/civis/anaconda3/lib/python3.9/site-packages/airflow/example_dags/example_branch_operator_decorator.py took 0.051 seconds
[2023-03-22T04:03:37.230+0400] {processor.py:153} INFO - Started process (PID=169219) to work on /home/civis/anaconda3/lib/python3.9/site-packages/airflow/example_dags/example_branch_operator_decorator.py
[2023-03-22T04:03:37.238+0400] {processor.py:743} INFO - Processing file /home/civis/anaconda3/lib/python3.9/site-packages/airflow/example_dags/example_branch_operator_decorator.py for tasks to queue
[2023-03-22T04:03:37.239+0400] {logging_mixin.py:137} INFO - [2023-03-22T04:03:37.239+0400] {dagbag.py:538} INFO - Filling up the DagBag from /home/civis/anaconda3/lib/python3.9/site-packages/airflow/example_dags/example_branch_operator_decorator.py
[2023-03-22T04:03:37.261+0400] {processor.py:753} INFO - DAG(s) dict_keys(['example_branch_python_operator_decorator']) retrieved from /home/civis/anaconda3/lib/python3.9/site-packages/airflow/example_dags/example_branch_operator_decorator.py
[2023-03-22T04:03:37.268+0400] {logging_mixin.py:137} INFO - [2023-03-22T04:03:37.268+0400] {dag.py:2690} INFO - Sync 1 DAGs
[2023-03-22T04:03:37.277+0400] {logging_mixin.py:137} INFO - [2023-03-22T04:03:37.276+0400] {dag.py:3437} INFO - Setting next_dagrun for example_branch_python_operator_decorator to 2023-03-21T00:00:00+00:00, run_after=2023-03-22T00:00:00+00:00
[2023-03-22T04:03:37.292+0400] {processor.py:175} INFO - Processing /home/civis/anaconda3/lib/python3.9/site-packages/airflow/example_dags/example_branch_operator_decorator.py took 0.064 seconds
[2023-03-22T04:04:43.670+0400] {processor.py:153} INFO - Started process (PID=170281) to work on /home/civis/anaconda3/lib/python3.9/site-packages/airflow/example_dags/example_branch_operator_decorator.py
[2023-03-22T04:04:43.679+0400] {processor.py:743} INFO - Processing file /home/civis/anaconda3/lib/python3.9/site-packages/airflow/example_dags/example_branch_operator_decorator.py for tasks to queue
[2023-03-22T04:04:43.681+0400] {logging_mixin.py:137} INFO - [2023-03-22T04:04:43.680+0400] {dagbag.py:538} INFO - Filling up the DagBag from /home/civis/anaconda3/lib/python3.9/site-packages/airflow/example_dags/example_branch_operator_decorator.py
[2023-03-22T04:04:43.707+0400] {processor.py:753} INFO - DAG(s) dict_keys(['example_branch_python_operator_decorator']) retrieved from /home/civis/anaconda3/lib/python3.9/site-packages/airflow/example_dags/example_branch_operator_decorator.py
[2023-03-22T04:04:43.714+0400] {logging_mixin.py:137} INFO - [2023-03-22T04:04:43.714+0400] {dag.py:2690} INFO - Sync 1 DAGs
[2023-03-22T04:04:43.722+0400] {logging_mixin.py:137} INFO - [2023-03-22T04:04:43.722+0400] {dag.py:3437} INFO - Setting next_dagrun for example_branch_python_operator_decorator to 2023-03-21T00:00:00+00:00, run_after=2023-03-22T00:00:00+00:00
[2023-03-22T04:04:43.741+0400] {processor.py:175} INFO - Processing /home/civis/anaconda3/lib/python3.9/site-packages/airflow/example_dags/example_branch_operator_decorator.py took 0.072 seconds
[2023-03-22T04:05:25.546+0400] {processor.py:153} INFO - Started process (PID=170930) to work on /home/civis/anaconda3/lib/python3.9/site-packages/airflow/example_dags/example_branch_operator_decorator.py
[2023-03-22T04:05:25.555+0400] {processor.py:743} INFO - Processing file /home/civis/anaconda3/lib/python3.9/site-packages/airflow/example_dags/example_branch_operator_decorator.py for tasks to queue
[2023-03-22T04:05:25.556+0400] {logging_mixin.py:137} INFO - [2023-03-22T04:05:25.556+0400] {dagbag.py:538} INFO - Filling up the DagBag from /home/civis/anaconda3/lib/python3.9/site-packages/airflow/example_dags/example_branch_operator_decorator.py
[2023-03-22T04:05:25.576+0400] {processor.py:753} INFO - DAG(s) dict_keys(['example_branch_python_operator_decorator']) retrieved from /home/civis/anaconda3/lib/python3.9/site-packages/airflow/example_dags/example_branch_operator_decorator.py
[2023-03-22T04:05:25.584+0400] {logging_mixin.py:137} INFO - [2023-03-22T04:05:25.583+0400] {dag.py:2690} INFO - Sync 1 DAGs
[2023-03-22T04:05:25.592+0400] {logging_mixin.py:137} INFO - [2023-03-22T04:05:25.592+0400] {dag.py:3437} INFO - Setting next_dagrun for example_branch_python_operator_decorator to 2023-03-21T00:00:00+00:00, run_after=2023-03-22T00:00:00+00:00
[2023-03-22T04:05:25.608+0400] {processor.py:175} INFO - Processing /home/civis/anaconda3/lib/python3.9/site-packages/airflow/example_dags/example_branch_operator_decorator.py took 0.063 seconds
[2023-03-22T04:06:05.013+0400] {processor.py:153} INFO - Started process (PID=171559) to work on /home/civis/anaconda3/lib/python3.9/site-packages/airflow/example_dags/example_branch_operator_decorator.py
[2023-03-22T04:06:05.022+0400] {processor.py:743} INFO - Processing file /home/civis/anaconda3/lib/python3.9/site-packages/airflow/example_dags/example_branch_operator_decorator.py for tasks to queue
[2023-03-22T04:06:05.023+0400] {logging_mixin.py:137} INFO - [2023-03-22T04:06:05.023+0400] {dagbag.py:538} INFO - Filling up the DagBag from /home/civis/anaconda3/lib/python3.9/site-packages/airflow/example_dags/example_branch_operator_decorator.py
[2023-03-22T04:06:05.038+0400] {processor.py:753} INFO - DAG(s) dict_keys(['example_branch_python_operator_decorator']) retrieved from /home/civis/anaconda3/lib/python3.9/site-packages/airflow/example_dags/example_branch_operator_decorator.py
[2023-03-22T04:06:05.047+0400] {logging_mixin.py:137} INFO - [2023-03-22T04:06:05.047+0400] {dag.py:2690} INFO - Sync 1 DAGs
[2023-03-22T04:06:05.056+0400] {logging_mixin.py:137} INFO - [2023-03-22T04:06:05.056+0400] {dag.py:3437} INFO - Setting next_dagrun for example_branch_python_operator_decorator to 2023-03-21T00:00:00+00:00, run_after=2023-03-22T00:00:00+00:00
[2023-03-22T04:06:05.071+0400] {processor.py:175} INFO - Processing /home/civis/anaconda3/lib/python3.9/site-packages/airflow/example_dags/example_branch_operator_decorator.py took 0.061 seconds
[2023-03-22T04:06:45.383+0400] {processor.py:153} INFO - Started process (PID=172245) to work on /home/civis/anaconda3/lib/python3.9/site-packages/airflow/example_dags/example_branch_operator_decorator.py
[2023-03-22T04:06:45.392+0400] {processor.py:743} INFO - Processing file /home/civis/anaconda3/lib/python3.9/site-packages/airflow/example_dags/example_branch_operator_decorator.py for tasks to queue
[2023-03-22T04:06:45.393+0400] {logging_mixin.py:137} INFO - [2023-03-22T04:06:45.393+0400] {dagbag.py:538} INFO - Filling up the DagBag from /home/civis/anaconda3/lib/python3.9/site-packages/airflow/example_dags/example_branch_operator_decorator.py
[2023-03-22T04:06:45.414+0400] {processor.py:753} INFO - DAG(s) dict_keys(['example_branch_python_operator_decorator']) retrieved from /home/civis/anaconda3/lib/python3.9/site-packages/airflow/example_dags/example_branch_operator_decorator.py
[2023-03-22T04:06:45.423+0400] {logging_mixin.py:137} INFO - [2023-03-22T04:06:45.422+0400] {dag.py:2690} INFO - Sync 1 DAGs
[2023-03-22T04:06:45.432+0400] {logging_mixin.py:137} INFO - [2023-03-22T04:06:45.432+0400] {dag.py:3437} INFO - Setting next_dagrun for example_branch_python_operator_decorator to 2023-03-21T00:00:00+00:00, run_after=2023-03-22T00:00:00+00:00
[2023-03-22T04:06:45.449+0400] {processor.py:175} INFO - Processing /home/civis/anaconda3/lib/python3.9/site-packages/airflow/example_dags/example_branch_operator_decorator.py took 0.067 seconds
[2023-03-22T04:07:25.013+0400] {processor.py:153} INFO - Started process (PID=172862) to work on /home/civis/anaconda3/lib/python3.9/site-packages/airflow/example_dags/example_branch_operator_decorator.py
[2023-03-22T04:07:25.014+0400] {processor.py:743} INFO - Processing file /home/civis/anaconda3/lib/python3.9/site-packages/airflow/example_dags/example_branch_operator_decorator.py for tasks to queue
[2023-03-22T04:07:25.015+0400] {logging_mixin.py:137} INFO - [2023-03-22T04:07:25.015+0400] {dagbag.py:538} INFO - Filling up the DagBag from /home/civis/anaconda3/lib/python3.9/site-packages/airflow/example_dags/example_branch_operator_decorator.py
[2023-03-22T04:07:25.026+0400] {processor.py:753} INFO - DAG(s) dict_keys(['example_branch_python_operator_decorator']) retrieved from /home/civis/anaconda3/lib/python3.9/site-packages/airflow/example_dags/example_branch_operator_decorator.py
[2023-03-22T04:07:25.034+0400] {logging_mixin.py:137} INFO - [2023-03-22T04:07:25.034+0400] {dag.py:2690} INFO - Sync 1 DAGs
[2023-03-22T04:07:25.042+0400] {logging_mixin.py:137} INFO - [2023-03-22T04:07:25.042+0400] {dag.py:3437} INFO - Setting next_dagrun for example_branch_python_operator_decorator to 2023-03-21T00:00:00+00:00, run_after=2023-03-22T00:00:00+00:00
[2023-03-22T04:07:25.057+0400] {processor.py:175} INFO - Processing /home/civis/anaconda3/lib/python3.9/site-packages/airflow/example_dags/example_branch_operator_decorator.py took 0.048 seconds
[2023-03-22T04:08:07.073+0400] {processor.py:153} INFO - Started process (PID=173580) to work on /home/civis/anaconda3/lib/python3.9/site-packages/airflow/example_dags/example_branch_operator_decorator.py
[2023-03-22T04:08:07.073+0400] {processor.py:743} INFO - Processing file /home/civis/anaconda3/lib/python3.9/site-packages/airflow/example_dags/example_branch_operator_decorator.py for tasks to queue
[2023-03-22T04:08:07.073+0400] {logging_mixin.py:137} INFO - [2023-03-22T04:08:07.073+0400] {dagbag.py:538} INFO - Filling up the DagBag from /home/civis/anaconda3/lib/python3.9/site-packages/airflow/example_dags/example_branch_operator_decorator.py
[2023-03-22T04:08:07.084+0400] {processor.py:753} INFO - DAG(s) dict_keys(['example_branch_python_operator_decorator']) retrieved from /home/civis/anaconda3/lib/python3.9/site-packages/airflow/example_dags/example_branch_operator_decorator.py
[2023-03-22T04:08:07.091+0400] {logging_mixin.py:137} INFO - [2023-03-22T04:08:07.091+0400] {dag.py:2690} INFO - Sync 1 DAGs
[2023-03-22T04:08:07.099+0400] {logging_mixin.py:137} INFO - [2023-03-22T04:08:07.099+0400] {dag.py:3437} INFO - Setting next_dagrun for example_branch_python_operator_decorator to 2023-03-21T00:00:00+00:00, run_after=2023-03-22T00:00:00+00:00
[2023-03-22T04:08:07.114+0400] {processor.py:175} INFO - Processing /home/civis/anaconda3/lib/python3.9/site-packages/airflow/example_dags/example_branch_operator_decorator.py took 0.042 seconds
[2023-03-22T04:08:45.487+0400] {processor.py:153} INFO - Started process (PID=174303) to work on /home/civis/anaconda3/lib/python3.9/site-packages/airflow/example_dags/example_branch_operator_decorator.py
[2023-03-22T04:08:45.495+0400] {processor.py:743} INFO - Processing file /home/civis/anaconda3/lib/python3.9/site-packages/airflow/example_dags/example_branch_operator_decorator.py for tasks to queue
[2023-03-22T04:08:45.496+0400] {logging_mixin.py:137} INFO - [2023-03-22T04:08:45.496+0400] {dagbag.py:538} INFO - Filling up the DagBag from /home/civis/anaconda3/lib/python3.9/site-packages/airflow/example_dags/example_branch_operator_decorator.py
[2023-03-22T04:08:45.506+0400] {processor.py:753} INFO - DAG(s) dict_keys(['example_branch_python_operator_decorator']) retrieved from /home/civis/anaconda3/lib/python3.9/site-packages/airflow/example_dags/example_branch_operator_decorator.py
[2023-03-22T04:08:45.514+0400] {logging_mixin.py:137} INFO - [2023-03-22T04:08:45.514+0400] {dag.py:2690} INFO - Sync 1 DAGs
[2023-03-22T04:08:45.522+0400] {logging_mixin.py:137} INFO - [2023-03-22T04:08:45.522+0400] {dag.py:3437} INFO - Setting next_dagrun for example_branch_python_operator_decorator to 2023-03-21T00:00:00+00:00, run_after=2023-03-22T00:00:00+00:00
[2023-03-22T04:08:45.538+0400] {processor.py:175} INFO - Processing /home/civis/anaconda3/lib/python3.9/site-packages/airflow/example_dags/example_branch_operator_decorator.py took 0.052 seconds
[2023-03-22T04:09:27.204+0400] {processor.py:153} INFO - Started process (PID=176138) to work on /home/civis/anaconda3/lib/python3.9/site-packages/airflow/example_dags/example_branch_operator_decorator.py
[2023-03-22T04:09:27.212+0400] {processor.py:743} INFO - Processing file /home/civis/anaconda3/lib/python3.9/site-packages/airflow/example_dags/example_branch_operator_decorator.py for tasks to queue
[2023-03-22T04:09:27.213+0400] {logging_mixin.py:137} INFO - [2023-03-22T04:09:27.213+0400] {dagbag.py:538} INFO - Filling up the DagBag from /home/civis/anaconda3/lib/python3.9/site-packages/airflow/example_dags/example_branch_operator_decorator.py
[2023-03-22T04:09:27.227+0400] {processor.py:753} INFO - DAG(s) dict_keys(['example_branch_python_operator_decorator']) retrieved from /home/civis/anaconda3/lib/python3.9/site-packages/airflow/example_dags/example_branch_operator_decorator.py
[2023-03-22T04:09:27.235+0400] {logging_mixin.py:137} INFO - [2023-03-22T04:09:27.235+0400] {dag.py:2690} INFO - Sync 1 DAGs
[2023-03-22T04:09:27.245+0400] {logging_mixin.py:137} INFO - [2023-03-22T04:09:27.245+0400] {dag.py:3437} INFO - Setting next_dagrun for example_branch_python_operator_decorator to 2023-03-21T00:00:00+00:00, run_after=2023-03-22T00:00:00+00:00
[2023-03-22T04:09:27.261+0400] {processor.py:175} INFO - Processing /home/civis/anaconda3/lib/python3.9/site-packages/airflow/example_dags/example_branch_operator_decorator.py took 0.059 seconds
[2023-03-22T04:10:10.740+0400] {processor.py:153} INFO - Started process (PID=176853) to work on /home/civis/anaconda3/lib/python3.9/site-packages/airflow/example_dags/example_branch_operator_decorator.py
[2023-03-22T04:10:10.748+0400] {processor.py:743} INFO - Processing file /home/civis/anaconda3/lib/python3.9/site-packages/airflow/example_dags/example_branch_operator_decorator.py for tasks to queue
[2023-03-22T04:10:10.749+0400] {logging_mixin.py:137} INFO - [2023-03-22T04:10:10.749+0400] {dagbag.py:538} INFO - Filling up the DagBag from /home/civis/anaconda3/lib/python3.9/site-packages/airflow/example_dags/example_branch_operator_decorator.py
[2023-03-22T04:10:10.778+0400] {processor.py:753} INFO - DAG(s) dict_keys(['example_branch_python_operator_decorator']) retrieved from /home/civis/anaconda3/lib/python3.9/site-packages/airflow/example_dags/example_branch_operator_decorator.py
[2023-03-22T04:10:10.786+0400] {logging_mixin.py:137} INFO - [2023-03-22T04:10:10.786+0400] {dag.py:2690} INFO - Sync 1 DAGs
[2023-03-22T04:10:10.794+0400] {logging_mixin.py:137} INFO - [2023-03-22T04:10:10.794+0400] {dag.py:3437} INFO - Setting next_dagrun for example_branch_python_operator_decorator to 2023-03-21T00:00:00+00:00, run_after=2023-03-22T00:00:00+00:00
[2023-03-22T04:10:10.809+0400] {processor.py:175} INFO - Processing /home/civis/anaconda3/lib/python3.9/site-packages/airflow/example_dags/example_branch_operator_decorator.py took 0.071 seconds
[2023-03-22T04:10:53.356+0400] {processor.py:153} INFO - Started process (PID=177596) to work on /home/civis/anaconda3/lib/python3.9/site-packages/airflow/example_dags/example_branch_operator_decorator.py
[2023-03-22T04:10:53.364+0400] {processor.py:743} INFO - Processing file /home/civis/anaconda3/lib/python3.9/site-packages/airflow/example_dags/example_branch_operator_decorator.py for tasks to queue
[2023-03-22T04:10:53.365+0400] {logging_mixin.py:137} INFO - [2023-03-22T04:10:53.365+0400] {dagbag.py:538} INFO - Filling up the DagBag from /home/civis/anaconda3/lib/python3.9/site-packages/airflow/example_dags/example_branch_operator_decorator.py
[2023-03-22T04:10:53.392+0400] {processor.py:753} INFO - DAG(s) dict_keys(['example_branch_python_operator_decorator']) retrieved from /home/civis/anaconda3/lib/python3.9/site-packages/airflow/example_dags/example_branch_operator_decorator.py
[2023-03-22T04:10:53.401+0400] {logging_mixin.py:137} INFO - [2023-03-22T04:10:53.400+0400] {dag.py:2690} INFO - Sync 1 DAGs
[2023-03-22T04:10:53.409+0400] {logging_mixin.py:137} INFO - [2023-03-22T04:10:53.409+0400] {dag.py:3437} INFO - Setting next_dagrun for example_branch_python_operator_decorator to 2023-03-21T00:00:00+00:00, run_after=2023-03-22T00:00:00+00:00
[2023-03-22T04:10:53.425+0400] {processor.py:175} INFO - Processing /home/civis/anaconda3/lib/python3.9/site-packages/airflow/example_dags/example_branch_operator_decorator.py took 0.072 seconds
[2023-03-22T04:11:31.835+0400] {processor.py:153} INFO - Started process (PID=178256) to work on /home/civis/anaconda3/lib/python3.9/site-packages/airflow/example_dags/example_branch_operator_decorator.py
[2023-03-22T04:11:31.845+0400] {processor.py:743} INFO - Processing file /home/civis/anaconda3/lib/python3.9/site-packages/airflow/example_dags/example_branch_operator_decorator.py for tasks to queue
[2023-03-22T04:11:31.846+0400] {logging_mixin.py:137} INFO - [2023-03-22T04:11:31.846+0400] {dagbag.py:538} INFO - Filling up the DagBag from /home/civis/anaconda3/lib/python3.9/site-packages/airflow/example_dags/example_branch_operator_decorator.py
[2023-03-22T04:11:31.866+0400] {processor.py:753} INFO - DAG(s) dict_keys(['example_branch_python_operator_decorator']) retrieved from /home/civis/anaconda3/lib/python3.9/site-packages/airflow/example_dags/example_branch_operator_decorator.py
[2023-03-22T04:11:31.873+0400] {logging_mixin.py:137} INFO - [2023-03-22T04:11:31.873+0400] {dag.py:2690} INFO - Sync 1 DAGs
[2023-03-22T04:11:31.882+0400] {logging_mixin.py:137} INFO - [2023-03-22T04:11:31.882+0400] {dag.py:3437} INFO - Setting next_dagrun for example_branch_python_operator_decorator to 2023-03-21T00:00:00+00:00, run_after=2023-03-22T00:00:00+00:00
[2023-03-22T04:11:31.897+0400] {processor.py:175} INFO - Processing /home/civis/anaconda3/lib/python3.9/site-packages/airflow/example_dags/example_branch_operator_decorator.py took 0.067 seconds
