[2023-03-22T04:00:25.779+0400] {processor.py:153} INFO - Started process (PID=165866) to work on /home/civis/anaconda3/lib/python3.9/site-packages/airflow/example_dags/example_sla_dag.py
[2023-03-22T04:00:25.779+0400] {processor.py:743} INFO - Processing file /home/civis/anaconda3/lib/python3.9/site-packages/airflow/example_dags/example_sla_dag.py for tasks to queue
[2023-03-22T04:00:25.779+0400] {logging_mixin.py:137} INFO - [2023-03-22T04:00:25.779+0400] {dagbag.py:538} INFO - Filling up the DagBag from /home/civis/anaconda3/lib/python3.9/site-packages/airflow/example_dags/example_sla_dag.py
[2023-03-22T04:00:25.789+0400] {processor.py:753} INFO - DAG(s) dict_keys(['example_sla_dag']) retrieved from /home/civis/anaconda3/lib/python3.9/site-packages/airflow/example_dags/example_sla_dag.py
[2023-03-22T04:00:25.796+0400] {logging_mixin.py:137} INFO - [2023-03-22T04:00:25.796+0400] {dag.py:2690} INFO - Sync 1 DAGs
[2023-03-22T04:00:25.805+0400] {logging_mixin.py:137} INFO - [2023-03-22T04:00:25.804+0400] {dag.py:3437} INFO - Setting next_dagrun for example_sla_dag to 2023-03-21T23:58:00+00:00, run_after=2023-03-22T00:00:00+00:00
[2023-03-22T04:00:25.828+0400] {processor.py:175} INFO - Processing /home/civis/anaconda3/lib/python3.9/site-packages/airflow/example_dags/example_sla_dag.py took 0.052 seconds
[2023-03-22T04:01:04.742+0400] {processor.py:153} INFO - Started process (PID=166447) to work on /home/civis/anaconda3/lib/python3.9/site-packages/airflow/example_dags/example_sla_dag.py
[2023-03-22T04:01:04.750+0400] {processor.py:743} INFO - Processing file /home/civis/anaconda3/lib/python3.9/site-packages/airflow/example_dags/example_sla_dag.py for tasks to queue
[2023-03-22T04:01:04.751+0400] {logging_mixin.py:137} INFO - [2023-03-22T04:01:04.751+0400] {dagbag.py:538} INFO - Filling up the DagBag from /home/civis/anaconda3/lib/python3.9/site-packages/airflow/example_dags/example_sla_dag.py
[2023-03-22T04:01:04.768+0400] {processor.py:753} INFO - DAG(s) dict_keys(['example_sla_dag']) retrieved from /home/civis/anaconda3/lib/python3.9/site-packages/airflow/example_dags/example_sla_dag.py
[2023-03-22T04:01:04.775+0400] {logging_mixin.py:137} INFO - [2023-03-22T04:01:04.775+0400] {dag.py:2690} INFO - Sync 1 DAGs
[2023-03-22T04:01:04.784+0400] {logging_mixin.py:137} INFO - [2023-03-22T04:01:04.784+0400] {dag.py:3437} INFO - Setting next_dagrun for example_sla_dag to 2023-03-21T23:58:00+00:00, run_after=2023-03-22T00:00:00+00:00
[2023-03-22T04:01:04.799+0400] {processor.py:175} INFO - Processing /home/civis/anaconda3/lib/python3.9/site-packages/airflow/example_dags/example_sla_dag.py took 0.058 seconds
[2023-03-22T04:01:44.782+0400] {processor.py:153} INFO - Started process (PID=167071) to work on /home/civis/anaconda3/lib/python3.9/site-packages/airflow/example_dags/example_sla_dag.py
[2023-03-22T04:01:44.791+0400] {processor.py:743} INFO - Processing file /home/civis/anaconda3/lib/python3.9/site-packages/airflow/example_dags/example_sla_dag.py for tasks to queue
[2023-03-22T04:01:44.792+0400] {logging_mixin.py:137} INFO - [2023-03-22T04:01:44.792+0400] {dagbag.py:538} INFO - Filling up the DagBag from /home/civis/anaconda3/lib/python3.9/site-packages/airflow/example_dags/example_sla_dag.py
[2023-03-22T04:01:44.810+0400] {processor.py:753} INFO - DAG(s) dict_keys(['example_sla_dag']) retrieved from /home/civis/anaconda3/lib/python3.9/site-packages/airflow/example_dags/example_sla_dag.py
[2023-03-22T04:01:44.817+0400] {logging_mixin.py:137} INFO - [2023-03-22T04:01:44.817+0400] {dag.py:2690} INFO - Sync 1 DAGs
[2023-03-22T04:01:44.826+0400] {logging_mixin.py:137} INFO - [2023-03-22T04:01:44.826+0400] {dag.py:3437} INFO - Setting next_dagrun for example_sla_dag to 2023-03-21T23:58:00+00:00, run_after=2023-03-22T00:00:00+00:00
[2023-03-22T04:01:44.841+0400] {processor.py:175} INFO - Processing /home/civis/anaconda3/lib/python3.9/site-packages/airflow/example_dags/example_sla_dag.py took 0.060 seconds
[2023-03-22T04:02:24.782+0400] {processor.py:153} INFO - Started process (PID=167822) to work on /home/civis/anaconda3/lib/python3.9/site-packages/airflow/example_dags/example_sla_dag.py
[2023-03-22T04:02:24.790+0400] {processor.py:743} INFO - Processing file /home/civis/anaconda3/lib/python3.9/site-packages/airflow/example_dags/example_sla_dag.py for tasks to queue
[2023-03-22T04:02:24.791+0400] {logging_mixin.py:137} INFO - [2023-03-22T04:02:24.791+0400] {dagbag.py:538} INFO - Filling up the DagBag from /home/civis/anaconda3/lib/python3.9/site-packages/airflow/example_dags/example_sla_dag.py
[2023-03-22T04:02:24.807+0400] {processor.py:753} INFO - DAG(s) dict_keys(['example_sla_dag']) retrieved from /home/civis/anaconda3/lib/python3.9/site-packages/airflow/example_dags/example_sla_dag.py
[2023-03-22T04:02:24.815+0400] {logging_mixin.py:137} INFO - [2023-03-22T04:02:24.815+0400] {dag.py:2690} INFO - Sync 1 DAGs
[2023-03-22T04:02:24.824+0400] {logging_mixin.py:137} INFO - [2023-03-22T04:02:24.823+0400] {dag.py:3437} INFO - Setting next_dagrun for example_sla_dag to 2023-03-22T00:00:00+00:00, run_after=2023-03-22T00:02:00+00:00
[2023-03-22T04:02:24.839+0400] {processor.py:175} INFO - Processing /home/civis/anaconda3/lib/python3.9/site-packages/airflow/example_dags/example_sla_dag.py took 0.059 seconds
[2023-03-22T04:03:05.363+0400] {processor.py:153} INFO - Started process (PID=168636) to work on /home/civis/anaconda3/lib/python3.9/site-packages/airflow/example_dags/example_sla_dag.py
[2023-03-22T04:03:05.363+0400] {processor.py:743} INFO - Processing file /home/civis/anaconda3/lib/python3.9/site-packages/airflow/example_dags/example_sla_dag.py for tasks to queue
[2023-03-22T04:03:05.364+0400] {logging_mixin.py:137} INFO - [2023-03-22T04:03:05.363+0400] {dagbag.py:538} INFO - Filling up the DagBag from /home/civis/anaconda3/lib/python3.9/site-packages/airflow/example_dags/example_sla_dag.py
[2023-03-22T04:03:05.375+0400] {processor.py:753} INFO - DAG(s) dict_keys(['example_sla_dag']) retrieved from /home/civis/anaconda3/lib/python3.9/site-packages/airflow/example_dags/example_sla_dag.py
[2023-03-22T04:03:05.382+0400] {logging_mixin.py:137} INFO - [2023-03-22T04:03:05.382+0400] {dag.py:2690} INFO - Sync 1 DAGs
[2023-03-22T04:03:05.390+0400] {logging_mixin.py:137} INFO - [2023-03-22T04:03:05.390+0400] {dag.py:3437} INFO - Setting next_dagrun for example_sla_dag to 2023-03-22T00:00:00+00:00, run_after=2023-03-22T00:02:00+00:00
[2023-03-22T04:03:05.412+0400] {processor.py:175} INFO - Processing /home/civis/anaconda3/lib/python3.9/site-packages/airflow/example_dags/example_sla_dag.py took 0.051 seconds
[2023-03-22T04:03:44.253+0400] {processor.py:153} INFO - Started process (PID=169338) to work on /home/civis/anaconda3/lib/python3.9/site-packages/airflow/example_dags/example_sla_dag.py
[2023-03-22T04:03:44.262+0400] {processor.py:743} INFO - Processing file /home/civis/anaconda3/lib/python3.9/site-packages/airflow/example_dags/example_sla_dag.py for tasks to queue
[2023-03-22T04:03:44.263+0400] {logging_mixin.py:137} INFO - [2023-03-22T04:03:44.263+0400] {dagbag.py:538} INFO - Filling up the DagBag from /home/civis/anaconda3/lib/python3.9/site-packages/airflow/example_dags/example_sla_dag.py
[2023-03-22T04:03:44.284+0400] {processor.py:753} INFO - DAG(s) dict_keys(['example_sla_dag']) retrieved from /home/civis/anaconda3/lib/python3.9/site-packages/airflow/example_dags/example_sla_dag.py
[2023-03-22T04:03:44.291+0400] {logging_mixin.py:137} INFO - [2023-03-22T04:03:44.291+0400] {dag.py:2690} INFO - Sync 1 DAGs
[2023-03-22T04:03:44.300+0400] {logging_mixin.py:137} INFO - [2023-03-22T04:03:44.300+0400] {dag.py:3437} INFO - Setting next_dagrun for example_sla_dag to 2023-03-22T00:00:00+00:00, run_after=2023-03-22T00:02:00+00:00
[2023-03-22T04:03:44.319+0400] {processor.py:175} INFO - Processing /home/civis/anaconda3/lib/python3.9/site-packages/airflow/example_dags/example_sla_dag.py took 0.069 seconds
[2023-03-22T04:04:11.823+0400] {processor.py:153} INFO - Started process (PID=169786) to work on /home/civis/anaconda3/lib/python3.9/site-packages/airflow/example_dags/example_sla_dag.py
[2023-03-22T04:04:11.832+0400] {processor.py:743} INFO - Processing file /home/civis/anaconda3/lib/python3.9/site-packages/airflow/example_dags/example_sla_dag.py for tasks to queue
[2023-03-22T04:04:11.832+0400] {logging_mixin.py:137} INFO - [2023-03-22T04:04:11.832+0400] {dagbag.py:538} INFO - Filling up the DagBag from /home/civis/anaconda3/lib/python3.9/site-packages/airflow/example_dags/example_sla_dag.py
[2023-03-22T04:04:11.842+0400] {processor.py:753} INFO - DAG(s) dict_keys(['example_sla_dag']) retrieved from /home/civis/anaconda3/lib/python3.9/site-packages/airflow/example_dags/example_sla_dag.py
[2023-03-22T04:04:11.849+0400] {logging_mixin.py:137} INFO - [2023-03-22T04:04:11.849+0400] {dag.py:2690} INFO - Sync 1 DAGs
[2023-03-22T04:04:11.858+0400] {logging_mixin.py:137} INFO - [2023-03-22T04:04:11.858+0400] {dag.py:3437} INFO - Setting next_dagrun for example_sla_dag to 2023-03-22T00:02:00+00:00, run_after=2023-03-22T00:04:00+00:00
[2023-03-22T04:04:11.873+0400] {processor.py:175} INFO - Processing /home/civis/anaconda3/lib/python3.9/site-packages/airflow/example_dags/example_sla_dag.py took 0.051 seconds
[2023-03-22T04:04:51.742+0400] {processor.py:153} INFO - Started process (PID=170437) to work on /home/civis/anaconda3/lib/python3.9/site-packages/airflow/example_dags/example_sla_dag.py
[2023-03-22T04:04:51.750+0400] {processor.py:743} INFO - Processing file /home/civis/anaconda3/lib/python3.9/site-packages/airflow/example_dags/example_sla_dag.py for tasks to queue
[2023-03-22T04:04:51.751+0400] {logging_mixin.py:137} INFO - [2023-03-22T04:04:51.751+0400] {dagbag.py:538} INFO - Filling up the DagBag from /home/civis/anaconda3/lib/python3.9/site-packages/airflow/example_dags/example_sla_dag.py
[2023-03-22T04:04:51.772+0400] {processor.py:753} INFO - DAG(s) dict_keys(['example_sla_dag']) retrieved from /home/civis/anaconda3/lib/python3.9/site-packages/airflow/example_dags/example_sla_dag.py
[2023-03-22T04:04:51.779+0400] {logging_mixin.py:137} INFO - [2023-03-22T04:04:51.779+0400] {dag.py:2690} INFO - Sync 1 DAGs
[2023-03-22T04:04:51.788+0400] {logging_mixin.py:137} INFO - [2023-03-22T04:04:51.787+0400] {dag.py:3437} INFO - Setting next_dagrun for example_sla_dag to 2023-03-22T00:02:00+00:00, run_after=2023-03-22T00:04:00+00:00
[2023-03-22T04:04:51.804+0400] {processor.py:175} INFO - Processing /home/civis/anaconda3/lib/python3.9/site-packages/airflow/example_dags/example_sla_dag.py took 0.064 seconds
[2023-03-22T04:05:31.745+0400] {processor.py:153} INFO - Started process (PID=171055) to work on /home/civis/anaconda3/lib/python3.9/site-packages/airflow/example_dags/example_sla_dag.py
[2023-03-22T04:05:31.754+0400] {processor.py:743} INFO - Processing file /home/civis/anaconda3/lib/python3.9/site-packages/airflow/example_dags/example_sla_dag.py for tasks to queue
[2023-03-22T04:05:31.754+0400] {logging_mixin.py:137} INFO - [2023-03-22T04:05:31.754+0400] {dagbag.py:538} INFO - Filling up the DagBag from /home/civis/anaconda3/lib/python3.9/site-packages/airflow/example_dags/example_sla_dag.py
[2023-03-22T04:05:31.768+0400] {processor.py:753} INFO - DAG(s) dict_keys(['example_sla_dag']) retrieved from /home/civis/anaconda3/lib/python3.9/site-packages/airflow/example_dags/example_sla_dag.py
[2023-03-22T04:05:31.776+0400] {logging_mixin.py:137} INFO - [2023-03-22T04:05:31.776+0400] {dag.py:2690} INFO - Sync 1 DAGs
[2023-03-22T04:05:31.785+0400] {logging_mixin.py:137} INFO - [2023-03-22T04:05:31.785+0400] {dag.py:3437} INFO - Setting next_dagrun for example_sla_dag to 2023-03-22T00:02:00+00:00, run_after=2023-03-22T00:04:00+00:00
[2023-03-22T04:05:31.800+0400] {processor.py:175} INFO - Processing /home/civis/anaconda3/lib/python3.9/site-packages/airflow/example_dags/example_sla_dag.py took 0.056 seconds
[2023-03-22T04:06:12.198+0400] {processor.py:153} INFO - Started process (PID=171735) to work on /home/civis/anaconda3/lib/python3.9/site-packages/airflow/example_dags/example_sla_dag.py
[2023-03-22T04:06:12.207+0400] {processor.py:743} INFO - Processing file /home/civis/anaconda3/lib/python3.9/site-packages/airflow/example_dags/example_sla_dag.py for tasks to queue
[2023-03-22T04:06:12.207+0400] {logging_mixin.py:137} INFO - [2023-03-22T04:06:12.207+0400] {dagbag.py:538} INFO - Filling up the DagBag from /home/civis/anaconda3/lib/python3.9/site-packages/airflow/example_dags/example_sla_dag.py
[2023-03-22T04:06:12.218+0400] {processor.py:753} INFO - DAG(s) dict_keys(['example_sla_dag']) retrieved from /home/civis/anaconda3/lib/python3.9/site-packages/airflow/example_dags/example_sla_dag.py
[2023-03-22T04:06:12.227+0400] {logging_mixin.py:137} INFO - [2023-03-22T04:06:12.227+0400] {dag.py:2690} INFO - Sync 1 DAGs
[2023-03-22T04:06:12.238+0400] {logging_mixin.py:137} INFO - [2023-03-22T04:06:12.238+0400] {dag.py:3437} INFO - Setting next_dagrun for example_sla_dag to 2023-03-22T00:04:00+00:00, run_after=2023-03-22T00:06:00+00:00
[2023-03-22T04:06:12.254+0400] {processor.py:175} INFO - Processing /home/civis/anaconda3/lib/python3.9/site-packages/airflow/example_dags/example_sla_dag.py took 0.058 seconds
[2023-03-22T04:06:51.682+0400] {processor.py:153} INFO - Started process (PID=172369) to work on /home/civis/anaconda3/lib/python3.9/site-packages/airflow/example_dags/example_sla_dag.py
[2023-03-22T04:06:51.683+0400] {processor.py:743} INFO - Processing file /home/civis/anaconda3/lib/python3.9/site-packages/airflow/example_dags/example_sla_dag.py for tasks to queue
[2023-03-22T04:06:51.683+0400] {logging_mixin.py:137} INFO - [2023-03-22T04:06:51.683+0400] {dagbag.py:538} INFO - Filling up the DagBag from /home/civis/anaconda3/lib/python3.9/site-packages/airflow/example_dags/example_sla_dag.py
[2023-03-22T04:06:51.693+0400] {processor.py:753} INFO - DAG(s) dict_keys(['example_sla_dag']) retrieved from /home/civis/anaconda3/lib/python3.9/site-packages/airflow/example_dags/example_sla_dag.py
[2023-03-22T04:06:51.701+0400] {logging_mixin.py:137} INFO - [2023-03-22T04:06:51.701+0400] {dag.py:2690} INFO - Sync 1 DAGs
[2023-03-22T04:06:51.709+0400] {logging_mixin.py:137} INFO - [2023-03-22T04:06:51.709+0400] {dag.py:3437} INFO - Setting next_dagrun for example_sla_dag to 2023-03-22T00:04:00+00:00, run_after=2023-03-22T00:06:00+00:00
[2023-03-22T04:06:51.724+0400] {processor.py:175} INFO - Processing /home/civis/anaconda3/lib/python3.9/site-packages/airflow/example_dags/example_sla_dag.py took 0.044 seconds
[2023-03-22T04:07:33.395+0400] {processor.py:153} INFO - Started process (PID=173011) to work on /home/civis/anaconda3/lib/python3.9/site-packages/airflow/example_dags/example_sla_dag.py
[2023-03-22T04:07:33.404+0400] {processor.py:743} INFO - Processing file /home/civis/anaconda3/lib/python3.9/site-packages/airflow/example_dags/example_sla_dag.py for tasks to queue
[2023-03-22T04:07:33.405+0400] {logging_mixin.py:137} INFO - [2023-03-22T04:07:33.405+0400] {dagbag.py:538} INFO - Filling up the DagBag from /home/civis/anaconda3/lib/python3.9/site-packages/airflow/example_dags/example_sla_dag.py
[2023-03-22T04:07:33.435+0400] {processor.py:753} INFO - DAG(s) dict_keys(['example_sla_dag']) retrieved from /home/civis/anaconda3/lib/python3.9/site-packages/airflow/example_dags/example_sla_dag.py
[2023-03-22T04:07:33.443+0400] {logging_mixin.py:137} INFO - [2023-03-22T04:07:33.443+0400] {dag.py:2690} INFO - Sync 1 DAGs
[2023-03-22T04:07:33.452+0400] {logging_mixin.py:137} INFO - [2023-03-22T04:07:33.452+0400] {dag.py:3437} INFO - Setting next_dagrun for example_sla_dag to 2023-03-22T00:04:00+00:00, run_after=2023-03-22T00:06:00+00:00
[2023-03-22T04:07:33.467+0400] {processor.py:175} INFO - Processing /home/civis/anaconda3/lib/python3.9/site-packages/airflow/example_dags/example_sla_dag.py took 0.075 seconds
[2023-03-22T04:08:12.793+0400] {processor.py:153} INFO - Started process (PID=173699) to work on /home/civis/anaconda3/lib/python3.9/site-packages/airflow/example_dags/example_sla_dag.py
[2023-03-22T04:08:12.802+0400] {processor.py:743} INFO - Processing file /home/civis/anaconda3/lib/python3.9/site-packages/airflow/example_dags/example_sla_dag.py for tasks to queue
[2023-03-22T04:08:12.803+0400] {logging_mixin.py:137} INFO - [2023-03-22T04:08:12.803+0400] {dagbag.py:538} INFO - Filling up the DagBag from /home/civis/anaconda3/lib/python3.9/site-packages/airflow/example_dags/example_sla_dag.py
[2023-03-22T04:08:12.824+0400] {processor.py:753} INFO - DAG(s) dict_keys(['example_sla_dag']) retrieved from /home/civis/anaconda3/lib/python3.9/site-packages/airflow/example_dags/example_sla_dag.py
[2023-03-22T04:08:12.831+0400] {logging_mixin.py:137} INFO - [2023-03-22T04:08:12.831+0400] {dag.py:2690} INFO - Sync 1 DAGs
[2023-03-22T04:08:12.840+0400] {logging_mixin.py:137} INFO - [2023-03-22T04:08:12.840+0400] {dag.py:3437} INFO - Setting next_dagrun for example_sla_dag to 2023-03-22T00:06:00+00:00, run_after=2023-03-22T00:08:00+00:00
[2023-03-22T04:08:12.855+0400] {processor.py:175} INFO - Processing /home/civis/anaconda3/lib/python3.9/site-packages/airflow/example_dags/example_sla_dag.py took 0.064 seconds
[2023-03-22T04:08:53.639+0400] {processor.py:153} INFO - Started process (PID=175632) to work on /home/civis/anaconda3/lib/python3.9/site-packages/airflow/example_dags/example_sla_dag.py
[2023-03-22T04:08:53.640+0400] {processor.py:743} INFO - Processing file /home/civis/anaconda3/lib/python3.9/site-packages/airflow/example_dags/example_sla_dag.py for tasks to queue
[2023-03-22T04:08:53.641+0400] {logging_mixin.py:137} INFO - [2023-03-22T04:08:53.640+0400] {dagbag.py:538} INFO - Filling up the DagBag from /home/civis/anaconda3/lib/python3.9/site-packages/airflow/example_dags/example_sla_dag.py
[2023-03-22T04:08:53.651+0400] {processor.py:753} INFO - DAG(s) dict_keys(['example_sla_dag']) retrieved from /home/civis/anaconda3/lib/python3.9/site-packages/airflow/example_dags/example_sla_dag.py
[2023-03-22T04:08:53.658+0400] {logging_mixin.py:137} INFO - [2023-03-22T04:08:53.658+0400] {dag.py:2690} INFO - Sync 1 DAGs
[2023-03-22T04:08:53.666+0400] {logging_mixin.py:137} INFO - [2023-03-22T04:08:53.666+0400] {dag.py:3437} INFO - Setting next_dagrun for example_sla_dag to 2023-03-22T00:06:00+00:00, run_after=2023-03-22T00:08:00+00:00
[2023-03-22T04:08:53.681+0400] {processor.py:175} INFO - Processing /home/civis/anaconda3/lib/python3.9/site-packages/airflow/example_dags/example_sla_dag.py took 0.044 seconds
[2023-03-22T04:09:36.329+0400] {processor.py:153} INFO - Started process (PID=176324) to work on /home/civis/anaconda3/lib/python3.9/site-packages/airflow/example_dags/example_sla_dag.py
[2023-03-22T04:09:36.330+0400] {processor.py:743} INFO - Processing file /home/civis/anaconda3/lib/python3.9/site-packages/airflow/example_dags/example_sla_dag.py for tasks to queue
[2023-03-22T04:09:36.330+0400] {logging_mixin.py:137} INFO - [2023-03-22T04:09:36.330+0400] {dagbag.py:538} INFO - Filling up the DagBag from /home/civis/anaconda3/lib/python3.9/site-packages/airflow/example_dags/example_sla_dag.py
[2023-03-22T04:09:36.340+0400] {processor.py:753} INFO - DAG(s) dict_keys(['example_sla_dag']) retrieved from /home/civis/anaconda3/lib/python3.9/site-packages/airflow/example_dags/example_sla_dag.py
[2023-03-22T04:09:36.347+0400] {logging_mixin.py:137} INFO - [2023-03-22T04:09:36.347+0400] {dag.py:2690} INFO - Sync 1 DAGs
[2023-03-22T04:09:36.356+0400] {logging_mixin.py:137} INFO - [2023-03-22T04:09:36.356+0400] {dag.py:3437} INFO - Setting next_dagrun for example_sla_dag to 2023-03-22T00:06:00+00:00, run_after=2023-03-22T00:08:00+00:00
[2023-03-22T04:09:36.371+0400] {processor.py:175} INFO - Processing /home/civis/anaconda3/lib/python3.9/site-packages/airflow/example_dags/example_sla_dag.py took 0.043 seconds
[2023-03-22T04:10:19.375+0400] {processor.py:153} INFO - Started process (PID=177032) to work on /home/civis/anaconda3/lib/python3.9/site-packages/airflow/example_dags/example_sla_dag.py
[2023-03-22T04:10:19.376+0400] {processor.py:743} INFO - Processing file /home/civis/anaconda3/lib/python3.9/site-packages/airflow/example_dags/example_sla_dag.py for tasks to queue
[2023-03-22T04:10:19.376+0400] {logging_mixin.py:137} INFO - [2023-03-22T04:10:19.376+0400] {dagbag.py:538} INFO - Filling up the DagBag from /home/civis/anaconda3/lib/python3.9/site-packages/airflow/example_dags/example_sla_dag.py
[2023-03-22T04:10:19.387+0400] {processor.py:753} INFO - DAG(s) dict_keys(['example_sla_dag']) retrieved from /home/civis/anaconda3/lib/python3.9/site-packages/airflow/example_dags/example_sla_dag.py
[2023-03-22T04:10:19.396+0400] {logging_mixin.py:137} INFO - [2023-03-22T04:10:19.396+0400] {dag.py:2690} INFO - Sync 1 DAGs
[2023-03-22T04:10:19.405+0400] {logging_mixin.py:137} INFO - [2023-03-22T04:10:19.405+0400] {dag.py:3437} INFO - Setting next_dagrun for example_sla_dag to 2023-03-22T00:08:00+00:00, run_after=2023-03-22T00:10:00+00:00
[2023-03-22T04:10:19.421+0400] {processor.py:175} INFO - Processing /home/civis/anaconda3/lib/python3.9/site-packages/airflow/example_dags/example_sla_dag.py took 0.046 seconds
[2023-03-22T04:10:58.537+0400] {processor.py:153} INFO - Started process (PID=177696) to work on /home/civis/anaconda3/lib/python3.9/site-packages/airflow/example_dags/example_sla_dag.py
[2023-03-22T04:10:58.537+0400] {processor.py:743} INFO - Processing file /home/civis/anaconda3/lib/python3.9/site-packages/airflow/example_dags/example_sla_dag.py for tasks to queue
[2023-03-22T04:10:58.537+0400] {logging_mixin.py:137} INFO - [2023-03-22T04:10:58.537+0400] {dagbag.py:538} INFO - Filling up the DagBag from /home/civis/anaconda3/lib/python3.9/site-packages/airflow/example_dags/example_sla_dag.py
[2023-03-22T04:10:58.555+0400] {processor.py:753} INFO - DAG(s) dict_keys(['example_sla_dag']) retrieved from /home/civis/anaconda3/lib/python3.9/site-packages/airflow/example_dags/example_sla_dag.py
[2023-03-22T04:10:58.563+0400] {logging_mixin.py:137} INFO - [2023-03-22T04:10:58.563+0400] {dag.py:2690} INFO - Sync 1 DAGs
[2023-03-22T04:10:58.572+0400] {logging_mixin.py:137} INFO - [2023-03-22T04:10:58.572+0400] {dag.py:3437} INFO - Setting next_dagrun for example_sla_dag to 2023-03-22T00:08:00+00:00, run_after=2023-03-22T00:10:00+00:00
[2023-03-22T04:10:58.587+0400] {processor.py:175} INFO - Processing /home/civis/anaconda3/lib/python3.9/site-packages/airflow/example_dags/example_sla_dag.py took 0.053 seconds
[2023-03-22T04:11:40.182+0400] {processor.py:153} INFO - Started process (PID=178443) to work on /home/civis/anaconda3/lib/python3.9/site-packages/airflow/example_dags/example_sla_dag.py
[2023-03-22T04:11:40.191+0400] {processor.py:743} INFO - Processing file /home/civis/anaconda3/lib/python3.9/site-packages/airflow/example_dags/example_sla_dag.py for tasks to queue
[2023-03-22T04:11:40.193+0400] {logging_mixin.py:137} INFO - [2023-03-22T04:11:40.192+0400] {dagbag.py:538} INFO - Filling up the DagBag from /home/civis/anaconda3/lib/python3.9/site-packages/airflow/example_dags/example_sla_dag.py
[2023-03-22T04:11:40.214+0400] {processor.py:753} INFO - DAG(s) dict_keys(['example_sla_dag']) retrieved from /home/civis/anaconda3/lib/python3.9/site-packages/airflow/example_dags/example_sla_dag.py
[2023-03-22T04:11:40.226+0400] {logging_mixin.py:137} INFO - [2023-03-22T04:11:40.226+0400] {dag.py:2690} INFO - Sync 1 DAGs
[2023-03-22T04:11:40.236+0400] {logging_mixin.py:137} INFO - [2023-03-22T04:11:40.235+0400] {dag.py:3437} INFO - Setting next_dagrun for example_sla_dag to 2023-03-22T00:08:00+00:00, run_after=2023-03-22T00:10:00+00:00
[2023-03-22T04:11:40.251+0400] {processor.py:175} INFO - Processing /home/civis/anaconda3/lib/python3.9/site-packages/airflow/example_dags/example_sla_dag.py took 0.071 seconds
