[2023-03-22T04:00:33.830+0400] {processor.py:153} INFO - Started process (PID=165977) to work on /home/civis/anaconda3/lib/python3.9/site-packages/airflow/example_dags/example_python_operator.py
[2023-03-22T04:00:33.831+0400] {processor.py:743} INFO - Processing file /home/civis/anaconda3/lib/python3.9/site-packages/airflow/example_dags/example_python_operator.py for tasks to queue
[2023-03-22T04:00:33.831+0400] {logging_mixin.py:137} INFO - [2023-03-22T04:00:33.831+0400] {dagbag.py:538} INFO - Filling up the DagBag from /home/civis/anaconda3/lib/python3.9/site-packages/airflow/example_dags/example_python_operator.py
[2023-03-22T04:00:33.842+0400] {logging_mixin.py:137} INFO - [2023-03-22T04:00:33.842+0400] {taskmixin.py:205} WARNING - Dependency <Task(_PythonDecoratedOperator): print_the_context>, log_sql_query already registered for DAG: example_python_operator
[2023-03-22T04:00:33.842+0400] {logging_mixin.py:137} INFO - [2023-03-22T04:00:33.842+0400] {taskmixin.py:205} WARNING - Dependency <Task(_PythonDecoratedOperator): log_sql_query>, print_the_context already registered for DAG: example_python_operator
[2023-03-22T04:00:33.842+0400] {logging_mixin.py:137} INFO - [2023-03-22T04:00:33.842+0400] {taskmixin.py:205} WARNING - Dependency <Task(_PythonDecoratedOperator): print_the_context>, log_sql_query already registered for DAG: example_python_operator
[2023-03-22T04:00:33.842+0400] {logging_mixin.py:137} INFO - [2023-03-22T04:00:33.842+0400] {taskmixin.py:205} WARNING - Dependency <Task(_PythonDecoratedOperator): log_sql_query>, print_the_context already registered for DAG: example_python_operator
[2023-03-22T04:00:33.843+0400] {logging_mixin.py:137} INFO - [2023-03-22T04:00:33.843+0400] {taskmixin.py:205} WARNING - Dependency <Task(_PythonDecoratedOperator): print_the_context>, log_sql_query already registered for DAG: example_python_operator
[2023-03-22T04:00:33.843+0400] {logging_mixin.py:137} INFO - [2023-03-22T04:00:33.843+0400] {taskmixin.py:205} WARNING - Dependency <Task(_PythonDecoratedOperator): log_sql_query>, print_the_context already registered for DAG: example_python_operator
[2023-03-22T04:00:33.843+0400] {logging_mixin.py:137} INFO - [2023-03-22T04:00:33.843+0400] {taskmixin.py:205} WARNING - Dependency <Task(_PythonDecoratedOperator): print_the_context>, log_sql_query already registered for DAG: example_python_operator
[2023-03-22T04:00:33.843+0400] {logging_mixin.py:137} INFO - [2023-03-22T04:00:33.843+0400] {taskmixin.py:205} WARNING - Dependency <Task(_PythonDecoratedOperator): log_sql_query>, print_the_context already registered for DAG: example_python_operator
[2023-03-22T04:00:33.843+0400] {logging_mixin.py:137} INFO - [2023-03-22T04:00:33.843+0400] {example_python_operator.py:90} WARNING - The virtalenv_python example task requires virtualenv, please install it.
[2023-03-22T04:00:33.846+0400] {processor.py:753} INFO - DAG(s) dict_keys(['example_python_operator']) retrieved from /home/civis/anaconda3/lib/python3.9/site-packages/airflow/example_dags/example_python_operator.py
[2023-03-22T04:00:33.855+0400] {logging_mixin.py:137} INFO - [2023-03-22T04:00:33.855+0400] {dag.py:2690} INFO - Sync 1 DAGs
[2023-03-22T04:00:33.863+0400] {logging_mixin.py:137} INFO - [2023-03-22T04:00:33.863+0400] {dag.py:3437} INFO - Setting next_dagrun for example_python_operator to None, run_after=None
[2023-03-22T04:00:33.878+0400] {processor.py:175} INFO - Processing /home/civis/anaconda3/lib/python3.9/site-packages/airflow/example_dags/example_python_operator.py took 0.053 seconds
[2023-03-22T04:01:12.674+0400] {processor.py:153} INFO - Started process (PID=166565) to work on /home/civis/anaconda3/lib/python3.9/site-packages/airflow/example_dags/example_python_operator.py
[2023-03-22T04:01:12.683+0400] {processor.py:743} INFO - Processing file /home/civis/anaconda3/lib/python3.9/site-packages/airflow/example_dags/example_python_operator.py for tasks to queue
[2023-03-22T04:01:12.684+0400] {logging_mixin.py:137} INFO - [2023-03-22T04:01:12.684+0400] {dagbag.py:538} INFO - Filling up the DagBag from /home/civis/anaconda3/lib/python3.9/site-packages/airflow/example_dags/example_python_operator.py
[2023-03-22T04:01:12.702+0400] {logging_mixin.py:137} INFO - [2023-03-22T04:01:12.701+0400] {taskmixin.py:205} WARNING - Dependency <Task(_PythonDecoratedOperator): print_the_context>, log_sql_query already registered for DAG: example_python_operator
[2023-03-22T04:01:12.702+0400] {logging_mixin.py:137} INFO - [2023-03-22T04:01:12.702+0400] {taskmixin.py:205} WARNING - Dependency <Task(_PythonDecoratedOperator): log_sql_query>, print_the_context already registered for DAG: example_python_operator
[2023-03-22T04:01:12.702+0400] {logging_mixin.py:137} INFO - [2023-03-22T04:01:12.702+0400] {taskmixin.py:205} WARNING - Dependency <Task(_PythonDecoratedOperator): print_the_context>, log_sql_query already registered for DAG: example_python_operator
[2023-03-22T04:01:12.702+0400] {logging_mixin.py:137} INFO - [2023-03-22T04:01:12.702+0400] {taskmixin.py:205} WARNING - Dependency <Task(_PythonDecoratedOperator): log_sql_query>, print_the_context already registered for DAG: example_python_operator
[2023-03-22T04:01:12.702+0400] {logging_mixin.py:137} INFO - [2023-03-22T04:01:12.702+0400] {taskmixin.py:205} WARNING - Dependency <Task(_PythonDecoratedOperator): print_the_context>, log_sql_query already registered for DAG: example_python_operator
[2023-03-22T04:01:12.702+0400] {logging_mixin.py:137} INFO - [2023-03-22T04:01:12.702+0400] {taskmixin.py:205} WARNING - Dependency <Task(_PythonDecoratedOperator): log_sql_query>, print_the_context already registered for DAG: example_python_operator
[2023-03-22T04:01:12.702+0400] {logging_mixin.py:137} INFO - [2023-03-22T04:01:12.702+0400] {taskmixin.py:205} WARNING - Dependency <Task(_PythonDecoratedOperator): print_the_context>, log_sql_query already registered for DAG: example_python_operator
[2023-03-22T04:01:12.702+0400] {logging_mixin.py:137} INFO - [2023-03-22T04:01:12.702+0400] {taskmixin.py:205} WARNING - Dependency <Task(_PythonDecoratedOperator): log_sql_query>, print_the_context already registered for DAG: example_python_operator
[2023-03-22T04:01:12.703+0400] {logging_mixin.py:137} INFO - [2023-03-22T04:01:12.703+0400] {example_python_operator.py:90} WARNING - The virtalenv_python example task requires virtualenv, please install it.
[2023-03-22T04:01:12.705+0400] {processor.py:753} INFO - DAG(s) dict_keys(['example_python_operator']) retrieved from /home/civis/anaconda3/lib/python3.9/site-packages/airflow/example_dags/example_python_operator.py
[2023-03-22T04:01:12.712+0400] {logging_mixin.py:137} INFO - [2023-03-22T04:01:12.712+0400] {dag.py:2690} INFO - Sync 1 DAGs
[2023-03-22T04:01:12.719+0400] {logging_mixin.py:137} INFO - [2023-03-22T04:01:12.719+0400] {dag.py:3437} INFO - Setting next_dagrun for example_python_operator to None, run_after=None
[2023-03-22T04:01:12.734+0400] {processor.py:175} INFO - Processing /home/civis/anaconda3/lib/python3.9/site-packages/airflow/example_dags/example_python_operator.py took 0.061 seconds
[2023-03-22T04:01:52.450+0400] {processor.py:153} INFO - Started process (PID=167212) to work on /home/civis/anaconda3/lib/python3.9/site-packages/airflow/example_dags/example_python_operator.py
[2023-03-22T04:01:52.459+0400] {processor.py:743} INFO - Processing file /home/civis/anaconda3/lib/python3.9/site-packages/airflow/example_dags/example_python_operator.py for tasks to queue
[2023-03-22T04:01:52.460+0400] {logging_mixin.py:137} INFO - [2023-03-22T04:01:52.460+0400] {dagbag.py:538} INFO - Filling up the DagBag from /home/civis/anaconda3/lib/python3.9/site-packages/airflow/example_dags/example_python_operator.py
[2023-03-22T04:01:52.481+0400] {logging_mixin.py:137} INFO - [2023-03-22T04:01:52.481+0400] {taskmixin.py:205} WARNING - Dependency <Task(_PythonDecoratedOperator): print_the_context>, log_sql_query already registered for DAG: example_python_operator
[2023-03-22T04:01:52.481+0400] {logging_mixin.py:137} INFO - [2023-03-22T04:01:52.481+0400] {taskmixin.py:205} WARNING - Dependency <Task(_PythonDecoratedOperator): log_sql_query>, print_the_context already registered for DAG: example_python_operator
[2023-03-22T04:01:52.482+0400] {logging_mixin.py:137} INFO - [2023-03-22T04:01:52.482+0400] {taskmixin.py:205} WARNING - Dependency <Task(_PythonDecoratedOperator): print_the_context>, log_sql_query already registered for DAG: example_python_operator
[2023-03-22T04:01:52.482+0400] {logging_mixin.py:137} INFO - [2023-03-22T04:01:52.482+0400] {taskmixin.py:205} WARNING - Dependency <Task(_PythonDecoratedOperator): log_sql_query>, print_the_context already registered for DAG: example_python_operator
[2023-03-22T04:01:52.482+0400] {logging_mixin.py:137} INFO - [2023-03-22T04:01:52.482+0400] {taskmixin.py:205} WARNING - Dependency <Task(_PythonDecoratedOperator): print_the_context>, log_sql_query already registered for DAG: example_python_operator
[2023-03-22T04:01:52.482+0400] {logging_mixin.py:137} INFO - [2023-03-22T04:01:52.482+0400] {taskmixin.py:205} WARNING - Dependency <Task(_PythonDecoratedOperator): log_sql_query>, print_the_context already registered for DAG: example_python_operator
[2023-03-22T04:01:52.482+0400] {logging_mixin.py:137} INFO - [2023-03-22T04:01:52.482+0400] {taskmixin.py:205} WARNING - Dependency <Task(_PythonDecoratedOperator): print_the_context>, log_sql_query already registered for DAG: example_python_operator
[2023-03-22T04:01:52.482+0400] {logging_mixin.py:137} INFO - [2023-03-22T04:01:52.482+0400] {taskmixin.py:205} WARNING - Dependency <Task(_PythonDecoratedOperator): log_sql_query>, print_the_context already registered for DAG: example_python_operator
[2023-03-22T04:01:52.482+0400] {logging_mixin.py:137} INFO - [2023-03-22T04:01:52.482+0400] {example_python_operator.py:90} WARNING - The virtalenv_python example task requires virtualenv, please install it.
[2023-03-22T04:01:52.485+0400] {processor.py:753} INFO - DAG(s) dict_keys(['example_python_operator']) retrieved from /home/civis/anaconda3/lib/python3.9/site-packages/airflow/example_dags/example_python_operator.py
[2023-03-22T04:01:52.492+0400] {logging_mixin.py:137} INFO - [2023-03-22T04:01:52.492+0400] {dag.py:2690} INFO - Sync 1 DAGs
[2023-03-22T04:01:52.499+0400] {logging_mixin.py:137} INFO - [2023-03-22T04:01:52.499+0400] {dag.py:3437} INFO - Setting next_dagrun for example_python_operator to None, run_after=None
[2023-03-22T04:01:52.515+0400] {processor.py:175} INFO - Processing /home/civis/anaconda3/lib/python3.9/site-packages/airflow/example_dags/example_python_operator.py took 0.068 seconds
[2023-03-22T04:02:32.207+0400] {processor.py:153} INFO - Started process (PID=167972) to work on /home/civis/anaconda3/lib/python3.9/site-packages/airflow/example_dags/example_python_operator.py
[2023-03-22T04:02:32.207+0400] {processor.py:743} INFO - Processing file /home/civis/anaconda3/lib/python3.9/site-packages/airflow/example_dags/example_python_operator.py for tasks to queue
[2023-03-22T04:02:32.207+0400] {logging_mixin.py:137} INFO - [2023-03-22T04:02:32.207+0400] {dagbag.py:538} INFO - Filling up the DagBag from /home/civis/anaconda3/lib/python3.9/site-packages/airflow/example_dags/example_python_operator.py
[2023-03-22T04:02:32.214+0400] {logging_mixin.py:137} INFO - [2023-03-22T04:02:32.214+0400] {taskmixin.py:205} WARNING - Dependency <Task(_PythonDecoratedOperator): print_the_context>, log_sql_query already registered for DAG: example_python_operator
[2023-03-22T04:02:32.215+0400] {logging_mixin.py:137} INFO - [2023-03-22T04:02:32.215+0400] {taskmixin.py:205} WARNING - Dependency <Task(_PythonDecoratedOperator): log_sql_query>, print_the_context already registered for DAG: example_python_operator
[2023-03-22T04:02:32.215+0400] {logging_mixin.py:137} INFO - [2023-03-22T04:02:32.215+0400] {taskmixin.py:205} WARNING - Dependency <Task(_PythonDecoratedOperator): print_the_context>, log_sql_query already registered for DAG: example_python_operator
[2023-03-22T04:02:32.215+0400] {logging_mixin.py:137} INFO - [2023-03-22T04:02:32.215+0400] {taskmixin.py:205} WARNING - Dependency <Task(_PythonDecoratedOperator): log_sql_query>, print_the_context already registered for DAG: example_python_operator
[2023-03-22T04:02:32.215+0400] {logging_mixin.py:137} INFO - [2023-03-22T04:02:32.215+0400] {taskmixin.py:205} WARNING - Dependency <Task(_PythonDecoratedOperator): print_the_context>, log_sql_query already registered for DAG: example_python_operator
[2023-03-22T04:02:32.215+0400] {logging_mixin.py:137} INFO - [2023-03-22T04:02:32.215+0400] {taskmixin.py:205} WARNING - Dependency <Task(_PythonDecoratedOperator): log_sql_query>, print_the_context already registered for DAG: example_python_operator
[2023-03-22T04:02:32.215+0400] {logging_mixin.py:137} INFO - [2023-03-22T04:02:32.215+0400] {taskmixin.py:205} WARNING - Dependency <Task(_PythonDecoratedOperator): print_the_context>, log_sql_query already registered for DAG: example_python_operator
[2023-03-22T04:02:32.215+0400] {logging_mixin.py:137} INFO - [2023-03-22T04:02:32.215+0400] {taskmixin.py:205} WARNING - Dependency <Task(_PythonDecoratedOperator): log_sql_query>, print_the_context already registered for DAG: example_python_operator
[2023-03-22T04:02:32.215+0400] {logging_mixin.py:137} INFO - [2023-03-22T04:02:32.215+0400] {example_python_operator.py:90} WARNING - The virtalenv_python example task requires virtualenv, please install it.
[2023-03-22T04:02:32.217+0400] {processor.py:753} INFO - DAG(s) dict_keys(['example_python_operator']) retrieved from /home/civis/anaconda3/lib/python3.9/site-packages/airflow/example_dags/example_python_operator.py
[2023-03-22T04:02:32.225+0400] {logging_mixin.py:137} INFO - [2023-03-22T04:02:32.225+0400] {dag.py:2690} INFO - Sync 1 DAGs
[2023-03-22T04:02:32.232+0400] {logging_mixin.py:137} INFO - [2023-03-22T04:02:32.232+0400] {dag.py:3437} INFO - Setting next_dagrun for example_python_operator to None, run_after=None
[2023-03-22T04:02:32.247+0400] {processor.py:175} INFO - Processing /home/civis/anaconda3/lib/python3.9/site-packages/airflow/example_dags/example_python_operator.py took 0.043 seconds
[2023-03-22T04:03:13.259+0400] {processor.py:153} INFO - Started process (PID=168763) to work on /home/civis/anaconda3/lib/python3.9/site-packages/airflow/example_dags/example_python_operator.py
[2023-03-22T04:03:13.259+0400] {processor.py:743} INFO - Processing file /home/civis/anaconda3/lib/python3.9/site-packages/airflow/example_dags/example_python_operator.py for tasks to queue
[2023-03-22T04:03:13.259+0400] {logging_mixin.py:137} INFO - [2023-03-22T04:03:13.259+0400] {dagbag.py:538} INFO - Filling up the DagBag from /home/civis/anaconda3/lib/python3.9/site-packages/airflow/example_dags/example_python_operator.py
[2023-03-22T04:03:13.266+0400] {logging_mixin.py:137} INFO - [2023-03-22T04:03:13.266+0400] {taskmixin.py:205} WARNING - Dependency <Task(_PythonDecoratedOperator): print_the_context>, log_sql_query already registered for DAG: example_python_operator
[2023-03-22T04:03:13.266+0400] {logging_mixin.py:137} INFO - [2023-03-22T04:03:13.266+0400] {taskmixin.py:205} WARNING - Dependency <Task(_PythonDecoratedOperator): log_sql_query>, print_the_context already registered for DAG: example_python_operator
[2023-03-22T04:03:13.266+0400] {logging_mixin.py:137} INFO - [2023-03-22T04:03:13.266+0400] {taskmixin.py:205} WARNING - Dependency <Task(_PythonDecoratedOperator): print_the_context>, log_sql_query already registered for DAG: example_python_operator
[2023-03-22T04:03:13.266+0400] {logging_mixin.py:137} INFO - [2023-03-22T04:03:13.266+0400] {taskmixin.py:205} WARNING - Dependency <Task(_PythonDecoratedOperator): log_sql_query>, print_the_context already registered for DAG: example_python_operator
[2023-03-22T04:03:13.267+0400] {logging_mixin.py:137} INFO - [2023-03-22T04:03:13.267+0400] {taskmixin.py:205} WARNING - Dependency <Task(_PythonDecoratedOperator): print_the_context>, log_sql_query already registered for DAG: example_python_operator
[2023-03-22T04:03:13.267+0400] {logging_mixin.py:137} INFO - [2023-03-22T04:03:13.267+0400] {taskmixin.py:205} WARNING - Dependency <Task(_PythonDecoratedOperator): log_sql_query>, print_the_context already registered for DAG: example_python_operator
[2023-03-22T04:03:13.267+0400] {logging_mixin.py:137} INFO - [2023-03-22T04:03:13.267+0400] {taskmixin.py:205} WARNING - Dependency <Task(_PythonDecoratedOperator): print_the_context>, log_sql_query already registered for DAG: example_python_operator
[2023-03-22T04:03:13.267+0400] {logging_mixin.py:137} INFO - [2023-03-22T04:03:13.267+0400] {taskmixin.py:205} WARNING - Dependency <Task(_PythonDecoratedOperator): log_sql_query>, print_the_context already registered for DAG: example_python_operator
[2023-03-22T04:03:13.267+0400] {logging_mixin.py:137} INFO - [2023-03-22T04:03:13.267+0400] {example_python_operator.py:90} WARNING - The virtalenv_python example task requires virtualenv, please install it.
[2023-03-22T04:03:13.270+0400] {processor.py:753} INFO - DAG(s) dict_keys(['example_python_operator']) retrieved from /home/civis/anaconda3/lib/python3.9/site-packages/airflow/example_dags/example_python_operator.py
[2023-03-22T04:03:13.277+0400] {logging_mixin.py:137} INFO - [2023-03-22T04:03:13.277+0400] {dag.py:2690} INFO - Sync 1 DAGs
[2023-03-22T04:03:13.284+0400] {logging_mixin.py:137} INFO - [2023-03-22T04:03:13.284+0400] {dag.py:3437} INFO - Setting next_dagrun for example_python_operator to None, run_after=None
[2023-03-22T04:03:13.307+0400] {processor.py:175} INFO - Processing /home/civis/anaconda3/lib/python3.9/site-packages/airflow/example_dags/example_python_operator.py took 0.049 seconds
[2023-03-22T04:03:51.313+0400] {processor.py:153} INFO - Started process (PID=169444) to work on /home/civis/anaconda3/lib/python3.9/site-packages/airflow/example_dags/example_python_operator.py
[2023-03-22T04:03:51.322+0400] {processor.py:743} INFO - Processing file /home/civis/anaconda3/lib/python3.9/site-packages/airflow/example_dags/example_python_operator.py for tasks to queue
[2023-03-22T04:03:51.323+0400] {logging_mixin.py:137} INFO - [2023-03-22T04:03:51.323+0400] {dagbag.py:538} INFO - Filling up the DagBag from /home/civis/anaconda3/lib/python3.9/site-packages/airflow/example_dags/example_python_operator.py
[2023-03-22T04:03:51.343+0400] {logging_mixin.py:137} INFO - [2023-03-22T04:03:51.342+0400] {taskmixin.py:205} WARNING - Dependency <Task(_PythonDecoratedOperator): print_the_context>, log_sql_query already registered for DAG: example_python_operator
[2023-03-22T04:03:51.343+0400] {logging_mixin.py:137} INFO - [2023-03-22T04:03:51.343+0400] {taskmixin.py:205} WARNING - Dependency <Task(_PythonDecoratedOperator): log_sql_query>, print_the_context already registered for DAG: example_python_operator
[2023-03-22T04:03:51.343+0400] {logging_mixin.py:137} INFO - [2023-03-22T04:03:51.343+0400] {taskmixin.py:205} WARNING - Dependency <Task(_PythonDecoratedOperator): print_the_context>, log_sql_query already registered for DAG: example_python_operator
[2023-03-22T04:03:51.343+0400] {logging_mixin.py:137} INFO - [2023-03-22T04:03:51.343+0400] {taskmixin.py:205} WARNING - Dependency <Task(_PythonDecoratedOperator): log_sql_query>, print_the_context already registered for DAG: example_python_operator
[2023-03-22T04:03:51.343+0400] {logging_mixin.py:137} INFO - [2023-03-22T04:03:51.343+0400] {taskmixin.py:205} WARNING - Dependency <Task(_PythonDecoratedOperator): print_the_context>, log_sql_query already registered for DAG: example_python_operator
[2023-03-22T04:03:51.343+0400] {logging_mixin.py:137} INFO - [2023-03-22T04:03:51.343+0400] {taskmixin.py:205} WARNING - Dependency <Task(_PythonDecoratedOperator): log_sql_query>, print_the_context already registered for DAG: example_python_operator
[2023-03-22T04:03:51.343+0400] {logging_mixin.py:137} INFO - [2023-03-22T04:03:51.343+0400] {taskmixin.py:205} WARNING - Dependency <Task(_PythonDecoratedOperator): print_the_context>, log_sql_query already registered for DAG: example_python_operator
[2023-03-22T04:03:51.343+0400] {logging_mixin.py:137} INFO - [2023-03-22T04:03:51.343+0400] {taskmixin.py:205} WARNING - Dependency <Task(_PythonDecoratedOperator): log_sql_query>, print_the_context already registered for DAG: example_python_operator
[2023-03-22T04:03:51.344+0400] {logging_mixin.py:137} INFO - [2023-03-22T04:03:51.343+0400] {example_python_operator.py:90} WARNING - The virtalenv_python example task requires virtualenv, please install it.
[2023-03-22T04:03:51.346+0400] {processor.py:753} INFO - DAG(s) dict_keys(['example_python_operator']) retrieved from /home/civis/anaconda3/lib/python3.9/site-packages/airflow/example_dags/example_python_operator.py
[2023-03-22T04:03:51.354+0400] {logging_mixin.py:137} INFO - [2023-03-22T04:03:51.354+0400] {dag.py:2690} INFO - Sync 1 DAGs
[2023-03-22T04:03:51.361+0400] {logging_mixin.py:137} INFO - [2023-03-22T04:03:51.361+0400] {dag.py:3437} INFO - Setting next_dagrun for example_python_operator to None, run_after=None
[2023-03-22T04:03:51.377+0400] {processor.py:175} INFO - Processing /home/civis/anaconda3/lib/python3.9/site-packages/airflow/example_dags/example_python_operator.py took 0.066 seconds
[2023-03-22T04:04:19.618+0400] {processor.py:153} INFO - Started process (PID=169910) to work on /home/civis/anaconda3/lib/python3.9/site-packages/airflow/example_dags/example_python_operator.py
[2023-03-22T04:04:19.625+0400] {processor.py:743} INFO - Processing file /home/civis/anaconda3/lib/python3.9/site-packages/airflow/example_dags/example_python_operator.py for tasks to queue
[2023-03-22T04:04:19.626+0400] {logging_mixin.py:137} INFO - [2023-03-22T04:04:19.626+0400] {dagbag.py:538} INFO - Filling up the DagBag from /home/civis/anaconda3/lib/python3.9/site-packages/airflow/example_dags/example_python_operator.py
[2023-03-22T04:04:19.644+0400] {logging_mixin.py:137} INFO - [2023-03-22T04:04:19.644+0400] {taskmixin.py:205} WARNING - Dependency <Task(_PythonDecoratedOperator): print_the_context>, log_sql_query already registered for DAG: example_python_operator
[2023-03-22T04:04:19.644+0400] {logging_mixin.py:137} INFO - [2023-03-22T04:04:19.644+0400] {taskmixin.py:205} WARNING - Dependency <Task(_PythonDecoratedOperator): log_sql_query>, print_the_context already registered for DAG: example_python_operator
[2023-03-22T04:04:19.644+0400] {logging_mixin.py:137} INFO - [2023-03-22T04:04:19.644+0400] {taskmixin.py:205} WARNING - Dependency <Task(_PythonDecoratedOperator): print_the_context>, log_sql_query already registered for DAG: example_python_operator
[2023-03-22T04:04:19.644+0400] {logging_mixin.py:137} INFO - [2023-03-22T04:04:19.644+0400] {taskmixin.py:205} WARNING - Dependency <Task(_PythonDecoratedOperator): log_sql_query>, print_the_context already registered for DAG: example_python_operator
[2023-03-22T04:04:19.645+0400] {logging_mixin.py:137} INFO - [2023-03-22T04:04:19.645+0400] {taskmixin.py:205} WARNING - Dependency <Task(_PythonDecoratedOperator): print_the_context>, log_sql_query already registered for DAG: example_python_operator
[2023-03-22T04:04:19.645+0400] {logging_mixin.py:137} INFO - [2023-03-22T04:04:19.645+0400] {taskmixin.py:205} WARNING - Dependency <Task(_PythonDecoratedOperator): log_sql_query>, print_the_context already registered for DAG: example_python_operator
[2023-03-22T04:04:19.645+0400] {logging_mixin.py:137} INFO - [2023-03-22T04:04:19.645+0400] {taskmixin.py:205} WARNING - Dependency <Task(_PythonDecoratedOperator): print_the_context>, log_sql_query already registered for DAG: example_python_operator
[2023-03-22T04:04:19.646+0400] {logging_mixin.py:137} INFO - [2023-03-22T04:04:19.646+0400] {taskmixin.py:205} WARNING - Dependency <Task(_PythonDecoratedOperator): log_sql_query>, print_the_context already registered for DAG: example_python_operator
[2023-03-22T04:04:19.646+0400] {logging_mixin.py:137} INFO - [2023-03-22T04:04:19.646+0400] {example_python_operator.py:90} WARNING - The virtalenv_python example task requires virtualenv, please install it.
[2023-03-22T04:04:19.652+0400] {processor.py:753} INFO - DAG(s) dict_keys(['example_python_operator']) retrieved from /home/civis/anaconda3/lib/python3.9/site-packages/airflow/example_dags/example_python_operator.py
[2023-03-22T04:04:19.661+0400] {logging_mixin.py:137} INFO - [2023-03-22T04:04:19.661+0400] {dag.py:2690} INFO - Sync 1 DAGs
[2023-03-22T04:04:19.668+0400] {logging_mixin.py:137} INFO - [2023-03-22T04:04:19.668+0400] {dag.py:3437} INFO - Setting next_dagrun for example_python_operator to None, run_after=None
[2023-03-22T04:04:19.683+0400] {processor.py:175} INFO - Processing /home/civis/anaconda3/lib/python3.9/site-packages/airflow/example_dags/example_python_operator.py took 0.067 seconds
[2023-03-22T04:04:59.742+0400] {processor.py:153} INFO - Started process (PID=170573) to work on /home/civis/anaconda3/lib/python3.9/site-packages/airflow/example_dags/example_python_operator.py
[2023-03-22T04:04:59.750+0400] {processor.py:743} INFO - Processing file /home/civis/anaconda3/lib/python3.9/site-packages/airflow/example_dags/example_python_operator.py for tasks to queue
[2023-03-22T04:04:59.751+0400] {logging_mixin.py:137} INFO - [2023-03-22T04:04:59.751+0400] {dagbag.py:538} INFO - Filling up the DagBag from /home/civis/anaconda3/lib/python3.9/site-packages/airflow/example_dags/example_python_operator.py
[2023-03-22T04:04:59.771+0400] {logging_mixin.py:137} INFO - [2023-03-22T04:04:59.771+0400] {taskmixin.py:205} WARNING - Dependency <Task(_PythonDecoratedOperator): print_the_context>, log_sql_query already registered for DAG: example_python_operator
[2023-03-22T04:04:59.771+0400] {logging_mixin.py:137} INFO - [2023-03-22T04:04:59.771+0400] {taskmixin.py:205} WARNING - Dependency <Task(_PythonDecoratedOperator): log_sql_query>, print_the_context already registered for DAG: example_python_operator
[2023-03-22T04:04:59.771+0400] {logging_mixin.py:137} INFO - [2023-03-22T04:04:59.771+0400] {taskmixin.py:205} WARNING - Dependency <Task(_PythonDecoratedOperator): print_the_context>, log_sql_query already registered for DAG: example_python_operator
[2023-03-22T04:04:59.771+0400] {logging_mixin.py:137} INFO - [2023-03-22T04:04:59.771+0400] {taskmixin.py:205} WARNING - Dependency <Task(_PythonDecoratedOperator): log_sql_query>, print_the_context already registered for DAG: example_python_operator
[2023-03-22T04:04:59.772+0400] {logging_mixin.py:137} INFO - [2023-03-22T04:04:59.772+0400] {taskmixin.py:205} WARNING - Dependency <Task(_PythonDecoratedOperator): print_the_context>, log_sql_query already registered for DAG: example_python_operator
[2023-03-22T04:04:59.772+0400] {logging_mixin.py:137} INFO - [2023-03-22T04:04:59.772+0400] {taskmixin.py:205} WARNING - Dependency <Task(_PythonDecoratedOperator): log_sql_query>, print_the_context already registered for DAG: example_python_operator
[2023-03-22T04:04:59.772+0400] {logging_mixin.py:137} INFO - [2023-03-22T04:04:59.772+0400] {taskmixin.py:205} WARNING - Dependency <Task(_PythonDecoratedOperator): print_the_context>, log_sql_query already registered for DAG: example_python_operator
[2023-03-22T04:04:59.772+0400] {logging_mixin.py:137} INFO - [2023-03-22T04:04:59.772+0400] {taskmixin.py:205} WARNING - Dependency <Task(_PythonDecoratedOperator): log_sql_query>, print_the_context already registered for DAG: example_python_operator
[2023-03-22T04:04:59.772+0400] {logging_mixin.py:137} INFO - [2023-03-22T04:04:59.772+0400] {example_python_operator.py:90} WARNING - The virtalenv_python example task requires virtualenv, please install it.
[2023-03-22T04:04:59.775+0400] {processor.py:753} INFO - DAG(s) dict_keys(['example_python_operator']) retrieved from /home/civis/anaconda3/lib/python3.9/site-packages/airflow/example_dags/example_python_operator.py
[2023-03-22T04:04:59.782+0400] {logging_mixin.py:137} INFO - [2023-03-22T04:04:59.782+0400] {dag.py:2690} INFO - Sync 1 DAGs
[2023-03-22T04:04:59.789+0400] {logging_mixin.py:137} INFO - [2023-03-22T04:04:59.789+0400] {dag.py:3437} INFO - Setting next_dagrun for example_python_operator to None, run_after=None
[2023-03-22T04:04:59.805+0400] {processor.py:175} INFO - Processing /home/civis/anaconda3/lib/python3.9/site-packages/airflow/example_dags/example_python_operator.py took 0.066 seconds
[2023-03-22T04:05:39.615+0400] {processor.py:153} INFO - Started process (PID=171179) to work on /home/civis/anaconda3/lib/python3.9/site-packages/airflow/example_dags/example_python_operator.py
[2023-03-22T04:05:39.624+0400] {processor.py:743} INFO - Processing file /home/civis/anaconda3/lib/python3.9/site-packages/airflow/example_dags/example_python_operator.py for tasks to queue
[2023-03-22T04:05:39.625+0400] {logging_mixin.py:137} INFO - [2023-03-22T04:05:39.625+0400] {dagbag.py:538} INFO - Filling up the DagBag from /home/civis/anaconda3/lib/python3.9/site-packages/airflow/example_dags/example_python_operator.py
[2023-03-22T04:05:39.643+0400] {logging_mixin.py:137} INFO - [2023-03-22T04:05:39.643+0400] {taskmixin.py:205} WARNING - Dependency <Task(_PythonDecoratedOperator): print_the_context>, log_sql_query already registered for DAG: example_python_operator
[2023-03-22T04:05:39.643+0400] {logging_mixin.py:137} INFO - [2023-03-22T04:05:39.643+0400] {taskmixin.py:205} WARNING - Dependency <Task(_PythonDecoratedOperator): log_sql_query>, print_the_context already registered for DAG: example_python_operator
[2023-03-22T04:05:39.643+0400] {logging_mixin.py:137} INFO - [2023-03-22T04:05:39.643+0400] {taskmixin.py:205} WARNING - Dependency <Task(_PythonDecoratedOperator): print_the_context>, log_sql_query already registered for DAG: example_python_operator
[2023-03-22T04:05:39.644+0400] {logging_mixin.py:137} INFO - [2023-03-22T04:05:39.644+0400] {taskmixin.py:205} WARNING - Dependency <Task(_PythonDecoratedOperator): log_sql_query>, print_the_context already registered for DAG: example_python_operator
[2023-03-22T04:05:39.644+0400] {logging_mixin.py:137} INFO - [2023-03-22T04:05:39.644+0400] {taskmixin.py:205} WARNING - Dependency <Task(_PythonDecoratedOperator): print_the_context>, log_sql_query already registered for DAG: example_python_operator
[2023-03-22T04:05:39.644+0400] {logging_mixin.py:137} INFO - [2023-03-22T04:05:39.644+0400] {taskmixin.py:205} WARNING - Dependency <Task(_PythonDecoratedOperator): log_sql_query>, print_the_context already registered for DAG: example_python_operator
[2023-03-22T04:05:39.644+0400] {logging_mixin.py:137} INFO - [2023-03-22T04:05:39.644+0400] {taskmixin.py:205} WARNING - Dependency <Task(_PythonDecoratedOperator): print_the_context>, log_sql_query already registered for DAG: example_python_operator
[2023-03-22T04:05:39.644+0400] {logging_mixin.py:137} INFO - [2023-03-22T04:05:39.644+0400] {taskmixin.py:205} WARNING - Dependency <Task(_PythonDecoratedOperator): log_sql_query>, print_the_context already registered for DAG: example_python_operator
[2023-03-22T04:05:39.644+0400] {logging_mixin.py:137} INFO - [2023-03-22T04:05:39.644+0400] {example_python_operator.py:90} WARNING - The virtalenv_python example task requires virtualenv, please install it.
[2023-03-22T04:05:39.646+0400] {processor.py:753} INFO - DAG(s) dict_keys(['example_python_operator']) retrieved from /home/civis/anaconda3/lib/python3.9/site-packages/airflow/example_dags/example_python_operator.py
[2023-03-22T04:05:39.653+0400] {logging_mixin.py:137} INFO - [2023-03-22T04:05:39.653+0400] {dag.py:2690} INFO - Sync 1 DAGs
[2023-03-22T04:05:39.661+0400] {logging_mixin.py:137} INFO - [2023-03-22T04:05:39.661+0400] {dag.py:3437} INFO - Setting next_dagrun for example_python_operator to None, run_after=None
[2023-03-22T04:05:39.676+0400] {processor.py:175} INFO - Processing /home/civis/anaconda3/lib/python3.9/site-packages/airflow/example_dags/example_python_operator.py took 0.063 seconds
[2023-03-22T04:06:20.137+0400] {processor.py:153} INFO - Started process (PID=171850) to work on /home/civis/anaconda3/lib/python3.9/site-packages/airflow/example_dags/example_python_operator.py
[2023-03-22T04:06:20.146+0400] {processor.py:743} INFO - Processing file /home/civis/anaconda3/lib/python3.9/site-packages/airflow/example_dags/example_python_operator.py for tasks to queue
[2023-03-22T04:06:20.147+0400] {logging_mixin.py:137} INFO - [2023-03-22T04:06:20.146+0400] {dagbag.py:538} INFO - Filling up the DagBag from /home/civis/anaconda3/lib/python3.9/site-packages/airflow/example_dags/example_python_operator.py
[2023-03-22T04:06:20.160+0400] {logging_mixin.py:137} INFO - [2023-03-22T04:06:20.160+0400] {taskmixin.py:205} WARNING - Dependency <Task(_PythonDecoratedOperator): print_the_context>, log_sql_query already registered for DAG: example_python_operator
[2023-03-22T04:06:20.160+0400] {logging_mixin.py:137} INFO - [2023-03-22T04:06:20.160+0400] {taskmixin.py:205} WARNING - Dependency <Task(_PythonDecoratedOperator): log_sql_query>, print_the_context already registered for DAG: example_python_operator
[2023-03-22T04:06:20.160+0400] {logging_mixin.py:137} INFO - [2023-03-22T04:06:20.160+0400] {taskmixin.py:205} WARNING - Dependency <Task(_PythonDecoratedOperator): print_the_context>, log_sql_query already registered for DAG: example_python_operator
[2023-03-22T04:06:20.160+0400] {logging_mixin.py:137} INFO - [2023-03-22T04:06:20.160+0400] {taskmixin.py:205} WARNING - Dependency <Task(_PythonDecoratedOperator): log_sql_query>, print_the_context already registered for DAG: example_python_operator
[2023-03-22T04:06:20.160+0400] {logging_mixin.py:137} INFO - [2023-03-22T04:06:20.160+0400] {taskmixin.py:205} WARNING - Dependency <Task(_PythonDecoratedOperator): print_the_context>, log_sql_query already registered for DAG: example_python_operator
[2023-03-22T04:06:20.160+0400] {logging_mixin.py:137} INFO - [2023-03-22T04:06:20.160+0400] {taskmixin.py:205} WARNING - Dependency <Task(_PythonDecoratedOperator): log_sql_query>, print_the_context already registered for DAG: example_python_operator
[2023-03-22T04:06:20.161+0400] {logging_mixin.py:137} INFO - [2023-03-22T04:06:20.160+0400] {taskmixin.py:205} WARNING - Dependency <Task(_PythonDecoratedOperator): print_the_context>, log_sql_query already registered for DAG: example_python_operator
[2023-03-22T04:06:20.161+0400] {logging_mixin.py:137} INFO - [2023-03-22T04:06:20.161+0400] {taskmixin.py:205} WARNING - Dependency <Task(_PythonDecoratedOperator): log_sql_query>, print_the_context already registered for DAG: example_python_operator
[2023-03-22T04:06:20.161+0400] {logging_mixin.py:137} INFO - [2023-03-22T04:06:20.161+0400] {example_python_operator.py:90} WARNING - The virtalenv_python example task requires virtualenv, please install it.
[2023-03-22T04:06:20.163+0400] {processor.py:753} INFO - DAG(s) dict_keys(['example_python_operator']) retrieved from /home/civis/anaconda3/lib/python3.9/site-packages/airflow/example_dags/example_python_operator.py
[2023-03-22T04:06:20.170+0400] {logging_mixin.py:137} INFO - [2023-03-22T04:06:20.170+0400] {dag.py:2690} INFO - Sync 1 DAGs
[2023-03-22T04:06:20.178+0400] {logging_mixin.py:137} INFO - [2023-03-22T04:06:20.178+0400] {dag.py:3437} INFO - Setting next_dagrun for example_python_operator to None, run_after=None
[2023-03-22T04:06:20.193+0400] {processor.py:175} INFO - Processing /home/civis/anaconda3/lib/python3.9/site-packages/airflow/example_dags/example_python_operator.py took 0.059 seconds
[2023-03-22T04:06:58.565+0400] {processor.py:153} INFO - Started process (PID=172453) to work on /home/civis/anaconda3/lib/python3.9/site-packages/airflow/example_dags/example_python_operator.py
[2023-03-22T04:06:58.574+0400] {processor.py:743} INFO - Processing file /home/civis/anaconda3/lib/python3.9/site-packages/airflow/example_dags/example_python_operator.py for tasks to queue
[2023-03-22T04:06:58.577+0400] {logging_mixin.py:137} INFO - [2023-03-22T04:06:58.577+0400] {dagbag.py:538} INFO - Filling up the DagBag from /home/civis/anaconda3/lib/python3.9/site-packages/airflow/example_dags/example_python_operator.py
[2023-03-22T04:06:58.591+0400] {logging_mixin.py:137} INFO - [2023-03-22T04:06:58.591+0400] {taskmixin.py:205} WARNING - Dependency <Task(_PythonDecoratedOperator): print_the_context>, log_sql_query already registered for DAG: example_python_operator
[2023-03-22T04:06:58.591+0400] {logging_mixin.py:137} INFO - [2023-03-22T04:06:58.591+0400] {taskmixin.py:205} WARNING - Dependency <Task(_PythonDecoratedOperator): log_sql_query>, print_the_context already registered for DAG: example_python_operator
[2023-03-22T04:06:58.592+0400] {logging_mixin.py:137} INFO - [2023-03-22T04:06:58.592+0400] {taskmixin.py:205} WARNING - Dependency <Task(_PythonDecoratedOperator): print_the_context>, log_sql_query already registered for DAG: example_python_operator
[2023-03-22T04:06:58.592+0400] {logging_mixin.py:137} INFO - [2023-03-22T04:06:58.592+0400] {taskmixin.py:205} WARNING - Dependency <Task(_PythonDecoratedOperator): log_sql_query>, print_the_context already registered for DAG: example_python_operator
[2023-03-22T04:06:58.592+0400] {logging_mixin.py:137} INFO - [2023-03-22T04:06:58.592+0400] {taskmixin.py:205} WARNING - Dependency <Task(_PythonDecoratedOperator): print_the_context>, log_sql_query already registered for DAG: example_python_operator
[2023-03-22T04:06:58.592+0400] {logging_mixin.py:137} INFO - [2023-03-22T04:06:58.592+0400] {taskmixin.py:205} WARNING - Dependency <Task(_PythonDecoratedOperator): log_sql_query>, print_the_context already registered for DAG: example_python_operator
[2023-03-22T04:06:58.592+0400] {logging_mixin.py:137} INFO - [2023-03-22T04:06:58.592+0400] {taskmixin.py:205} WARNING - Dependency <Task(_PythonDecoratedOperator): print_the_context>, log_sql_query already registered for DAG: example_python_operator
[2023-03-22T04:06:58.592+0400] {logging_mixin.py:137} INFO - [2023-03-22T04:06:58.592+0400] {taskmixin.py:205} WARNING - Dependency <Task(_PythonDecoratedOperator): log_sql_query>, print_the_context already registered for DAG: example_python_operator
[2023-03-22T04:06:58.592+0400] {logging_mixin.py:137} INFO - [2023-03-22T04:06:58.592+0400] {example_python_operator.py:90} WARNING - The virtalenv_python example task requires virtualenv, please install it.
[2023-03-22T04:06:58.594+0400] {processor.py:753} INFO - DAG(s) dict_keys(['example_python_operator']) retrieved from /home/civis/anaconda3/lib/python3.9/site-packages/airflow/example_dags/example_python_operator.py
[2023-03-22T04:06:58.603+0400] {logging_mixin.py:137} INFO - [2023-03-22T04:06:58.603+0400] {dag.py:2690} INFO - Sync 1 DAGs
[2023-03-22T04:06:58.612+0400] {logging_mixin.py:137} INFO - [2023-03-22T04:06:58.612+0400] {dag.py:3437} INFO - Setting next_dagrun for example_python_operator to None, run_after=None
[2023-03-22T04:06:58.629+0400] {processor.py:175} INFO - Processing /home/civis/anaconda3/lib/python3.9/site-packages/airflow/example_dags/example_python_operator.py took 0.066 seconds
[2023-03-22T04:07:41.257+0400] {processor.py:153} INFO - Started process (PID=173165) to work on /home/civis/anaconda3/lib/python3.9/site-packages/airflow/example_dags/example_python_operator.py
[2023-03-22T04:07:41.258+0400] {processor.py:743} INFO - Processing file /home/civis/anaconda3/lib/python3.9/site-packages/airflow/example_dags/example_python_operator.py for tasks to queue
[2023-03-22T04:07:41.258+0400] {logging_mixin.py:137} INFO - [2023-03-22T04:07:41.258+0400] {dagbag.py:538} INFO - Filling up the DagBag from /home/civis/anaconda3/lib/python3.9/site-packages/airflow/example_dags/example_python_operator.py
[2023-03-22T04:07:41.267+0400] {logging_mixin.py:137} INFO - [2023-03-22T04:07:41.267+0400] {taskmixin.py:205} WARNING - Dependency <Task(_PythonDecoratedOperator): print_the_context>, log_sql_query already registered for DAG: example_python_operator
[2023-03-22T04:07:41.267+0400] {logging_mixin.py:137} INFO - [2023-03-22T04:07:41.267+0400] {taskmixin.py:205} WARNING - Dependency <Task(_PythonDecoratedOperator): log_sql_query>, print_the_context already registered for DAG: example_python_operator
[2023-03-22T04:07:41.267+0400] {logging_mixin.py:137} INFO - [2023-03-22T04:07:41.267+0400] {taskmixin.py:205} WARNING - Dependency <Task(_PythonDecoratedOperator): print_the_context>, log_sql_query already registered for DAG: example_python_operator
[2023-03-22T04:07:41.267+0400] {logging_mixin.py:137} INFO - [2023-03-22T04:07:41.267+0400] {taskmixin.py:205} WARNING - Dependency <Task(_PythonDecoratedOperator): log_sql_query>, print_the_context already registered for DAG: example_python_operator
[2023-03-22T04:07:41.267+0400] {logging_mixin.py:137} INFO - [2023-03-22T04:07:41.267+0400] {taskmixin.py:205} WARNING - Dependency <Task(_PythonDecoratedOperator): print_the_context>, log_sql_query already registered for DAG: example_python_operator
[2023-03-22T04:07:41.267+0400] {logging_mixin.py:137} INFO - [2023-03-22T04:07:41.267+0400] {taskmixin.py:205} WARNING - Dependency <Task(_PythonDecoratedOperator): log_sql_query>, print_the_context already registered for DAG: example_python_operator
[2023-03-22T04:07:41.268+0400] {logging_mixin.py:137} INFO - [2023-03-22T04:07:41.268+0400] {taskmixin.py:205} WARNING - Dependency <Task(_PythonDecoratedOperator): print_the_context>, log_sql_query already registered for DAG: example_python_operator
[2023-03-22T04:07:41.268+0400] {logging_mixin.py:137} INFO - [2023-03-22T04:07:41.268+0400] {taskmixin.py:205} WARNING - Dependency <Task(_PythonDecoratedOperator): log_sql_query>, print_the_context already registered for DAG: example_python_operator
[2023-03-22T04:07:41.268+0400] {logging_mixin.py:137} INFO - [2023-03-22T04:07:41.268+0400] {example_python_operator.py:90} WARNING - The virtalenv_python example task requires virtualenv, please install it.
[2023-03-22T04:07:41.270+0400] {processor.py:753} INFO - DAG(s) dict_keys(['example_python_operator']) retrieved from /home/civis/anaconda3/lib/python3.9/site-packages/airflow/example_dags/example_python_operator.py
[2023-03-22T04:07:41.278+0400] {logging_mixin.py:137} INFO - [2023-03-22T04:07:41.278+0400] {dag.py:2690} INFO - Sync 1 DAGs
[2023-03-22T04:07:41.285+0400] {logging_mixin.py:137} INFO - [2023-03-22T04:07:41.285+0400] {dag.py:3437} INFO - Setting next_dagrun for example_python_operator to None, run_after=None
[2023-03-22T04:07:41.306+0400] {processor.py:175} INFO - Processing /home/civis/anaconda3/lib/python3.9/site-packages/airflow/example_dags/example_python_operator.py took 0.051 seconds
[2023-03-22T04:08:21.355+0400] {processor.py:153} INFO - Started process (PID=173816) to work on /home/civis/anaconda3/lib/python3.9/site-packages/airflow/example_dags/example_python_operator.py
[2023-03-22T04:08:21.356+0400] {processor.py:743} INFO - Processing file /home/civis/anaconda3/lib/python3.9/site-packages/airflow/example_dags/example_python_operator.py for tasks to queue
[2023-03-22T04:08:21.356+0400] {logging_mixin.py:137} INFO - [2023-03-22T04:08:21.356+0400] {dagbag.py:538} INFO - Filling up the DagBag from /home/civis/anaconda3/lib/python3.9/site-packages/airflow/example_dags/example_python_operator.py
[2023-03-22T04:08:21.366+0400] {logging_mixin.py:137} INFO - [2023-03-22T04:08:21.366+0400] {taskmixin.py:205} WARNING - Dependency <Task(_PythonDecoratedOperator): print_the_context>, log_sql_query already registered for DAG: example_python_operator
[2023-03-22T04:08:21.366+0400] {logging_mixin.py:137} INFO - [2023-03-22T04:08:21.366+0400] {taskmixin.py:205} WARNING - Dependency <Task(_PythonDecoratedOperator): log_sql_query>, print_the_context already registered for DAG: example_python_operator
[2023-03-22T04:08:21.367+0400] {logging_mixin.py:137} INFO - [2023-03-22T04:08:21.367+0400] {taskmixin.py:205} WARNING - Dependency <Task(_PythonDecoratedOperator): print_the_context>, log_sql_query already registered for DAG: example_python_operator
[2023-03-22T04:08:21.367+0400] {logging_mixin.py:137} INFO - [2023-03-22T04:08:21.367+0400] {taskmixin.py:205} WARNING - Dependency <Task(_PythonDecoratedOperator): log_sql_query>, print_the_context already registered for DAG: example_python_operator
[2023-03-22T04:08:21.367+0400] {logging_mixin.py:137} INFO - [2023-03-22T04:08:21.367+0400] {taskmixin.py:205} WARNING - Dependency <Task(_PythonDecoratedOperator): print_the_context>, log_sql_query already registered for DAG: example_python_operator
[2023-03-22T04:08:21.367+0400] {logging_mixin.py:137} INFO - [2023-03-22T04:08:21.367+0400] {taskmixin.py:205} WARNING - Dependency <Task(_PythonDecoratedOperator): log_sql_query>, print_the_context already registered for DAG: example_python_operator
[2023-03-22T04:08:21.367+0400] {logging_mixin.py:137} INFO - [2023-03-22T04:08:21.367+0400] {taskmixin.py:205} WARNING - Dependency <Task(_PythonDecoratedOperator): print_the_context>, log_sql_query already registered for DAG: example_python_operator
[2023-03-22T04:08:21.367+0400] {logging_mixin.py:137} INFO - [2023-03-22T04:08:21.367+0400] {taskmixin.py:205} WARNING - Dependency <Task(_PythonDecoratedOperator): log_sql_query>, print_the_context already registered for DAG: example_python_operator
[2023-03-22T04:08:21.367+0400] {logging_mixin.py:137} INFO - [2023-03-22T04:08:21.367+0400] {example_python_operator.py:90} WARNING - The virtalenv_python example task requires virtualenv, please install it.
[2023-03-22T04:08:21.370+0400] {processor.py:753} INFO - DAG(s) dict_keys(['example_python_operator']) retrieved from /home/civis/anaconda3/lib/python3.9/site-packages/airflow/example_dags/example_python_operator.py
[2023-03-22T04:08:21.378+0400] {logging_mixin.py:137} INFO - [2023-03-22T04:08:21.378+0400] {dag.py:2690} INFO - Sync 1 DAGs
[2023-03-22T04:08:21.387+0400] {logging_mixin.py:137} INFO - [2023-03-22T04:08:21.387+0400] {dag.py:3437} INFO - Setting next_dagrun for example_python_operator to None, run_after=None
[2023-03-22T04:08:21.403+0400] {processor.py:175} INFO - Processing /home/civis/anaconda3/lib/python3.9/site-packages/airflow/example_dags/example_python_operator.py took 0.050 seconds
[2023-03-22T04:09:02.209+0400] {processor.py:153} INFO - Started process (PID=175753) to work on /home/civis/anaconda3/lib/python3.9/site-packages/airflow/example_dags/example_python_operator.py
[2023-03-22T04:09:02.218+0400] {processor.py:743} INFO - Processing file /home/civis/anaconda3/lib/python3.9/site-packages/airflow/example_dags/example_python_operator.py for tasks to queue
[2023-03-22T04:09:02.219+0400] {logging_mixin.py:137} INFO - [2023-03-22T04:09:02.219+0400] {dagbag.py:538} INFO - Filling up the DagBag from /home/civis/anaconda3/lib/python3.9/site-packages/airflow/example_dags/example_python_operator.py
[2023-03-22T04:09:02.231+0400] {logging_mixin.py:137} INFO - [2023-03-22T04:09:02.231+0400] {taskmixin.py:205} WARNING - Dependency <Task(_PythonDecoratedOperator): print_the_context>, log_sql_query already registered for DAG: example_python_operator
[2023-03-22T04:09:02.231+0400] {logging_mixin.py:137} INFO - [2023-03-22T04:09:02.231+0400] {taskmixin.py:205} WARNING - Dependency <Task(_PythonDecoratedOperator): log_sql_query>, print_the_context already registered for DAG: example_python_operator
[2023-03-22T04:09:02.231+0400] {logging_mixin.py:137} INFO - [2023-03-22T04:09:02.231+0400] {taskmixin.py:205} WARNING - Dependency <Task(_PythonDecoratedOperator): print_the_context>, log_sql_query already registered for DAG: example_python_operator
[2023-03-22T04:09:02.231+0400] {logging_mixin.py:137} INFO - [2023-03-22T04:09:02.231+0400] {taskmixin.py:205} WARNING - Dependency <Task(_PythonDecoratedOperator): log_sql_query>, print_the_context already registered for DAG: example_python_operator
[2023-03-22T04:09:02.232+0400] {logging_mixin.py:137} INFO - [2023-03-22T04:09:02.232+0400] {taskmixin.py:205} WARNING - Dependency <Task(_PythonDecoratedOperator): print_the_context>, log_sql_query already registered for DAG: example_python_operator
[2023-03-22T04:09:02.232+0400] {logging_mixin.py:137} INFO - [2023-03-22T04:09:02.232+0400] {taskmixin.py:205} WARNING - Dependency <Task(_PythonDecoratedOperator): log_sql_query>, print_the_context already registered for DAG: example_python_operator
[2023-03-22T04:09:02.232+0400] {logging_mixin.py:137} INFO - [2023-03-22T04:09:02.232+0400] {taskmixin.py:205} WARNING - Dependency <Task(_PythonDecoratedOperator): print_the_context>, log_sql_query already registered for DAG: example_python_operator
[2023-03-22T04:09:02.232+0400] {logging_mixin.py:137} INFO - [2023-03-22T04:09:02.232+0400] {taskmixin.py:205} WARNING - Dependency <Task(_PythonDecoratedOperator): log_sql_query>, print_the_context already registered for DAG: example_python_operator
[2023-03-22T04:09:02.232+0400] {logging_mixin.py:137} INFO - [2023-03-22T04:09:02.232+0400] {example_python_operator.py:90} WARNING - The virtalenv_python example task requires virtualenv, please install it.
[2023-03-22T04:09:02.234+0400] {processor.py:753} INFO - DAG(s) dict_keys(['example_python_operator']) retrieved from /home/civis/anaconda3/lib/python3.9/site-packages/airflow/example_dags/example_python_operator.py
[2023-03-22T04:09:02.242+0400] {logging_mixin.py:137} INFO - [2023-03-22T04:09:02.242+0400] {dag.py:2690} INFO - Sync 1 DAGs
[2023-03-22T04:09:02.249+0400] {logging_mixin.py:137} INFO - [2023-03-22T04:09:02.249+0400] {dag.py:3437} INFO - Setting next_dagrun for example_python_operator to None, run_after=None
[2023-03-22T04:09:02.271+0400] {processor.py:175} INFO - Processing /home/civis/anaconda3/lib/python3.9/site-packages/airflow/example_dags/example_python_operator.py took 0.064 seconds
[2023-03-22T04:09:44.643+0400] {processor.py:153} INFO - Started process (PID=176473) to work on /home/civis/anaconda3/lib/python3.9/site-packages/airflow/example_dags/example_python_operator.py
[2023-03-22T04:09:44.644+0400] {processor.py:743} INFO - Processing file /home/civis/anaconda3/lib/python3.9/site-packages/airflow/example_dags/example_python_operator.py for tasks to queue
[2023-03-22T04:09:44.645+0400] {logging_mixin.py:137} INFO - [2023-03-22T04:09:44.644+0400] {dagbag.py:538} INFO - Filling up the DagBag from /home/civis/anaconda3/lib/python3.9/site-packages/airflow/example_dags/example_python_operator.py
[2023-03-22T04:09:44.660+0400] {logging_mixin.py:137} INFO - [2023-03-22T04:09:44.660+0400] {taskmixin.py:205} WARNING - Dependency <Task(_PythonDecoratedOperator): print_the_context>, log_sql_query already registered for DAG: example_python_operator
[2023-03-22T04:09:44.660+0400] {logging_mixin.py:137} INFO - [2023-03-22T04:09:44.660+0400] {taskmixin.py:205} WARNING - Dependency <Task(_PythonDecoratedOperator): log_sql_query>, print_the_context already registered for DAG: example_python_operator
[2023-03-22T04:09:44.661+0400] {logging_mixin.py:137} INFO - [2023-03-22T04:09:44.661+0400] {taskmixin.py:205} WARNING - Dependency <Task(_PythonDecoratedOperator): print_the_context>, log_sql_query already registered for DAG: example_python_operator
[2023-03-22T04:09:44.661+0400] {logging_mixin.py:137} INFO - [2023-03-22T04:09:44.661+0400] {taskmixin.py:205} WARNING - Dependency <Task(_PythonDecoratedOperator): log_sql_query>, print_the_context already registered for DAG: example_python_operator
[2023-03-22T04:09:44.661+0400] {logging_mixin.py:137} INFO - [2023-03-22T04:09:44.661+0400] {taskmixin.py:205} WARNING - Dependency <Task(_PythonDecoratedOperator): print_the_context>, log_sql_query already registered for DAG: example_python_operator
[2023-03-22T04:09:44.661+0400] {logging_mixin.py:137} INFO - [2023-03-22T04:09:44.661+0400] {taskmixin.py:205} WARNING - Dependency <Task(_PythonDecoratedOperator): log_sql_query>, print_the_context already registered for DAG: example_python_operator
[2023-03-22T04:09:44.662+0400] {logging_mixin.py:137} INFO - [2023-03-22T04:09:44.662+0400] {taskmixin.py:205} WARNING - Dependency <Task(_PythonDecoratedOperator): print_the_context>, log_sql_query already registered for DAG: example_python_operator
[2023-03-22T04:09:44.662+0400] {logging_mixin.py:137} INFO - [2023-03-22T04:09:44.662+0400] {taskmixin.py:205} WARNING - Dependency <Task(_PythonDecoratedOperator): log_sql_query>, print_the_context already registered for DAG: example_python_operator
[2023-03-22T04:09:44.662+0400] {logging_mixin.py:137} INFO - [2023-03-22T04:09:44.662+0400] {example_python_operator.py:90} WARNING - The virtalenv_python example task requires virtualenv, please install it.
[2023-03-22T04:09:44.665+0400] {processor.py:753} INFO - DAG(s) dict_keys(['example_python_operator']) retrieved from /home/civis/anaconda3/lib/python3.9/site-packages/airflow/example_dags/example_python_operator.py
[2023-03-22T04:09:44.758+0400] {logging_mixin.py:137} INFO - [2023-03-22T04:09:44.757+0400] {dag.py:2690} INFO - Sync 1 DAGs
[2023-03-22T04:09:44.773+0400] {logging_mixin.py:137} INFO - [2023-03-22T04:09:44.773+0400] {dag.py:3437} INFO - Setting next_dagrun for example_python_operator to None, run_after=None
[2023-03-22T04:09:44.899+0400] {processor.py:175} INFO - Processing /home/civis/anaconda3/lib/python3.9/site-packages/airflow/example_dags/example_python_operator.py took 0.258 seconds
[2023-03-22T04:10:26.684+0400] {processor.py:153} INFO - Started process (PID=177139) to work on /home/civis/anaconda3/lib/python3.9/site-packages/airflow/example_dags/example_python_operator.py
[2023-03-22T04:10:26.692+0400] {processor.py:743} INFO - Processing file /home/civis/anaconda3/lib/python3.9/site-packages/airflow/example_dags/example_python_operator.py for tasks to queue
[2023-03-22T04:10:26.694+0400] {logging_mixin.py:137} INFO - [2023-03-22T04:10:26.693+0400] {dagbag.py:538} INFO - Filling up the DagBag from /home/civis/anaconda3/lib/python3.9/site-packages/airflow/example_dags/example_python_operator.py
[2023-03-22T04:10:26.711+0400] {logging_mixin.py:137} INFO - [2023-03-22T04:10:26.711+0400] {taskmixin.py:205} WARNING - Dependency <Task(_PythonDecoratedOperator): print_the_context>, log_sql_query already registered for DAG: example_python_operator
[2023-03-22T04:10:26.712+0400] {logging_mixin.py:137} INFO - [2023-03-22T04:10:26.711+0400] {taskmixin.py:205} WARNING - Dependency <Task(_PythonDecoratedOperator): log_sql_query>, print_the_context already registered for DAG: example_python_operator
[2023-03-22T04:10:26.712+0400] {logging_mixin.py:137} INFO - [2023-03-22T04:10:26.712+0400] {taskmixin.py:205} WARNING - Dependency <Task(_PythonDecoratedOperator): print_the_context>, log_sql_query already registered for DAG: example_python_operator
[2023-03-22T04:10:26.712+0400] {logging_mixin.py:137} INFO - [2023-03-22T04:10:26.712+0400] {taskmixin.py:205} WARNING - Dependency <Task(_PythonDecoratedOperator): log_sql_query>, print_the_context already registered for DAG: example_python_operator
[2023-03-22T04:10:26.712+0400] {logging_mixin.py:137} INFO - [2023-03-22T04:10:26.712+0400] {taskmixin.py:205} WARNING - Dependency <Task(_PythonDecoratedOperator): print_the_context>, log_sql_query already registered for DAG: example_python_operator
[2023-03-22T04:10:26.712+0400] {logging_mixin.py:137} INFO - [2023-03-22T04:10:26.712+0400] {taskmixin.py:205} WARNING - Dependency <Task(_PythonDecoratedOperator): log_sql_query>, print_the_context already registered for DAG: example_python_operator
[2023-03-22T04:10:26.712+0400] {logging_mixin.py:137} INFO - [2023-03-22T04:10:26.712+0400] {taskmixin.py:205} WARNING - Dependency <Task(_PythonDecoratedOperator): print_the_context>, log_sql_query already registered for DAG: example_python_operator
[2023-03-22T04:10:26.712+0400] {logging_mixin.py:137} INFO - [2023-03-22T04:10:26.712+0400] {taskmixin.py:205} WARNING - Dependency <Task(_PythonDecoratedOperator): log_sql_query>, print_the_context already registered for DAG: example_python_operator
[2023-03-22T04:10:26.712+0400] {logging_mixin.py:137} INFO - [2023-03-22T04:10:26.712+0400] {example_python_operator.py:90} WARNING - The virtalenv_python example task requires virtualenv, please install it.
[2023-03-22T04:10:26.714+0400] {processor.py:753} INFO - DAG(s) dict_keys(['example_python_operator']) retrieved from /home/civis/anaconda3/lib/python3.9/site-packages/airflow/example_dags/example_python_operator.py
[2023-03-22T04:10:26.722+0400] {logging_mixin.py:137} INFO - [2023-03-22T04:10:26.722+0400] {dag.py:2690} INFO - Sync 1 DAGs
[2023-03-22T04:10:26.730+0400] {logging_mixin.py:137} INFO - [2023-03-22T04:10:26.730+0400] {dag.py:3437} INFO - Setting next_dagrun for example_python_operator to None, run_after=None
[2023-03-22T04:10:26.748+0400] {processor.py:175} INFO - Processing /home/civis/anaconda3/lib/python3.9/site-packages/airflow/example_dags/example_python_operator.py took 0.068 seconds
[2023-03-22T04:11:06.369+0400] {processor.py:153} INFO - Started process (PID=177824) to work on /home/civis/anaconda3/lib/python3.9/site-packages/airflow/example_dags/example_python_operator.py
[2023-03-22T04:11:06.370+0400] {processor.py:743} INFO - Processing file /home/civis/anaconda3/lib/python3.9/site-packages/airflow/example_dags/example_python_operator.py for tasks to queue
[2023-03-22T04:11:06.371+0400] {logging_mixin.py:137} INFO - [2023-03-22T04:11:06.370+0400] {dagbag.py:538} INFO - Filling up the DagBag from /home/civis/anaconda3/lib/python3.9/site-packages/airflow/example_dags/example_python_operator.py
[2023-03-22T04:11:06.379+0400] {logging_mixin.py:137} INFO - [2023-03-22T04:11:06.379+0400] {taskmixin.py:205} WARNING - Dependency <Task(_PythonDecoratedOperator): print_the_context>, log_sql_query already registered for DAG: example_python_operator
[2023-03-22T04:11:06.379+0400] {logging_mixin.py:137} INFO - [2023-03-22T04:11:06.379+0400] {taskmixin.py:205} WARNING - Dependency <Task(_PythonDecoratedOperator): log_sql_query>, print_the_context already registered for DAG: example_python_operator
[2023-03-22T04:11:06.380+0400] {logging_mixin.py:137} INFO - [2023-03-22T04:11:06.379+0400] {taskmixin.py:205} WARNING - Dependency <Task(_PythonDecoratedOperator): print_the_context>, log_sql_query already registered for DAG: example_python_operator
[2023-03-22T04:11:06.380+0400] {logging_mixin.py:137} INFO - [2023-03-22T04:11:06.380+0400] {taskmixin.py:205} WARNING - Dependency <Task(_PythonDecoratedOperator): log_sql_query>, print_the_context already registered for DAG: example_python_operator
[2023-03-22T04:11:06.380+0400] {logging_mixin.py:137} INFO - [2023-03-22T04:11:06.380+0400] {taskmixin.py:205} WARNING - Dependency <Task(_PythonDecoratedOperator): print_the_context>, log_sql_query already registered for DAG: example_python_operator
[2023-03-22T04:11:06.380+0400] {logging_mixin.py:137} INFO - [2023-03-22T04:11:06.380+0400] {taskmixin.py:205} WARNING - Dependency <Task(_PythonDecoratedOperator): log_sql_query>, print_the_context already registered for DAG: example_python_operator
[2023-03-22T04:11:06.380+0400] {logging_mixin.py:137} INFO - [2023-03-22T04:11:06.380+0400] {taskmixin.py:205} WARNING - Dependency <Task(_PythonDecoratedOperator): print_the_context>, log_sql_query already registered for DAG: example_python_operator
[2023-03-22T04:11:06.380+0400] {logging_mixin.py:137} INFO - [2023-03-22T04:11:06.380+0400] {taskmixin.py:205} WARNING - Dependency <Task(_PythonDecoratedOperator): log_sql_query>, print_the_context already registered for DAG: example_python_operator
[2023-03-22T04:11:06.380+0400] {logging_mixin.py:137} INFO - [2023-03-22T04:11:06.380+0400] {example_python_operator.py:90} WARNING - The virtalenv_python example task requires virtualenv, please install it.
[2023-03-22T04:11:06.383+0400] {processor.py:753} INFO - DAG(s) dict_keys(['example_python_operator']) retrieved from /home/civis/anaconda3/lib/python3.9/site-packages/airflow/example_dags/example_python_operator.py
[2023-03-22T04:11:06.407+0400] {logging_mixin.py:137} INFO - [2023-03-22T04:11:06.407+0400] {dag.py:2690} INFO - Sync 1 DAGs
[2023-03-22T04:11:06.539+0400] {logging_mixin.py:137} INFO - [2023-03-22T04:11:06.539+0400] {dag.py:3437} INFO - Setting next_dagrun for example_python_operator to None, run_after=None
[2023-03-22T04:11:06.583+0400] {processor.py:175} INFO - Processing /home/civis/anaconda3/lib/python3.9/site-packages/airflow/example_dags/example_python_operator.py took 0.216 seconds
