[2023-03-22T04:00:01.317+0400] {processor.py:153} INFO - Started process (PID=165507) to work on /home/civis/anaconda3/lib/python3.9/site-packages/airflow/example_dags/example_datasets.py
[2023-03-22T04:00:01.317+0400] {processor.py:743} INFO - Processing file /home/civis/anaconda3/lib/python3.9/site-packages/airflow/example_dags/example_datasets.py for tasks to queue
[2023-03-22T04:00:01.317+0400] {logging_mixin.py:137} INFO - [2023-03-22T04:00:01.317+0400] {dagbag.py:538} INFO - Filling up the DagBag from /home/civis/anaconda3/lib/python3.9/site-packages/airflow/example_dags/example_datasets.py
[2023-03-22T04:00:01.376+0400] {processor.py:753} INFO - DAG(s) dict_keys(['dataset_produces_1', 'dataset_produces_2', 'dataset_consumes_unknown_never_scheduled', 'dataset_consumes_1_and_2', 'dataset_consumes_1', 'dataset_consumes_1_never_scheduled']) retrieved from /home/civis/anaconda3/lib/python3.9/site-packages/airflow/example_dags/example_datasets.py
[2023-03-22T04:00:01.432+0400] {logging_mixin.py:137} INFO - [2023-03-22T04:00:01.432+0400] {manager.py:504} INFO - Created Permission View: can delete on DAG:dataset_produces_1
[2023-03-22T04:00:01.448+0400] {logging_mixin.py:137} INFO - [2023-03-22T04:00:01.448+0400] {manager.py:504} INFO - Created Permission View: can read on DAG:dataset_produces_1
[2023-03-22T04:00:01.467+0400] {logging_mixin.py:137} INFO - [2023-03-22T04:00:01.467+0400] {manager.py:504} INFO - Created Permission View: can edit on DAG:dataset_produces_1
[2023-03-22T04:00:01.500+0400] {logging_mixin.py:137} INFO - [2023-03-22T04:00:01.499+0400] {manager.py:504} INFO - Created Permission View: can delete on DAG:dataset_produces_2
[2023-03-22T04:00:01.517+0400] {logging_mixin.py:137} INFO - [2023-03-22T04:00:01.516+0400] {manager.py:504} INFO - Created Permission View: can read on DAG:dataset_produces_2
[2023-03-22T04:00:01.533+0400] {logging_mixin.py:137} INFO - [2023-03-22T04:00:01.533+0400] {manager.py:504} INFO - Created Permission View: can edit on DAG:dataset_produces_2
[2023-03-22T04:00:01.569+0400] {logging_mixin.py:137} INFO - [2023-03-22T04:00:01.569+0400] {manager.py:504} INFO - Created Permission View: can delete on DAG:dataset_consumes_unknown_never_scheduled
[2023-03-22T04:00:01.587+0400] {logging_mixin.py:137} INFO - [2023-03-22T04:00:01.586+0400] {manager.py:504} INFO - Created Permission View: can read on DAG:dataset_consumes_unknown_never_scheduled
[2023-03-22T04:00:01.603+0400] {logging_mixin.py:137} INFO - [2023-03-22T04:00:01.603+0400] {manager.py:504} INFO - Created Permission View: can edit on DAG:dataset_consumes_unknown_never_scheduled
[2023-03-22T04:00:01.637+0400] {logging_mixin.py:137} INFO - [2023-03-22T04:00:01.636+0400] {manager.py:504} INFO - Created Permission View: can delete on DAG:dataset_consumes_1_and_2
[2023-03-22T04:00:01.651+0400] {logging_mixin.py:137} INFO - [2023-03-22T04:00:01.651+0400] {manager.py:504} INFO - Created Permission View: can read on DAG:dataset_consumes_1_and_2
[2023-03-22T04:00:01.665+0400] {logging_mixin.py:137} INFO - [2023-03-22T04:00:01.664+0400] {manager.py:504} INFO - Created Permission View: can edit on DAG:dataset_consumes_1_and_2
[2023-03-22T04:00:01.694+0400] {logging_mixin.py:137} INFO - [2023-03-22T04:00:01.694+0400] {manager.py:504} INFO - Created Permission View: can delete on DAG:dataset_consumes_1
[2023-03-22T04:00:01.713+0400] {logging_mixin.py:137} INFO - [2023-03-22T04:00:01.713+0400] {manager.py:504} INFO - Created Permission View: can read on DAG:dataset_consumes_1
[2023-03-22T04:00:01.732+0400] {logging_mixin.py:137} INFO - [2023-03-22T04:00:01.732+0400] {manager.py:504} INFO - Created Permission View: can edit on DAG:dataset_consumes_1
[2023-03-22T04:00:01.767+0400] {logging_mixin.py:137} INFO - [2023-03-22T04:00:01.767+0400] {manager.py:504} INFO - Created Permission View: can delete on DAG:dataset_consumes_1_never_scheduled
[2023-03-22T04:00:01.785+0400] {logging_mixin.py:137} INFO - [2023-03-22T04:00:01.785+0400] {manager.py:504} INFO - Created Permission View: can read on DAG:dataset_consumes_1_never_scheduled
[2023-03-22T04:00:01.802+0400] {logging_mixin.py:137} INFO - [2023-03-22T04:00:01.801+0400] {manager.py:504} INFO - Created Permission View: can edit on DAG:dataset_consumes_1_never_scheduled
[2023-03-22T04:00:01.802+0400] {logging_mixin.py:137} INFO - [2023-03-22T04:00:01.802+0400] {dag.py:2690} INFO - Sync 6 DAGs
[2023-03-22T04:00:01.812+0400] {logging_mixin.py:137} INFO - [2023-03-22T04:00:01.811+0400] {dag.py:2711} INFO - Creating ORM DAG for dataset_consumes_unknown_never_scheduled
[2023-03-22T04:00:01.812+0400] {logging_mixin.py:137} INFO - [2023-03-22T04:00:01.812+0400] {dag.py:2711} INFO - Creating ORM DAG for dataset_consumes_1_and_2
[2023-03-22T04:00:01.812+0400] {logging_mixin.py:137} INFO - [2023-03-22T04:00:01.812+0400] {dag.py:2711} INFO - Creating ORM DAG for dataset_produces_2
[2023-03-22T04:00:01.812+0400] {logging_mixin.py:137} INFO - [2023-03-22T04:00:01.812+0400] {dag.py:2711} INFO - Creating ORM DAG for dataset_consumes_1
[2023-03-22T04:00:01.812+0400] {logging_mixin.py:137} INFO - [2023-03-22T04:00:01.812+0400] {dag.py:2711} INFO - Creating ORM DAG for dataset_produces_1
[2023-03-22T04:00:01.813+0400] {logging_mixin.py:137} INFO - [2023-03-22T04:00:01.813+0400] {dag.py:2711} INFO - Creating ORM DAG for dataset_consumes_1_never_scheduled
[2023-03-22T04:00:01.816+0400] {logging_mixin.py:137} INFO - [2023-03-22T04:00:01.816+0400] {dag.py:3437} INFO - Setting next_dagrun for dataset_consumes_1 to None, run_after=None
[2023-03-22T04:00:01.817+0400] {logging_mixin.py:137} INFO - [2023-03-22T04:00:01.817+0400] {dag.py:3437} INFO - Setting next_dagrun for dataset_consumes_1_and_2 to None, run_after=None
[2023-03-22T04:00:01.817+0400] {logging_mixin.py:137} INFO - [2023-03-22T04:00:01.817+0400] {dag.py:3437} INFO - Setting next_dagrun for dataset_consumes_1_never_scheduled to None, run_after=None
[2023-03-22T04:00:01.817+0400] {logging_mixin.py:137} INFO - [2023-03-22T04:00:01.817+0400] {dag.py:3437} INFO - Setting next_dagrun for dataset_consumes_unknown_never_scheduled to None, run_after=None
[2023-03-22T04:00:01.818+0400] {logging_mixin.py:137} INFO - [2023-03-22T04:00:01.818+0400] {dag.py:3437} INFO - Setting next_dagrun for dataset_produces_1 to 2023-03-21T00:00:00+00:00, run_after=2023-03-22T00:00:00+00:00
[2023-03-22T04:00:01.818+0400] {logging_mixin.py:137} INFO - [2023-03-22T04:00:01.818+0400] {dag.py:3437} INFO - Setting next_dagrun for dataset_produces_2 to None, run_after=None
[2023-03-22T04:00:01.841+0400] {processor.py:175} INFO - Processing /home/civis/anaconda3/lib/python3.9/site-packages/airflow/example_dags/example_datasets.py took 0.527 seconds
[2023-03-22T04:00:47.010+0400] {processor.py:153} INFO - Started process (PID=166181) to work on /home/civis/anaconda3/lib/python3.9/site-packages/airflow/example_dags/example_datasets.py
[2023-03-22T04:00:47.019+0400] {processor.py:743} INFO - Processing file /home/civis/anaconda3/lib/python3.9/site-packages/airflow/example_dags/example_datasets.py for tasks to queue
[2023-03-22T04:00:47.020+0400] {logging_mixin.py:137} INFO - [2023-03-22T04:00:47.020+0400] {dagbag.py:538} INFO - Filling up the DagBag from /home/civis/anaconda3/lib/python3.9/site-packages/airflow/example_dags/example_datasets.py
[2023-03-22T04:00:47.033+0400] {processor.py:753} INFO - DAG(s) dict_keys(['dataset_produces_1', 'dataset_produces_2', 'dataset_consumes_1_never_scheduled', 'dataset_consumes_1', 'dataset_consumes_1_and_2', 'dataset_consumes_unknown_never_scheduled']) retrieved from /home/civis/anaconda3/lib/python3.9/site-packages/airflow/example_dags/example_datasets.py
[2023-03-22T04:00:47.045+0400] {logging_mixin.py:137} INFO - [2023-03-22T04:00:47.045+0400] {dag.py:2690} INFO - Sync 6 DAGs
[2023-03-22T04:00:47.053+0400] {logging_mixin.py:137} INFO - [2023-03-22T04:00:47.053+0400] {dag.py:3437} INFO - Setting next_dagrun for dataset_consumes_1 to None, run_after=None
[2023-03-22T04:00:47.054+0400] {logging_mixin.py:137} INFO - [2023-03-22T04:00:47.054+0400] {dag.py:3437} INFO - Setting next_dagrun for dataset_consumes_1_and_2 to None, run_after=None
[2023-03-22T04:00:47.055+0400] {logging_mixin.py:137} INFO - [2023-03-22T04:00:47.055+0400] {dag.py:3437} INFO - Setting next_dagrun for dataset_consumes_1_never_scheduled to None, run_after=None
[2023-03-22T04:00:47.055+0400] {logging_mixin.py:137} INFO - [2023-03-22T04:00:47.055+0400] {dag.py:3437} INFO - Setting next_dagrun for dataset_consumes_unknown_never_scheduled to None, run_after=None
[2023-03-22T04:00:47.056+0400] {logging_mixin.py:137} INFO - [2023-03-22T04:00:47.056+0400] {dag.py:3437} INFO - Setting next_dagrun for dataset_produces_1 to 2023-03-21T00:00:00+00:00, run_after=2023-03-22T00:00:00+00:00
[2023-03-22T04:00:47.056+0400] {logging_mixin.py:137} INFO - [2023-03-22T04:00:47.056+0400] {dag.py:3437} INFO - Setting next_dagrun for dataset_produces_2 to None, run_after=None
[2023-03-22T04:00:47.075+0400] {processor.py:175} INFO - Processing /home/civis/anaconda3/lib/python3.9/site-packages/airflow/example_dags/example_datasets.py took 0.070 seconds
[2023-03-22T04:01:25.511+0400] {processor.py:153} INFO - Started process (PID=166767) to work on /home/civis/anaconda3/lib/python3.9/site-packages/airflow/example_dags/example_datasets.py
[2023-03-22T04:01:25.520+0400] {processor.py:743} INFO - Processing file /home/civis/anaconda3/lib/python3.9/site-packages/airflow/example_dags/example_datasets.py for tasks to queue
[2023-03-22T04:01:25.521+0400] {logging_mixin.py:137} INFO - [2023-03-22T04:01:25.521+0400] {dagbag.py:538} INFO - Filling up the DagBag from /home/civis/anaconda3/lib/python3.9/site-packages/airflow/example_dags/example_datasets.py
[2023-03-22T04:01:25.535+0400] {processor.py:753} INFO - DAG(s) dict_keys(['dataset_consumes_1', 'dataset_produces_1', 'dataset_consumes_1_and_2', 'dataset_consumes_1_never_scheduled', 'dataset_consumes_unknown_never_scheduled', 'dataset_produces_2']) retrieved from /home/civis/anaconda3/lib/python3.9/site-packages/airflow/example_dags/example_datasets.py
[2023-03-22T04:01:25.546+0400] {logging_mixin.py:137} INFO - [2023-03-22T04:01:25.546+0400] {dag.py:2690} INFO - Sync 6 DAGs
[2023-03-22T04:01:25.554+0400] {logging_mixin.py:137} INFO - [2023-03-22T04:01:25.554+0400] {dag.py:3437} INFO - Setting next_dagrun for dataset_consumes_1 to None, run_after=None
[2023-03-22T04:01:25.555+0400] {logging_mixin.py:137} INFO - [2023-03-22T04:01:25.555+0400] {dag.py:3437} INFO - Setting next_dagrun for dataset_consumes_1_and_2 to None, run_after=None
[2023-03-22T04:01:25.556+0400] {logging_mixin.py:137} INFO - [2023-03-22T04:01:25.555+0400] {dag.py:3437} INFO - Setting next_dagrun for dataset_consumes_1_never_scheduled to None, run_after=None
[2023-03-22T04:01:25.556+0400] {logging_mixin.py:137} INFO - [2023-03-22T04:01:25.556+0400] {dag.py:3437} INFO - Setting next_dagrun for dataset_consumes_unknown_never_scheduled to None, run_after=None
[2023-03-22T04:01:25.557+0400] {logging_mixin.py:137} INFO - [2023-03-22T04:01:25.557+0400] {dag.py:3437} INFO - Setting next_dagrun for dataset_produces_1 to 2023-03-21T00:00:00+00:00, run_after=2023-03-22T00:00:00+00:00
[2023-03-22T04:01:25.557+0400] {logging_mixin.py:137} INFO - [2023-03-22T04:01:25.557+0400] {dag.py:3437} INFO - Setting next_dagrun for dataset_produces_2 to None, run_after=None
[2023-03-22T04:01:25.575+0400] {processor.py:175} INFO - Processing /home/civis/anaconda3/lib/python3.9/site-packages/airflow/example_dags/example_datasets.py took 0.068 seconds
[2023-03-22T04:02:06.092+0400] {processor.py:153} INFO - Started process (PID=167421) to work on /home/civis/anaconda3/lib/python3.9/site-packages/airflow/example_dags/example_datasets.py
[2023-03-22T04:02:06.093+0400] {processor.py:743} INFO - Processing file /home/civis/anaconda3/lib/python3.9/site-packages/airflow/example_dags/example_datasets.py for tasks to queue
[2023-03-22T04:02:06.094+0400] {logging_mixin.py:137} INFO - [2023-03-22T04:02:06.094+0400] {dagbag.py:538} INFO - Filling up the DagBag from /home/civis/anaconda3/lib/python3.9/site-packages/airflow/example_dags/example_datasets.py
[2023-03-22T04:02:06.106+0400] {processor.py:753} INFO - DAG(s) dict_keys(['dataset_consumes_1', 'dataset_consumes_1_never_scheduled', 'dataset_consumes_1_and_2', 'dataset_produces_2', 'dataset_produces_1', 'dataset_consumes_unknown_never_scheduled']) retrieved from /home/civis/anaconda3/lib/python3.9/site-packages/airflow/example_dags/example_datasets.py
[2023-03-22T04:02:06.118+0400] {logging_mixin.py:137} INFO - [2023-03-22T04:02:06.117+0400] {dag.py:2690} INFO - Sync 6 DAGs
[2023-03-22T04:02:06.126+0400] {logging_mixin.py:137} INFO - [2023-03-22T04:02:06.126+0400] {dag.py:3437} INFO - Setting next_dagrun for dataset_consumes_1 to None, run_after=None
[2023-03-22T04:02:06.127+0400] {logging_mixin.py:137} INFO - [2023-03-22T04:02:06.127+0400] {dag.py:3437} INFO - Setting next_dagrun for dataset_consumes_1_and_2 to None, run_after=None
[2023-03-22T04:02:06.127+0400] {logging_mixin.py:137} INFO - [2023-03-22T04:02:06.127+0400] {dag.py:3437} INFO - Setting next_dagrun for dataset_consumes_1_never_scheduled to None, run_after=None
[2023-03-22T04:02:06.127+0400] {logging_mixin.py:137} INFO - [2023-03-22T04:02:06.127+0400] {dag.py:3437} INFO - Setting next_dagrun for dataset_consumes_unknown_never_scheduled to None, run_after=None
[2023-03-22T04:02:06.128+0400] {logging_mixin.py:137} INFO - [2023-03-22T04:02:06.128+0400] {dag.py:3437} INFO - Setting next_dagrun for dataset_produces_1 to 2023-03-21T00:00:00+00:00, run_after=2023-03-22T00:00:00+00:00
[2023-03-22T04:02:06.129+0400] {logging_mixin.py:137} INFO - [2023-03-22T04:02:06.129+0400] {dag.py:3437} INFO - Setting next_dagrun for dataset_produces_2 to None, run_after=None
[2023-03-22T04:02:06.148+0400] {processor.py:175} INFO - Processing /home/civis/anaconda3/lib/python3.9/site-packages/airflow/example_dags/example_datasets.py took 0.060 seconds
[2023-03-22T04:02:45.369+0400] {processor.py:153} INFO - Started process (PID=168241) to work on /home/civis/anaconda3/lib/python3.9/site-packages/airflow/example_dags/example_datasets.py
[2023-03-22T04:02:45.369+0400] {processor.py:743} INFO - Processing file /home/civis/anaconda3/lib/python3.9/site-packages/airflow/example_dags/example_datasets.py for tasks to queue
[2023-03-22T04:02:45.370+0400] {logging_mixin.py:137} INFO - [2023-03-22T04:02:45.369+0400] {dagbag.py:538} INFO - Filling up the DagBag from /home/civis/anaconda3/lib/python3.9/site-packages/airflow/example_dags/example_datasets.py
[2023-03-22T04:02:45.377+0400] {processor.py:753} INFO - DAG(s) dict_keys(['dataset_consumes_1', 'dataset_consumes_unknown_never_scheduled', 'dataset_consumes_1_and_2', 'dataset_produces_1', 'dataset_consumes_1_never_scheduled', 'dataset_produces_2']) retrieved from /home/civis/anaconda3/lib/python3.9/site-packages/airflow/example_dags/example_datasets.py
[2023-03-22T04:02:45.391+0400] {logging_mixin.py:137} INFO - [2023-03-22T04:02:45.391+0400] {dag.py:2690} INFO - Sync 6 DAGs
[2023-03-22T04:02:45.400+0400] {logging_mixin.py:137} INFO - [2023-03-22T04:02:45.400+0400] {dag.py:3437} INFO - Setting next_dagrun for dataset_consumes_1 to None, run_after=None
[2023-03-22T04:02:45.402+0400] {logging_mixin.py:137} INFO - [2023-03-22T04:02:45.402+0400] {dag.py:3437} INFO - Setting next_dagrun for dataset_consumes_1_and_2 to None, run_after=None
[2023-03-22T04:02:45.402+0400] {logging_mixin.py:137} INFO - [2023-03-22T04:02:45.402+0400] {dag.py:3437} INFO - Setting next_dagrun for dataset_consumes_1_never_scheduled to None, run_after=None
[2023-03-22T04:02:45.402+0400] {logging_mixin.py:137} INFO - [2023-03-22T04:02:45.402+0400] {dag.py:3437} INFO - Setting next_dagrun for dataset_consumes_unknown_never_scheduled to None, run_after=None
[2023-03-22T04:02:45.403+0400] {logging_mixin.py:137} INFO - [2023-03-22T04:02:45.403+0400] {dag.py:3437} INFO - Setting next_dagrun for dataset_produces_1 to 2023-03-21T00:00:00+00:00, run_after=2023-03-22T00:00:00+00:00
[2023-03-22T04:02:45.404+0400] {logging_mixin.py:137} INFO - [2023-03-22T04:02:45.404+0400] {dag.py:3437} INFO - Setting next_dagrun for dataset_produces_2 to None, run_after=None
[2023-03-22T04:02:45.429+0400] {processor.py:175} INFO - Processing /home/civis/anaconda3/lib/python3.9/site-packages/airflow/example_dags/example_datasets.py took 0.061 seconds
[2023-03-22T04:03:26.464+0400] {processor.py:153} INFO - Started process (PID=169065) to work on /home/civis/anaconda3/lib/python3.9/site-packages/airflow/example_dags/example_datasets.py
[2023-03-22T04:03:26.473+0400] {processor.py:743} INFO - Processing file /home/civis/anaconda3/lib/python3.9/site-packages/airflow/example_dags/example_datasets.py for tasks to queue
[2023-03-22T04:03:26.474+0400] {logging_mixin.py:137} INFO - [2023-03-22T04:03:26.474+0400] {dagbag.py:538} INFO - Filling up the DagBag from /home/civis/anaconda3/lib/python3.9/site-packages/airflow/example_dags/example_datasets.py
[2023-03-22T04:03:26.487+0400] {processor.py:753} INFO - DAG(s) dict_keys(['dataset_produces_2', 'dataset_produces_1', 'dataset_consumes_1', 'dataset_consumes_1_and_2', 'dataset_consumes_unknown_never_scheduled', 'dataset_consumes_1_never_scheduled']) retrieved from /home/civis/anaconda3/lib/python3.9/site-packages/airflow/example_dags/example_datasets.py
[2023-03-22T04:03:26.498+0400] {logging_mixin.py:137} INFO - [2023-03-22T04:03:26.498+0400] {dag.py:2690} INFO - Sync 6 DAGs
[2023-03-22T04:03:26.506+0400] {logging_mixin.py:137} INFO - [2023-03-22T04:03:26.506+0400] {dag.py:3437} INFO - Setting next_dagrun for dataset_consumes_1 to None, run_after=None
[2023-03-22T04:03:26.508+0400] {logging_mixin.py:137} INFO - [2023-03-22T04:03:26.508+0400] {dag.py:3437} INFO - Setting next_dagrun for dataset_consumes_1_and_2 to None, run_after=None
[2023-03-22T04:03:26.508+0400] {logging_mixin.py:137} INFO - [2023-03-22T04:03:26.508+0400] {dag.py:3437} INFO - Setting next_dagrun for dataset_consumes_1_never_scheduled to None, run_after=None
[2023-03-22T04:03:26.508+0400] {logging_mixin.py:137} INFO - [2023-03-22T04:03:26.508+0400] {dag.py:3437} INFO - Setting next_dagrun for dataset_consumes_unknown_never_scheduled to None, run_after=None
[2023-03-22T04:03:26.509+0400] {logging_mixin.py:137} INFO - [2023-03-22T04:03:26.509+0400] {dag.py:3437} INFO - Setting next_dagrun for dataset_produces_1 to 2023-03-21T00:00:00+00:00, run_after=2023-03-22T00:00:00+00:00
[2023-03-22T04:03:26.510+0400] {logging_mixin.py:137} INFO - [2023-03-22T04:03:26.510+0400] {dag.py:3437} INFO - Setting next_dagrun for dataset_produces_2 to None, run_after=None
[2023-03-22T04:03:26.528+0400] {processor.py:175} INFO - Processing /home/civis/anaconda3/lib/python3.9/site-packages/airflow/example_dags/example_datasets.py took 0.067 seconds
[2023-03-22T04:04:32.221+0400] {processor.py:153} INFO - Started process (PID=170098) to work on /home/civis/anaconda3/lib/python3.9/site-packages/airflow/example_dags/example_datasets.py
[2023-03-22T04:04:32.230+0400] {processor.py:743} INFO - Processing file /home/civis/anaconda3/lib/python3.9/site-packages/airflow/example_dags/example_datasets.py for tasks to queue
[2023-03-22T04:04:32.232+0400] {logging_mixin.py:137} INFO - [2023-03-22T04:04:32.231+0400] {dagbag.py:538} INFO - Filling up the DagBag from /home/civis/anaconda3/lib/python3.9/site-packages/airflow/example_dags/example_datasets.py
[2023-03-22T04:04:32.248+0400] {processor.py:753} INFO - DAG(s) dict_keys(['dataset_consumes_1', 'dataset_consumes_1_and_2', 'dataset_consumes_unknown_never_scheduled', 'dataset_produces_1', 'dataset_produces_2', 'dataset_consumes_1_never_scheduled']) retrieved from /home/civis/anaconda3/lib/python3.9/site-packages/airflow/example_dags/example_datasets.py
[2023-03-22T04:04:32.273+0400] {logging_mixin.py:137} INFO - [2023-03-22T04:04:32.273+0400] {dag.py:2690} INFO - Sync 6 DAGs
[2023-03-22T04:04:32.281+0400] {logging_mixin.py:137} INFO - [2023-03-22T04:04:32.281+0400] {dag.py:3437} INFO - Setting next_dagrun for dataset_consumes_1 to None, run_after=None
[2023-03-22T04:04:32.282+0400] {logging_mixin.py:137} INFO - [2023-03-22T04:04:32.282+0400] {dag.py:3437} INFO - Setting next_dagrun for dataset_consumes_1_and_2 to None, run_after=None
[2023-03-22T04:04:32.283+0400] {logging_mixin.py:137} INFO - [2023-03-22T04:04:32.283+0400] {dag.py:3437} INFO - Setting next_dagrun for dataset_consumes_1_never_scheduled to None, run_after=None
[2023-03-22T04:04:32.283+0400] {logging_mixin.py:137} INFO - [2023-03-22T04:04:32.283+0400] {dag.py:3437} INFO - Setting next_dagrun for dataset_consumes_unknown_never_scheduled to None, run_after=None
[2023-03-22T04:04:32.284+0400] {logging_mixin.py:137} INFO - [2023-03-22T04:04:32.284+0400] {dag.py:3437} INFO - Setting next_dagrun for dataset_produces_1 to 2023-03-21T00:00:00+00:00, run_after=2023-03-22T00:00:00+00:00
[2023-03-22T04:04:32.284+0400] {logging_mixin.py:137} INFO - [2023-03-22T04:04:32.284+0400] {dag.py:3437} INFO - Setting next_dagrun for dataset_produces_2 to None, run_after=None
[2023-03-22T04:04:32.304+0400] {processor.py:175} INFO - Processing /home/civis/anaconda3/lib/python3.9/site-packages/airflow/example_dags/example_datasets.py took 0.088 seconds
[2023-03-22T04:05:13.516+0400] {processor.py:153} INFO - Started process (PID=170766) to work on /home/civis/anaconda3/lib/python3.9/site-packages/airflow/example_dags/example_datasets.py
[2023-03-22T04:05:13.525+0400] {processor.py:743} INFO - Processing file /home/civis/anaconda3/lib/python3.9/site-packages/airflow/example_dags/example_datasets.py for tasks to queue
[2023-03-22T04:05:13.531+0400] {logging_mixin.py:137} INFO - [2023-03-22T04:05:13.531+0400] {dagbag.py:538} INFO - Filling up the DagBag from /home/civis/anaconda3/lib/python3.9/site-packages/airflow/example_dags/example_datasets.py
[2023-03-22T04:05:13.544+0400] {processor.py:753} INFO - DAG(s) dict_keys(['dataset_consumes_1_and_2', 'dataset_consumes_unknown_never_scheduled', 'dataset_consumes_1', 'dataset_produces_1', 'dataset_consumes_1_never_scheduled', 'dataset_produces_2']) retrieved from /home/civis/anaconda3/lib/python3.9/site-packages/airflow/example_dags/example_datasets.py
[2023-03-22T04:05:13.556+0400] {logging_mixin.py:137} INFO - [2023-03-22T04:05:13.556+0400] {dag.py:2690} INFO - Sync 6 DAGs
[2023-03-22T04:05:13.564+0400] {logging_mixin.py:137} INFO - [2023-03-22T04:05:13.564+0400] {dag.py:3437} INFO - Setting next_dagrun for dataset_consumes_1 to None, run_after=None
[2023-03-22T04:05:13.565+0400] {logging_mixin.py:137} INFO - [2023-03-22T04:05:13.565+0400] {dag.py:3437} INFO - Setting next_dagrun for dataset_consumes_1_and_2 to None, run_after=None
[2023-03-22T04:05:13.565+0400] {logging_mixin.py:137} INFO - [2023-03-22T04:05:13.565+0400] {dag.py:3437} INFO - Setting next_dagrun for dataset_consumes_1_never_scheduled to None, run_after=None
[2023-03-22T04:05:13.566+0400] {logging_mixin.py:137} INFO - [2023-03-22T04:05:13.566+0400] {dag.py:3437} INFO - Setting next_dagrun for dataset_consumes_unknown_never_scheduled to None, run_after=None
[2023-03-22T04:05:13.567+0400] {logging_mixin.py:137} INFO - [2023-03-22T04:05:13.566+0400] {dag.py:3437} INFO - Setting next_dagrun for dataset_produces_1 to 2023-03-21T00:00:00+00:00, run_after=2023-03-22T00:00:00+00:00
[2023-03-22T04:05:13.567+0400] {logging_mixin.py:137} INFO - [2023-03-22T04:05:13.567+0400] {dag.py:3437} INFO - Setting next_dagrun for dataset_produces_2 to None, run_after=None
[2023-03-22T04:05:13.590+0400] {processor.py:175} INFO - Processing /home/civis/anaconda3/lib/python3.9/site-packages/airflow/example_dags/example_datasets.py took 0.075 seconds
[2023-03-22T04:05:52.388+0400] {processor.py:153} INFO - Started process (PID=171367) to work on /home/civis/anaconda3/lib/python3.9/site-packages/airflow/example_dags/example_datasets.py
[2023-03-22T04:05:52.390+0400] {processor.py:743} INFO - Processing file /home/civis/anaconda3/lib/python3.9/site-packages/airflow/example_dags/example_datasets.py for tasks to queue
[2023-03-22T04:05:52.390+0400] {logging_mixin.py:137} INFO - [2023-03-22T04:05:52.390+0400] {dagbag.py:538} INFO - Filling up the DagBag from /home/civis/anaconda3/lib/python3.9/site-packages/airflow/example_dags/example_datasets.py
[2023-03-22T04:05:52.399+0400] {processor.py:753} INFO - DAG(s) dict_keys(['dataset_consumes_1_never_scheduled', 'dataset_consumes_unknown_never_scheduled', 'dataset_consumes_1', 'dataset_produces_1', 'dataset_produces_2', 'dataset_consumes_1_and_2']) retrieved from /home/civis/anaconda3/lib/python3.9/site-packages/airflow/example_dags/example_datasets.py
[2023-03-22T04:05:52.410+0400] {logging_mixin.py:137} INFO - [2023-03-22T04:05:52.410+0400] {dag.py:2690} INFO - Sync 6 DAGs
[2023-03-22T04:05:52.418+0400] {logging_mixin.py:137} INFO - [2023-03-22T04:05:52.418+0400] {dag.py:3437} INFO - Setting next_dagrun for dataset_consumes_1 to None, run_after=None
[2023-03-22T04:05:52.419+0400] {logging_mixin.py:137} INFO - [2023-03-22T04:05:52.419+0400] {dag.py:3437} INFO - Setting next_dagrun for dataset_consumes_1_and_2 to None, run_after=None
[2023-03-22T04:05:52.420+0400] {logging_mixin.py:137} INFO - [2023-03-22T04:05:52.420+0400] {dag.py:3437} INFO - Setting next_dagrun for dataset_consumes_1_never_scheduled to None, run_after=None
[2023-03-22T04:05:52.420+0400] {logging_mixin.py:137} INFO - [2023-03-22T04:05:52.420+0400] {dag.py:3437} INFO - Setting next_dagrun for dataset_consumes_unknown_never_scheduled to None, run_after=None
[2023-03-22T04:05:52.421+0400] {logging_mixin.py:137} INFO - [2023-03-22T04:05:52.421+0400] {dag.py:3437} INFO - Setting next_dagrun for dataset_produces_1 to 2023-03-21T00:00:00+00:00, run_after=2023-03-22T00:00:00+00:00
[2023-03-22T04:05:52.421+0400] {logging_mixin.py:137} INFO - [2023-03-22T04:05:52.421+0400] {dag.py:3437} INFO - Setting next_dagrun for dataset_produces_2 to None, run_after=None
[2023-03-22T04:05:52.439+0400] {processor.py:175} INFO - Processing /home/civis/anaconda3/lib/python3.9/site-packages/airflow/example_dags/example_datasets.py took 0.054 seconds
[2023-03-22T04:06:33.909+0400] {processor.py:153} INFO - Started process (PID=172065) to work on /home/civis/anaconda3/lib/python3.9/site-packages/airflow/example_dags/example_datasets.py
[2023-03-22T04:06:33.918+0400] {processor.py:743} INFO - Processing file /home/civis/anaconda3/lib/python3.9/site-packages/airflow/example_dags/example_datasets.py for tasks to queue
[2023-03-22T04:06:33.919+0400] {logging_mixin.py:137} INFO - [2023-03-22T04:06:33.919+0400] {dagbag.py:538} INFO - Filling up the DagBag from /home/civis/anaconda3/lib/python3.9/site-packages/airflow/example_dags/example_datasets.py
[2023-03-22T04:06:33.936+0400] {processor.py:753} INFO - DAG(s) dict_keys(['dataset_produces_2', 'dataset_consumes_1_never_scheduled', 'dataset_consumes_1_and_2', 'dataset_produces_1', 'dataset_consumes_1', 'dataset_consumes_unknown_never_scheduled']) retrieved from /home/civis/anaconda3/lib/python3.9/site-packages/airflow/example_dags/example_datasets.py
[2023-03-22T04:06:33.947+0400] {logging_mixin.py:137} INFO - [2023-03-22T04:06:33.947+0400] {dag.py:2690} INFO - Sync 6 DAGs
[2023-03-22T04:06:33.955+0400] {logging_mixin.py:137} INFO - [2023-03-22T04:06:33.955+0400] {dag.py:3437} INFO - Setting next_dagrun for dataset_consumes_1 to None, run_after=None
[2023-03-22T04:06:33.956+0400] {logging_mixin.py:137} INFO - [2023-03-22T04:06:33.956+0400] {dag.py:3437} INFO - Setting next_dagrun for dataset_consumes_1_and_2 to None, run_after=None
[2023-03-22T04:06:33.957+0400] {logging_mixin.py:137} INFO - [2023-03-22T04:06:33.957+0400] {dag.py:3437} INFO - Setting next_dagrun for dataset_consumes_1_never_scheduled to None, run_after=None
[2023-03-22T04:06:33.957+0400] {logging_mixin.py:137} INFO - [2023-03-22T04:06:33.957+0400] {dag.py:3437} INFO - Setting next_dagrun for dataset_consumes_unknown_never_scheduled to None, run_after=None
[2023-03-22T04:06:33.958+0400] {logging_mixin.py:137} INFO - [2023-03-22T04:06:33.958+0400] {dag.py:3437} INFO - Setting next_dagrun for dataset_produces_1 to 2023-03-21T00:00:00+00:00, run_after=2023-03-22T00:00:00+00:00
[2023-03-22T04:06:33.958+0400] {logging_mixin.py:137} INFO - [2023-03-22T04:06:33.958+0400] {dag.py:3437} INFO - Setting next_dagrun for dataset_produces_2 to None, run_after=None
[2023-03-22T04:06:33.976+0400] {processor.py:175} INFO - Processing /home/civis/anaconda3/lib/python3.9/site-packages/airflow/example_dags/example_datasets.py took 0.069 seconds
[2023-03-22T04:07:13.102+0400] {processor.py:153} INFO - Started process (PID=172696) to work on /home/civis/anaconda3/lib/python3.9/site-packages/airflow/example_dags/example_datasets.py
[2023-03-22T04:07:13.110+0400] {processor.py:743} INFO - Processing file /home/civis/anaconda3/lib/python3.9/site-packages/airflow/example_dags/example_datasets.py for tasks to queue
[2023-03-22T04:07:13.111+0400] {logging_mixin.py:137} INFO - [2023-03-22T04:07:13.111+0400] {dagbag.py:538} INFO - Filling up the DagBag from /home/civis/anaconda3/lib/python3.9/site-packages/airflow/example_dags/example_datasets.py
[2023-03-22T04:07:13.129+0400] {processor.py:753} INFO - DAG(s) dict_keys(['dataset_consumes_1_never_scheduled', 'dataset_consumes_1_and_2', 'dataset_consumes_1', 'dataset_consumes_unknown_never_scheduled', 'dataset_produces_1', 'dataset_produces_2']) retrieved from /home/civis/anaconda3/lib/python3.9/site-packages/airflow/example_dags/example_datasets.py
[2023-03-22T04:07:13.141+0400] {logging_mixin.py:137} INFO - [2023-03-22T04:07:13.141+0400] {dag.py:2690} INFO - Sync 6 DAGs
[2023-03-22T04:07:13.148+0400] {logging_mixin.py:137} INFO - [2023-03-22T04:07:13.148+0400] {dag.py:3437} INFO - Setting next_dagrun for dataset_consumes_1 to None, run_after=None
[2023-03-22T04:07:13.149+0400] {logging_mixin.py:137} INFO - [2023-03-22T04:07:13.149+0400] {dag.py:3437} INFO - Setting next_dagrun for dataset_consumes_1_and_2 to None, run_after=None
[2023-03-22T04:07:13.150+0400] {logging_mixin.py:137} INFO - [2023-03-22T04:07:13.150+0400] {dag.py:3437} INFO - Setting next_dagrun for dataset_consumes_1_never_scheduled to None, run_after=None
[2023-03-22T04:07:13.150+0400] {logging_mixin.py:137} INFO - [2023-03-22T04:07:13.150+0400] {dag.py:3437} INFO - Setting next_dagrun for dataset_consumes_unknown_never_scheduled to None, run_after=None
[2023-03-22T04:07:13.151+0400] {logging_mixin.py:137} INFO - [2023-03-22T04:07:13.151+0400] {dag.py:3437} INFO - Setting next_dagrun for dataset_produces_1 to 2023-03-21T00:00:00+00:00, run_after=2023-03-22T00:00:00+00:00
[2023-03-22T04:07:13.151+0400] {logging_mixin.py:137} INFO - [2023-03-22T04:07:13.151+0400] {dag.py:3437} INFO - Setting next_dagrun for dataset_produces_2 to None, run_after=None
[2023-03-22T04:07:13.173+0400] {processor.py:175} INFO - Processing /home/civis/anaconda3/lib/python3.9/site-packages/airflow/example_dags/example_datasets.py took 0.074 seconds
[2023-03-22T04:07:55.318+0400] {processor.py:153} INFO - Started process (PID=173394) to work on /home/civis/anaconda3/lib/python3.9/site-packages/airflow/example_dags/example_datasets.py
[2023-03-22T04:07:55.327+0400] {processor.py:743} INFO - Processing file /home/civis/anaconda3/lib/python3.9/site-packages/airflow/example_dags/example_datasets.py for tasks to queue
[2023-03-22T04:07:55.328+0400] {logging_mixin.py:137} INFO - [2023-03-22T04:07:55.328+0400] {dagbag.py:538} INFO - Filling up the DagBag from /home/civis/anaconda3/lib/python3.9/site-packages/airflow/example_dags/example_datasets.py
[2023-03-22T04:07:55.349+0400] {processor.py:753} INFO - DAG(s) dict_keys(['dataset_produces_1', 'dataset_consumes_1', 'dataset_produces_2', 'dataset_consumes_1_never_scheduled', 'dataset_consumes_unknown_never_scheduled', 'dataset_consumes_1_and_2']) retrieved from /home/civis/anaconda3/lib/python3.9/site-packages/airflow/example_dags/example_datasets.py
[2023-03-22T04:07:55.362+0400] {logging_mixin.py:137} INFO - [2023-03-22T04:07:55.362+0400] {dag.py:2690} INFO - Sync 6 DAGs
[2023-03-22T04:07:55.370+0400] {logging_mixin.py:137} INFO - [2023-03-22T04:07:55.370+0400] {dag.py:3437} INFO - Setting next_dagrun for dataset_consumes_1 to None, run_after=None
[2023-03-22T04:07:55.371+0400] {logging_mixin.py:137} INFO - [2023-03-22T04:07:55.371+0400] {dag.py:3437} INFO - Setting next_dagrun for dataset_consumes_1_and_2 to None, run_after=None
[2023-03-22T04:07:55.371+0400] {logging_mixin.py:137} INFO - [2023-03-22T04:07:55.371+0400] {dag.py:3437} INFO - Setting next_dagrun for dataset_consumes_1_never_scheduled to None, run_after=None
[2023-03-22T04:07:55.371+0400] {logging_mixin.py:137} INFO - [2023-03-22T04:07:55.371+0400] {dag.py:3437} INFO - Setting next_dagrun for dataset_consumes_unknown_never_scheduled to None, run_after=None
[2023-03-22T04:07:55.373+0400] {logging_mixin.py:137} INFO - [2023-03-22T04:07:55.372+0400] {dag.py:3437} INFO - Setting next_dagrun for dataset_produces_1 to 2023-03-21T00:00:00+00:00, run_after=2023-03-22T00:00:00+00:00
[2023-03-22T04:07:55.373+0400] {logging_mixin.py:137} INFO - [2023-03-22T04:07:55.373+0400] {dag.py:3437} INFO - Setting next_dagrun for dataset_produces_2 to None, run_after=None
[2023-03-22T04:07:55.391+0400] {processor.py:175} INFO - Processing /home/civis/anaconda3/lib/python3.9/site-packages/airflow/example_dags/example_datasets.py took 0.075 seconds
[2023-03-22T04:08:34.222+0400] {processor.py:153} INFO - Started process (PID=174092) to work on /home/civis/anaconda3/lib/python3.9/site-packages/airflow/example_dags/example_datasets.py
[2023-03-22T04:08:34.231+0400] {processor.py:743} INFO - Processing file /home/civis/anaconda3/lib/python3.9/site-packages/airflow/example_dags/example_datasets.py for tasks to queue
[2023-03-22T04:08:34.232+0400] {logging_mixin.py:137} INFO - [2023-03-22T04:08:34.232+0400] {dagbag.py:538} INFO - Filling up the DagBag from /home/civis/anaconda3/lib/python3.9/site-packages/airflow/example_dags/example_datasets.py
[2023-03-22T04:08:34.249+0400] {processor.py:753} INFO - DAG(s) dict_keys(['dataset_consumes_1_never_scheduled', 'dataset_consumes_1_and_2', 'dataset_produces_2', 'dataset_consumes_unknown_never_scheduled', 'dataset_consumes_1', 'dataset_produces_1']) retrieved from /home/civis/anaconda3/lib/python3.9/site-packages/airflow/example_dags/example_datasets.py
[2023-03-22T04:08:34.261+0400] {logging_mixin.py:137} INFO - [2023-03-22T04:08:34.261+0400] {dag.py:2690} INFO - Sync 6 DAGs
[2023-03-22T04:08:34.269+0400] {logging_mixin.py:137} INFO - [2023-03-22T04:08:34.269+0400] {dag.py:3437} INFO - Setting next_dagrun for dataset_consumes_1 to None, run_after=None
[2023-03-22T04:08:34.270+0400] {logging_mixin.py:137} INFO - [2023-03-22T04:08:34.270+0400] {dag.py:3437} INFO - Setting next_dagrun for dataset_consumes_1_and_2 to None, run_after=None
[2023-03-22T04:08:34.270+0400] {logging_mixin.py:137} INFO - [2023-03-22T04:08:34.270+0400] {dag.py:3437} INFO - Setting next_dagrun for dataset_consumes_1_never_scheduled to None, run_after=None
[2023-03-22T04:08:34.270+0400] {logging_mixin.py:137} INFO - [2023-03-22T04:08:34.270+0400] {dag.py:3437} INFO - Setting next_dagrun for dataset_consumes_unknown_never_scheduled to None, run_after=None
[2023-03-22T04:08:34.271+0400] {logging_mixin.py:137} INFO - [2023-03-22T04:08:34.271+0400] {dag.py:3437} INFO - Setting next_dagrun for dataset_produces_1 to 2023-03-21T00:00:00+00:00, run_after=2023-03-22T00:00:00+00:00
[2023-03-22T04:08:34.272+0400] {logging_mixin.py:137} INFO - [2023-03-22T04:08:34.272+0400] {dag.py:3437} INFO - Setting next_dagrun for dataset_produces_2 to None, run_after=None
[2023-03-22T04:08:34.293+0400] {processor.py:175} INFO - Processing /home/civis/anaconda3/lib/python3.9/site-packages/airflow/example_dags/example_datasets.py took 0.073 seconds
[2023-03-22T04:09:14.594+0400] {processor.py:153} INFO - Started process (PID=175960) to work on /home/civis/anaconda3/lib/python3.9/site-packages/airflow/example_dags/example_datasets.py
[2023-03-22T04:09:14.603+0400] {processor.py:743} INFO - Processing file /home/civis/anaconda3/lib/python3.9/site-packages/airflow/example_dags/example_datasets.py for tasks to queue
[2023-03-22T04:09:14.604+0400] {logging_mixin.py:137} INFO - [2023-03-22T04:09:14.604+0400] {dagbag.py:538} INFO - Filling up the DagBag from /home/civis/anaconda3/lib/python3.9/site-packages/airflow/example_dags/example_datasets.py
[2023-03-22T04:09:14.620+0400] {processor.py:753} INFO - DAG(s) dict_keys(['dataset_consumes_1_never_scheduled', 'dataset_produces_1', 'dataset_consumes_1_and_2', 'dataset_produces_2', 'dataset_consumes_1', 'dataset_consumes_unknown_never_scheduled']) retrieved from /home/civis/anaconda3/lib/python3.9/site-packages/airflow/example_dags/example_datasets.py
[2023-03-22T04:09:14.632+0400] {logging_mixin.py:137} INFO - [2023-03-22T04:09:14.632+0400] {dag.py:2690} INFO - Sync 6 DAGs
[2023-03-22T04:09:14.641+0400] {logging_mixin.py:137} INFO - [2023-03-22T04:09:14.641+0400] {dag.py:3437} INFO - Setting next_dagrun for dataset_consumes_1 to None, run_after=None
[2023-03-22T04:09:14.642+0400] {logging_mixin.py:137} INFO - [2023-03-22T04:09:14.642+0400] {dag.py:3437} INFO - Setting next_dagrun for dataset_consumes_1_and_2 to None, run_after=None
[2023-03-22T04:09:14.642+0400] {logging_mixin.py:137} INFO - [2023-03-22T04:09:14.642+0400] {dag.py:3437} INFO - Setting next_dagrun for dataset_consumes_1_never_scheduled to None, run_after=None
[2023-03-22T04:09:14.643+0400] {logging_mixin.py:137} INFO - [2023-03-22T04:09:14.643+0400] {dag.py:3437} INFO - Setting next_dagrun for dataset_consumes_unknown_never_scheduled to None, run_after=None
[2023-03-22T04:09:14.644+0400] {logging_mixin.py:137} INFO - [2023-03-22T04:09:14.643+0400] {dag.py:3437} INFO - Setting next_dagrun for dataset_produces_1 to 2023-03-21T00:00:00+00:00, run_after=2023-03-22T00:00:00+00:00
[2023-03-22T04:09:14.644+0400] {logging_mixin.py:137} INFO - [2023-03-22T04:09:14.644+0400] {dag.py:3437} INFO - Setting next_dagrun for dataset_produces_2 to None, run_after=None
[2023-03-22T04:09:14.665+0400] {processor.py:175} INFO - Processing /home/civis/anaconda3/lib/python3.9/site-packages/airflow/example_dags/example_datasets.py took 0.071 seconds
[2023-03-22T04:09:58.697+0400] {processor.py:153} INFO - Started process (PID=176672) to work on /home/civis/anaconda3/lib/python3.9/site-packages/airflow/example_dags/example_datasets.py
[2023-03-22T04:09:58.705+0400] {processor.py:743} INFO - Processing file /home/civis/anaconda3/lib/python3.9/site-packages/airflow/example_dags/example_datasets.py for tasks to queue
[2023-03-22T04:09:58.706+0400] {logging_mixin.py:137} INFO - [2023-03-22T04:09:58.705+0400] {dagbag.py:538} INFO - Filling up the DagBag from /home/civis/anaconda3/lib/python3.9/site-packages/airflow/example_dags/example_datasets.py
[2023-03-22T04:09:58.721+0400] {processor.py:753} INFO - DAG(s) dict_keys(['dataset_consumes_1_and_2', 'dataset_produces_1', 'dataset_produces_2', 'dataset_consumes_1', 'dataset_consumes_1_never_scheduled', 'dataset_consumes_unknown_never_scheduled']) retrieved from /home/civis/anaconda3/lib/python3.9/site-packages/airflow/example_dags/example_datasets.py
[2023-03-22T04:09:58.732+0400] {logging_mixin.py:137} INFO - [2023-03-22T04:09:58.732+0400] {dag.py:2690} INFO - Sync 6 DAGs
[2023-03-22T04:09:58.740+0400] {logging_mixin.py:137} INFO - [2023-03-22T04:09:58.740+0400] {dag.py:3437} INFO - Setting next_dagrun for dataset_consumes_1 to None, run_after=None
[2023-03-22T04:09:58.741+0400] {logging_mixin.py:137} INFO - [2023-03-22T04:09:58.741+0400] {dag.py:3437} INFO - Setting next_dagrun for dataset_consumes_1_and_2 to None, run_after=None
[2023-03-22T04:09:58.742+0400] {logging_mixin.py:137} INFO - [2023-03-22T04:09:58.742+0400] {dag.py:3437} INFO - Setting next_dagrun for dataset_consumes_1_never_scheduled to None, run_after=None
[2023-03-22T04:09:58.742+0400] {logging_mixin.py:137} INFO - [2023-03-22T04:09:58.742+0400] {dag.py:3437} INFO - Setting next_dagrun for dataset_consumes_unknown_never_scheduled to None, run_after=None
[2023-03-22T04:09:58.743+0400] {logging_mixin.py:137} INFO - [2023-03-22T04:09:58.743+0400] {dag.py:3437} INFO - Setting next_dagrun for dataset_produces_1 to 2023-03-21T00:00:00+00:00, run_after=2023-03-22T00:00:00+00:00
[2023-03-22T04:09:58.743+0400] {logging_mixin.py:137} INFO - [2023-03-22T04:09:58.743+0400] {dag.py:3437} INFO - Setting next_dagrun for dataset_produces_2 to None, run_after=None
[2023-03-22T04:09:58.762+0400] {processor.py:175} INFO - Processing /home/civis/anaconda3/lib/python3.9/site-packages/airflow/example_dags/example_datasets.py took 0.066 seconds
[2023-03-22T04:10:41.654+0400] {processor.py:153} INFO - Started process (PID=177373) to work on /home/civis/anaconda3/lib/python3.9/site-packages/airflow/example_dags/example_datasets.py
[2023-03-22T04:10:41.654+0400] {processor.py:743} INFO - Processing file /home/civis/anaconda3/lib/python3.9/site-packages/airflow/example_dags/example_datasets.py for tasks to queue
[2023-03-22T04:10:41.655+0400] {logging_mixin.py:137} INFO - [2023-03-22T04:10:41.655+0400] {dagbag.py:538} INFO - Filling up the DagBag from /home/civis/anaconda3/lib/python3.9/site-packages/airflow/example_dags/example_datasets.py
[2023-03-22T04:10:41.662+0400] {processor.py:753} INFO - DAG(s) dict_keys(['dataset_consumes_1_never_scheduled', 'dataset_consumes_1', 'dataset_produces_2', 'dataset_consumes_unknown_never_scheduled', 'dataset_produces_1', 'dataset_consumes_1_and_2']) retrieved from /home/civis/anaconda3/lib/python3.9/site-packages/airflow/example_dags/example_datasets.py
[2023-03-22T04:10:41.675+0400] {logging_mixin.py:137} INFO - [2023-03-22T04:10:41.675+0400] {dag.py:2690} INFO - Sync 6 DAGs
[2023-03-22T04:10:41.683+0400] {logging_mixin.py:137} INFO - [2023-03-22T04:10:41.683+0400] {dag.py:3437} INFO - Setting next_dagrun for dataset_consumes_1 to None, run_after=None
[2023-03-22T04:10:41.685+0400] {logging_mixin.py:137} INFO - [2023-03-22T04:10:41.684+0400] {dag.py:3437} INFO - Setting next_dagrun for dataset_consumes_1_and_2 to None, run_after=None
[2023-03-22T04:10:41.685+0400] {logging_mixin.py:137} INFO - [2023-03-22T04:10:41.685+0400] {dag.py:3437} INFO - Setting next_dagrun for dataset_consumes_1_never_scheduled to None, run_after=None
[2023-03-22T04:10:41.685+0400] {logging_mixin.py:137} INFO - [2023-03-22T04:10:41.685+0400] {dag.py:3437} INFO - Setting next_dagrun for dataset_consumes_unknown_never_scheduled to None, run_after=None
[2023-03-22T04:10:41.686+0400] {logging_mixin.py:137} INFO - [2023-03-22T04:10:41.686+0400] {dag.py:3437} INFO - Setting next_dagrun for dataset_produces_1 to 2023-03-21T00:00:00+00:00, run_after=2023-03-22T00:00:00+00:00
[2023-03-22T04:10:41.687+0400] {logging_mixin.py:137} INFO - [2023-03-22T04:10:41.687+0400] {dag.py:3437} INFO - Setting next_dagrun for dataset_produces_2 to None, run_after=None
[2023-03-22T04:10:41.706+0400] {processor.py:175} INFO - Processing /home/civis/anaconda3/lib/python3.9/site-packages/airflow/example_dags/example_datasets.py took 0.055 seconds
[2023-03-22T04:11:20.349+0400] {processor.py:153} INFO - Started process (PID=178083) to work on /home/civis/anaconda3/lib/python3.9/site-packages/airflow/example_dags/example_datasets.py
[2023-03-22T04:11:20.357+0400] {processor.py:743} INFO - Processing file /home/civis/anaconda3/lib/python3.9/site-packages/airflow/example_dags/example_datasets.py for tasks to queue
[2023-03-22T04:11:20.359+0400] {logging_mixin.py:137} INFO - [2023-03-22T04:11:20.358+0400] {dagbag.py:538} INFO - Filling up the DagBag from /home/civis/anaconda3/lib/python3.9/site-packages/airflow/example_dags/example_datasets.py
[2023-03-22T04:11:20.378+0400] {processor.py:753} INFO - DAG(s) dict_keys(['dataset_consumes_1_never_scheduled', 'dataset_consumes_1', 'dataset_produces_1', 'dataset_consumes_1_and_2', 'dataset_produces_2', 'dataset_consumes_unknown_never_scheduled']) retrieved from /home/civis/anaconda3/lib/python3.9/site-packages/airflow/example_dags/example_datasets.py
[2023-03-22T04:11:20.390+0400] {logging_mixin.py:137} INFO - [2023-03-22T04:11:20.390+0400] {dag.py:2690} INFO - Sync 6 DAGs
[2023-03-22T04:11:20.398+0400] {logging_mixin.py:137} INFO - [2023-03-22T04:11:20.397+0400] {dag.py:3437} INFO - Setting next_dagrun for dataset_consumes_1 to None, run_after=None
[2023-03-22T04:11:20.399+0400] {logging_mixin.py:137} INFO - [2023-03-22T04:11:20.399+0400] {dag.py:3437} INFO - Setting next_dagrun for dataset_consumes_1_and_2 to None, run_after=None
[2023-03-22T04:11:20.399+0400] {logging_mixin.py:137} INFO - [2023-03-22T04:11:20.399+0400] {dag.py:3437} INFO - Setting next_dagrun for dataset_consumes_1_never_scheduled to None, run_after=None
[2023-03-22T04:11:20.399+0400] {logging_mixin.py:137} INFO - [2023-03-22T04:11:20.399+0400] {dag.py:3437} INFO - Setting next_dagrun for dataset_consumes_unknown_never_scheduled to None, run_after=None
[2023-03-22T04:11:20.400+0400] {logging_mixin.py:137} INFO - [2023-03-22T04:11:20.400+0400] {dag.py:3437} INFO - Setting next_dagrun for dataset_produces_1 to 2023-03-21T00:00:00+00:00, run_after=2023-03-22T00:00:00+00:00
[2023-03-22T04:11:20.401+0400] {logging_mixin.py:137} INFO - [2023-03-22T04:11:20.401+0400] {dag.py:3437} INFO - Setting next_dagrun for dataset_produces_2 to None, run_after=None
[2023-03-22T04:11:20.419+0400] {processor.py:175} INFO - Processing /home/civis/anaconda3/lib/python3.9/site-packages/airflow/example_dags/example_datasets.py took 0.073 seconds
