[2023-03-22T04:00:10.730+0400] {processor.py:153} INFO - Started process (PID=165642) to work on /home/civis/anaconda3/lib/python3.9/site-packages/airflow/example_dags/example_latest_only.py
[2023-03-22T04:00:10.730+0400] {processor.py:743} INFO - Processing file /home/civis/anaconda3/lib/python3.9/site-packages/airflow/example_dags/example_latest_only.py for tasks to queue
[2023-03-22T04:00:10.730+0400] {logging_mixin.py:137} INFO - [2023-03-22T04:00:10.730+0400] {dagbag.py:538} INFO - Filling up the DagBag from /home/civis/anaconda3/lib/python3.9/site-packages/airflow/example_dags/example_latest_only.py
[2023-03-22T04:00:10.735+0400] {processor.py:753} INFO - DAG(s) dict_keys(['latest_only']) retrieved from /home/civis/anaconda3/lib/python3.9/site-packages/airflow/example_dags/example_latest_only.py
[2023-03-22T04:00:10.795+0400] {logging_mixin.py:137} INFO - [2023-03-22T04:00:10.795+0400] {manager.py:504} INFO - Created Permission View: can delete on DAG:latest_only
[2023-03-22T04:00:10.809+0400] {logging_mixin.py:137} INFO - [2023-03-22T04:00:10.809+0400] {manager.py:504} INFO - Created Permission View: can read on DAG:latest_only
[2023-03-22T04:00:10.822+0400] {logging_mixin.py:137} INFO - [2023-03-22T04:00:10.822+0400] {manager.py:504} INFO - Created Permission View: can edit on DAG:latest_only
[2023-03-22T04:00:10.822+0400] {logging_mixin.py:137} INFO - [2023-03-22T04:00:10.822+0400] {dag.py:2690} INFO - Sync 1 DAGs
[2023-03-22T04:00:10.830+0400] {logging_mixin.py:137} INFO - [2023-03-22T04:00:10.830+0400] {dag.py:2711} INFO - Creating ORM DAG for latest_only
[2023-03-22T04:00:10.835+0400] {logging_mixin.py:137} INFO - [2023-03-22T04:00:10.835+0400] {dag.py:3437} INFO - Setting next_dagrun for latest_only to 2023-03-21T20:00:10.835367+00:00, run_after=2023-03-22T00:00:10.835367+00:00
[2023-03-22T04:00:10.858+0400] {processor.py:175} INFO - Processing /home/civis/anaconda3/lib/python3.9/site-packages/airflow/example_dags/example_latest_only.py took 0.130 seconds
[2023-03-22T04:00:53.328+0400] {processor.py:153} INFO - Started process (PID=166288) to work on /home/civis/anaconda3/lib/python3.9/site-packages/airflow/example_dags/example_latest_only.py
[2023-03-22T04:00:53.337+0400] {processor.py:743} INFO - Processing file /home/civis/anaconda3/lib/python3.9/site-packages/airflow/example_dags/example_latest_only.py for tasks to queue
[2023-03-22T04:00:53.338+0400] {logging_mixin.py:137} INFO - [2023-03-22T04:00:53.338+0400] {dagbag.py:538} INFO - Filling up the DagBag from /home/civis/anaconda3/lib/python3.9/site-packages/airflow/example_dags/example_latest_only.py
[2023-03-22T04:00:53.353+0400] {processor.py:753} INFO - DAG(s) dict_keys(['latest_only']) retrieved from /home/civis/anaconda3/lib/python3.9/site-packages/airflow/example_dags/example_latest_only.py
[2023-03-22T04:00:53.360+0400] {logging_mixin.py:137} INFO - [2023-03-22T04:00:53.360+0400] {dag.py:2690} INFO - Sync 1 DAGs
[2023-03-22T04:00:53.368+0400] {logging_mixin.py:137} INFO - [2023-03-22T04:00:53.368+0400] {dag.py:3437} INFO - Setting next_dagrun for latest_only to 2023-03-21T20:00:53.368568+00:00, run_after=2023-03-22T00:00:53.368568+00:00
[2023-03-22T04:00:53.385+0400] {processor.py:175} INFO - Processing /home/civis/anaconda3/lib/python3.9/site-packages/airflow/example_dags/example_latest_only.py took 0.058 seconds
[2023-03-22T04:01:32.712+0400] {processor.py:153} INFO - Started process (PID=166882) to work on /home/civis/anaconda3/lib/python3.9/site-packages/airflow/example_dags/example_latest_only.py
[2023-03-22T04:01:32.721+0400] {processor.py:743} INFO - Processing file /home/civis/anaconda3/lib/python3.9/site-packages/airflow/example_dags/example_latest_only.py for tasks to queue
[2023-03-22T04:01:32.722+0400] {logging_mixin.py:137} INFO - [2023-03-22T04:01:32.722+0400] {dagbag.py:538} INFO - Filling up the DagBag from /home/civis/anaconda3/lib/python3.9/site-packages/airflow/example_dags/example_latest_only.py
[2023-03-22T04:01:32.738+0400] {processor.py:753} INFO - DAG(s) dict_keys(['latest_only']) retrieved from /home/civis/anaconda3/lib/python3.9/site-packages/airflow/example_dags/example_latest_only.py
[2023-03-22T04:01:32.745+0400] {logging_mixin.py:137} INFO - [2023-03-22T04:01:32.745+0400] {dag.py:2690} INFO - Sync 1 DAGs
[2023-03-22T04:01:32.753+0400] {logging_mixin.py:137} INFO - [2023-03-22T04:01:32.753+0400] {dag.py:3437} INFO - Setting next_dagrun for latest_only to 2023-03-21T20:01:32.753787+00:00, run_after=2023-03-22T00:01:32.753787+00:00
[2023-03-22T04:01:32.769+0400] {processor.py:175} INFO - Processing /home/civis/anaconda3/lib/python3.9/site-packages/airflow/example_dags/example_latest_only.py took 0.059 seconds
[2023-03-22T04:02:13.977+0400] {processor.py:153} INFO - Started process (PID=167574) to work on /home/civis/anaconda3/lib/python3.9/site-packages/airflow/example_dags/example_latest_only.py
[2023-03-22T04:02:13.978+0400] {processor.py:743} INFO - Processing file /home/civis/anaconda3/lib/python3.9/site-packages/airflow/example_dags/example_latest_only.py for tasks to queue
[2023-03-22T04:02:13.979+0400] {logging_mixin.py:137} INFO - [2023-03-22T04:02:13.978+0400] {dagbag.py:538} INFO - Filling up the DagBag from /home/civis/anaconda3/lib/python3.9/site-packages/airflow/example_dags/example_latest_only.py
[2023-03-22T04:02:13.986+0400] {processor.py:753} INFO - DAG(s) dict_keys(['latest_only']) retrieved from /home/civis/anaconda3/lib/python3.9/site-packages/airflow/example_dags/example_latest_only.py
[2023-03-22T04:02:13.993+0400] {logging_mixin.py:137} INFO - [2023-03-22T04:02:13.993+0400] {dag.py:2690} INFO - Sync 1 DAGs
[2023-03-22T04:02:14.001+0400] {logging_mixin.py:137} INFO - [2023-03-22T04:02:14.001+0400] {dag.py:3437} INFO - Setting next_dagrun for latest_only to 2023-03-21T20:02:14.000986+00:00, run_after=2023-03-22T00:02:14.000986+00:00
[2023-03-22T04:02:14.017+0400] {processor.py:175} INFO - Processing /home/civis/anaconda3/lib/python3.9/site-packages/airflow/example_dags/example_latest_only.py took 0.043 seconds
[2023-03-22T04:02:51.867+0400] {processor.py:153} INFO - Started process (PID=168412) to work on /home/civis/anaconda3/lib/python3.9/site-packages/airflow/example_dags/example_latest_only.py
[2023-03-22T04:02:51.867+0400] {processor.py:743} INFO - Processing file /home/civis/anaconda3/lib/python3.9/site-packages/airflow/example_dags/example_latest_only.py for tasks to queue
[2023-03-22T04:02:51.868+0400] {logging_mixin.py:137} INFO - [2023-03-22T04:02:51.868+0400] {dagbag.py:538} INFO - Filling up the DagBag from /home/civis/anaconda3/lib/python3.9/site-packages/airflow/example_dags/example_latest_only.py
[2023-03-22T04:02:51.874+0400] {processor.py:753} INFO - DAG(s) dict_keys(['latest_only']) retrieved from /home/civis/anaconda3/lib/python3.9/site-packages/airflow/example_dags/example_latest_only.py
[2023-03-22T04:02:51.881+0400] {logging_mixin.py:137} INFO - [2023-03-22T04:02:51.881+0400] {dag.py:2690} INFO - Sync 1 DAGs
[2023-03-22T04:02:51.889+0400] {logging_mixin.py:137} INFO - [2023-03-22T04:02:51.889+0400] {dag.py:3437} INFO - Setting next_dagrun for latest_only to 2023-03-21T20:02:51.889316+00:00, run_after=2023-03-22T00:02:51.889316+00:00
[2023-03-22T04:02:51.906+0400] {processor.py:175} INFO - Processing /home/civis/anaconda3/lib/python3.9/site-packages/airflow/example_dags/example_latest_only.py took 0.041 seconds
[2023-03-22T04:03:33.937+0400] {processor.py:153} INFO - Started process (PID=169174) to work on /home/civis/anaconda3/lib/python3.9/site-packages/airflow/example_dags/example_latest_only.py
[2023-03-22T04:03:33.938+0400] {processor.py:743} INFO - Processing file /home/civis/anaconda3/lib/python3.9/site-packages/airflow/example_dags/example_latest_only.py for tasks to queue
[2023-03-22T04:03:33.938+0400] {logging_mixin.py:137} INFO - [2023-03-22T04:03:33.938+0400] {dagbag.py:538} INFO - Filling up the DagBag from /home/civis/anaconda3/lib/python3.9/site-packages/airflow/example_dags/example_latest_only.py
[2023-03-22T04:03:33.953+0400] {processor.py:753} INFO - DAG(s) dict_keys(['latest_only']) retrieved from /home/civis/anaconda3/lib/python3.9/site-packages/airflow/example_dags/example_latest_only.py
[2023-03-22T04:03:33.960+0400] {logging_mixin.py:137} INFO - [2023-03-22T04:03:33.960+0400] {dag.py:2690} INFO - Sync 1 DAGs
[2023-03-22T04:03:33.967+0400] {logging_mixin.py:137} INFO - [2023-03-22T04:03:33.967+0400] {dag.py:3437} INFO - Setting next_dagrun for latest_only to 2023-03-21T20:03:33.967307+00:00, run_after=2023-03-22T00:03:33.967307+00:00
[2023-03-22T04:03:33.983+0400] {processor.py:175} INFO - Processing /home/civis/anaconda3/lib/python3.9/site-packages/airflow/example_dags/example_latest_only.py took 0.048 seconds
[2023-03-22T04:04:38.758+0400] {processor.py:153} INFO - Started process (PID=170216) to work on /home/civis/anaconda3/lib/python3.9/site-packages/airflow/example_dags/example_latest_only.py
[2023-03-22T04:04:38.767+0400] {processor.py:743} INFO - Processing file /home/civis/anaconda3/lib/python3.9/site-packages/airflow/example_dags/example_latest_only.py for tasks to queue
[2023-03-22T04:04:38.768+0400] {logging_mixin.py:137} INFO - [2023-03-22T04:04:38.768+0400] {dagbag.py:538} INFO - Filling up the DagBag from /home/civis/anaconda3/lib/python3.9/site-packages/airflow/example_dags/example_latest_only.py
[2023-03-22T04:04:38.780+0400] {processor.py:753} INFO - DAG(s) dict_keys(['latest_only']) retrieved from /home/civis/anaconda3/lib/python3.9/site-packages/airflow/example_dags/example_latest_only.py
[2023-03-22T04:04:38.787+0400] {logging_mixin.py:137} INFO - [2023-03-22T04:04:38.787+0400] {dag.py:2690} INFO - Sync 1 DAGs
[2023-03-22T04:04:38.795+0400] {logging_mixin.py:137} INFO - [2023-03-22T04:04:38.795+0400] {dag.py:3437} INFO - Setting next_dagrun for latest_only to 2023-03-21T20:04:38.795121+00:00, run_after=2023-03-22T00:04:38.795121+00:00
[2023-03-22T04:04:38.810+0400] {processor.py:175} INFO - Processing /home/civis/anaconda3/lib/python3.9/site-packages/airflow/example_dags/example_latest_only.py took 0.054 seconds
[2023-03-22T04:05:20.376+0400] {processor.py:153} INFO - Started process (PID=170862) to work on /home/civis/anaconda3/lib/python3.9/site-packages/airflow/example_dags/example_latest_only.py
[2023-03-22T04:05:20.376+0400] {processor.py:743} INFO - Processing file /home/civis/anaconda3/lib/python3.9/site-packages/airflow/example_dags/example_latest_only.py for tasks to queue
[2023-03-22T04:05:20.376+0400] {logging_mixin.py:137} INFO - [2023-03-22T04:05:20.376+0400] {dagbag.py:538} INFO - Filling up the DagBag from /home/civis/anaconda3/lib/python3.9/site-packages/airflow/example_dags/example_latest_only.py
[2023-03-22T04:05:20.382+0400] {processor.py:753} INFO - DAG(s) dict_keys(['latest_only']) retrieved from /home/civis/anaconda3/lib/python3.9/site-packages/airflow/example_dags/example_latest_only.py
[2023-03-22T04:05:20.389+0400] {logging_mixin.py:137} INFO - [2023-03-22T04:05:20.389+0400] {dag.py:2690} INFO - Sync 1 DAGs
[2023-03-22T04:05:20.397+0400] {logging_mixin.py:137} INFO - [2023-03-22T04:05:20.397+0400] {dag.py:3437} INFO - Setting next_dagrun for latest_only to 2023-03-21T20:05:20.396914+00:00, run_after=2023-03-22T00:05:20.396914+00:00
[2023-03-22T04:05:20.412+0400] {processor.py:175} INFO - Processing /home/civis/anaconda3/lib/python3.9/site-packages/airflow/example_dags/example_latest_only.py took 0.038 seconds
[2023-03-22T04:05:59.844+0400] {processor.py:153} INFO - Started process (PID=171469) to work on /home/civis/anaconda3/lib/python3.9/site-packages/airflow/example_dags/example_latest_only.py
[2023-03-22T04:05:59.853+0400] {processor.py:743} INFO - Processing file /home/civis/anaconda3/lib/python3.9/site-packages/airflow/example_dags/example_latest_only.py for tasks to queue
[2023-03-22T04:05:59.854+0400] {logging_mixin.py:137} INFO - [2023-03-22T04:05:59.854+0400] {dagbag.py:538} INFO - Filling up the DagBag from /home/civis/anaconda3/lib/python3.9/site-packages/airflow/example_dags/example_latest_only.py
[2023-03-22T04:05:59.870+0400] {processor.py:753} INFO - DAG(s) dict_keys(['latest_only']) retrieved from /home/civis/anaconda3/lib/python3.9/site-packages/airflow/example_dags/example_latest_only.py
[2023-03-22T04:05:59.877+0400] {logging_mixin.py:137} INFO - [2023-03-22T04:05:59.877+0400] {dag.py:2690} INFO - Sync 1 DAGs
[2023-03-22T04:05:59.885+0400] {logging_mixin.py:137} INFO - [2023-03-22T04:05:59.885+0400] {dag.py:3437} INFO - Setting next_dagrun for latest_only to 2023-03-21T20:05:59.885046+00:00, run_after=2023-03-22T00:05:59.885046+00:00
[2023-03-22T04:05:59.900+0400] {processor.py:175} INFO - Processing /home/civis/anaconda3/lib/python3.9/site-packages/airflow/example_dags/example_latest_only.py took 0.059 seconds
[2023-03-22T04:06:40.409+0400] {processor.py:153} INFO - Started process (PID=172169) to work on /home/civis/anaconda3/lib/python3.9/site-packages/airflow/example_dags/example_latest_only.py
[2023-03-22T04:06:40.418+0400] {processor.py:743} INFO - Processing file /home/civis/anaconda3/lib/python3.9/site-packages/airflow/example_dags/example_latest_only.py for tasks to queue
[2023-03-22T04:06:40.419+0400] {logging_mixin.py:137} INFO - [2023-03-22T04:06:40.418+0400] {dagbag.py:538} INFO - Filling up the DagBag from /home/civis/anaconda3/lib/python3.9/site-packages/airflow/example_dags/example_latest_only.py
[2023-03-22T04:06:40.430+0400] {processor.py:753} INFO - DAG(s) dict_keys(['latest_only']) retrieved from /home/civis/anaconda3/lib/python3.9/site-packages/airflow/example_dags/example_latest_only.py
[2023-03-22T04:06:40.437+0400] {logging_mixin.py:137} INFO - [2023-03-22T04:06:40.437+0400] {dag.py:2690} INFO - Sync 1 DAGs
[2023-03-22T04:06:40.446+0400] {logging_mixin.py:137} INFO - [2023-03-22T04:06:40.446+0400] {dag.py:3437} INFO - Setting next_dagrun for latest_only to 2023-03-21T20:06:40.446479+00:00, run_after=2023-03-22T00:06:40.446479+00:00
[2023-03-22T04:06:40.470+0400] {processor.py:175} INFO - Processing /home/civis/anaconda3/lib/python3.9/site-packages/airflow/example_dags/example_latest_only.py took 0.064 seconds
[2023-03-22T04:07:20.364+0400] {processor.py:153} INFO - Started process (PID=172791) to work on /home/civis/anaconda3/lib/python3.9/site-packages/airflow/example_dags/example_latest_only.py
[2023-03-22T04:07:20.373+0400] {processor.py:743} INFO - Processing file /home/civis/anaconda3/lib/python3.9/site-packages/airflow/example_dags/example_latest_only.py for tasks to queue
[2023-03-22T04:07:20.374+0400] {logging_mixin.py:137} INFO - [2023-03-22T04:07:20.374+0400] {dagbag.py:538} INFO - Filling up the DagBag from /home/civis/anaconda3/lib/python3.9/site-packages/airflow/example_dags/example_latest_only.py
[2023-03-22T04:07:20.389+0400] {processor.py:753} INFO - DAG(s) dict_keys(['latest_only']) retrieved from /home/civis/anaconda3/lib/python3.9/site-packages/airflow/example_dags/example_latest_only.py
[2023-03-22T04:07:20.396+0400] {logging_mixin.py:137} INFO - [2023-03-22T04:07:20.396+0400] {dag.py:2690} INFO - Sync 1 DAGs
[2023-03-22T04:07:20.405+0400] {logging_mixin.py:137} INFO - [2023-03-22T04:07:20.405+0400] {dag.py:3437} INFO - Setting next_dagrun for latest_only to 2023-03-21T20:07:20.404979+00:00, run_after=2023-03-22T00:07:20.404979+00:00
[2023-03-22T04:07:20.422+0400] {processor.py:175} INFO - Processing /home/civis/anaconda3/lib/python3.9/site-packages/airflow/example_dags/example_latest_only.py took 0.060 seconds
[2023-03-22T04:08:01.523+0400] {processor.py:153} INFO - Started process (PID=173478) to work on /home/civis/anaconda3/lib/python3.9/site-packages/airflow/example_dags/example_latest_only.py
[2023-03-22T04:08:01.532+0400] {processor.py:743} INFO - Processing file /home/civis/anaconda3/lib/python3.9/site-packages/airflow/example_dags/example_latest_only.py for tasks to queue
[2023-03-22T04:08:01.533+0400] {logging_mixin.py:137} INFO - [2023-03-22T04:08:01.533+0400] {dagbag.py:538} INFO - Filling up the DagBag from /home/civis/anaconda3/lib/python3.9/site-packages/airflow/example_dags/example_latest_only.py
[2023-03-22T04:08:01.543+0400] {processor.py:753} INFO - DAG(s) dict_keys(['latest_only']) retrieved from /home/civis/anaconda3/lib/python3.9/site-packages/airflow/example_dags/example_latest_only.py
[2023-03-22T04:08:01.550+0400] {logging_mixin.py:137} INFO - [2023-03-22T04:08:01.550+0400] {dag.py:2690} INFO - Sync 1 DAGs
[2023-03-22T04:08:01.557+0400] {logging_mixin.py:137} INFO - [2023-03-22T04:08:01.557+0400] {dag.py:3437} INFO - Setting next_dagrun for latest_only to 2023-03-21T20:08:01.557445+00:00, run_after=2023-03-22T00:08:01.557445+00:00
[2023-03-22T04:08:01.572+0400] {processor.py:175} INFO - Processing /home/civis/anaconda3/lib/python3.9/site-packages/airflow/example_dags/example_latest_only.py took 0.050 seconds
[2023-03-22T04:08:40.757+0400] {processor.py:153} INFO - Started process (PID=174232) to work on /home/civis/anaconda3/lib/python3.9/site-packages/airflow/example_dags/example_latest_only.py
[2023-03-22T04:08:40.766+0400] {processor.py:743} INFO - Processing file /home/civis/anaconda3/lib/python3.9/site-packages/airflow/example_dags/example_latest_only.py for tasks to queue
[2023-03-22T04:08:40.768+0400] {logging_mixin.py:137} INFO - [2023-03-22T04:08:40.767+0400] {dagbag.py:538} INFO - Filling up the DagBag from /home/civis/anaconda3/lib/python3.9/site-packages/airflow/example_dags/example_latest_only.py
[2023-03-22T04:08:40.781+0400] {processor.py:753} INFO - DAG(s) dict_keys(['latest_only']) retrieved from /home/civis/anaconda3/lib/python3.9/site-packages/airflow/example_dags/example_latest_only.py
[2023-03-22T04:08:40.788+0400] {logging_mixin.py:137} INFO - [2023-03-22T04:08:40.788+0400] {dag.py:2690} INFO - Sync 1 DAGs
[2023-03-22T04:08:40.795+0400] {logging_mixin.py:137} INFO - [2023-03-22T04:08:40.795+0400] {dag.py:3437} INFO - Setting next_dagrun for latest_only to 2023-03-21T20:08:40.795544+00:00, run_after=2023-03-22T00:08:40.795544+00:00
[2023-03-22T04:08:40.810+0400] {processor.py:175} INFO - Processing /home/civis/anaconda3/lib/python3.9/site-packages/airflow/example_dags/example_latest_only.py took 0.059 seconds
[2023-03-22T04:09:22.038+0400] {processor.py:153} INFO - Started process (PID=176069) to work on /home/civis/anaconda3/lib/python3.9/site-packages/airflow/example_dags/example_latest_only.py
[2023-03-22T04:09:22.047+0400] {processor.py:743} INFO - Processing file /home/civis/anaconda3/lib/python3.9/site-packages/airflow/example_dags/example_latest_only.py for tasks to queue
[2023-03-22T04:09:22.048+0400] {logging_mixin.py:137} INFO - [2023-03-22T04:09:22.048+0400] {dagbag.py:538} INFO - Filling up the DagBag from /home/civis/anaconda3/lib/python3.9/site-packages/airflow/example_dags/example_latest_only.py
[2023-03-22T04:09:22.062+0400] {processor.py:753} INFO - DAG(s) dict_keys(['latest_only']) retrieved from /home/civis/anaconda3/lib/python3.9/site-packages/airflow/example_dags/example_latest_only.py
[2023-03-22T04:09:22.069+0400] {logging_mixin.py:137} INFO - [2023-03-22T04:09:22.069+0400] {dag.py:2690} INFO - Sync 1 DAGs
[2023-03-22T04:09:22.077+0400] {logging_mixin.py:137} INFO - [2023-03-22T04:09:22.077+0400] {dag.py:3437} INFO - Setting next_dagrun for latest_only to 2023-03-21T20:09:22.077213+00:00, run_after=2023-03-22T00:09:22.077213+00:00
[2023-03-22T04:09:22.092+0400] {processor.py:175} INFO - Processing /home/civis/anaconda3/lib/python3.9/site-packages/airflow/example_dags/example_latest_only.py took 0.060 seconds
[2023-03-22T04:10:05.639+0400] {processor.py:153} INFO - Started process (PID=176768) to work on /home/civis/anaconda3/lib/python3.9/site-packages/airflow/example_dags/example_latest_only.py
[2023-03-22T04:10:05.648+0400] {processor.py:743} INFO - Processing file /home/civis/anaconda3/lib/python3.9/site-packages/airflow/example_dags/example_latest_only.py for tasks to queue
[2023-03-22T04:10:05.649+0400] {logging_mixin.py:137} INFO - [2023-03-22T04:10:05.649+0400] {dagbag.py:538} INFO - Filling up the DagBag from /home/civis/anaconda3/lib/python3.9/site-packages/airflow/example_dags/example_latest_only.py
[2023-03-22T04:10:05.664+0400] {processor.py:753} INFO - DAG(s) dict_keys(['latest_only']) retrieved from /home/civis/anaconda3/lib/python3.9/site-packages/airflow/example_dags/example_latest_only.py
[2023-03-22T04:10:05.672+0400] {logging_mixin.py:137} INFO - [2023-03-22T04:10:05.672+0400] {dag.py:2690} INFO - Sync 1 DAGs
[2023-03-22T04:10:05.679+0400] {logging_mixin.py:137} INFO - [2023-03-22T04:10:05.679+0400] {dag.py:3437} INFO - Setting next_dagrun for latest_only to 2023-03-21T20:10:05.679720+00:00, run_after=2023-03-22T00:10:05.679720+00:00
[2023-03-22T04:10:05.695+0400] {processor.py:175} INFO - Processing /home/civis/anaconda3/lib/python3.9/site-packages/airflow/example_dags/example_latest_only.py took 0.059 seconds
[2023-03-22T04:10:47.996+0400] {processor.py:153} INFO - Started process (PID=177510) to work on /home/civis/anaconda3/lib/python3.9/site-packages/airflow/example_dags/example_latest_only.py
[2023-03-22T04:10:48.005+0400] {processor.py:743} INFO - Processing file /home/civis/anaconda3/lib/python3.9/site-packages/airflow/example_dags/example_latest_only.py for tasks to queue
[2023-03-22T04:10:48.006+0400] {logging_mixin.py:137} INFO - [2023-03-22T04:10:48.006+0400] {dagbag.py:538} INFO - Filling up the DagBag from /home/civis/anaconda3/lib/python3.9/site-packages/airflow/example_dags/example_latest_only.py
[2023-03-22T04:10:48.022+0400] {processor.py:753} INFO - DAG(s) dict_keys(['latest_only']) retrieved from /home/civis/anaconda3/lib/python3.9/site-packages/airflow/example_dags/example_latest_only.py
[2023-03-22T04:10:48.030+0400] {logging_mixin.py:137} INFO - [2023-03-22T04:10:48.029+0400] {dag.py:2690} INFO - Sync 1 DAGs
[2023-03-22T04:10:48.037+0400] {logging_mixin.py:137} INFO - [2023-03-22T04:10:48.037+0400] {dag.py:3437} INFO - Setting next_dagrun for latest_only to 2023-03-21T20:10:48.037720+00:00, run_after=2023-03-22T00:10:48.037720+00:00
[2023-03-22T04:10:48.053+0400] {processor.py:175} INFO - Processing /home/civis/anaconda3/lib/python3.9/site-packages/airflow/example_dags/example_latest_only.py took 0.059 seconds
[2023-03-22T04:11:26.852+0400] {processor.py:153} INFO - Started process (PID=178183) to work on /home/civis/anaconda3/lib/python3.9/site-packages/airflow/example_dags/example_latest_only.py
[2023-03-22T04:11:26.853+0400] {processor.py:743} INFO - Processing file /home/civis/anaconda3/lib/python3.9/site-packages/airflow/example_dags/example_latest_only.py for tasks to queue
[2023-03-22T04:11:26.853+0400] {logging_mixin.py:137} INFO - [2023-03-22T04:11:26.853+0400] {dagbag.py:538} INFO - Filling up the DagBag from /home/civis/anaconda3/lib/python3.9/site-packages/airflow/example_dags/example_latest_only.py
[2023-03-22T04:11:26.860+0400] {processor.py:753} INFO - DAG(s) dict_keys(['latest_only']) retrieved from /home/civis/anaconda3/lib/python3.9/site-packages/airflow/example_dags/example_latest_only.py
[2023-03-22T04:11:26.869+0400] {logging_mixin.py:137} INFO - [2023-03-22T04:11:26.869+0400] {dag.py:2690} INFO - Sync 1 DAGs
[2023-03-22T04:11:26.878+0400] {logging_mixin.py:137} INFO - [2023-03-22T04:11:26.878+0400] {dag.py:3437} INFO - Setting next_dagrun for latest_only to 2023-03-21T20:11:26.878594+00:00, run_after=2023-03-22T00:11:26.878594+00:00
[2023-03-22T04:11:26.895+0400] {processor.py:175} INFO - Processing /home/civis/anaconda3/lib/python3.9/site-packages/airflow/example_dags/example_latest_only.py took 0.044 seconds
