[2023-03-22T04:00:18.445+0400] {processor.py:153} INFO - Started process (PID=165772) to work on /home/civis/anaconda3/lib/python3.9/site-packages/airflow/example_dags/example_complex.py
[2023-03-22T04:00:18.445+0400] {processor.py:743} INFO - Processing file /home/civis/anaconda3/lib/python3.9/site-packages/airflow/example_dags/example_complex.py for tasks to queue
[2023-03-22T04:00:18.446+0400] {logging_mixin.py:137} INFO - [2023-03-22T04:00:18.445+0400] {dagbag.py:538} INFO - Filling up the DagBag from /home/civis/anaconda3/lib/python3.9/site-packages/airflow/example_dags/example_complex.py
[2023-03-22T04:00:18.450+0400] {logging_mixin.py:137} INFO - [2023-03-22T04:00:18.449+0400] {taskmixin.py:205} WARNING - Dependency <Task(BashOperator): create_entry_group>, delete_entry_group already registered for DAG: example_complex
[2023-03-22T04:00:18.450+0400] {logging_mixin.py:137} INFO - [2023-03-22T04:00:18.450+0400] {taskmixin.py:205} WARNING - Dependency <Task(BashOperator): delete_entry_group>, create_entry_group already registered for DAG: example_complex
[2023-03-22T04:00:18.450+0400] {logging_mixin.py:137} INFO - [2023-03-22T04:00:18.450+0400] {taskmixin.py:205} WARNING - Dependency <Task(BashOperator): create_entry_gcs>, delete_entry already registered for DAG: example_complex
[2023-03-22T04:00:18.450+0400] {logging_mixin.py:137} INFO - [2023-03-22T04:00:18.450+0400] {taskmixin.py:205} WARNING - Dependency <Task(BashOperator): delete_entry>, create_entry_gcs already registered for DAG: example_complex
[2023-03-22T04:00:18.450+0400] {logging_mixin.py:137} INFO - [2023-03-22T04:00:18.450+0400] {taskmixin.py:205} WARNING - Dependency <Task(BashOperator): create_tag>, delete_tag already registered for DAG: example_complex
[2023-03-22T04:00:18.450+0400] {logging_mixin.py:137} INFO - [2023-03-22T04:00:18.450+0400] {taskmixin.py:205} WARNING - Dependency <Task(BashOperator): delete_tag>, create_tag already registered for DAG: example_complex
[2023-03-22T04:00:18.453+0400] {processor.py:753} INFO - DAG(s) dict_keys(['example_complex']) retrieved from /home/civis/anaconda3/lib/python3.9/site-packages/airflow/example_dags/example_complex.py
[2023-03-22T04:00:18.522+0400] {logging_mixin.py:137} INFO - [2023-03-22T04:00:18.522+0400] {manager.py:504} INFO - Created Permission View: can delete on DAG:example_complex
[2023-03-22T04:00:18.539+0400] {logging_mixin.py:137} INFO - [2023-03-22T04:00:18.538+0400] {manager.py:504} INFO - Created Permission View: can read on DAG:example_complex
[2023-03-22T04:00:18.554+0400] {logging_mixin.py:137} INFO - [2023-03-22T04:00:18.554+0400] {manager.py:504} INFO - Created Permission View: can edit on DAG:example_complex
[2023-03-22T04:00:18.555+0400] {logging_mixin.py:137} INFO - [2023-03-22T04:00:18.555+0400] {dag.py:2690} INFO - Sync 1 DAGs
[2023-03-22T04:00:18.565+0400] {logging_mixin.py:137} INFO - [2023-03-22T04:00:18.565+0400] {dag.py:2711} INFO - Creating ORM DAG for example_complex
[2023-03-22T04:00:18.569+0400] {logging_mixin.py:137} INFO - [2023-03-22T04:00:18.569+0400] {dag.py:3437} INFO - Setting next_dagrun for example_complex to None, run_after=None
[2023-03-22T04:00:18.590+0400] {processor.py:175} INFO - Processing /home/civis/anaconda3/lib/python3.9/site-packages/airflow/example_dags/example_complex.py took 0.147 seconds
[2023-03-22T04:00:59.601+0400] {processor.py:153} INFO - Started process (PID=166373) to work on /home/civis/anaconda3/lib/python3.9/site-packages/airflow/example_dags/example_complex.py
[2023-03-22T04:00:59.610+0400] {processor.py:743} INFO - Processing file /home/civis/anaconda3/lib/python3.9/site-packages/airflow/example_dags/example_complex.py for tasks to queue
[2023-03-22T04:00:59.612+0400] {logging_mixin.py:137} INFO - [2023-03-22T04:00:59.611+0400] {dagbag.py:538} INFO - Filling up the DagBag from /home/civis/anaconda3/lib/python3.9/site-packages/airflow/example_dags/example_complex.py
[2023-03-22T04:00:59.625+0400] {logging_mixin.py:137} INFO - [2023-03-22T04:00:59.625+0400] {taskmixin.py:205} WARNING - Dependency <Task(BashOperator): create_entry_group>, delete_entry_group already registered for DAG: example_complex
[2023-03-22T04:00:59.626+0400] {logging_mixin.py:137} INFO - [2023-03-22T04:00:59.626+0400] {taskmixin.py:205} WARNING - Dependency <Task(BashOperator): delete_entry_group>, create_entry_group already registered for DAG: example_complex
[2023-03-22T04:00:59.626+0400] {logging_mixin.py:137} INFO - [2023-03-22T04:00:59.626+0400] {taskmixin.py:205} WARNING - Dependency <Task(BashOperator): create_entry_gcs>, delete_entry already registered for DAG: example_complex
[2023-03-22T04:00:59.626+0400] {logging_mixin.py:137} INFO - [2023-03-22T04:00:59.626+0400] {taskmixin.py:205} WARNING - Dependency <Task(BashOperator): delete_entry>, create_entry_gcs already registered for DAG: example_complex
[2023-03-22T04:00:59.626+0400] {logging_mixin.py:137} INFO - [2023-03-22T04:00:59.626+0400] {taskmixin.py:205} WARNING - Dependency <Task(BashOperator): create_tag>, delete_tag already registered for DAG: example_complex
[2023-03-22T04:00:59.626+0400] {logging_mixin.py:137} INFO - [2023-03-22T04:00:59.626+0400] {taskmixin.py:205} WARNING - Dependency <Task(BashOperator): delete_tag>, create_tag already registered for DAG: example_complex
[2023-03-22T04:00:59.630+0400] {processor.py:753} INFO - DAG(s) dict_keys(['example_complex']) retrieved from /home/civis/anaconda3/lib/python3.9/site-packages/airflow/example_dags/example_complex.py
[2023-03-22T04:00:59.638+0400] {logging_mixin.py:137} INFO - [2023-03-22T04:00:59.638+0400] {dag.py:2690} INFO - Sync 1 DAGs
[2023-03-22T04:00:59.646+0400] {logging_mixin.py:137} INFO - [2023-03-22T04:00:59.646+0400] {dag.py:3437} INFO - Setting next_dagrun for example_complex to None, run_after=None
[2023-03-22T04:00:59.662+0400] {processor.py:175} INFO - Processing /home/civis/anaconda3/lib/python3.9/site-packages/airflow/example_dags/example_complex.py took 0.064 seconds
[2023-03-22T04:01:37.951+0400] {processor.py:153} INFO - Started process (PID=166972) to work on /home/civis/anaconda3/lib/python3.9/site-packages/airflow/example_dags/example_complex.py
[2023-03-22T04:01:37.960+0400] {processor.py:743} INFO - Processing file /home/civis/anaconda3/lib/python3.9/site-packages/airflow/example_dags/example_complex.py for tasks to queue
[2023-03-22T04:01:37.961+0400] {logging_mixin.py:137} INFO - [2023-03-22T04:01:37.961+0400] {dagbag.py:538} INFO - Filling up the DagBag from /home/civis/anaconda3/lib/python3.9/site-packages/airflow/example_dags/example_complex.py
[2023-03-22T04:01:37.975+0400] {logging_mixin.py:137} INFO - [2023-03-22T04:01:37.975+0400] {taskmixin.py:205} WARNING - Dependency <Task(BashOperator): create_entry_group>, delete_entry_group already registered for DAG: example_complex
[2023-03-22T04:01:37.975+0400] {logging_mixin.py:137} INFO - [2023-03-22T04:01:37.975+0400] {taskmixin.py:205} WARNING - Dependency <Task(BashOperator): delete_entry_group>, create_entry_group already registered for DAG: example_complex
[2023-03-22T04:01:37.975+0400] {logging_mixin.py:137} INFO - [2023-03-22T04:01:37.975+0400] {taskmixin.py:205} WARNING - Dependency <Task(BashOperator): create_entry_gcs>, delete_entry already registered for DAG: example_complex
[2023-03-22T04:01:37.975+0400] {logging_mixin.py:137} INFO - [2023-03-22T04:01:37.975+0400] {taskmixin.py:205} WARNING - Dependency <Task(BashOperator): delete_entry>, create_entry_gcs already registered for DAG: example_complex
[2023-03-22T04:01:37.975+0400] {logging_mixin.py:137} INFO - [2023-03-22T04:01:37.975+0400] {taskmixin.py:205} WARNING - Dependency <Task(BashOperator): create_tag>, delete_tag already registered for DAG: example_complex
[2023-03-22T04:01:37.975+0400] {logging_mixin.py:137} INFO - [2023-03-22T04:01:37.975+0400] {taskmixin.py:205} WARNING - Dependency <Task(BashOperator): delete_tag>, create_tag already registered for DAG: example_complex
[2023-03-22T04:01:37.980+0400] {processor.py:753} INFO - DAG(s) dict_keys(['example_complex']) retrieved from /home/civis/anaconda3/lib/python3.9/site-packages/airflow/example_dags/example_complex.py
[2023-03-22T04:01:37.990+0400] {logging_mixin.py:137} INFO - [2023-03-22T04:01:37.990+0400] {dag.py:2690} INFO - Sync 1 DAGs
[2023-03-22T04:01:37.997+0400] {logging_mixin.py:137} INFO - [2023-03-22T04:01:37.997+0400] {dag.py:3437} INFO - Setting next_dagrun for example_complex to None, run_after=None
[2023-03-22T04:01:38.014+0400] {processor.py:175} INFO - Processing /home/civis/anaconda3/lib/python3.9/site-packages/airflow/example_dags/example_complex.py took 0.065 seconds
[2023-03-22T04:02:19.630+0400] {processor.py:153} INFO - Started process (PID=167690) to work on /home/civis/anaconda3/lib/python3.9/site-packages/airflow/example_dags/example_complex.py
[2023-03-22T04:02:19.630+0400] {processor.py:743} INFO - Processing file /home/civis/anaconda3/lib/python3.9/site-packages/airflow/example_dags/example_complex.py for tasks to queue
[2023-03-22T04:02:19.630+0400] {logging_mixin.py:137} INFO - [2023-03-22T04:02:19.630+0400] {dagbag.py:538} INFO - Filling up the DagBag from /home/civis/anaconda3/lib/python3.9/site-packages/airflow/example_dags/example_complex.py
[2023-03-22T04:02:19.640+0400] {logging_mixin.py:137} INFO - [2023-03-22T04:02:19.640+0400] {taskmixin.py:205} WARNING - Dependency <Task(BashOperator): create_entry_group>, delete_entry_group already registered for DAG: example_complex
[2023-03-22T04:02:19.640+0400] {logging_mixin.py:137} INFO - [2023-03-22T04:02:19.640+0400] {taskmixin.py:205} WARNING - Dependency <Task(BashOperator): delete_entry_group>, create_entry_group already registered for DAG: example_complex
[2023-03-22T04:02:19.640+0400] {logging_mixin.py:137} INFO - [2023-03-22T04:02:19.640+0400] {taskmixin.py:205} WARNING - Dependency <Task(BashOperator): create_entry_gcs>, delete_entry already registered for DAG: example_complex
[2023-03-22T04:02:19.641+0400] {logging_mixin.py:137} INFO - [2023-03-22T04:02:19.640+0400] {taskmixin.py:205} WARNING - Dependency <Task(BashOperator): delete_entry>, create_entry_gcs already registered for DAG: example_complex
[2023-03-22T04:02:19.641+0400] {logging_mixin.py:137} INFO - [2023-03-22T04:02:19.641+0400] {taskmixin.py:205} WARNING - Dependency <Task(BashOperator): create_tag>, delete_tag already registered for DAG: example_complex
[2023-03-22T04:02:19.641+0400] {logging_mixin.py:137} INFO - [2023-03-22T04:02:19.641+0400] {taskmixin.py:205} WARNING - Dependency <Task(BashOperator): delete_tag>, create_tag already registered for DAG: example_complex
[2023-03-22T04:02:19.645+0400] {processor.py:753} INFO - DAG(s) dict_keys(['example_complex']) retrieved from /home/civis/anaconda3/lib/python3.9/site-packages/airflow/example_dags/example_complex.py
[2023-03-22T04:02:19.655+0400] {logging_mixin.py:137} INFO - [2023-03-22T04:02:19.654+0400] {dag.py:2690} INFO - Sync 1 DAGs
[2023-03-22T04:02:19.662+0400] {logging_mixin.py:137} INFO - [2023-03-22T04:02:19.662+0400] {dag.py:3437} INFO - Setting next_dagrun for example_complex to None, run_after=None
[2023-03-22T04:02:19.678+0400] {processor.py:175} INFO - Processing /home/civis/anaconda3/lib/python3.9/site-packages/airflow/example_dags/example_complex.py took 0.051 seconds
[2023-03-22T04:02:57.811+0400] {processor.py:153} INFO - Started process (PID=168520) to work on /home/civis/anaconda3/lib/python3.9/site-packages/airflow/example_dags/example_complex.py
[2023-03-22T04:02:57.812+0400] {processor.py:743} INFO - Processing file /home/civis/anaconda3/lib/python3.9/site-packages/airflow/example_dags/example_complex.py for tasks to queue
[2023-03-22T04:02:57.812+0400] {logging_mixin.py:137} INFO - [2023-03-22T04:02:57.812+0400] {dagbag.py:538} INFO - Filling up the DagBag from /home/civis/anaconda3/lib/python3.9/site-packages/airflow/example_dags/example_complex.py
[2023-03-22T04:02:57.821+0400] {logging_mixin.py:137} INFO - [2023-03-22T04:02:57.821+0400] {taskmixin.py:205} WARNING - Dependency <Task(BashOperator): create_entry_group>, delete_entry_group already registered for DAG: example_complex
[2023-03-22T04:02:57.821+0400] {logging_mixin.py:137} INFO - [2023-03-22T04:02:57.821+0400] {taskmixin.py:205} WARNING - Dependency <Task(BashOperator): delete_entry_group>, create_entry_group already registered for DAG: example_complex
[2023-03-22T04:02:57.822+0400] {logging_mixin.py:137} INFO - [2023-03-22T04:02:57.822+0400] {taskmixin.py:205} WARNING - Dependency <Task(BashOperator): create_entry_gcs>, delete_entry already registered for DAG: example_complex
[2023-03-22T04:02:57.822+0400] {logging_mixin.py:137} INFO - [2023-03-22T04:02:57.822+0400] {taskmixin.py:205} WARNING - Dependency <Task(BashOperator): delete_entry>, create_entry_gcs already registered for DAG: example_complex
[2023-03-22T04:02:57.822+0400] {logging_mixin.py:137} INFO - [2023-03-22T04:02:57.822+0400] {taskmixin.py:205} WARNING - Dependency <Task(BashOperator): create_tag>, delete_tag already registered for DAG: example_complex
[2023-03-22T04:02:57.822+0400] {logging_mixin.py:137} INFO - [2023-03-22T04:02:57.822+0400] {taskmixin.py:205} WARNING - Dependency <Task(BashOperator): delete_tag>, create_tag already registered for DAG: example_complex
[2023-03-22T04:02:57.826+0400] {processor.py:753} INFO - DAG(s) dict_keys(['example_complex']) retrieved from /home/civis/anaconda3/lib/python3.9/site-packages/airflow/example_dags/example_complex.py
[2023-03-22T04:02:57.836+0400] {logging_mixin.py:137} INFO - [2023-03-22T04:02:57.836+0400] {dag.py:2690} INFO - Sync 1 DAGs
[2023-03-22T04:02:57.845+0400] {logging_mixin.py:137} INFO - [2023-03-22T04:02:57.844+0400] {dag.py:3437} INFO - Setting next_dagrun for example_complex to None, run_after=None
[2023-03-22T04:02:57.861+0400] {processor.py:175} INFO - Processing /home/civis/anaconda3/lib/python3.9/site-packages/airflow/example_dags/example_complex.py took 0.052 seconds
[2023-03-22T04:03:38.374+0400] {processor.py:153} INFO - Started process (PID=169248) to work on /home/civis/anaconda3/lib/python3.9/site-packages/airflow/example_dags/example_complex.py
[2023-03-22T04:03:38.383+0400] {processor.py:743} INFO - Processing file /home/civis/anaconda3/lib/python3.9/site-packages/airflow/example_dags/example_complex.py for tasks to queue
[2023-03-22T04:03:38.384+0400] {logging_mixin.py:137} INFO - [2023-03-22T04:03:38.384+0400] {dagbag.py:538} INFO - Filling up the DagBag from /home/civis/anaconda3/lib/python3.9/site-packages/airflow/example_dags/example_complex.py
[2023-03-22T04:03:38.398+0400] {logging_mixin.py:137} INFO - [2023-03-22T04:03:38.398+0400] {taskmixin.py:205} WARNING - Dependency <Task(BashOperator): create_entry_group>, delete_entry_group already registered for DAG: example_complex
[2023-03-22T04:03:38.398+0400] {logging_mixin.py:137} INFO - [2023-03-22T04:03:38.398+0400] {taskmixin.py:205} WARNING - Dependency <Task(BashOperator): delete_entry_group>, create_entry_group already registered for DAG: example_complex
[2023-03-22T04:03:38.398+0400] {logging_mixin.py:137} INFO - [2023-03-22T04:03:38.398+0400] {taskmixin.py:205} WARNING - Dependency <Task(BashOperator): create_entry_gcs>, delete_entry already registered for DAG: example_complex
[2023-03-22T04:03:38.398+0400] {logging_mixin.py:137} INFO - [2023-03-22T04:03:38.398+0400] {taskmixin.py:205} WARNING - Dependency <Task(BashOperator): delete_entry>, create_entry_gcs already registered for DAG: example_complex
[2023-03-22T04:03:38.399+0400] {logging_mixin.py:137} INFO - [2023-03-22T04:03:38.398+0400] {taskmixin.py:205} WARNING - Dependency <Task(BashOperator): create_tag>, delete_tag already registered for DAG: example_complex
[2023-03-22T04:03:38.399+0400] {logging_mixin.py:137} INFO - [2023-03-22T04:03:38.399+0400] {taskmixin.py:205} WARNING - Dependency <Task(BashOperator): delete_tag>, create_tag already registered for DAG: example_complex
[2023-03-22T04:03:38.404+0400] {processor.py:753} INFO - DAG(s) dict_keys(['example_complex']) retrieved from /home/civis/anaconda3/lib/python3.9/site-packages/airflow/example_dags/example_complex.py
[2023-03-22T04:03:38.416+0400] {logging_mixin.py:137} INFO - [2023-03-22T04:03:38.416+0400] {dag.py:2690} INFO - Sync 1 DAGs
[2023-03-22T04:03:38.424+0400] {logging_mixin.py:137} INFO - [2023-03-22T04:03:38.424+0400] {dag.py:3437} INFO - Setting next_dagrun for example_complex to None, run_after=None
[2023-03-22T04:03:38.440+0400] {processor.py:175} INFO - Processing /home/civis/anaconda3/lib/python3.9/site-packages/airflow/example_dags/example_complex.py took 0.067 seconds
[2023-03-22T04:04:44.265+0400] {processor.py:153} INFO - Started process (PID=170285) to work on /home/civis/anaconda3/lib/python3.9/site-packages/airflow/example_dags/example_complex.py
[2023-03-22T04:04:44.266+0400] {processor.py:743} INFO - Processing file /home/civis/anaconda3/lib/python3.9/site-packages/airflow/example_dags/example_complex.py for tasks to queue
[2023-03-22T04:04:44.266+0400] {logging_mixin.py:137} INFO - [2023-03-22T04:04:44.266+0400] {dagbag.py:538} INFO - Filling up the DagBag from /home/civis/anaconda3/lib/python3.9/site-packages/airflow/example_dags/example_complex.py
[2023-03-22T04:04:44.270+0400] {logging_mixin.py:137} INFO - [2023-03-22T04:04:44.270+0400] {taskmixin.py:205} WARNING - Dependency <Task(BashOperator): create_entry_group>, delete_entry_group already registered for DAG: example_complex
[2023-03-22T04:04:44.271+0400] {logging_mixin.py:137} INFO - [2023-03-22T04:04:44.271+0400] {taskmixin.py:205} WARNING - Dependency <Task(BashOperator): delete_entry_group>, create_entry_group already registered for DAG: example_complex
[2023-03-22T04:04:44.271+0400] {logging_mixin.py:137} INFO - [2023-03-22T04:04:44.271+0400] {taskmixin.py:205} WARNING - Dependency <Task(BashOperator): create_entry_gcs>, delete_entry already registered for DAG: example_complex
[2023-03-22T04:04:44.271+0400] {logging_mixin.py:137} INFO - [2023-03-22T04:04:44.271+0400] {taskmixin.py:205} WARNING - Dependency <Task(BashOperator): delete_entry>, create_entry_gcs already registered for DAG: example_complex
[2023-03-22T04:04:44.271+0400] {logging_mixin.py:137} INFO - [2023-03-22T04:04:44.271+0400] {taskmixin.py:205} WARNING - Dependency <Task(BashOperator): create_tag>, delete_tag already registered for DAG: example_complex
[2023-03-22T04:04:44.271+0400] {logging_mixin.py:137} INFO - [2023-03-22T04:04:44.271+0400] {taskmixin.py:205} WARNING - Dependency <Task(BashOperator): delete_tag>, create_tag already registered for DAG: example_complex
[2023-03-22T04:04:44.275+0400] {processor.py:753} INFO - DAG(s) dict_keys(['example_complex']) retrieved from /home/civis/anaconda3/lib/python3.9/site-packages/airflow/example_dags/example_complex.py
[2023-03-22T04:04:44.283+0400] {logging_mixin.py:137} INFO - [2023-03-22T04:04:44.283+0400] {dag.py:2690} INFO - Sync 1 DAGs
[2023-03-22T04:04:44.291+0400] {logging_mixin.py:137} INFO - [2023-03-22T04:04:44.291+0400] {dag.py:3437} INFO - Setting next_dagrun for example_complex to None, run_after=None
[2023-03-22T04:04:44.306+0400] {processor.py:175} INFO - Processing /home/civis/anaconda3/lib/python3.9/site-packages/airflow/example_dags/example_complex.py took 0.043 seconds
[2023-03-22T04:05:26.715+0400] {processor.py:153} INFO - Started process (PID=170946) to work on /home/civis/anaconda3/lib/python3.9/site-packages/airflow/example_dags/example_complex.py
[2023-03-22T04:05:26.716+0400] {processor.py:743} INFO - Processing file /home/civis/anaconda3/lib/python3.9/site-packages/airflow/example_dags/example_complex.py for tasks to queue
[2023-03-22T04:05:26.716+0400] {logging_mixin.py:137} INFO - [2023-03-22T04:05:26.716+0400] {dagbag.py:538} INFO - Filling up the DagBag from /home/civis/anaconda3/lib/python3.9/site-packages/airflow/example_dags/example_complex.py
[2023-03-22T04:05:26.720+0400] {logging_mixin.py:137} INFO - [2023-03-22T04:05:26.720+0400] {taskmixin.py:205} WARNING - Dependency <Task(BashOperator): create_entry_group>, delete_entry_group already registered for DAG: example_complex
[2023-03-22T04:05:26.720+0400] {logging_mixin.py:137} INFO - [2023-03-22T04:05:26.720+0400] {taskmixin.py:205} WARNING - Dependency <Task(BashOperator): delete_entry_group>, create_entry_group already registered for DAG: example_complex
[2023-03-22T04:05:26.720+0400] {logging_mixin.py:137} INFO - [2023-03-22T04:05:26.720+0400] {taskmixin.py:205} WARNING - Dependency <Task(BashOperator): create_entry_gcs>, delete_entry already registered for DAG: example_complex
[2023-03-22T04:05:26.720+0400] {logging_mixin.py:137} INFO - [2023-03-22T04:05:26.720+0400] {taskmixin.py:205} WARNING - Dependency <Task(BashOperator): delete_entry>, create_entry_gcs already registered for DAG: example_complex
[2023-03-22T04:05:26.720+0400] {logging_mixin.py:137} INFO - [2023-03-22T04:05:26.720+0400] {taskmixin.py:205} WARNING - Dependency <Task(BashOperator): create_tag>, delete_tag already registered for DAG: example_complex
[2023-03-22T04:05:26.720+0400] {logging_mixin.py:137} INFO - [2023-03-22T04:05:26.720+0400] {taskmixin.py:205} WARNING - Dependency <Task(BashOperator): delete_tag>, create_tag already registered for DAG: example_complex
[2023-03-22T04:05:26.723+0400] {processor.py:753} INFO - DAG(s) dict_keys(['example_complex']) retrieved from /home/civis/anaconda3/lib/python3.9/site-packages/airflow/example_dags/example_complex.py
[2023-03-22T04:05:26.732+0400] {logging_mixin.py:137} INFO - [2023-03-22T04:05:26.732+0400] {dag.py:2690} INFO - Sync 1 DAGs
[2023-03-22T04:05:26.740+0400] {logging_mixin.py:137} INFO - [2023-03-22T04:05:26.740+0400] {dag.py:3437} INFO - Setting next_dagrun for example_complex to None, run_after=None
[2023-03-22T04:05:26.757+0400] {processor.py:175} INFO - Processing /home/civis/anaconda3/lib/python3.9/site-packages/airflow/example_dags/example_complex.py took 0.044 seconds
[2023-03-22T04:06:06.153+0400] {processor.py:153} INFO - Started process (PID=171575) to work on /home/civis/anaconda3/lib/python3.9/site-packages/airflow/example_dags/example_complex.py
[2023-03-22T04:06:06.162+0400] {processor.py:743} INFO - Processing file /home/civis/anaconda3/lib/python3.9/site-packages/airflow/example_dags/example_complex.py for tasks to queue
[2023-03-22T04:06:06.162+0400] {logging_mixin.py:137} INFO - [2023-03-22T04:06:06.162+0400] {dagbag.py:538} INFO - Filling up the DagBag from /home/civis/anaconda3/lib/python3.9/site-packages/airflow/example_dags/example_complex.py
[2023-03-22T04:06:06.167+0400] {logging_mixin.py:137} INFO - [2023-03-22T04:06:06.167+0400] {taskmixin.py:205} WARNING - Dependency <Task(BashOperator): create_entry_group>, delete_entry_group already registered for DAG: example_complex
[2023-03-22T04:06:06.167+0400] {logging_mixin.py:137} INFO - [2023-03-22T04:06:06.167+0400] {taskmixin.py:205} WARNING - Dependency <Task(BashOperator): delete_entry_group>, create_entry_group already registered for DAG: example_complex
[2023-03-22T04:06:06.167+0400] {logging_mixin.py:137} INFO - [2023-03-22T04:06:06.167+0400] {taskmixin.py:205} WARNING - Dependency <Task(BashOperator): create_entry_gcs>, delete_entry already registered for DAG: example_complex
[2023-03-22T04:06:06.167+0400] {logging_mixin.py:137} INFO - [2023-03-22T04:06:06.167+0400] {taskmixin.py:205} WARNING - Dependency <Task(BashOperator): delete_entry>, create_entry_gcs already registered for DAG: example_complex
[2023-03-22T04:06:06.167+0400] {logging_mixin.py:137} INFO - [2023-03-22T04:06:06.167+0400] {taskmixin.py:205} WARNING - Dependency <Task(BashOperator): create_tag>, delete_tag already registered for DAG: example_complex
[2023-03-22T04:06:06.167+0400] {logging_mixin.py:137} INFO - [2023-03-22T04:06:06.167+0400] {taskmixin.py:205} WARNING - Dependency <Task(BashOperator): delete_tag>, create_tag already registered for DAG: example_complex
[2023-03-22T04:06:06.171+0400] {processor.py:753} INFO - DAG(s) dict_keys(['example_complex']) retrieved from /home/civis/anaconda3/lib/python3.9/site-packages/airflow/example_dags/example_complex.py
[2023-03-22T04:06:06.181+0400] {logging_mixin.py:137} INFO - [2023-03-22T04:06:06.181+0400] {dag.py:2690} INFO - Sync 1 DAGs
[2023-03-22T04:06:06.192+0400] {logging_mixin.py:137} INFO - [2023-03-22T04:06:06.192+0400] {dag.py:3437} INFO - Setting next_dagrun for example_complex to None, run_after=None
[2023-03-22T04:06:06.208+0400] {processor.py:175} INFO - Processing /home/civis/anaconda3/lib/python3.9/site-packages/airflow/example_dags/example_complex.py took 0.059 seconds
[2023-03-22T04:06:46.515+0400] {processor.py:153} INFO - Started process (PID=172275) to work on /home/civis/anaconda3/lib/python3.9/site-packages/airflow/example_dags/example_complex.py
[2023-03-22T04:06:46.524+0400] {processor.py:743} INFO - Processing file /home/civis/anaconda3/lib/python3.9/site-packages/airflow/example_dags/example_complex.py for tasks to queue
[2023-03-22T04:06:46.524+0400] {logging_mixin.py:137} INFO - [2023-03-22T04:06:46.524+0400] {dagbag.py:538} INFO - Filling up the DagBag from /home/civis/anaconda3/lib/python3.9/site-packages/airflow/example_dags/example_complex.py
[2023-03-22T04:06:46.530+0400] {logging_mixin.py:137} INFO - [2023-03-22T04:06:46.530+0400] {taskmixin.py:205} WARNING - Dependency <Task(BashOperator): create_entry_group>, delete_entry_group already registered for DAG: example_complex
[2023-03-22T04:06:46.530+0400] {logging_mixin.py:137} INFO - [2023-03-22T04:06:46.530+0400] {taskmixin.py:205} WARNING - Dependency <Task(BashOperator): delete_entry_group>, create_entry_group already registered for DAG: example_complex
[2023-03-22T04:06:46.530+0400] {logging_mixin.py:137} INFO - [2023-03-22T04:06:46.530+0400] {taskmixin.py:205} WARNING - Dependency <Task(BashOperator): create_entry_gcs>, delete_entry already registered for DAG: example_complex
[2023-03-22T04:06:46.530+0400] {logging_mixin.py:137} INFO - [2023-03-22T04:06:46.530+0400] {taskmixin.py:205} WARNING - Dependency <Task(BashOperator): delete_entry>, create_entry_gcs already registered for DAG: example_complex
[2023-03-22T04:06:46.530+0400] {logging_mixin.py:137} INFO - [2023-03-22T04:06:46.530+0400] {taskmixin.py:205} WARNING - Dependency <Task(BashOperator): create_tag>, delete_tag already registered for DAG: example_complex
[2023-03-22T04:06:46.530+0400] {logging_mixin.py:137} INFO - [2023-03-22T04:06:46.530+0400] {taskmixin.py:205} WARNING - Dependency <Task(BashOperator): delete_tag>, create_tag already registered for DAG: example_complex
[2023-03-22T04:06:46.534+0400] {processor.py:753} INFO - DAG(s) dict_keys(['example_complex']) retrieved from /home/civis/anaconda3/lib/python3.9/site-packages/airflow/example_dags/example_complex.py
[2023-03-22T04:06:46.544+0400] {logging_mixin.py:137} INFO - [2023-03-22T04:06:46.544+0400] {dag.py:2690} INFO - Sync 1 DAGs
[2023-03-22T04:06:46.553+0400] {logging_mixin.py:137} INFO - [2023-03-22T04:06:46.553+0400] {dag.py:3437} INFO - Setting next_dagrun for example_complex to None, run_after=None
[2023-03-22T04:06:46.569+0400] {processor.py:175} INFO - Processing /home/civis/anaconda3/lib/python3.9/site-packages/airflow/example_dags/example_complex.py took 0.056 seconds
[2023-03-22T04:07:26.169+0400] {processor.py:153} INFO - Started process (PID=172875) to work on /home/civis/anaconda3/lib/python3.9/site-packages/airflow/example_dags/example_complex.py
[2023-03-22T04:07:26.179+0400] {processor.py:743} INFO - Processing file /home/civis/anaconda3/lib/python3.9/site-packages/airflow/example_dags/example_complex.py for tasks to queue
[2023-03-22T04:07:26.180+0400] {logging_mixin.py:137} INFO - [2023-03-22T04:07:26.179+0400] {dagbag.py:538} INFO - Filling up the DagBag from /home/civis/anaconda3/lib/python3.9/site-packages/airflow/example_dags/example_complex.py
[2023-03-22T04:07:26.192+0400] {logging_mixin.py:137} INFO - [2023-03-22T04:07:26.192+0400] {taskmixin.py:205} WARNING - Dependency <Task(BashOperator): create_entry_group>, delete_entry_group already registered for DAG: example_complex
[2023-03-22T04:07:26.192+0400] {logging_mixin.py:137} INFO - [2023-03-22T04:07:26.192+0400] {taskmixin.py:205} WARNING - Dependency <Task(BashOperator): delete_entry_group>, create_entry_group already registered for DAG: example_complex
[2023-03-22T04:07:26.192+0400] {logging_mixin.py:137} INFO - [2023-03-22T04:07:26.192+0400] {taskmixin.py:205} WARNING - Dependency <Task(BashOperator): create_entry_gcs>, delete_entry already registered for DAG: example_complex
[2023-03-22T04:07:26.192+0400] {logging_mixin.py:137} INFO - [2023-03-22T04:07:26.192+0400] {taskmixin.py:205} WARNING - Dependency <Task(BashOperator): delete_entry>, create_entry_gcs already registered for DAG: example_complex
[2023-03-22T04:07:26.193+0400] {logging_mixin.py:137} INFO - [2023-03-22T04:07:26.193+0400] {taskmixin.py:205} WARNING - Dependency <Task(BashOperator): create_tag>, delete_tag already registered for DAG: example_complex
[2023-03-22T04:07:26.193+0400] {logging_mixin.py:137} INFO - [2023-03-22T04:07:26.193+0400] {taskmixin.py:205} WARNING - Dependency <Task(BashOperator): delete_tag>, create_tag already registered for DAG: example_complex
[2023-03-22T04:07:26.197+0400] {processor.py:753} INFO - DAG(s) dict_keys(['example_complex']) retrieved from /home/civis/anaconda3/lib/python3.9/site-packages/airflow/example_dags/example_complex.py
[2023-03-22T04:07:26.206+0400] {logging_mixin.py:137} INFO - [2023-03-22T04:07:26.206+0400] {dag.py:2690} INFO - Sync 1 DAGs
[2023-03-22T04:07:26.214+0400] {logging_mixin.py:137} INFO - [2023-03-22T04:07:26.214+0400] {dag.py:3437} INFO - Setting next_dagrun for example_complex to None, run_after=None
[2023-03-22T04:07:26.229+0400] {processor.py:175} INFO - Processing /home/civis/anaconda3/lib/python3.9/site-packages/airflow/example_dags/example_complex.py took 0.064 seconds
[2023-03-22T04:08:08.211+0400] {processor.py:153} INFO - Started process (PID=173595) to work on /home/civis/anaconda3/lib/python3.9/site-packages/airflow/example_dags/example_complex.py
[2023-03-22T04:08:08.219+0400] {processor.py:743} INFO - Processing file /home/civis/anaconda3/lib/python3.9/site-packages/airflow/example_dags/example_complex.py for tasks to queue
[2023-03-22T04:08:08.220+0400] {logging_mixin.py:137} INFO - [2023-03-22T04:08:08.220+0400] {dagbag.py:538} INFO - Filling up the DagBag from /home/civis/anaconda3/lib/python3.9/site-packages/airflow/example_dags/example_complex.py
[2023-03-22T04:08:08.234+0400] {logging_mixin.py:137} INFO - [2023-03-22T04:08:08.234+0400] {taskmixin.py:205} WARNING - Dependency <Task(BashOperator): create_entry_group>, delete_entry_group already registered for DAG: example_complex
[2023-03-22T04:08:08.234+0400] {logging_mixin.py:137} INFO - [2023-03-22T04:08:08.234+0400] {taskmixin.py:205} WARNING - Dependency <Task(BashOperator): delete_entry_group>, create_entry_group already registered for DAG: example_complex
[2023-03-22T04:08:08.234+0400] {logging_mixin.py:137} INFO - [2023-03-22T04:08:08.234+0400] {taskmixin.py:205} WARNING - Dependency <Task(BashOperator): create_entry_gcs>, delete_entry already registered for DAG: example_complex
[2023-03-22T04:08:08.235+0400] {logging_mixin.py:137} INFO - [2023-03-22T04:08:08.235+0400] {taskmixin.py:205} WARNING - Dependency <Task(BashOperator): delete_entry>, create_entry_gcs already registered for DAG: example_complex
[2023-03-22T04:08:08.235+0400] {logging_mixin.py:137} INFO - [2023-03-22T04:08:08.235+0400] {taskmixin.py:205} WARNING - Dependency <Task(BashOperator): create_tag>, delete_tag already registered for DAG: example_complex
[2023-03-22T04:08:08.235+0400] {logging_mixin.py:137} INFO - [2023-03-22T04:08:08.235+0400] {taskmixin.py:205} WARNING - Dependency <Task(BashOperator): delete_tag>, create_tag already registered for DAG: example_complex
[2023-03-22T04:08:08.239+0400] {processor.py:753} INFO - DAG(s) dict_keys(['example_complex']) retrieved from /home/civis/anaconda3/lib/python3.9/site-packages/airflow/example_dags/example_complex.py
[2023-03-22T04:08:08.248+0400] {logging_mixin.py:137} INFO - [2023-03-22T04:08:08.248+0400] {dag.py:2690} INFO - Sync 1 DAGs
[2023-03-22T04:08:08.256+0400] {logging_mixin.py:137} INFO - [2023-03-22T04:08:08.256+0400] {dag.py:3437} INFO - Setting next_dagrun for example_complex to None, run_after=None
[2023-03-22T04:08:08.272+0400] {processor.py:175} INFO - Processing /home/civis/anaconda3/lib/python3.9/site-packages/airflow/example_dags/example_complex.py took 0.064 seconds
[2023-03-22T04:08:46.613+0400] {processor.py:153} INFO - Started process (PID=174324) to work on /home/civis/anaconda3/lib/python3.9/site-packages/airflow/example_dags/example_complex.py
[2023-03-22T04:08:46.614+0400] {processor.py:743} INFO - Processing file /home/civis/anaconda3/lib/python3.9/site-packages/airflow/example_dags/example_complex.py for tasks to queue
[2023-03-22T04:08:46.614+0400] {logging_mixin.py:137} INFO - [2023-03-22T04:08:46.614+0400] {dagbag.py:538} INFO - Filling up the DagBag from /home/civis/anaconda3/lib/python3.9/site-packages/airflow/example_dags/example_complex.py
[2023-03-22T04:08:46.618+0400] {logging_mixin.py:137} INFO - [2023-03-22T04:08:46.618+0400] {taskmixin.py:205} WARNING - Dependency <Task(BashOperator): create_entry_group>, delete_entry_group already registered for DAG: example_complex
[2023-03-22T04:08:46.618+0400] {logging_mixin.py:137} INFO - [2023-03-22T04:08:46.618+0400] {taskmixin.py:205} WARNING - Dependency <Task(BashOperator): delete_entry_group>, create_entry_group already registered for DAG: example_complex
[2023-03-22T04:08:46.618+0400] {logging_mixin.py:137} INFO - [2023-03-22T04:08:46.618+0400] {taskmixin.py:205} WARNING - Dependency <Task(BashOperator): create_entry_gcs>, delete_entry already registered for DAG: example_complex
[2023-03-22T04:08:46.618+0400] {logging_mixin.py:137} INFO - [2023-03-22T04:08:46.618+0400] {taskmixin.py:205} WARNING - Dependency <Task(BashOperator): delete_entry>, create_entry_gcs already registered for DAG: example_complex
[2023-03-22T04:08:46.618+0400] {logging_mixin.py:137} INFO - [2023-03-22T04:08:46.618+0400] {taskmixin.py:205} WARNING - Dependency <Task(BashOperator): create_tag>, delete_tag already registered for DAG: example_complex
[2023-03-22T04:08:46.618+0400] {logging_mixin.py:137} INFO - [2023-03-22T04:08:46.618+0400] {taskmixin.py:205} WARNING - Dependency <Task(BashOperator): delete_tag>, create_tag already registered for DAG: example_complex
[2023-03-22T04:08:46.621+0400] {processor.py:753} INFO - DAG(s) dict_keys(['example_complex']) retrieved from /home/civis/anaconda3/lib/python3.9/site-packages/airflow/example_dags/example_complex.py
[2023-03-22T04:08:46.630+0400] {logging_mixin.py:137} INFO - [2023-03-22T04:08:46.630+0400] {dag.py:2690} INFO - Sync 1 DAGs
[2023-03-22T04:08:46.638+0400] {logging_mixin.py:137} INFO - [2023-03-22T04:08:46.638+0400] {dag.py:3437} INFO - Setting next_dagrun for example_complex to None, run_after=None
[2023-03-22T04:08:46.658+0400] {processor.py:175} INFO - Processing /home/civis/anaconda3/lib/python3.9/site-packages/airflow/example_dags/example_complex.py took 0.046 seconds
[2023-03-22T04:09:28.329+0400] {processor.py:153} INFO - Started process (PID=176154) to work on /home/civis/anaconda3/lib/python3.9/site-packages/airflow/example_dags/example_complex.py
[2023-03-22T04:09:28.338+0400] {processor.py:743} INFO - Processing file /home/civis/anaconda3/lib/python3.9/site-packages/airflow/example_dags/example_complex.py for tasks to queue
[2023-03-22T04:09:28.338+0400] {logging_mixin.py:137} INFO - [2023-03-22T04:09:28.338+0400] {dagbag.py:538} INFO - Filling up the DagBag from /home/civis/anaconda3/lib/python3.9/site-packages/airflow/example_dags/example_complex.py
[2023-03-22T04:09:28.346+0400] {logging_mixin.py:137} INFO - [2023-03-22T04:09:28.346+0400] {taskmixin.py:205} WARNING - Dependency <Task(BashOperator): create_entry_group>, delete_entry_group already registered for DAG: example_complex
[2023-03-22T04:09:28.346+0400] {logging_mixin.py:137} INFO - [2023-03-22T04:09:28.346+0400] {taskmixin.py:205} WARNING - Dependency <Task(BashOperator): delete_entry_group>, create_entry_group already registered for DAG: example_complex
[2023-03-22T04:09:28.346+0400] {logging_mixin.py:137} INFO - [2023-03-22T04:09:28.346+0400] {taskmixin.py:205} WARNING - Dependency <Task(BashOperator): create_entry_gcs>, delete_entry already registered for DAG: example_complex
[2023-03-22T04:09:28.346+0400] {logging_mixin.py:137} INFO - [2023-03-22T04:09:28.346+0400] {taskmixin.py:205} WARNING - Dependency <Task(BashOperator): delete_entry>, create_entry_gcs already registered for DAG: example_complex
[2023-03-22T04:09:28.346+0400] {logging_mixin.py:137} INFO - [2023-03-22T04:09:28.346+0400] {taskmixin.py:205} WARNING - Dependency <Task(BashOperator): create_tag>, delete_tag already registered for DAG: example_complex
[2023-03-22T04:09:28.346+0400] {logging_mixin.py:137} INFO - [2023-03-22T04:09:28.346+0400] {taskmixin.py:205} WARNING - Dependency <Task(BashOperator): delete_tag>, create_tag already registered for DAG: example_complex
[2023-03-22T04:09:28.351+0400] {processor.py:753} INFO - DAG(s) dict_keys(['example_complex']) retrieved from /home/civis/anaconda3/lib/python3.9/site-packages/airflow/example_dags/example_complex.py
[2023-03-22T04:09:28.360+0400] {logging_mixin.py:137} INFO - [2023-03-22T04:09:28.360+0400] {dag.py:2690} INFO - Sync 1 DAGs
[2023-03-22T04:09:28.368+0400] {logging_mixin.py:137} INFO - [2023-03-22T04:09:28.368+0400] {dag.py:3437} INFO - Setting next_dagrun for example_complex to None, run_after=None
[2023-03-22T04:09:28.383+0400] {processor.py:175} INFO - Processing /home/civis/anaconda3/lib/python3.9/site-packages/airflow/example_dags/example_complex.py took 0.056 seconds
[2023-03-22T04:10:11.524+0400] {processor.py:153} INFO - Started process (PID=176866) to work on /home/civis/anaconda3/lib/python3.9/site-packages/airflow/example_dags/example_complex.py
[2023-03-22T04:10:11.533+0400] {processor.py:743} INFO - Processing file /home/civis/anaconda3/lib/python3.9/site-packages/airflow/example_dags/example_complex.py for tasks to queue
[2023-03-22T04:10:11.534+0400] {logging_mixin.py:137} INFO - [2023-03-22T04:10:11.534+0400] {dagbag.py:538} INFO - Filling up the DagBag from /home/civis/anaconda3/lib/python3.9/site-packages/airflow/example_dags/example_complex.py
[2023-03-22T04:10:11.550+0400] {logging_mixin.py:137} INFO - [2023-03-22T04:10:11.550+0400] {taskmixin.py:205} WARNING - Dependency <Task(BashOperator): create_entry_group>, delete_entry_group already registered for DAG: example_complex
[2023-03-22T04:10:11.550+0400] {logging_mixin.py:137} INFO - [2023-03-22T04:10:11.550+0400] {taskmixin.py:205} WARNING - Dependency <Task(BashOperator): delete_entry_group>, create_entry_group already registered for DAG: example_complex
[2023-03-22T04:10:11.550+0400] {logging_mixin.py:137} INFO - [2023-03-22T04:10:11.550+0400] {taskmixin.py:205} WARNING - Dependency <Task(BashOperator): create_entry_gcs>, delete_entry already registered for DAG: example_complex
[2023-03-22T04:10:11.550+0400] {logging_mixin.py:137} INFO - [2023-03-22T04:10:11.550+0400] {taskmixin.py:205} WARNING - Dependency <Task(BashOperator): delete_entry>, create_entry_gcs already registered for DAG: example_complex
[2023-03-22T04:10:11.550+0400] {logging_mixin.py:137} INFO - [2023-03-22T04:10:11.550+0400] {taskmixin.py:205} WARNING - Dependency <Task(BashOperator): create_tag>, delete_tag already registered for DAG: example_complex
[2023-03-22T04:10:11.550+0400] {logging_mixin.py:137} INFO - [2023-03-22T04:10:11.550+0400] {taskmixin.py:205} WARNING - Dependency <Task(BashOperator): delete_tag>, create_tag already registered for DAG: example_complex
[2023-03-22T04:10:11.553+0400] {processor.py:753} INFO - DAG(s) dict_keys(['example_complex']) retrieved from /home/civis/anaconda3/lib/python3.9/site-packages/airflow/example_dags/example_complex.py
[2023-03-22T04:10:11.561+0400] {logging_mixin.py:137} INFO - [2023-03-22T04:10:11.561+0400] {dag.py:2690} INFO - Sync 1 DAGs
[2023-03-22T04:10:11.569+0400] {logging_mixin.py:137} INFO - [2023-03-22T04:10:11.569+0400] {dag.py:3437} INFO - Setting next_dagrun for example_complex to None, run_after=None
[2023-03-22T04:10:11.584+0400] {processor.py:175} INFO - Processing /home/civis/anaconda3/lib/python3.9/site-packages/airflow/example_dags/example_complex.py took 0.062 seconds
[2023-03-22T04:10:54.503+0400] {processor.py:153} INFO - Started process (PID=177610) to work on /home/civis/anaconda3/lib/python3.9/site-packages/airflow/example_dags/example_complex.py
[2023-03-22T04:10:54.512+0400] {processor.py:743} INFO - Processing file /home/civis/anaconda3/lib/python3.9/site-packages/airflow/example_dags/example_complex.py for tasks to queue
[2023-03-22T04:10:54.513+0400] {logging_mixin.py:137} INFO - [2023-03-22T04:10:54.513+0400] {dagbag.py:538} INFO - Filling up the DagBag from /home/civis/anaconda3/lib/python3.9/site-packages/airflow/example_dags/example_complex.py
[2023-03-22T04:10:54.521+0400] {logging_mixin.py:137} INFO - [2023-03-22T04:10:54.521+0400] {taskmixin.py:205} WARNING - Dependency <Task(BashOperator): create_entry_group>, delete_entry_group already registered for DAG: example_complex
[2023-03-22T04:10:54.521+0400] {logging_mixin.py:137} INFO - [2023-03-22T04:10:54.521+0400] {taskmixin.py:205} WARNING - Dependency <Task(BashOperator): delete_entry_group>, create_entry_group already registered for DAG: example_complex
[2023-03-22T04:10:54.521+0400] {logging_mixin.py:137} INFO - [2023-03-22T04:10:54.521+0400] {taskmixin.py:205} WARNING - Dependency <Task(BashOperator): create_entry_gcs>, delete_entry already registered for DAG: example_complex
[2023-03-22T04:10:54.521+0400] {logging_mixin.py:137} INFO - [2023-03-22T04:10:54.521+0400] {taskmixin.py:205} WARNING - Dependency <Task(BashOperator): delete_entry>, create_entry_gcs already registered for DAG: example_complex
[2023-03-22T04:10:54.522+0400] {logging_mixin.py:137} INFO - [2023-03-22T04:10:54.522+0400] {taskmixin.py:205} WARNING - Dependency <Task(BashOperator): create_tag>, delete_tag already registered for DAG: example_complex
[2023-03-22T04:10:54.522+0400] {logging_mixin.py:137} INFO - [2023-03-22T04:10:54.522+0400] {taskmixin.py:205} WARNING - Dependency <Task(BashOperator): delete_tag>, create_tag already registered for DAG: example_complex
[2023-03-22T04:10:54.525+0400] {processor.py:753} INFO - DAG(s) dict_keys(['example_complex']) retrieved from /home/civis/anaconda3/lib/python3.9/site-packages/airflow/example_dags/example_complex.py
[2023-03-22T04:10:54.535+0400] {logging_mixin.py:137} INFO - [2023-03-22T04:10:54.535+0400] {dag.py:2690} INFO - Sync 1 DAGs
[2023-03-22T04:10:54.543+0400] {logging_mixin.py:137} INFO - [2023-03-22T04:10:54.543+0400] {dag.py:3437} INFO - Setting next_dagrun for example_complex to None, run_after=None
[2023-03-22T04:10:54.558+0400] {processor.py:175} INFO - Processing /home/civis/anaconda3/lib/python3.9/site-packages/airflow/example_dags/example_complex.py took 0.057 seconds
[2023-03-22T04:11:32.969+0400] {processor.py:153} INFO - Started process (PID=178276) to work on /home/civis/anaconda3/lib/python3.9/site-packages/airflow/example_dags/example_complex.py
[2023-03-22T04:11:32.977+0400] {processor.py:743} INFO - Processing file /home/civis/anaconda3/lib/python3.9/site-packages/airflow/example_dags/example_complex.py for tasks to queue
[2023-03-22T04:11:32.978+0400] {logging_mixin.py:137} INFO - [2023-03-22T04:11:32.978+0400] {dagbag.py:538} INFO - Filling up the DagBag from /home/civis/anaconda3/lib/python3.9/site-packages/airflow/example_dags/example_complex.py
[2023-03-22T04:11:32.982+0400] {logging_mixin.py:137} INFO - [2023-03-22T04:11:32.982+0400] {taskmixin.py:205} WARNING - Dependency <Task(BashOperator): create_entry_group>, delete_entry_group already registered for DAG: example_complex
[2023-03-22T04:11:32.982+0400] {logging_mixin.py:137} INFO - [2023-03-22T04:11:32.982+0400] {taskmixin.py:205} WARNING - Dependency <Task(BashOperator): delete_entry_group>, create_entry_group already registered for DAG: example_complex
[2023-03-22T04:11:32.983+0400] {logging_mixin.py:137} INFO - [2023-03-22T04:11:32.983+0400] {taskmixin.py:205} WARNING - Dependency <Task(BashOperator): create_entry_gcs>, delete_entry already registered for DAG: example_complex
[2023-03-22T04:11:32.983+0400] {logging_mixin.py:137} INFO - [2023-03-22T04:11:32.983+0400] {taskmixin.py:205} WARNING - Dependency <Task(BashOperator): delete_entry>, create_entry_gcs already registered for DAG: example_complex
[2023-03-22T04:11:32.983+0400] {logging_mixin.py:137} INFO - [2023-03-22T04:11:32.983+0400] {taskmixin.py:205} WARNING - Dependency <Task(BashOperator): create_tag>, delete_tag already registered for DAG: example_complex
[2023-03-22T04:11:32.983+0400] {logging_mixin.py:137} INFO - [2023-03-22T04:11:32.983+0400] {taskmixin.py:205} WARNING - Dependency <Task(BashOperator): delete_tag>, create_tag already registered for DAG: example_complex
[2023-03-22T04:11:32.986+0400] {processor.py:753} INFO - DAG(s) dict_keys(['example_complex']) retrieved from /home/civis/anaconda3/lib/python3.9/site-packages/airflow/example_dags/example_complex.py
[2023-03-22T04:11:32.996+0400] {logging_mixin.py:137} INFO - [2023-03-22T04:11:32.996+0400] {dag.py:2690} INFO - Sync 1 DAGs
[2023-03-22T04:11:33.004+0400] {logging_mixin.py:137} INFO - [2023-03-22T04:11:33.004+0400] {dag.py:3437} INFO - Setting next_dagrun for example_complex to None, run_after=None
[2023-03-22T04:11:33.023+0400] {processor.py:175} INFO - Processing /home/civis/anaconda3/lib/python3.9/site-packages/airflow/example_dags/example_complex.py took 0.056 seconds
