[2023-03-22T04:00:43.000+0400] {processor.py:153} INFO - Started process (PID=166120) to work on /home/civis/anaconda3/lib/python3.9/site-packages/airflow/example_dags/example_nested_branch_dag.py
[2023-03-22T04:00:43.000+0400] {processor.py:743} INFO - Processing file /home/civis/anaconda3/lib/python3.9/site-packages/airflow/example_dags/example_nested_branch_dag.py for tasks to queue
[2023-03-22T04:00:43.000+0400] {logging_mixin.py:137} INFO - [2023-03-22T04:00:43.000+0400] {dagbag.py:538} INFO - Filling up the DagBag from /home/civis/anaconda3/lib/python3.9/site-packages/airflow/example_dags/example_nested_branch_dag.py
[2023-03-22T04:00:43.011+0400] {processor.py:753} INFO - DAG(s) dict_keys(['example_nested_branch_dag']) retrieved from /home/civis/anaconda3/lib/python3.9/site-packages/airflow/example_dags/example_nested_branch_dag.py
[2023-03-22T04:00:43.018+0400] {logging_mixin.py:137} INFO - [2023-03-22T04:00:43.018+0400] {dag.py:2690} INFO - Sync 1 DAGs
[2023-03-22T04:00:43.027+0400] {logging_mixin.py:137} INFO - [2023-03-22T04:00:43.027+0400] {dag.py:3437} INFO - Setting next_dagrun for example_nested_branch_dag to 2023-03-21T00:00:00+00:00, run_after=2023-03-22T00:00:00+00:00
[2023-03-22T04:00:43.052+0400] {processor.py:175} INFO - Processing /home/civis/anaconda3/lib/python3.9/site-packages/airflow/example_dags/example_nested_branch_dag.py took 0.055 seconds
[2023-03-22T04:01:22.186+0400] {processor.py:153} INFO - Started process (PID=166724) to work on /home/civis/anaconda3/lib/python3.9/site-packages/airflow/example_dags/example_nested_branch_dag.py
[2023-03-22T04:01:22.195+0400] {processor.py:743} INFO - Processing file /home/civis/anaconda3/lib/python3.9/site-packages/airflow/example_dags/example_nested_branch_dag.py for tasks to queue
[2023-03-22T04:01:22.196+0400] {logging_mixin.py:137} INFO - [2023-03-22T04:01:22.196+0400] {dagbag.py:538} INFO - Filling up the DagBag from /home/civis/anaconda3/lib/python3.9/site-packages/airflow/example_dags/example_nested_branch_dag.py
[2023-03-22T04:01:22.216+0400] {processor.py:753} INFO - DAG(s) dict_keys(['example_nested_branch_dag']) retrieved from /home/civis/anaconda3/lib/python3.9/site-packages/airflow/example_dags/example_nested_branch_dag.py
[2023-03-22T04:01:22.224+0400] {logging_mixin.py:137} INFO - [2023-03-22T04:01:22.224+0400] {dag.py:2690} INFO - Sync 1 DAGs
[2023-03-22T04:01:22.232+0400] {logging_mixin.py:137} INFO - [2023-03-22T04:01:22.232+0400] {dag.py:3437} INFO - Setting next_dagrun for example_nested_branch_dag to 2023-03-21T00:00:00+00:00, run_after=2023-03-22T00:00:00+00:00
[2023-03-22T04:01:22.248+0400] {processor.py:175} INFO - Processing /home/civis/anaconda3/lib/python3.9/site-packages/airflow/example_dags/example_nested_branch_dag.py took 0.063 seconds
[2023-03-22T04:02:02.534+0400] {processor.py:153} INFO - Started process (PID=167366) to work on /home/civis/anaconda3/lib/python3.9/site-packages/airflow/example_dags/example_nested_branch_dag.py
[2023-03-22T04:02:02.543+0400] {processor.py:743} INFO - Processing file /home/civis/anaconda3/lib/python3.9/site-packages/airflow/example_dags/example_nested_branch_dag.py for tasks to queue
[2023-03-22T04:02:02.544+0400] {logging_mixin.py:137} INFO - [2023-03-22T04:02:02.544+0400] {dagbag.py:538} INFO - Filling up the DagBag from /home/civis/anaconda3/lib/python3.9/site-packages/airflow/example_dags/example_nested_branch_dag.py
[2023-03-22T04:02:02.565+0400] {processor.py:753} INFO - DAG(s) dict_keys(['example_nested_branch_dag']) retrieved from /home/civis/anaconda3/lib/python3.9/site-packages/airflow/example_dags/example_nested_branch_dag.py
[2023-03-22T04:02:02.572+0400] {logging_mixin.py:137} INFO - [2023-03-22T04:02:02.572+0400] {dag.py:2690} INFO - Sync 1 DAGs
[2023-03-22T04:02:02.579+0400] {logging_mixin.py:137} INFO - [2023-03-22T04:02:02.579+0400] {dag.py:3437} INFO - Setting next_dagrun for example_nested_branch_dag to 2023-03-21T00:00:00+00:00, run_after=2023-03-22T00:00:00+00:00
[2023-03-22T04:02:02.594+0400] {processor.py:175} INFO - Processing /home/civis/anaconda3/lib/python3.9/site-packages/airflow/example_dags/example_nested_branch_dag.py took 0.062 seconds
[2023-03-22T04:02:41.378+0400] {processor.py:153} INFO - Started process (PID=168145) to work on /home/civis/anaconda3/lib/python3.9/site-packages/airflow/example_dags/example_nested_branch_dag.py
[2023-03-22T04:02:41.387+0400] {processor.py:743} INFO - Processing file /home/civis/anaconda3/lib/python3.9/site-packages/airflow/example_dags/example_nested_branch_dag.py for tasks to queue
[2023-03-22T04:02:41.387+0400] {logging_mixin.py:137} INFO - [2023-03-22T04:02:41.387+0400] {dagbag.py:538} INFO - Filling up the DagBag from /home/civis/anaconda3/lib/python3.9/site-packages/airflow/example_dags/example_nested_branch_dag.py
[2023-03-22T04:02:41.407+0400] {processor.py:753} INFO - DAG(s) dict_keys(['example_nested_branch_dag']) retrieved from /home/civis/anaconda3/lib/python3.9/site-packages/airflow/example_dags/example_nested_branch_dag.py
[2023-03-22T04:02:41.415+0400] {logging_mixin.py:137} INFO - [2023-03-22T04:02:41.415+0400] {dag.py:2690} INFO - Sync 1 DAGs
[2023-03-22T04:02:41.423+0400] {logging_mixin.py:137} INFO - [2023-03-22T04:02:41.423+0400] {dag.py:3437} INFO - Setting next_dagrun for example_nested_branch_dag to 2023-03-21T00:00:00+00:00, run_after=2023-03-22T00:00:00+00:00
[2023-03-22T04:02:41.445+0400] {processor.py:175} INFO - Processing /home/civis/anaconda3/lib/python3.9/site-packages/airflow/example_dags/example_nested_branch_dag.py took 0.069 seconds
[2023-03-22T04:03:22.480+0400] {processor.py:153} INFO - Started process (PID=168989) to work on /home/civis/anaconda3/lib/python3.9/site-packages/airflow/example_dags/example_nested_branch_dag.py
[2023-03-22T04:03:22.489+0400] {processor.py:743} INFO - Processing file /home/civis/anaconda3/lib/python3.9/site-packages/airflow/example_dags/example_nested_branch_dag.py for tasks to queue
[2023-03-22T04:03:22.491+0400] {logging_mixin.py:137} INFO - [2023-03-22T04:03:22.490+0400] {dagbag.py:538} INFO - Filling up the DagBag from /home/civis/anaconda3/lib/python3.9/site-packages/airflow/example_dags/example_nested_branch_dag.py
[2023-03-22T04:03:22.511+0400] {processor.py:753} INFO - DAG(s) dict_keys(['example_nested_branch_dag']) retrieved from /home/civis/anaconda3/lib/python3.9/site-packages/airflow/example_dags/example_nested_branch_dag.py
[2023-03-22T04:03:22.518+0400] {logging_mixin.py:137} INFO - [2023-03-22T04:03:22.518+0400] {dag.py:2690} INFO - Sync 1 DAGs
[2023-03-22T04:03:22.527+0400] {logging_mixin.py:137} INFO - [2023-03-22T04:03:22.526+0400] {dag.py:3437} INFO - Setting next_dagrun for example_nested_branch_dag to 2023-03-21T00:00:00+00:00, run_after=2023-03-22T00:00:00+00:00
[2023-03-22T04:03:22.542+0400] {processor.py:175} INFO - Processing /home/civis/anaconda3/lib/python3.9/site-packages/airflow/example_dags/example_nested_branch_dag.py took 0.067 seconds
[2023-03-22T04:04:02.052+0400] {processor.py:153} INFO - Started process (PID=169635) to work on /home/civis/anaconda3/lib/python3.9/site-packages/airflow/example_dags/example_nested_branch_dag.py
[2023-03-22T04:04:02.061+0400] {processor.py:743} INFO - Processing file /home/civis/anaconda3/lib/python3.9/site-packages/airflow/example_dags/example_nested_branch_dag.py for tasks to queue
[2023-03-22T04:04:02.064+0400] {logging_mixin.py:137} INFO - [2023-03-22T04:04:02.064+0400] {dagbag.py:538} INFO - Filling up the DagBag from /home/civis/anaconda3/lib/python3.9/site-packages/airflow/example_dags/example_nested_branch_dag.py
[2023-03-22T04:04:02.081+0400] {processor.py:753} INFO - DAG(s) dict_keys(['example_nested_branch_dag']) retrieved from /home/civis/anaconda3/lib/python3.9/site-packages/airflow/example_dags/example_nested_branch_dag.py
[2023-03-22T04:04:02.090+0400] {logging_mixin.py:137} INFO - [2023-03-22T04:04:02.090+0400] {dag.py:2690} INFO - Sync 1 DAGs
[2023-03-22T04:04:02.099+0400] {logging_mixin.py:137} INFO - [2023-03-22T04:04:02.099+0400] {dag.py:3437} INFO - Setting next_dagrun for example_nested_branch_dag to 2023-03-21T00:00:00+00:00, run_after=2023-03-22T00:00:00+00:00
[2023-03-22T04:04:02.114+0400] {processor.py:175} INFO - Processing /home/civis/anaconda3/lib/python3.9/site-packages/airflow/example_dags/example_nested_branch_dag.py took 0.063 seconds
[2023-03-22T04:04:28.607+0400] {processor.py:153} INFO - Started process (PID=170058) to work on /home/civis/anaconda3/lib/python3.9/site-packages/airflow/example_dags/example_nested_branch_dag.py
[2023-03-22T04:04:28.616+0400] {processor.py:743} INFO - Processing file /home/civis/anaconda3/lib/python3.9/site-packages/airflow/example_dags/example_nested_branch_dag.py for tasks to queue
[2023-03-22T04:04:28.617+0400] {logging_mixin.py:137} INFO - [2023-03-22T04:04:28.617+0400] {dagbag.py:538} INFO - Filling up the DagBag from /home/civis/anaconda3/lib/python3.9/site-packages/airflow/example_dags/example_nested_branch_dag.py
[2023-03-22T04:04:28.638+0400] {processor.py:753} INFO - DAG(s) dict_keys(['example_nested_branch_dag']) retrieved from /home/civis/anaconda3/lib/python3.9/site-packages/airflow/example_dags/example_nested_branch_dag.py
[2023-03-22T04:04:28.645+0400] {logging_mixin.py:137} INFO - [2023-03-22T04:04:28.645+0400] {dag.py:2690} INFO - Sync 1 DAGs
[2023-03-22T04:04:28.653+0400] {logging_mixin.py:137} INFO - [2023-03-22T04:04:28.653+0400] {dag.py:3437} INFO - Setting next_dagrun for example_nested_branch_dag to 2023-03-21T00:00:00+00:00, run_after=2023-03-22T00:00:00+00:00
[2023-03-22T04:04:28.668+0400] {processor.py:175} INFO - Processing /home/civis/anaconda3/lib/python3.9/site-packages/airflow/example_dags/example_nested_branch_dag.py took 0.065 seconds
[2023-03-22T04:05:09.197+0400] {processor.py:153} INFO - Started process (PID=170710) to work on /home/civis/anaconda3/lib/python3.9/site-packages/airflow/example_dags/example_nested_branch_dag.py
[2023-03-22T04:05:09.205+0400] {processor.py:743} INFO - Processing file /home/civis/anaconda3/lib/python3.9/site-packages/airflow/example_dags/example_nested_branch_dag.py for tasks to queue
[2023-03-22T04:05:09.205+0400] {logging_mixin.py:137} INFO - [2023-03-22T04:05:09.205+0400] {dagbag.py:538} INFO - Filling up the DagBag from /home/civis/anaconda3/lib/python3.9/site-packages/airflow/example_dags/example_nested_branch_dag.py
[2023-03-22T04:05:09.217+0400] {processor.py:753} INFO - DAG(s) dict_keys(['example_nested_branch_dag']) retrieved from /home/civis/anaconda3/lib/python3.9/site-packages/airflow/example_dags/example_nested_branch_dag.py
[2023-03-22T04:05:09.224+0400] {logging_mixin.py:137} INFO - [2023-03-22T04:05:09.224+0400] {dag.py:2690} INFO - Sync 1 DAGs
[2023-03-22T04:05:09.232+0400] {logging_mixin.py:137} INFO - [2023-03-22T04:05:09.232+0400] {dag.py:3437} INFO - Setting next_dagrun for example_nested_branch_dag to 2023-03-21T00:00:00+00:00, run_after=2023-03-22T00:00:00+00:00
[2023-03-22T04:05:09.248+0400] {processor.py:175} INFO - Processing /home/civis/anaconda3/lib/python3.9/site-packages/airflow/example_dags/example_nested_branch_dag.py took 0.054 seconds
[2023-03-22T04:05:49.514+0400] {processor.py:153} INFO - Started process (PID=171324) to work on /home/civis/anaconda3/lib/python3.9/site-packages/airflow/example_dags/example_nested_branch_dag.py
[2023-03-22T04:05:49.514+0400] {processor.py:743} INFO - Processing file /home/civis/anaconda3/lib/python3.9/site-packages/airflow/example_dags/example_nested_branch_dag.py for tasks to queue
[2023-03-22T04:05:49.515+0400] {logging_mixin.py:137} INFO - [2023-03-22T04:05:49.515+0400] {dagbag.py:538} INFO - Filling up the DagBag from /home/civis/anaconda3/lib/python3.9/site-packages/airflow/example_dags/example_nested_branch_dag.py
[2023-03-22T04:05:49.525+0400] {processor.py:753} INFO - DAG(s) dict_keys(['example_nested_branch_dag']) retrieved from /home/civis/anaconda3/lib/python3.9/site-packages/airflow/example_dags/example_nested_branch_dag.py
[2023-03-22T04:05:49.532+0400] {logging_mixin.py:137} INFO - [2023-03-22T04:05:49.532+0400] {dag.py:2690} INFO - Sync 1 DAGs
[2023-03-22T04:05:49.542+0400] {logging_mixin.py:137} INFO - [2023-03-22T04:05:49.542+0400] {dag.py:3437} INFO - Setting next_dagrun for example_nested_branch_dag to 2023-03-21T00:00:00+00:00, run_after=2023-03-22T00:00:00+00:00
[2023-03-22T04:05:49.558+0400] {processor.py:175} INFO - Processing /home/civis/anaconda3/lib/python3.9/site-packages/airflow/example_dags/example_nested_branch_dag.py took 0.045 seconds
[2023-03-22T04:06:30.279+0400] {processor.py:153} INFO - Started process (PID=171991) to work on /home/civis/anaconda3/lib/python3.9/site-packages/airflow/example_dags/example_nested_branch_dag.py
[2023-03-22T04:06:30.287+0400] {processor.py:743} INFO - Processing file /home/civis/anaconda3/lib/python3.9/site-packages/airflow/example_dags/example_nested_branch_dag.py for tasks to queue
[2023-03-22T04:06:30.289+0400] {logging_mixin.py:137} INFO - [2023-03-22T04:06:30.288+0400] {dagbag.py:538} INFO - Filling up the DagBag from /home/civis/anaconda3/lib/python3.9/site-packages/airflow/example_dags/example_nested_branch_dag.py
[2023-03-22T04:06:30.309+0400] {processor.py:753} INFO - DAG(s) dict_keys(['example_nested_branch_dag']) retrieved from /home/civis/anaconda3/lib/python3.9/site-packages/airflow/example_dags/example_nested_branch_dag.py
[2023-03-22T04:06:30.317+0400] {logging_mixin.py:137} INFO - [2023-03-22T04:06:30.317+0400] {dag.py:2690} INFO - Sync 1 DAGs
[2023-03-22T04:06:30.324+0400] {logging_mixin.py:137} INFO - [2023-03-22T04:06:30.324+0400] {dag.py:3437} INFO - Setting next_dagrun for example_nested_branch_dag to 2023-03-21T00:00:00+00:00, run_after=2023-03-22T00:00:00+00:00
[2023-03-22T04:06:30.339+0400] {processor.py:175} INFO - Processing /home/civis/anaconda3/lib/python3.9/site-packages/airflow/example_dags/example_nested_branch_dag.py took 0.063 seconds
[2023-03-22T04:07:08.862+0400] {processor.py:153} INFO - Started process (PID=172640) to work on /home/civis/anaconda3/lib/python3.9/site-packages/airflow/example_dags/example_nested_branch_dag.py
[2023-03-22T04:07:08.863+0400] {processor.py:743} INFO - Processing file /home/civis/anaconda3/lib/python3.9/site-packages/airflow/example_dags/example_nested_branch_dag.py for tasks to queue
[2023-03-22T04:07:08.863+0400] {logging_mixin.py:137} INFO - [2023-03-22T04:07:08.863+0400] {dagbag.py:538} INFO - Filling up the DagBag from /home/civis/anaconda3/lib/python3.9/site-packages/airflow/example_dags/example_nested_branch_dag.py
[2023-03-22T04:07:08.880+0400] {processor.py:753} INFO - DAG(s) dict_keys(['example_nested_branch_dag']) retrieved from /home/civis/anaconda3/lib/python3.9/site-packages/airflow/example_dags/example_nested_branch_dag.py
[2023-03-22T04:07:08.889+0400] {logging_mixin.py:137} INFO - [2023-03-22T04:07:08.889+0400] {dag.py:2690} INFO - Sync 1 DAGs
[2023-03-22T04:07:08.898+0400] {logging_mixin.py:137} INFO - [2023-03-22T04:07:08.898+0400] {dag.py:3437} INFO - Setting next_dagrun for example_nested_branch_dag to 2023-03-21T00:00:00+00:00, run_after=2023-03-22T00:00:00+00:00
[2023-03-22T04:07:08.916+0400] {processor.py:175} INFO - Processing /home/civis/anaconda3/lib/python3.9/site-packages/airflow/example_dags/example_nested_branch_dag.py took 0.057 seconds
[2023-03-22T04:07:51.385+0400] {processor.py:153} INFO - Started process (PID=173331) to work on /home/civis/anaconda3/lib/python3.9/site-packages/airflow/example_dags/example_nested_branch_dag.py
[2023-03-22T04:07:51.386+0400] {processor.py:743} INFO - Processing file /home/civis/anaconda3/lib/python3.9/site-packages/airflow/example_dags/example_nested_branch_dag.py for tasks to queue
[2023-03-22T04:07:51.386+0400] {logging_mixin.py:137} INFO - [2023-03-22T04:07:51.386+0400] {dagbag.py:538} INFO - Filling up the DagBag from /home/civis/anaconda3/lib/python3.9/site-packages/airflow/example_dags/example_nested_branch_dag.py
[2023-03-22T04:07:51.396+0400] {processor.py:753} INFO - DAG(s) dict_keys(['example_nested_branch_dag']) retrieved from /home/civis/anaconda3/lib/python3.9/site-packages/airflow/example_dags/example_nested_branch_dag.py
[2023-03-22T04:07:51.403+0400] {logging_mixin.py:137} INFO - [2023-03-22T04:07:51.403+0400] {dag.py:2690} INFO - Sync 1 DAGs
[2023-03-22T04:07:51.411+0400] {logging_mixin.py:137} INFO - [2023-03-22T04:07:51.411+0400] {dag.py:3437} INFO - Setting next_dagrun for example_nested_branch_dag to 2023-03-21T00:00:00+00:00, run_after=2023-03-22T00:00:00+00:00
[2023-03-22T04:07:51.427+0400] {processor.py:175} INFO - Processing /home/civis/anaconda3/lib/python3.9/site-packages/airflow/example_dags/example_nested_branch_dag.py took 0.045 seconds
[2023-03-22T04:08:31.109+0400] {processor.py:153} INFO - Started process (PID=174050) to work on /home/civis/anaconda3/lib/python3.9/site-packages/airflow/example_dags/example_nested_branch_dag.py
[2023-03-22T04:08:31.117+0400] {processor.py:743} INFO - Processing file /home/civis/anaconda3/lib/python3.9/site-packages/airflow/example_dags/example_nested_branch_dag.py for tasks to queue
[2023-03-22T04:08:31.118+0400] {logging_mixin.py:137} INFO - [2023-03-22T04:08:31.118+0400] {dagbag.py:538} INFO - Filling up the DagBag from /home/civis/anaconda3/lib/python3.9/site-packages/airflow/example_dags/example_nested_branch_dag.py
[2023-03-22T04:08:31.134+0400] {processor.py:753} INFO - DAG(s) dict_keys(['example_nested_branch_dag']) retrieved from /home/civis/anaconda3/lib/python3.9/site-packages/airflow/example_dags/example_nested_branch_dag.py
[2023-03-22T04:08:31.143+0400] {logging_mixin.py:137} INFO - [2023-03-22T04:08:31.142+0400] {dag.py:2690} INFO - Sync 1 DAGs
[2023-03-22T04:08:31.151+0400] {logging_mixin.py:137} INFO - [2023-03-22T04:08:31.151+0400] {dag.py:3437} INFO - Setting next_dagrun for example_nested_branch_dag to 2023-03-21T00:00:00+00:00, run_after=2023-03-22T00:00:00+00:00
[2023-03-22T04:08:31.167+0400] {processor.py:175} INFO - Processing /home/civis/anaconda3/lib/python3.9/site-packages/airflow/example_dags/example_nested_branch_dag.py took 0.061 seconds
[2023-03-22T04:09:11.039+0400] {processor.py:153} INFO - Started process (PID=175914) to work on /home/civis/anaconda3/lib/python3.9/site-packages/airflow/example_dags/example_nested_branch_dag.py
[2023-03-22T04:09:11.047+0400] {processor.py:743} INFO - Processing file /home/civis/anaconda3/lib/python3.9/site-packages/airflow/example_dags/example_nested_branch_dag.py for tasks to queue
[2023-03-22T04:09:11.047+0400] {logging_mixin.py:137} INFO - [2023-03-22T04:09:11.047+0400] {dagbag.py:538} INFO - Filling up the DagBag from /home/civis/anaconda3/lib/python3.9/site-packages/airflow/example_dags/example_nested_branch_dag.py
[2023-03-22T04:09:11.063+0400] {processor.py:753} INFO - DAG(s) dict_keys(['example_nested_branch_dag']) retrieved from /home/civis/anaconda3/lib/python3.9/site-packages/airflow/example_dags/example_nested_branch_dag.py
[2023-03-22T04:09:11.070+0400] {logging_mixin.py:137} INFO - [2023-03-22T04:09:11.070+0400] {dag.py:2690} INFO - Sync 1 DAGs
[2023-03-22T04:09:11.079+0400] {logging_mixin.py:137} INFO - [2023-03-22T04:09:11.079+0400] {dag.py:3437} INFO - Setting next_dagrun for example_nested_branch_dag to 2023-03-21T00:00:00+00:00, run_after=2023-03-22T00:00:00+00:00
[2023-03-22T04:09:11.095+0400] {processor.py:175} INFO - Processing /home/civis/anaconda3/lib/python3.9/site-packages/airflow/example_dags/example_nested_branch_dag.py took 0.059 seconds
[2023-03-22T04:09:55.089+0400] {processor.py:153} INFO - Started process (PID=176618) to work on /home/civis/anaconda3/lib/python3.9/site-packages/airflow/example_dags/example_nested_branch_dag.py
[2023-03-22T04:09:55.098+0400] {processor.py:743} INFO - Processing file /home/civis/anaconda3/lib/python3.9/site-packages/airflow/example_dags/example_nested_branch_dag.py for tasks to queue
[2023-03-22T04:09:55.099+0400] {logging_mixin.py:137} INFO - [2023-03-22T04:09:55.099+0400] {dagbag.py:538} INFO - Filling up the DagBag from /home/civis/anaconda3/lib/python3.9/site-packages/airflow/example_dags/example_nested_branch_dag.py
[2023-03-22T04:09:55.114+0400] {processor.py:753} INFO - DAG(s) dict_keys(['example_nested_branch_dag']) retrieved from /home/civis/anaconda3/lib/python3.9/site-packages/airflow/example_dags/example_nested_branch_dag.py
[2023-03-22T04:09:55.121+0400] {logging_mixin.py:137} INFO - [2023-03-22T04:09:55.121+0400] {dag.py:2690} INFO - Sync 1 DAGs
[2023-03-22T04:09:55.129+0400] {logging_mixin.py:137} INFO - [2023-03-22T04:09:55.129+0400] {dag.py:3437} INFO - Setting next_dagrun for example_nested_branch_dag to 2023-03-21T00:00:00+00:00, run_after=2023-03-22T00:00:00+00:00
[2023-03-22T04:09:55.146+0400] {processor.py:175} INFO - Processing /home/civis/anaconda3/lib/python3.9/site-packages/airflow/example_dags/example_nested_branch_dag.py took 0.059 seconds
[2023-03-22T04:10:37.654+0400] {processor.py:153} INFO - Started process (PID=177299) to work on /home/civis/anaconda3/lib/python3.9/site-packages/airflow/example_dags/example_nested_branch_dag.py
[2023-03-22T04:10:37.654+0400] {processor.py:743} INFO - Processing file /home/civis/anaconda3/lib/python3.9/site-packages/airflow/example_dags/example_nested_branch_dag.py for tasks to queue
[2023-03-22T04:10:37.654+0400] {logging_mixin.py:137} INFO - [2023-03-22T04:10:37.654+0400] {dagbag.py:538} INFO - Filling up the DagBag from /home/civis/anaconda3/lib/python3.9/site-packages/airflow/example_dags/example_nested_branch_dag.py
[2023-03-22T04:10:37.664+0400] {processor.py:753} INFO - DAG(s) dict_keys(['example_nested_branch_dag']) retrieved from /home/civis/anaconda3/lib/python3.9/site-packages/airflow/example_dags/example_nested_branch_dag.py
[2023-03-22T04:10:37.672+0400] {logging_mixin.py:137} INFO - [2023-03-22T04:10:37.672+0400] {dag.py:2690} INFO - Sync 1 DAGs
[2023-03-22T04:10:37.680+0400] {logging_mixin.py:137} INFO - [2023-03-22T04:10:37.680+0400] {dag.py:3437} INFO - Setting next_dagrun for example_nested_branch_dag to 2023-03-21T00:00:00+00:00, run_after=2023-03-22T00:00:00+00:00
[2023-03-22T04:10:37.696+0400] {processor.py:175} INFO - Processing /home/civis/anaconda3/lib/python3.9/site-packages/airflow/example_dags/example_nested_branch_dag.py took 0.043 seconds
[2023-03-22T04:11:16.701+0400] {processor.py:153} INFO - Started process (PID=178019) to work on /home/civis/anaconda3/lib/python3.9/site-packages/airflow/example_dags/example_nested_branch_dag.py
[2023-03-22T04:11:16.701+0400] {processor.py:743} INFO - Processing file /home/civis/anaconda3/lib/python3.9/site-packages/airflow/example_dags/example_nested_branch_dag.py for tasks to queue
[2023-03-22T04:11:16.701+0400] {logging_mixin.py:137} INFO - [2023-03-22T04:11:16.701+0400] {dagbag.py:538} INFO - Filling up the DagBag from /home/civis/anaconda3/lib/python3.9/site-packages/airflow/example_dags/example_nested_branch_dag.py
[2023-03-22T04:11:16.712+0400] {processor.py:753} INFO - DAG(s) dict_keys(['example_nested_branch_dag']) retrieved from /home/civis/anaconda3/lib/python3.9/site-packages/airflow/example_dags/example_nested_branch_dag.py
[2023-03-22T04:11:16.720+0400] {logging_mixin.py:137} INFO - [2023-03-22T04:11:16.720+0400] {dag.py:2690} INFO - Sync 1 DAGs
[2023-03-22T04:11:16.729+0400] {logging_mixin.py:137} INFO - [2023-03-22T04:11:16.729+0400] {dag.py:3437} INFO - Setting next_dagrun for example_nested_branch_dag to 2023-03-21T00:00:00+00:00, run_after=2023-03-22T00:00:00+00:00
[2023-03-22T04:11:16.750+0400] {processor.py:175} INFO - Processing /home/civis/anaconda3/lib/python3.9/site-packages/airflow/example_dags/example_nested_branch_dag.py took 0.051 seconds
