[2023-03-22T04:00:03.021+0400] {processor.py:153} INFO - Started process (PID=165521) to work on /home/civis/anaconda3/lib/python3.9/site-packages/airflow/example_dags/example_branch_python_dop_operator_3.py
[2023-03-22T04:00:03.022+0400] {processor.py:743} INFO - Processing file /home/civis/anaconda3/lib/python3.9/site-packages/airflow/example_dags/example_branch_python_dop_operator_3.py for tasks to queue
[2023-03-22T04:00:03.022+0400] {logging_mixin.py:137} INFO - [2023-03-22T04:00:03.022+0400] {dagbag.py:538} INFO - Filling up the DagBag from /home/civis/anaconda3/lib/python3.9/site-packages/airflow/example_dags/example_branch_python_dop_operator_3.py
[2023-03-22T04:00:03.030+0400] {processor.py:753} INFO - DAG(s) dict_keys(['example_branch_dop_operator_v3']) retrieved from /home/civis/anaconda3/lib/python3.9/site-packages/airflow/example_dags/example_branch_python_dop_operator_3.py
[2023-03-22T04:00:03.092+0400] {logging_mixin.py:137} INFO - [2023-03-22T04:00:03.091+0400] {manager.py:504} INFO - Created Permission View: can delete on DAG:example_branch_dop_operator_v3
[2023-03-22T04:00:03.105+0400] {logging_mixin.py:137} INFO - [2023-03-22T04:00:03.105+0400] {manager.py:504} INFO - Created Permission View: can read on DAG:example_branch_dop_operator_v3
[2023-03-22T04:00:03.118+0400] {logging_mixin.py:137} INFO - [2023-03-22T04:00:03.118+0400] {manager.py:504} INFO - Created Permission View: can edit on DAG:example_branch_dop_operator_v3
[2023-03-22T04:00:03.119+0400] {logging_mixin.py:137} INFO - [2023-03-22T04:00:03.118+0400] {dag.py:2690} INFO - Sync 1 DAGs
[2023-03-22T04:00:03.127+0400] {logging_mixin.py:137} INFO - [2023-03-22T04:00:03.127+0400] {dag.py:2711} INFO - Creating ORM DAG for example_branch_dop_operator_v3
[2023-03-22T04:00:03.133+0400] {logging_mixin.py:137} INFO - [2023-03-22T04:00:03.133+0400] {dag.py:3437} INFO - Setting next_dagrun for example_branch_dop_operator_v3 to 2023-03-21T23:59:00+00:00, run_after=2023-03-22T00:00:00+00:00
[2023-03-22T04:00:03.153+0400] {processor.py:175} INFO - Processing /home/civis/anaconda3/lib/python3.9/site-packages/airflow/example_dags/example_branch_python_dop_operator_3.py took 0.191 seconds
[2023-03-22T04:00:48.154+0400] {processor.py:153} INFO - Started process (PID=166197) to work on /home/civis/anaconda3/lib/python3.9/site-packages/airflow/example_dags/example_branch_python_dop_operator_3.py
[2023-03-22T04:00:48.163+0400] {processor.py:743} INFO - Processing file /home/civis/anaconda3/lib/python3.9/site-packages/airflow/example_dags/example_branch_python_dop_operator_3.py for tasks to queue
[2023-03-22T04:00:48.165+0400] {logging_mixin.py:137} INFO - [2023-03-22T04:00:48.164+0400] {dagbag.py:538} INFO - Filling up the DagBag from /home/civis/anaconda3/lib/python3.9/site-packages/airflow/example_dags/example_branch_python_dop_operator_3.py
[2023-03-22T04:00:48.179+0400] {processor.py:753} INFO - DAG(s) dict_keys(['example_branch_dop_operator_v3']) retrieved from /home/civis/anaconda3/lib/python3.9/site-packages/airflow/example_dags/example_branch_python_dop_operator_3.py
[2023-03-22T04:00:48.186+0400] {logging_mixin.py:137} INFO - [2023-03-22T04:00:48.186+0400] {dag.py:2690} INFO - Sync 1 DAGs
[2023-03-22T04:00:48.195+0400] {logging_mixin.py:137} INFO - [2023-03-22T04:00:48.195+0400] {dag.py:3437} INFO - Setting next_dagrun for example_branch_dop_operator_v3 to 2023-03-21T23:59:00+00:00, run_after=2023-03-22T00:00:00+00:00
[2023-03-22T04:00:48.211+0400] {processor.py:175} INFO - Processing /home/civis/anaconda3/lib/python3.9/site-packages/airflow/example_dags/example_branch_python_dop_operator_3.py took 0.059 seconds
[2023-03-22T04:01:26.654+0400] {processor.py:153} INFO - Started process (PID=166785) to work on /home/civis/anaconda3/lib/python3.9/site-packages/airflow/example_dags/example_branch_python_dop_operator_3.py
[2023-03-22T04:01:26.664+0400] {processor.py:743} INFO - Processing file /home/civis/anaconda3/lib/python3.9/site-packages/airflow/example_dags/example_branch_python_dop_operator_3.py for tasks to queue
[2023-03-22T04:01:26.665+0400] {logging_mixin.py:137} INFO - [2023-03-22T04:01:26.665+0400] {dagbag.py:538} INFO - Filling up the DagBag from /home/civis/anaconda3/lib/python3.9/site-packages/airflow/example_dags/example_branch_python_dop_operator_3.py
[2023-03-22T04:01:26.686+0400] {processor.py:753} INFO - DAG(s) dict_keys(['example_branch_dop_operator_v3']) retrieved from /home/civis/anaconda3/lib/python3.9/site-packages/airflow/example_dags/example_branch_python_dop_operator_3.py
[2023-03-22T04:01:26.692+0400] {logging_mixin.py:137} INFO - [2023-03-22T04:01:26.692+0400] {dag.py:2690} INFO - Sync 1 DAGs
[2023-03-22T04:01:26.701+0400] {logging_mixin.py:137} INFO - [2023-03-22T04:01:26.701+0400] {dag.py:3437} INFO - Setting next_dagrun for example_branch_dop_operator_v3 to 2023-03-22T00:00:00+00:00, run_after=2023-03-22T00:01:00+00:00
[2023-03-22T04:01:26.717+0400] {processor.py:175} INFO - Processing /home/civis/anaconda3/lib/python3.9/site-packages/airflow/example_dags/example_branch_python_dop_operator_3.py took 0.067 seconds
[2023-03-22T04:02:07.220+0400] {processor.py:153} INFO - Started process (PID=167442) to work on /home/civis/anaconda3/lib/python3.9/site-packages/airflow/example_dags/example_branch_python_dop_operator_3.py
[2023-03-22T04:02:07.221+0400] {processor.py:743} INFO - Processing file /home/civis/anaconda3/lib/python3.9/site-packages/airflow/example_dags/example_branch_python_dop_operator_3.py for tasks to queue
[2023-03-22T04:02:07.222+0400] {logging_mixin.py:137} INFO - [2023-03-22T04:02:07.221+0400] {dagbag.py:538} INFO - Filling up the DagBag from /home/civis/anaconda3/lib/python3.9/site-packages/airflow/example_dags/example_branch_python_dop_operator_3.py
[2023-03-22T04:02:07.232+0400] {processor.py:753} INFO - DAG(s) dict_keys(['example_branch_dop_operator_v3']) retrieved from /home/civis/anaconda3/lib/python3.9/site-packages/airflow/example_dags/example_branch_python_dop_operator_3.py
[2023-03-22T04:02:07.240+0400] {logging_mixin.py:137} INFO - [2023-03-22T04:02:07.240+0400] {dag.py:2690} INFO - Sync 1 DAGs
[2023-03-22T04:02:07.250+0400] {logging_mixin.py:137} INFO - [2023-03-22T04:02:07.250+0400] {dag.py:3437} INFO - Setting next_dagrun for example_branch_dop_operator_v3 to 2023-03-22T00:01:00+00:00, run_after=2023-03-22T00:02:00+00:00
[2023-03-22T04:02:07.265+0400] {processor.py:175} INFO - Processing /home/civis/anaconda3/lib/python3.9/site-packages/airflow/example_dags/example_branch_python_dop_operator_3.py took 0.047 seconds
[2023-03-22T04:02:46.514+0400] {processor.py:153} INFO - Started process (PID=168283) to work on /home/civis/anaconda3/lib/python3.9/site-packages/airflow/example_dags/example_branch_python_dop_operator_3.py
[2023-03-22T04:02:46.514+0400] {processor.py:743} INFO - Processing file /home/civis/anaconda3/lib/python3.9/site-packages/airflow/example_dags/example_branch_python_dop_operator_3.py for tasks to queue
[2023-03-22T04:02:46.514+0400] {logging_mixin.py:137} INFO - [2023-03-22T04:02:46.514+0400] {dagbag.py:538} INFO - Filling up the DagBag from /home/civis/anaconda3/lib/python3.9/site-packages/airflow/example_dags/example_branch_python_dop_operator_3.py
[2023-03-22T04:02:46.525+0400] {processor.py:753} INFO - DAG(s) dict_keys(['example_branch_dop_operator_v3']) retrieved from /home/civis/anaconda3/lib/python3.9/site-packages/airflow/example_dags/example_branch_python_dop_operator_3.py
[2023-03-22T04:02:46.532+0400] {logging_mixin.py:137} INFO - [2023-03-22T04:02:46.532+0400] {dag.py:2690} INFO - Sync 1 DAGs
[2023-03-22T04:02:46.541+0400] {logging_mixin.py:137} INFO - [2023-03-22T04:02:46.541+0400] {dag.py:3437} INFO - Setting next_dagrun for example_branch_dop_operator_v3 to 2023-03-22T00:01:00+00:00, run_after=2023-03-22T00:02:00+00:00
[2023-03-22T04:02:46.557+0400] {processor.py:175} INFO - Processing /home/civis/anaconda3/lib/python3.9/site-packages/airflow/example_dags/example_branch_python_dop_operator_3.py took 0.044 seconds
[2023-03-22T04:03:27.087+0400] {processor.py:153} INFO - Started process (PID=169078) to work on /home/civis/anaconda3/lib/python3.9/site-packages/airflow/example_dags/example_branch_python_dop_operator_3.py
[2023-03-22T04:03:27.096+0400] {processor.py:743} INFO - Processing file /home/civis/anaconda3/lib/python3.9/site-packages/airflow/example_dags/example_branch_python_dop_operator_3.py for tasks to queue
[2023-03-22T04:03:27.097+0400] {logging_mixin.py:137} INFO - [2023-03-22T04:03:27.097+0400] {dagbag.py:538} INFO - Filling up the DagBag from /home/civis/anaconda3/lib/python3.9/site-packages/airflow/example_dags/example_branch_python_dop_operator_3.py
[2023-03-22T04:03:27.117+0400] {processor.py:753} INFO - DAG(s) dict_keys(['example_branch_dop_operator_v3']) retrieved from /home/civis/anaconda3/lib/python3.9/site-packages/airflow/example_dags/example_branch_python_dop_operator_3.py
[2023-03-22T04:03:27.124+0400] {logging_mixin.py:137} INFO - [2023-03-22T04:03:27.124+0400] {dag.py:2690} INFO - Sync 1 DAGs
[2023-03-22T04:03:27.133+0400] {logging_mixin.py:137} INFO - [2023-03-22T04:03:27.133+0400] {dag.py:3437} INFO - Setting next_dagrun for example_branch_dop_operator_v3 to 2023-03-22T00:02:00+00:00, run_after=2023-03-22T00:03:00+00:00
[2023-03-22T04:03:27.148+0400] {processor.py:175} INFO - Processing /home/civis/anaconda3/lib/python3.9/site-packages/airflow/example_dags/example_branch_python_dop_operator_3.py took 0.063 seconds
[2023-03-22T04:04:33.345+0400] {processor.py:153} INFO - Started process (PID=170117) to work on /home/civis/anaconda3/lib/python3.9/site-packages/airflow/example_dags/example_branch_python_dop_operator_3.py
[2023-03-22T04:04:33.346+0400] {processor.py:743} INFO - Processing file /home/civis/anaconda3/lib/python3.9/site-packages/airflow/example_dags/example_branch_python_dop_operator_3.py for tasks to queue
[2023-03-22T04:04:33.346+0400] {logging_mixin.py:137} INFO - [2023-03-22T04:04:33.346+0400] {dagbag.py:538} INFO - Filling up the DagBag from /home/civis/anaconda3/lib/python3.9/site-packages/airflow/example_dags/example_branch_python_dop_operator_3.py
[2023-03-22T04:04:33.358+0400] {processor.py:753} INFO - DAG(s) dict_keys(['example_branch_dop_operator_v3']) retrieved from /home/civis/anaconda3/lib/python3.9/site-packages/airflow/example_dags/example_branch_python_dop_operator_3.py
[2023-03-22T04:04:33.365+0400] {logging_mixin.py:137} INFO - [2023-03-22T04:04:33.365+0400] {dag.py:2690} INFO - Sync 1 DAGs
[2023-03-22T04:04:33.375+0400] {logging_mixin.py:137} INFO - [2023-03-22T04:04:33.375+0400] {dag.py:3437} INFO - Setting next_dagrun for example_branch_dop_operator_v3 to 2023-03-22T00:03:00+00:00, run_after=2023-03-22T00:04:00+00:00
[2023-03-22T04:04:33.390+0400] {processor.py:175} INFO - Processing /home/civis/anaconda3/lib/python3.9/site-packages/airflow/example_dags/example_branch_python_dop_operator_3.py took 0.046 seconds
[2023-03-22T04:05:14.667+0400] {processor.py:153} INFO - Started process (PID=170780) to work on /home/civis/anaconda3/lib/python3.9/site-packages/airflow/example_dags/example_branch_python_dop_operator_3.py
[2023-03-22T04:05:14.675+0400] {processor.py:743} INFO - Processing file /home/civis/anaconda3/lib/python3.9/site-packages/airflow/example_dags/example_branch_python_dop_operator_3.py for tasks to queue
[2023-03-22T04:05:14.677+0400] {logging_mixin.py:137} INFO - [2023-03-22T04:05:14.677+0400] {dagbag.py:538} INFO - Filling up the DagBag from /home/civis/anaconda3/lib/python3.9/site-packages/airflow/example_dags/example_branch_python_dop_operator_3.py
[2023-03-22T04:05:14.702+0400] {processor.py:753} INFO - DAG(s) dict_keys(['example_branch_dop_operator_v3']) retrieved from /home/civis/anaconda3/lib/python3.9/site-packages/airflow/example_dags/example_branch_python_dop_operator_3.py
[2023-03-22T04:05:14.710+0400] {logging_mixin.py:137} INFO - [2023-03-22T04:05:14.710+0400] {dag.py:2690} INFO - Sync 1 DAGs
[2023-03-22T04:05:14.720+0400] {logging_mixin.py:137} INFO - [2023-03-22T04:05:14.720+0400] {dag.py:3437} INFO - Setting next_dagrun for example_branch_dop_operator_v3 to 2023-03-22T00:04:00+00:00, run_after=2023-03-22T00:05:00+00:00
[2023-03-22T04:05:14.737+0400] {processor.py:175} INFO - Processing /home/civis/anaconda3/lib/python3.9/site-packages/airflow/example_dags/example_branch_python_dop_operator_3.py took 0.073 seconds
[2023-03-22T04:05:53.531+0400] {processor.py:153} INFO - Started process (PID=171381) to work on /home/civis/anaconda3/lib/python3.9/site-packages/airflow/example_dags/example_branch_python_dop_operator_3.py
[2023-03-22T04:05:53.539+0400] {processor.py:743} INFO - Processing file /home/civis/anaconda3/lib/python3.9/site-packages/airflow/example_dags/example_branch_python_dop_operator_3.py for tasks to queue
[2023-03-22T04:05:53.540+0400] {logging_mixin.py:137} INFO - [2023-03-22T04:05:53.540+0400] {dagbag.py:538} INFO - Filling up the DagBag from /home/civis/anaconda3/lib/python3.9/site-packages/airflow/example_dags/example_branch_python_dop_operator_3.py
[2023-03-22T04:05:53.561+0400] {processor.py:753} INFO - DAG(s) dict_keys(['example_branch_dop_operator_v3']) retrieved from /home/civis/anaconda3/lib/python3.9/site-packages/airflow/example_dags/example_branch_python_dop_operator_3.py
[2023-03-22T04:05:53.568+0400] {logging_mixin.py:137} INFO - [2023-03-22T04:05:53.568+0400] {dag.py:2690} INFO - Sync 1 DAGs
[2023-03-22T04:05:53.577+0400] {logging_mixin.py:137} INFO - [2023-03-22T04:05:53.577+0400] {dag.py:3437} INFO - Setting next_dagrun for example_branch_dop_operator_v3 to 2023-03-22T00:04:00+00:00, run_after=2023-03-22T00:05:00+00:00
[2023-03-22T04:05:53.592+0400] {processor.py:175} INFO - Processing /home/civis/anaconda3/lib/python3.9/site-packages/airflow/example_dags/example_branch_python_dop_operator_3.py took 0.063 seconds
[2023-03-22T04:06:35.053+0400] {processor.py:153} INFO - Started process (PID=172085) to work on /home/civis/anaconda3/lib/python3.9/site-packages/airflow/example_dags/example_branch_python_dop_operator_3.py
[2023-03-22T04:06:35.054+0400] {processor.py:743} INFO - Processing file /home/civis/anaconda3/lib/python3.9/site-packages/airflow/example_dags/example_branch_python_dop_operator_3.py for tasks to queue
[2023-03-22T04:06:35.055+0400] {logging_mixin.py:137} INFO - [2023-03-22T04:06:35.055+0400] {dagbag.py:538} INFO - Filling up the DagBag from /home/civis/anaconda3/lib/python3.9/site-packages/airflow/example_dags/example_branch_python_dop_operator_3.py
[2023-03-22T04:06:35.066+0400] {processor.py:753} INFO - DAG(s) dict_keys(['example_branch_dop_operator_v3']) retrieved from /home/civis/anaconda3/lib/python3.9/site-packages/airflow/example_dags/example_branch_python_dop_operator_3.py
[2023-03-22T04:06:35.073+0400] {logging_mixin.py:137} INFO - [2023-03-22T04:06:35.072+0400] {dag.py:2690} INFO - Sync 1 DAGs
[2023-03-22T04:06:35.081+0400] {logging_mixin.py:137} INFO - [2023-03-22T04:06:35.081+0400] {dag.py:3437} INFO - Setting next_dagrun for example_branch_dop_operator_v3 to 2023-03-22T00:05:00+00:00, run_after=2023-03-22T00:06:00+00:00
[2023-03-22T04:06:35.097+0400] {processor.py:175} INFO - Processing /home/civis/anaconda3/lib/python3.9/site-packages/airflow/example_dags/example_branch_python_dop_operator_3.py took 0.046 seconds
[2023-03-22T04:07:14.040+0400] {processor.py:153} INFO - Started process (PID=172709) to work on /home/civis/anaconda3/lib/python3.9/site-packages/airflow/example_dags/example_branch_python_dop_operator_3.py
[2023-03-22T04:07:14.048+0400] {processor.py:743} INFO - Processing file /home/civis/anaconda3/lib/python3.9/site-packages/airflow/example_dags/example_branch_python_dop_operator_3.py for tasks to queue
[2023-03-22T04:07:14.050+0400] {logging_mixin.py:137} INFO - [2023-03-22T04:07:14.049+0400] {dagbag.py:538} INFO - Filling up the DagBag from /home/civis/anaconda3/lib/python3.9/site-packages/airflow/example_dags/example_branch_python_dop_operator_3.py
[2023-03-22T04:07:14.076+0400] {processor.py:753} INFO - DAG(s) dict_keys(['example_branch_dop_operator_v3']) retrieved from /home/civis/anaconda3/lib/python3.9/site-packages/airflow/example_dags/example_branch_python_dop_operator_3.py
[2023-03-22T04:07:14.085+0400] {logging_mixin.py:137} INFO - [2023-03-22T04:07:14.085+0400] {dag.py:2690} INFO - Sync 1 DAGs
[2023-03-22T04:07:14.095+0400] {logging_mixin.py:137} INFO - [2023-03-22T04:07:14.095+0400] {dag.py:3437} INFO - Setting next_dagrun for example_branch_dop_operator_v3 to 2023-03-22T00:06:00+00:00, run_after=2023-03-22T00:07:00+00:00
[2023-03-22T04:07:14.113+0400] {processor.py:175} INFO - Processing /home/civis/anaconda3/lib/python3.9/site-packages/airflow/example_dags/example_branch_python_dop_operator_3.py took 0.076 seconds
[2023-03-22T04:07:55.612+0400] {processor.py:153} INFO - Started process (PID=173395) to work on /home/civis/anaconda3/lib/python3.9/site-packages/airflow/example_dags/example_branch_python_dop_operator_3.py
[2023-03-22T04:07:55.620+0400] {processor.py:743} INFO - Processing file /home/civis/anaconda3/lib/python3.9/site-packages/airflow/example_dags/example_branch_python_dop_operator_3.py for tasks to queue
[2023-03-22T04:07:55.621+0400] {logging_mixin.py:137} INFO - [2023-03-22T04:07:55.621+0400] {dagbag.py:538} INFO - Filling up the DagBag from /home/civis/anaconda3/lib/python3.9/site-packages/airflow/example_dags/example_branch_python_dop_operator_3.py
[2023-03-22T04:07:55.642+0400] {processor.py:753} INFO - DAG(s) dict_keys(['example_branch_dop_operator_v3']) retrieved from /home/civis/anaconda3/lib/python3.9/site-packages/airflow/example_dags/example_branch_python_dop_operator_3.py
[2023-03-22T04:07:55.651+0400] {logging_mixin.py:137} INFO - [2023-03-22T04:07:55.651+0400] {dag.py:2690} INFO - Sync 1 DAGs
[2023-03-22T04:07:55.660+0400] {logging_mixin.py:137} INFO - [2023-03-22T04:07:55.660+0400] {dag.py:3437} INFO - Setting next_dagrun for example_branch_dop_operator_v3 to 2023-03-22T00:06:00+00:00, run_after=2023-03-22T00:07:00+00:00
[2023-03-22T04:07:55.696+0400] {processor.py:175} INFO - Processing /home/civis/anaconda3/lib/python3.9/site-packages/airflow/example_dags/example_branch_python_dop_operator_3.py took 0.087 seconds
[2023-03-22T04:08:35.356+0400] {processor.py:153} INFO - Started process (PID=174113) to work on /home/civis/anaconda3/lib/python3.9/site-packages/airflow/example_dags/example_branch_python_dop_operator_3.py
[2023-03-22T04:08:35.365+0400] {processor.py:743} INFO - Processing file /home/civis/anaconda3/lib/python3.9/site-packages/airflow/example_dags/example_branch_python_dop_operator_3.py for tasks to queue
[2023-03-22T04:08:35.366+0400] {logging_mixin.py:137} INFO - [2023-03-22T04:08:35.366+0400] {dagbag.py:538} INFO - Filling up the DagBag from /home/civis/anaconda3/lib/python3.9/site-packages/airflow/example_dags/example_branch_python_dop_operator_3.py
[2023-03-22T04:08:35.379+0400] {processor.py:753} INFO - DAG(s) dict_keys(['example_branch_dop_operator_v3']) retrieved from /home/civis/anaconda3/lib/python3.9/site-packages/airflow/example_dags/example_branch_python_dop_operator_3.py
[2023-03-22T04:08:35.386+0400] {logging_mixin.py:137} INFO - [2023-03-22T04:08:35.386+0400] {dag.py:2690} INFO - Sync 1 DAGs
[2023-03-22T04:08:35.395+0400] {logging_mixin.py:137} INFO - [2023-03-22T04:08:35.394+0400] {dag.py:3437} INFO - Setting next_dagrun for example_branch_dop_operator_v3 to 2023-03-22T00:07:00+00:00, run_after=2023-03-22T00:08:00+00:00
[2023-03-22T04:08:35.410+0400] {processor.py:175} INFO - Processing /home/civis/anaconda3/lib/python3.9/site-packages/airflow/example_dags/example_branch_python_dop_operator_3.py took 0.055 seconds
[2023-03-22T04:09:15.731+0400] {processor.py:153} INFO - Started process (PID=175973) to work on /home/civis/anaconda3/lib/python3.9/site-packages/airflow/example_dags/example_branch_python_dop_operator_3.py
[2023-03-22T04:09:15.741+0400] {processor.py:743} INFO - Processing file /home/civis/anaconda3/lib/python3.9/site-packages/airflow/example_dags/example_branch_python_dop_operator_3.py for tasks to queue
[2023-03-22T04:09:15.742+0400] {logging_mixin.py:137} INFO - [2023-03-22T04:09:15.741+0400] {dagbag.py:538} INFO - Filling up the DagBag from /home/civis/anaconda3/lib/python3.9/site-packages/airflow/example_dags/example_branch_python_dop_operator_3.py
[2023-03-22T04:09:15.757+0400] {processor.py:753} INFO - DAG(s) dict_keys(['example_branch_dop_operator_v3']) retrieved from /home/civis/anaconda3/lib/python3.9/site-packages/airflow/example_dags/example_branch_python_dop_operator_3.py
[2023-03-22T04:09:15.764+0400] {logging_mixin.py:137} INFO - [2023-03-22T04:09:15.764+0400] {dag.py:2690} INFO - Sync 1 DAGs
[2023-03-22T04:09:15.774+0400] {logging_mixin.py:137} INFO - [2023-03-22T04:09:15.774+0400] {dag.py:3437} INFO - Setting next_dagrun for example_branch_dop_operator_v3 to 2023-03-22T00:08:00+00:00, run_after=2023-03-22T00:09:00+00:00
[2023-03-22T04:09:15.789+0400] {processor.py:175} INFO - Processing /home/civis/anaconda3/lib/python3.9/site-packages/airflow/example_dags/example_branch_python_dop_operator_3.py took 0.062 seconds
[2023-03-22T04:09:59.850+0400] {processor.py:153} INFO - Started process (PID=176687) to work on /home/civis/anaconda3/lib/python3.9/site-packages/airflow/example_dags/example_branch_python_dop_operator_3.py
[2023-03-22T04:09:59.851+0400] {processor.py:743} INFO - Processing file /home/civis/anaconda3/lib/python3.9/site-packages/airflow/example_dags/example_branch_python_dop_operator_3.py for tasks to queue
[2023-03-22T04:09:59.852+0400] {logging_mixin.py:137} INFO - [2023-03-22T04:09:59.852+0400] {dagbag.py:538} INFO - Filling up the DagBag from /home/civis/anaconda3/lib/python3.9/site-packages/airflow/example_dags/example_branch_python_dop_operator_3.py
[2023-03-22T04:09:59.874+0400] {processor.py:753} INFO - DAG(s) dict_keys(['example_branch_dop_operator_v3']) retrieved from /home/civis/anaconda3/lib/python3.9/site-packages/airflow/example_dags/example_branch_python_dop_operator_3.py
[2023-03-22T04:09:59.881+0400] {logging_mixin.py:137} INFO - [2023-03-22T04:09:59.881+0400] {dag.py:2690} INFO - Sync 1 DAGs
[2023-03-22T04:09:59.890+0400] {logging_mixin.py:137} INFO - [2023-03-22T04:09:59.890+0400] {dag.py:3437} INFO - Setting next_dagrun for example_branch_dop_operator_v3 to 2023-03-22T00:08:00+00:00, run_after=2023-03-22T00:09:00+00:00
[2023-03-22T04:09:59.905+0400] {processor.py:175} INFO - Processing /home/civis/anaconda3/lib/python3.9/site-packages/airflow/example_dags/example_branch_python_dop_operator_3.py took 0.060 seconds
[2023-03-22T04:10:41.849+0400] {processor.py:153} INFO - Started process (PID=177374) to work on /home/civis/anaconda3/lib/python3.9/site-packages/airflow/example_dags/example_branch_python_dop_operator_3.py
[2023-03-22T04:10:41.850+0400] {processor.py:743} INFO - Processing file /home/civis/anaconda3/lib/python3.9/site-packages/airflow/example_dags/example_branch_python_dop_operator_3.py for tasks to queue
[2023-03-22T04:10:41.850+0400] {logging_mixin.py:137} INFO - [2023-03-22T04:10:41.850+0400] {dagbag.py:538} INFO - Filling up the DagBag from /home/civis/anaconda3/lib/python3.9/site-packages/airflow/example_dags/example_branch_python_dop_operator_3.py
[2023-03-22T04:10:41.860+0400] {processor.py:753} INFO - DAG(s) dict_keys(['example_branch_dop_operator_v3']) retrieved from /home/civis/anaconda3/lib/python3.9/site-packages/airflow/example_dags/example_branch_python_dop_operator_3.py
[2023-03-22T04:10:41.868+0400] {logging_mixin.py:137} INFO - [2023-03-22T04:10:41.868+0400] {dag.py:2690} INFO - Sync 1 DAGs
[2023-03-22T04:10:41.877+0400] {logging_mixin.py:137} INFO - [2023-03-22T04:10:41.877+0400] {dag.py:3437} INFO - Setting next_dagrun for example_branch_dop_operator_v3 to 2023-03-22T00:09:00+00:00, run_after=2023-03-22T00:10:00+00:00
[2023-03-22T04:10:41.892+0400] {processor.py:175} INFO - Processing /home/civis/anaconda3/lib/python3.9/site-packages/airflow/example_dags/example_branch_python_dop_operator_3.py took 0.045 seconds
[2023-03-22T04:11:21.503+0400] {processor.py:153} INFO - Started process (PID=178098) to work on /home/civis/anaconda3/lib/python3.9/site-packages/airflow/example_dags/example_branch_python_dop_operator_3.py
[2023-03-22T04:11:21.512+0400] {processor.py:743} INFO - Processing file /home/civis/anaconda3/lib/python3.9/site-packages/airflow/example_dags/example_branch_python_dop_operator_3.py for tasks to queue
[2023-03-22T04:11:21.513+0400] {logging_mixin.py:137} INFO - [2023-03-22T04:11:21.513+0400] {dagbag.py:538} INFO - Filling up the DagBag from /home/civis/anaconda3/lib/python3.9/site-packages/airflow/example_dags/example_branch_python_dop_operator_3.py
[2023-03-22T04:11:21.533+0400] {processor.py:753} INFO - DAG(s) dict_keys(['example_branch_dop_operator_v3']) retrieved from /home/civis/anaconda3/lib/python3.9/site-packages/airflow/example_dags/example_branch_python_dop_operator_3.py
[2023-03-22T04:11:21.540+0400] {logging_mixin.py:137} INFO - [2023-03-22T04:11:21.540+0400] {dag.py:2690} INFO - Sync 1 DAGs
[2023-03-22T04:11:21.549+0400] {logging_mixin.py:137} INFO - [2023-03-22T04:11:21.549+0400] {dag.py:3437} INFO - Setting next_dagrun for example_branch_dop_operator_v3 to 2023-03-22T00:10:00+00:00, run_after=2023-03-22T00:11:00+00:00
[2023-03-22T04:11:21.568+0400] {processor.py:175} INFO - Processing /home/civis/anaconda3/lib/python3.9/site-packages/airflow/example_dags/example_branch_python_dop_operator_3.py took 0.066 seconds
