[2023-03-22T04:00:09.395+0400] {processor.py:153} INFO - Started process (PID=165629) to work on /home/civis/anaconda3/lib/python3.9/site-packages/airflow/example_dags/example_external_task_marker_dag.py
[2023-03-22T04:00:09.395+0400] {processor.py:743} INFO - Processing file /home/civis/anaconda3/lib/python3.9/site-packages/airflow/example_dags/example_external_task_marker_dag.py for tasks to queue
[2023-03-22T04:00:09.396+0400] {logging_mixin.py:137} INFO - [2023-03-22T04:00:09.396+0400] {dagbag.py:538} INFO - Filling up the DagBag from /home/civis/anaconda3/lib/python3.9/site-packages/airflow/example_dags/example_external_task_marker_dag.py
[2023-03-22T04:00:09.410+0400] {processor.py:753} INFO - DAG(s) dict_keys(['example_external_task_marker_child', 'example_external_task_marker_parent']) retrieved from /home/civis/anaconda3/lib/python3.9/site-packages/airflow/example_dags/example_external_task_marker_dag.py
[2023-03-22T04:00:09.475+0400] {logging_mixin.py:137} INFO - [2023-03-22T04:00:09.474+0400] {manager.py:504} INFO - Created Permission View: can delete on DAG:example_external_task_marker_child
[2023-03-22T04:00:09.489+0400] {logging_mixin.py:137} INFO - [2023-03-22T04:00:09.489+0400] {manager.py:504} INFO - Created Permission View: can read on DAG:example_external_task_marker_child
[2023-03-22T04:00:09.502+0400] {logging_mixin.py:137} INFO - [2023-03-22T04:00:09.502+0400] {manager.py:504} INFO - Created Permission View: can edit on DAG:example_external_task_marker_child
[2023-03-22T04:00:09.539+0400] {logging_mixin.py:137} INFO - [2023-03-22T04:00:09.538+0400] {manager.py:504} INFO - Created Permission View: can delete on DAG:example_external_task_marker_parent
[2023-03-22T04:00:09.557+0400] {logging_mixin.py:137} INFO - [2023-03-22T04:00:09.556+0400] {manager.py:504} INFO - Created Permission View: can read on DAG:example_external_task_marker_parent
[2023-03-22T04:00:09.573+0400] {logging_mixin.py:137} INFO - [2023-03-22T04:00:09.572+0400] {manager.py:504} INFO - Created Permission View: can edit on DAG:example_external_task_marker_parent
[2023-03-22T04:00:09.573+0400] {logging_mixin.py:137} INFO - [2023-03-22T04:00:09.573+0400] {dag.py:2690} INFO - Sync 2 DAGs
[2023-03-22T04:00:09.583+0400] {logging_mixin.py:137} INFO - [2023-03-22T04:00:09.583+0400] {dag.py:2711} INFO - Creating ORM DAG for example_external_task_marker_parent
[2023-03-22T04:00:09.583+0400] {logging_mixin.py:137} INFO - [2023-03-22T04:00:09.583+0400] {dag.py:2711} INFO - Creating ORM DAG for example_external_task_marker_child
[2023-03-22T04:00:09.588+0400] {logging_mixin.py:137} INFO - [2023-03-22T04:00:09.588+0400] {dag.py:3437} INFO - Setting next_dagrun for example_external_task_marker_child to None, run_after=None
[2023-03-22T04:00:09.588+0400] {logging_mixin.py:137} INFO - [2023-03-22T04:00:09.588+0400] {dag.py:3437} INFO - Setting next_dagrun for example_external_task_marker_parent to None, run_after=None
[2023-03-22T04:00:09.609+0400] {processor.py:175} INFO - Processing /home/civis/anaconda3/lib/python3.9/site-packages/airflow/example_dags/example_external_task_marker_dag.py took 0.217 seconds
[2023-03-22T04:00:52.159+0400] {processor.py:153} INFO - Started process (PID=166271) to work on /home/civis/anaconda3/lib/python3.9/site-packages/airflow/example_dags/example_external_task_marker_dag.py
[2023-03-22T04:00:52.159+0400] {processor.py:743} INFO - Processing file /home/civis/anaconda3/lib/python3.9/site-packages/airflow/example_dags/example_external_task_marker_dag.py for tasks to queue
[2023-03-22T04:00:52.160+0400] {logging_mixin.py:137} INFO - [2023-03-22T04:00:52.160+0400] {dagbag.py:538} INFO - Filling up the DagBag from /home/civis/anaconda3/lib/python3.9/site-packages/airflow/example_dags/example_external_task_marker_dag.py
[2023-03-22T04:00:52.171+0400] {processor.py:753} INFO - DAG(s) dict_keys(['example_external_task_marker_child', 'example_external_task_marker_parent']) retrieved from /home/civis/anaconda3/lib/python3.9/site-packages/airflow/example_dags/example_external_task_marker_dag.py
[2023-03-22T04:00:52.179+0400] {logging_mixin.py:137} INFO - [2023-03-22T04:00:52.179+0400] {dag.py:2690} INFO - Sync 2 DAGs
[2023-03-22T04:00:52.187+0400] {logging_mixin.py:137} INFO - [2023-03-22T04:00:52.187+0400] {dag.py:3437} INFO - Setting next_dagrun for example_external_task_marker_child to None, run_after=None
[2023-03-22T04:00:52.188+0400] {logging_mixin.py:137} INFO - [2023-03-22T04:00:52.188+0400] {dag.py:3437} INFO - Setting next_dagrun for example_external_task_marker_parent to None, run_after=None
[2023-03-22T04:00:52.206+0400] {processor.py:175} INFO - Processing /home/civis/anaconda3/lib/python3.9/site-packages/airflow/example_dags/example_external_task_marker_dag.py took 0.048 seconds
[2023-03-22T04:01:31.577+0400] {processor.py:153} INFO - Started process (PID=166867) to work on /home/civis/anaconda3/lib/python3.9/site-packages/airflow/example_dags/example_external_task_marker_dag.py
[2023-03-22T04:01:31.585+0400] {processor.py:743} INFO - Processing file /home/civis/anaconda3/lib/python3.9/site-packages/airflow/example_dags/example_external_task_marker_dag.py for tasks to queue
[2023-03-22T04:01:31.586+0400] {logging_mixin.py:137} INFO - [2023-03-22T04:01:31.586+0400] {dagbag.py:538} INFO - Filling up the DagBag from /home/civis/anaconda3/lib/python3.9/site-packages/airflow/example_dags/example_external_task_marker_dag.py
[2023-03-22T04:01:31.602+0400] {processor.py:753} INFO - DAG(s) dict_keys(['example_external_task_marker_parent', 'example_external_task_marker_child']) retrieved from /home/civis/anaconda3/lib/python3.9/site-packages/airflow/example_dags/example_external_task_marker_dag.py
[2023-03-22T04:01:31.610+0400] {logging_mixin.py:137} INFO - [2023-03-22T04:01:31.610+0400] {dag.py:2690} INFO - Sync 2 DAGs
[2023-03-22T04:01:31.618+0400] {logging_mixin.py:137} INFO - [2023-03-22T04:01:31.618+0400] {dag.py:3437} INFO - Setting next_dagrun for example_external_task_marker_child to None, run_after=None
[2023-03-22T04:01:31.619+0400] {logging_mixin.py:137} INFO - [2023-03-22T04:01:31.619+0400] {dag.py:3437} INFO - Setting next_dagrun for example_external_task_marker_parent to None, run_after=None
[2023-03-22T04:01:31.633+0400] {processor.py:175} INFO - Processing /home/civis/anaconda3/lib/python3.9/site-packages/airflow/example_dags/example_external_task_marker_dag.py took 0.059 seconds
[2023-03-22T04:02:12.840+0400] {processor.py:153} INFO - Started process (PID=167557) to work on /home/civis/anaconda3/lib/python3.9/site-packages/airflow/example_dags/example_external_task_marker_dag.py
[2023-03-22T04:02:12.840+0400] {processor.py:743} INFO - Processing file /home/civis/anaconda3/lib/python3.9/site-packages/airflow/example_dags/example_external_task_marker_dag.py for tasks to queue
[2023-03-22T04:02:12.841+0400] {logging_mixin.py:137} INFO - [2023-03-22T04:02:12.841+0400] {dagbag.py:538} INFO - Filling up the DagBag from /home/civis/anaconda3/lib/python3.9/site-packages/airflow/example_dags/example_external_task_marker_dag.py
[2023-03-22T04:02:12.846+0400] {processor.py:753} INFO - DAG(s) dict_keys(['example_external_task_marker_parent', 'example_external_task_marker_child']) retrieved from /home/civis/anaconda3/lib/python3.9/site-packages/airflow/example_dags/example_external_task_marker_dag.py
[2023-03-22T04:02:12.854+0400] {logging_mixin.py:137} INFO - [2023-03-22T04:02:12.854+0400] {dag.py:2690} INFO - Sync 2 DAGs
[2023-03-22T04:02:12.861+0400] {logging_mixin.py:137} INFO - [2023-03-22T04:02:12.861+0400] {dag.py:3437} INFO - Setting next_dagrun for example_external_task_marker_child to None, run_after=None
[2023-03-22T04:02:12.862+0400] {logging_mixin.py:137} INFO - [2023-03-22T04:02:12.862+0400] {dag.py:3437} INFO - Setting next_dagrun for example_external_task_marker_parent to None, run_after=None
[2023-03-22T04:02:12.877+0400] {processor.py:175} INFO - Processing /home/civis/anaconda3/lib/python3.9/site-packages/airflow/example_dags/example_external_task_marker_dag.py took 0.038 seconds
[2023-03-22T04:02:50.721+0400] {processor.py:153} INFO - Started process (PID=168389) to work on /home/civis/anaconda3/lib/python3.9/site-packages/airflow/example_dags/example_external_task_marker_dag.py
[2023-03-22T04:02:50.722+0400] {processor.py:743} INFO - Processing file /home/civis/anaconda3/lib/python3.9/site-packages/airflow/example_dags/example_external_task_marker_dag.py for tasks to queue
[2023-03-22T04:02:50.722+0400] {logging_mixin.py:137} INFO - [2023-03-22T04:02:50.722+0400] {dagbag.py:538} INFO - Filling up the DagBag from /home/civis/anaconda3/lib/python3.9/site-packages/airflow/example_dags/example_external_task_marker_dag.py
[2023-03-22T04:02:50.728+0400] {processor.py:753} INFO - DAG(s) dict_keys(['example_external_task_marker_child', 'example_external_task_marker_parent']) retrieved from /home/civis/anaconda3/lib/python3.9/site-packages/airflow/example_dags/example_external_task_marker_dag.py
[2023-03-22T04:02:50.736+0400] {logging_mixin.py:137} INFO - [2023-03-22T04:02:50.736+0400] {dag.py:2690} INFO - Sync 2 DAGs
[2023-03-22T04:02:50.743+0400] {logging_mixin.py:137} INFO - [2023-03-22T04:02:50.743+0400] {dag.py:3437} INFO - Setting next_dagrun for example_external_task_marker_child to None, run_after=None
[2023-03-22T04:02:50.745+0400] {logging_mixin.py:137} INFO - [2023-03-22T04:02:50.745+0400] {dag.py:3437} INFO - Setting next_dagrun for example_external_task_marker_parent to None, run_after=None
[2023-03-22T04:02:50.759+0400] {processor.py:175} INFO - Processing /home/civis/anaconda3/lib/python3.9/site-packages/airflow/example_dags/example_external_task_marker_dag.py took 0.039 seconds
[2023-03-22T04:03:32.786+0400] {processor.py:153} INFO - Started process (PID=169149) to work on /home/civis/anaconda3/lib/python3.9/site-packages/airflow/example_dags/example_external_task_marker_dag.py
[2023-03-22T04:03:32.795+0400] {processor.py:743} INFO - Processing file /home/civis/anaconda3/lib/python3.9/site-packages/airflow/example_dags/example_external_task_marker_dag.py for tasks to queue
[2023-03-22T04:03:32.796+0400] {logging_mixin.py:137} INFO - [2023-03-22T04:03:32.796+0400] {dagbag.py:538} INFO - Filling up the DagBag from /home/civis/anaconda3/lib/python3.9/site-packages/airflow/example_dags/example_external_task_marker_dag.py
[2023-03-22T04:03:32.813+0400] {processor.py:753} INFO - DAG(s) dict_keys(['example_external_task_marker_child', 'example_external_task_marker_parent']) retrieved from /home/civis/anaconda3/lib/python3.9/site-packages/airflow/example_dags/example_external_task_marker_dag.py
[2023-03-22T04:03:32.822+0400] {logging_mixin.py:137} INFO - [2023-03-22T04:03:32.822+0400] {dag.py:2690} INFO - Sync 2 DAGs
[2023-03-22T04:03:32.831+0400] {logging_mixin.py:137} INFO - [2023-03-22T04:03:32.831+0400] {dag.py:3437} INFO - Setting next_dagrun for example_external_task_marker_child to None, run_after=None
[2023-03-22T04:03:32.833+0400] {logging_mixin.py:137} INFO - [2023-03-22T04:03:32.833+0400] {dag.py:3437} INFO - Setting next_dagrun for example_external_task_marker_parent to None, run_after=None
[2023-03-22T04:03:32.848+0400] {processor.py:175} INFO - Processing /home/civis/anaconda3/lib/python3.9/site-packages/airflow/example_dags/example_external_task_marker_dag.py took 0.064 seconds
[2023-03-22T04:04:38.511+0400] {processor.py:153} INFO - Started process (PID=170211) to work on /home/civis/anaconda3/lib/python3.9/site-packages/airflow/example_dags/example_external_task_marker_dag.py
[2023-03-22T04:04:38.512+0400] {processor.py:743} INFO - Processing file /home/civis/anaconda3/lib/python3.9/site-packages/airflow/example_dags/example_external_task_marker_dag.py for tasks to queue
[2023-03-22T04:04:38.512+0400] {logging_mixin.py:137} INFO - [2023-03-22T04:04:38.512+0400] {dagbag.py:538} INFO - Filling up the DagBag from /home/civis/anaconda3/lib/python3.9/site-packages/airflow/example_dags/example_external_task_marker_dag.py
[2023-03-22T04:04:38.525+0400] {processor.py:753} INFO - DAG(s) dict_keys(['example_external_task_marker_child', 'example_external_task_marker_parent']) retrieved from /home/civis/anaconda3/lib/python3.9/site-packages/airflow/example_dags/example_external_task_marker_dag.py
[2023-03-22T04:04:38.545+0400] {logging_mixin.py:137} INFO - [2023-03-22T04:04:38.545+0400] {dag.py:2690} INFO - Sync 2 DAGs
[2023-03-22T04:04:38.553+0400] {logging_mixin.py:137} INFO - [2023-03-22T04:04:38.553+0400] {dag.py:3437} INFO - Setting next_dagrun for example_external_task_marker_child to None, run_after=None
[2023-03-22T04:04:38.554+0400] {logging_mixin.py:137} INFO - [2023-03-22T04:04:38.554+0400] {dag.py:3437} INFO - Setting next_dagrun for example_external_task_marker_parent to None, run_after=None
[2023-03-22T04:04:38.568+0400] {processor.py:175} INFO - Processing /home/civis/anaconda3/lib/python3.9/site-packages/airflow/example_dags/example_external_task_marker_dag.py took 0.059 seconds
[2023-03-22T04:05:19.335+0400] {processor.py:153} INFO - Started process (PID=170849) to work on /home/civis/anaconda3/lib/python3.9/site-packages/airflow/example_dags/example_external_task_marker_dag.py
[2023-03-22T04:05:19.344+0400] {processor.py:743} INFO - Processing file /home/civis/anaconda3/lib/python3.9/site-packages/airflow/example_dags/example_external_task_marker_dag.py for tasks to queue
[2023-03-22T04:05:19.345+0400] {logging_mixin.py:137} INFO - [2023-03-22T04:05:19.345+0400] {dagbag.py:538} INFO - Filling up the DagBag from /home/civis/anaconda3/lib/python3.9/site-packages/airflow/example_dags/example_external_task_marker_dag.py
[2023-03-22T04:05:19.361+0400] {processor.py:753} INFO - DAG(s) dict_keys(['example_external_task_marker_parent', 'example_external_task_marker_child']) retrieved from /home/civis/anaconda3/lib/python3.9/site-packages/airflow/example_dags/example_external_task_marker_dag.py
[2023-03-22T04:05:19.368+0400] {logging_mixin.py:137} INFO - [2023-03-22T04:05:19.368+0400] {dag.py:2690} INFO - Sync 2 DAGs
[2023-03-22T04:05:19.376+0400] {logging_mixin.py:137} INFO - [2023-03-22T04:05:19.376+0400] {dag.py:3437} INFO - Setting next_dagrun for example_external_task_marker_child to None, run_after=None
[2023-03-22T04:05:19.377+0400] {logging_mixin.py:137} INFO - [2023-03-22T04:05:19.377+0400] {dag.py:3437} INFO - Setting next_dagrun for example_external_task_marker_parent to None, run_after=None
[2023-03-22T04:05:19.391+0400] {processor.py:175} INFO - Processing /home/civis/anaconda3/lib/python3.9/site-packages/airflow/example_dags/example_external_task_marker_dag.py took 0.058 seconds
[2023-03-22T04:05:58.699+0400] {processor.py:153} INFO - Started process (PID=171456) to work on /home/civis/anaconda3/lib/python3.9/site-packages/airflow/example_dags/example_external_task_marker_dag.py
[2023-03-22T04:05:58.700+0400] {processor.py:743} INFO - Processing file /home/civis/anaconda3/lib/python3.9/site-packages/airflow/example_dags/example_external_task_marker_dag.py for tasks to queue
[2023-03-22T04:05:58.700+0400] {logging_mixin.py:137} INFO - [2023-03-22T04:05:58.700+0400] {dagbag.py:538} INFO - Filling up the DagBag from /home/civis/anaconda3/lib/python3.9/site-packages/airflow/example_dags/example_external_task_marker_dag.py
[2023-03-22T04:05:58.706+0400] {processor.py:753} INFO - DAG(s) dict_keys(['example_external_task_marker_parent', 'example_external_task_marker_child']) retrieved from /home/civis/anaconda3/lib/python3.9/site-packages/airflow/example_dags/example_external_task_marker_dag.py
[2023-03-22T04:05:58.716+0400] {logging_mixin.py:137} INFO - [2023-03-22T04:05:58.716+0400] {dag.py:2690} INFO - Sync 2 DAGs
[2023-03-22T04:05:58.723+0400] {logging_mixin.py:137} INFO - [2023-03-22T04:05:58.723+0400] {dag.py:3437} INFO - Setting next_dagrun for example_external_task_marker_child to None, run_after=None
[2023-03-22T04:05:58.724+0400] {logging_mixin.py:137} INFO - [2023-03-22T04:05:58.724+0400] {dag.py:3437} INFO - Setting next_dagrun for example_external_task_marker_parent to None, run_after=None
[2023-03-22T04:05:58.739+0400] {processor.py:175} INFO - Processing /home/civis/anaconda3/lib/python3.9/site-packages/airflow/example_dags/example_external_task_marker_dag.py took 0.041 seconds
[2023-03-22T04:06:39.556+0400] {processor.py:153} INFO - Started process (PID=172168) to work on /home/civis/anaconda3/lib/python3.9/site-packages/airflow/example_dags/example_external_task_marker_dag.py
[2023-03-22T04:06:39.557+0400] {processor.py:743} INFO - Processing file /home/civis/anaconda3/lib/python3.9/site-packages/airflow/example_dags/example_external_task_marker_dag.py for tasks to queue
[2023-03-22T04:06:39.558+0400] {logging_mixin.py:137} INFO - [2023-03-22T04:06:39.558+0400] {dagbag.py:538} INFO - Filling up the DagBag from /home/civis/anaconda3/lib/python3.9/site-packages/airflow/example_dags/example_external_task_marker_dag.py
[2023-03-22T04:06:39.565+0400] {processor.py:753} INFO - DAG(s) dict_keys(['example_external_task_marker_parent', 'example_external_task_marker_child']) retrieved from /home/civis/anaconda3/lib/python3.9/site-packages/airflow/example_dags/example_external_task_marker_dag.py
[2023-03-22T04:06:39.573+0400] {logging_mixin.py:137} INFO - [2023-03-22T04:06:39.573+0400] {dag.py:2690} INFO - Sync 2 DAGs
[2023-03-22T04:06:39.580+0400] {logging_mixin.py:137} INFO - [2023-03-22T04:06:39.580+0400] {dag.py:3437} INFO - Setting next_dagrun for example_external_task_marker_child to None, run_after=None
[2023-03-22T04:06:39.581+0400] {logging_mixin.py:137} INFO - [2023-03-22T04:06:39.581+0400] {dag.py:3437} INFO - Setting next_dagrun for example_external_task_marker_parent to None, run_after=None
[2023-03-22T04:06:39.596+0400] {processor.py:175} INFO - Processing /home/civis/anaconda3/lib/python3.9/site-packages/airflow/example_dags/example_external_task_marker_dag.py took 0.042 seconds
[2023-03-22T04:07:19.199+0400] {processor.py:153} INFO - Started process (PID=172778) to work on /home/civis/anaconda3/lib/python3.9/site-packages/airflow/example_dags/example_external_task_marker_dag.py
[2023-03-22T04:07:19.207+0400] {processor.py:743} INFO - Processing file /home/civis/anaconda3/lib/python3.9/site-packages/airflow/example_dags/example_external_task_marker_dag.py for tasks to queue
[2023-03-22T04:07:19.208+0400] {logging_mixin.py:137} INFO - [2023-03-22T04:07:19.208+0400] {dagbag.py:538} INFO - Filling up the DagBag from /home/civis/anaconda3/lib/python3.9/site-packages/airflow/example_dags/example_external_task_marker_dag.py
[2023-03-22T04:07:19.224+0400] {processor.py:753} INFO - DAG(s) dict_keys(['example_external_task_marker_child', 'example_external_task_marker_parent']) retrieved from /home/civis/anaconda3/lib/python3.9/site-packages/airflow/example_dags/example_external_task_marker_dag.py
[2023-03-22T04:07:19.232+0400] {logging_mixin.py:137} INFO - [2023-03-22T04:07:19.232+0400] {dag.py:2690} INFO - Sync 2 DAGs
[2023-03-22T04:07:19.240+0400] {logging_mixin.py:137} INFO - [2023-03-22T04:07:19.240+0400] {dag.py:3437} INFO - Setting next_dagrun for example_external_task_marker_child to None, run_after=None
[2023-03-22T04:07:19.241+0400] {logging_mixin.py:137} INFO - [2023-03-22T04:07:19.241+0400] {dag.py:3437} INFO - Setting next_dagrun for example_external_task_marker_parent to None, run_after=None
[2023-03-22T04:07:19.258+0400] {processor.py:175} INFO - Processing /home/civis/anaconda3/lib/python3.9/site-packages/airflow/example_dags/example_external_task_marker_dag.py took 0.062 seconds
[2023-03-22T04:08:00.767+0400] {processor.py:153} INFO - Started process (PID=173465) to work on /home/civis/anaconda3/lib/python3.9/site-packages/airflow/example_dags/example_external_task_marker_dag.py
[2023-03-22T04:08:00.776+0400] {processor.py:743} INFO - Processing file /home/civis/anaconda3/lib/python3.9/site-packages/airflow/example_dags/example_external_task_marker_dag.py for tasks to queue
[2023-03-22T04:08:00.777+0400] {logging_mixin.py:137} INFO - [2023-03-22T04:08:00.777+0400] {dagbag.py:538} INFO - Filling up the DagBag from /home/civis/anaconda3/lib/python3.9/site-packages/airflow/example_dags/example_external_task_marker_dag.py
[2023-03-22T04:08:00.793+0400] {processor.py:753} INFO - DAG(s) dict_keys(['example_external_task_marker_parent', 'example_external_task_marker_child']) retrieved from /home/civis/anaconda3/lib/python3.9/site-packages/airflow/example_dags/example_external_task_marker_dag.py
[2023-03-22T04:08:00.801+0400] {logging_mixin.py:137} INFO - [2023-03-22T04:08:00.801+0400] {dag.py:2690} INFO - Sync 2 DAGs
[2023-03-22T04:08:00.809+0400] {logging_mixin.py:137} INFO - [2023-03-22T04:08:00.808+0400] {dag.py:3437} INFO - Setting next_dagrun for example_external_task_marker_child to None, run_after=None
[2023-03-22T04:08:00.810+0400] {logging_mixin.py:137} INFO - [2023-03-22T04:08:00.810+0400] {dag.py:3437} INFO - Setting next_dagrun for example_external_task_marker_parent to None, run_after=None
[2023-03-22T04:08:00.825+0400] {processor.py:175} INFO - Processing /home/civis/anaconda3/lib/python3.9/site-packages/airflow/example_dags/example_external_task_marker_dag.py took 0.060 seconds
[2023-03-22T04:08:40.259+0400] {processor.py:153} INFO - Started process (PID=174219) to work on /home/civis/anaconda3/lib/python3.9/site-packages/airflow/example_dags/example_external_task_marker_dag.py
[2023-03-22T04:08:40.268+0400] {processor.py:743} INFO - Processing file /home/civis/anaconda3/lib/python3.9/site-packages/airflow/example_dags/example_external_task_marker_dag.py for tasks to queue
[2023-03-22T04:08:40.269+0400] {logging_mixin.py:137} INFO - [2023-03-22T04:08:40.269+0400] {dagbag.py:538} INFO - Filling up the DagBag from /home/civis/anaconda3/lib/python3.9/site-packages/airflow/example_dags/example_external_task_marker_dag.py
[2023-03-22T04:08:40.285+0400] {processor.py:753} INFO - DAG(s) dict_keys(['example_external_task_marker_child', 'example_external_task_marker_parent']) retrieved from /home/civis/anaconda3/lib/python3.9/site-packages/airflow/example_dags/example_external_task_marker_dag.py
[2023-03-22T04:08:40.293+0400] {logging_mixin.py:137} INFO - [2023-03-22T04:08:40.293+0400] {dag.py:2690} INFO - Sync 2 DAGs
[2023-03-22T04:08:40.300+0400] {logging_mixin.py:137} INFO - [2023-03-22T04:08:40.300+0400] {dag.py:3437} INFO - Setting next_dagrun for example_external_task_marker_child to None, run_after=None
[2023-03-22T04:08:40.301+0400] {logging_mixin.py:137} INFO - [2023-03-22T04:08:40.301+0400] {dag.py:3437} INFO - Setting next_dagrun for example_external_task_marker_parent to None, run_after=None
[2023-03-22T04:08:40.315+0400] {processor.py:175} INFO - Processing /home/civis/anaconda3/lib/python3.9/site-packages/airflow/example_dags/example_external_task_marker_dag.py took 0.057 seconds
[2023-03-22T04:09:20.884+0400] {processor.py:153} INFO - Started process (PID=176049) to work on /home/civis/anaconda3/lib/python3.9/site-packages/airflow/example_dags/example_external_task_marker_dag.py
[2023-03-22T04:09:20.892+0400] {processor.py:743} INFO - Processing file /home/civis/anaconda3/lib/python3.9/site-packages/airflow/example_dags/example_external_task_marker_dag.py for tasks to queue
[2023-03-22T04:09:20.892+0400] {logging_mixin.py:137} INFO - [2023-03-22T04:09:20.892+0400] {dagbag.py:538} INFO - Filling up the DagBag from /home/civis/anaconda3/lib/python3.9/site-packages/airflow/example_dags/example_external_task_marker_dag.py
[2023-03-22T04:09:20.899+0400] {processor.py:753} INFO - DAG(s) dict_keys(['example_external_task_marker_parent', 'example_external_task_marker_child']) retrieved from /home/civis/anaconda3/lib/python3.9/site-packages/airflow/example_dags/example_external_task_marker_dag.py
[2023-03-22T04:09:20.909+0400] {logging_mixin.py:137} INFO - [2023-03-22T04:09:20.909+0400] {dag.py:2690} INFO - Sync 2 DAGs
[2023-03-22T04:09:20.916+0400] {logging_mixin.py:137} INFO - [2023-03-22T04:09:20.916+0400] {dag.py:3437} INFO - Setting next_dagrun for example_external_task_marker_child to None, run_after=None
[2023-03-22T04:09:20.918+0400] {logging_mixin.py:137} INFO - [2023-03-22T04:09:20.918+0400] {dag.py:3437} INFO - Setting next_dagrun for example_external_task_marker_parent to None, run_after=None
[2023-03-22T04:09:20.932+0400] {processor.py:175} INFO - Processing /home/civis/anaconda3/lib/python3.9/site-packages/airflow/example_dags/example_external_task_marker_dag.py took 0.049 seconds
[2023-03-22T04:10:05.100+0400] {processor.py:153} INFO - Started process (PID=176755) to work on /home/civis/anaconda3/lib/python3.9/site-packages/airflow/example_dags/example_external_task_marker_dag.py
[2023-03-22T04:10:05.109+0400] {processor.py:743} INFO - Processing file /home/civis/anaconda3/lib/python3.9/site-packages/airflow/example_dags/example_external_task_marker_dag.py for tasks to queue
[2023-03-22T04:10:05.110+0400] {logging_mixin.py:137} INFO - [2023-03-22T04:10:05.110+0400] {dagbag.py:538} INFO - Filling up the DagBag from /home/civis/anaconda3/lib/python3.9/site-packages/airflow/example_dags/example_external_task_marker_dag.py
[2023-03-22T04:10:05.121+0400] {processor.py:753} INFO - DAG(s) dict_keys(['example_external_task_marker_parent', 'example_external_task_marker_child']) retrieved from /home/civis/anaconda3/lib/python3.9/site-packages/airflow/example_dags/example_external_task_marker_dag.py
[2023-03-22T04:10:05.129+0400] {logging_mixin.py:137} INFO - [2023-03-22T04:10:05.129+0400] {dag.py:2690} INFO - Sync 2 DAGs
[2023-03-22T04:10:05.137+0400] {logging_mixin.py:137} INFO - [2023-03-22T04:10:05.137+0400] {dag.py:3437} INFO - Setting next_dagrun for example_external_task_marker_child to None, run_after=None
[2023-03-22T04:10:05.138+0400] {logging_mixin.py:137} INFO - [2023-03-22T04:10:05.138+0400] {dag.py:3437} INFO - Setting next_dagrun for example_external_task_marker_parent to None, run_after=None
[2023-03-22T04:10:05.152+0400] {processor.py:175} INFO - Processing /home/civis/anaconda3/lib/python3.9/site-packages/airflow/example_dags/example_external_task_marker_dag.py took 0.055 seconds
[2023-03-22T04:10:46.834+0400] {processor.py:153} INFO - Started process (PID=177495) to work on /home/civis/anaconda3/lib/python3.9/site-packages/airflow/example_dags/example_external_task_marker_dag.py
[2023-03-22T04:10:46.843+0400] {processor.py:743} INFO - Processing file /home/civis/anaconda3/lib/python3.9/site-packages/airflow/example_dags/example_external_task_marker_dag.py for tasks to queue
[2023-03-22T04:10:46.844+0400] {logging_mixin.py:137} INFO - [2023-03-22T04:10:46.844+0400] {dagbag.py:538} INFO - Filling up the DagBag from /home/civis/anaconda3/lib/python3.9/site-packages/airflow/example_dags/example_external_task_marker_dag.py
[2023-03-22T04:10:46.857+0400] {processor.py:753} INFO - DAG(s) dict_keys(['example_external_task_marker_parent', 'example_external_task_marker_child']) retrieved from /home/civis/anaconda3/lib/python3.9/site-packages/airflow/example_dags/example_external_task_marker_dag.py
[2023-03-22T04:10:46.867+0400] {logging_mixin.py:137} INFO - [2023-03-22T04:10:46.867+0400] {dag.py:2690} INFO - Sync 2 DAGs
[2023-03-22T04:10:46.876+0400] {logging_mixin.py:137} INFO - [2023-03-22T04:10:46.876+0400] {dag.py:3437} INFO - Setting next_dagrun for example_external_task_marker_child to None, run_after=None
[2023-03-22T04:10:46.877+0400] {logging_mixin.py:137} INFO - [2023-03-22T04:10:46.877+0400] {dag.py:3437} INFO - Setting next_dagrun for example_external_task_marker_parent to None, run_after=None
[2023-03-22T04:10:46.892+0400] {processor.py:175} INFO - Processing /home/civis/anaconda3/lib/python3.9/site-packages/airflow/example_dags/example_external_task_marker_dag.py took 0.060 seconds
[2023-03-22T04:11:26.656+0400] {processor.py:153} INFO - Started process (PID=178180) to work on /home/civis/anaconda3/lib/python3.9/site-packages/airflow/example_dags/example_external_task_marker_dag.py
[2023-03-22T04:11:26.665+0400] {processor.py:743} INFO - Processing file /home/civis/anaconda3/lib/python3.9/site-packages/airflow/example_dags/example_external_task_marker_dag.py for tasks to queue
[2023-03-22T04:11:26.666+0400] {logging_mixin.py:137} INFO - [2023-03-22T04:11:26.666+0400] {dagbag.py:538} INFO - Filling up the DagBag from /home/civis/anaconda3/lib/python3.9/site-packages/airflow/example_dags/example_external_task_marker_dag.py
[2023-03-22T04:11:26.682+0400] {processor.py:753} INFO - DAG(s) dict_keys(['example_external_task_marker_child', 'example_external_task_marker_parent']) retrieved from /home/civis/anaconda3/lib/python3.9/site-packages/airflow/example_dags/example_external_task_marker_dag.py
[2023-03-22T04:11:26.690+0400] {logging_mixin.py:137} INFO - [2023-03-22T04:11:26.690+0400] {dag.py:2690} INFO - Sync 2 DAGs
[2023-03-22T04:11:26.698+0400] {logging_mixin.py:137} INFO - [2023-03-22T04:11:26.698+0400] {dag.py:3437} INFO - Setting next_dagrun for example_external_task_marker_child to None, run_after=None
[2023-03-22T04:11:26.699+0400] {logging_mixin.py:137} INFO - [2023-03-22T04:11:26.699+0400] {dag.py:3437} INFO - Setting next_dagrun for example_external_task_marker_parent to None, run_after=None
[2023-03-22T04:11:26.713+0400] {processor.py:175} INFO - Processing /home/civis/anaconda3/lib/python3.9/site-packages/airflow/example_dags/example_external_task_marker_dag.py took 0.060 seconds
