[2023-03-22T04:00:23.504+0400] {processor.py:153} INFO - Started process (PID=165840) to work on /home/civis/anaconda3/lib/python3.9/site-packages/airflow/example_dags/example_task_group.py
[2023-03-22T04:00:23.504+0400] {processor.py:743} INFO - Processing file /home/civis/anaconda3/lib/python3.9/site-packages/airflow/example_dags/example_task_group.py for tasks to queue
[2023-03-22T04:00:23.504+0400] {logging_mixin.py:137} INFO - [2023-03-22T04:00:23.504+0400] {dagbag.py:538} INFO - Filling up the DagBag from /home/civis/anaconda3/lib/python3.9/site-packages/airflow/example_dags/example_task_group.py
[2023-03-22T04:00:23.510+0400] {processor.py:753} INFO - DAG(s) dict_keys(['example_task_group']) retrieved from /home/civis/anaconda3/lib/python3.9/site-packages/airflow/example_dags/example_task_group.py
[2023-03-22T04:00:23.518+0400] {logging_mixin.py:137} INFO - [2023-03-22T04:00:23.518+0400] {dag.py:2690} INFO - Sync 1 DAGs
[2023-03-22T04:00:23.527+0400] {logging_mixin.py:137} INFO - [2023-03-22T04:00:23.527+0400] {dag.py:3437} INFO - Setting next_dagrun for example_task_group to 2023-03-21T00:00:23.527243+00:00, run_after=2023-03-22T00:00:23.527243+00:00
[2023-03-22T04:00:23.555+0400] {processor.py:175} INFO - Processing /home/civis/anaconda3/lib/python3.9/site-packages/airflow/example_dags/example_task_group.py took 0.053 seconds
[2023-03-22T04:01:02.456+0400] {processor.py:153} INFO - Started process (PID=166412) to work on /home/civis/anaconda3/lib/python3.9/site-packages/airflow/example_dags/example_task_group.py
[2023-03-22T04:01:02.465+0400] {processor.py:743} INFO - Processing file /home/civis/anaconda3/lib/python3.9/site-packages/airflow/example_dags/example_task_group.py for tasks to queue
[2023-03-22T04:01:02.467+0400] {logging_mixin.py:137} INFO - [2023-03-22T04:01:02.466+0400] {dagbag.py:538} INFO - Filling up the DagBag from /home/civis/anaconda3/lib/python3.9/site-packages/airflow/example_dags/example_task_group.py
[2023-03-22T04:01:02.483+0400] {processor.py:753} INFO - DAG(s) dict_keys(['example_task_group']) retrieved from /home/civis/anaconda3/lib/python3.9/site-packages/airflow/example_dags/example_task_group.py
[2023-03-22T04:01:02.490+0400] {logging_mixin.py:137} INFO - [2023-03-22T04:01:02.490+0400] {dag.py:2690} INFO - Sync 1 DAGs
[2023-03-22T04:01:02.498+0400] {logging_mixin.py:137} INFO - [2023-03-22T04:01:02.498+0400] {dag.py:3437} INFO - Setting next_dagrun for example_task_group to 2023-03-21T00:01:02.498168+00:00, run_after=2023-03-22T00:01:02.498168+00:00
[2023-03-22T04:01:02.513+0400] {processor.py:175} INFO - Processing /home/civis/anaconda3/lib/python3.9/site-packages/airflow/example_dags/example_task_group.py took 0.061 seconds
[2023-03-22T04:01:43.052+0400] {processor.py:153} INFO - Started process (PID=167046) to work on /home/civis/anaconda3/lib/python3.9/site-packages/airflow/example_dags/example_task_group.py
[2023-03-22T04:01:43.060+0400] {processor.py:743} INFO - Processing file /home/civis/anaconda3/lib/python3.9/site-packages/airflow/example_dags/example_task_group.py for tasks to queue
[2023-03-22T04:01:43.061+0400] {logging_mixin.py:137} INFO - [2023-03-22T04:01:43.060+0400] {dagbag.py:538} INFO - Filling up the DagBag from /home/civis/anaconda3/lib/python3.9/site-packages/airflow/example_dags/example_task_group.py
[2023-03-22T04:01:43.068+0400] {processor.py:753} INFO - DAG(s) dict_keys(['example_task_group']) retrieved from /home/civis/anaconda3/lib/python3.9/site-packages/airflow/example_dags/example_task_group.py
[2023-03-22T04:01:43.076+0400] {logging_mixin.py:137} INFO - [2023-03-22T04:01:43.076+0400] {dag.py:2690} INFO - Sync 1 DAGs
[2023-03-22T04:01:43.084+0400] {logging_mixin.py:137} INFO - [2023-03-22T04:01:43.084+0400] {dag.py:3437} INFO - Setting next_dagrun for example_task_group to 2023-03-21T00:01:43.084289+00:00, run_after=2023-03-22T00:01:43.084289+00:00
[2023-03-22T04:01:43.099+0400] {processor.py:175} INFO - Processing /home/civis/anaconda3/lib/python3.9/site-packages/airflow/example_dags/example_task_group.py took 0.048 seconds
[2023-03-22T04:02:22.737+0400] {processor.py:153} INFO - Started process (PID=167764) to work on /home/civis/anaconda3/lib/python3.9/site-packages/airflow/example_dags/example_task_group.py
[2023-03-22T04:02:22.737+0400] {processor.py:743} INFO - Processing file /home/civis/anaconda3/lib/python3.9/site-packages/airflow/example_dags/example_task_group.py for tasks to queue
[2023-03-22T04:02:22.738+0400] {logging_mixin.py:137} INFO - [2023-03-22T04:02:22.738+0400] {dagbag.py:538} INFO - Filling up the DagBag from /home/civis/anaconda3/lib/python3.9/site-packages/airflow/example_dags/example_task_group.py
[2023-03-22T04:02:22.744+0400] {processor.py:753} INFO - DAG(s) dict_keys(['example_task_group']) retrieved from /home/civis/anaconda3/lib/python3.9/site-packages/airflow/example_dags/example_task_group.py
[2023-03-22T04:02:22.751+0400] {logging_mixin.py:137} INFO - [2023-03-22T04:02:22.751+0400] {dag.py:2690} INFO - Sync 1 DAGs
[2023-03-22T04:02:22.758+0400] {logging_mixin.py:137} INFO - [2023-03-22T04:02:22.758+0400] {dag.py:3437} INFO - Setting next_dagrun for example_task_group to 2023-03-21T00:02:22.758485+00:00, run_after=2023-03-22T00:02:22.758485+00:00
[2023-03-22T04:02:22.774+0400] {processor.py:175} INFO - Processing /home/civis/anaconda3/lib/python3.9/site-packages/airflow/example_dags/example_task_group.py took 0.040 seconds
[2023-03-22T04:03:03.107+0400] {processor.py:153} INFO - Started process (PID=168592) to work on /home/civis/anaconda3/lib/python3.9/site-packages/airflow/example_dags/example_task_group.py
[2023-03-22T04:03:03.108+0400] {processor.py:743} INFO - Processing file /home/civis/anaconda3/lib/python3.9/site-packages/airflow/example_dags/example_task_group.py for tasks to queue
[2023-03-22T04:03:03.108+0400] {logging_mixin.py:137} INFO - [2023-03-22T04:03:03.108+0400] {dagbag.py:538} INFO - Filling up the DagBag from /home/civis/anaconda3/lib/python3.9/site-packages/airflow/example_dags/example_task_group.py
[2023-03-22T04:03:03.114+0400] {processor.py:753} INFO - DAG(s) dict_keys(['example_task_group']) retrieved from /home/civis/anaconda3/lib/python3.9/site-packages/airflow/example_dags/example_task_group.py
[2023-03-22T04:03:03.121+0400] {logging_mixin.py:137} INFO - [2023-03-22T04:03:03.121+0400] {dag.py:2690} INFO - Sync 1 DAGs
[2023-03-22T04:03:03.129+0400] {logging_mixin.py:137} INFO - [2023-03-22T04:03:03.129+0400] {dag.py:3437} INFO - Setting next_dagrun for example_task_group to 2023-03-21T00:03:03.129233+00:00, run_after=2023-03-22T00:03:03.129233+00:00
[2023-03-22T04:03:03.146+0400] {processor.py:175} INFO - Processing /home/civis/anaconda3/lib/python3.9/site-packages/airflow/example_dags/example_task_group.py took 0.040 seconds
[2023-03-22T04:03:41.949+0400] {processor.py:153} INFO - Started process (PID=169311) to work on /home/civis/anaconda3/lib/python3.9/site-packages/airflow/example_dags/example_task_group.py
[2023-03-22T04:03:41.950+0400] {processor.py:743} INFO - Processing file /home/civis/anaconda3/lib/python3.9/site-packages/airflow/example_dags/example_task_group.py for tasks to queue
[2023-03-22T04:03:41.950+0400] {logging_mixin.py:137} INFO - [2023-03-22T04:03:41.950+0400] {dagbag.py:538} INFO - Filling up the DagBag from /home/civis/anaconda3/lib/python3.9/site-packages/airflow/example_dags/example_task_group.py
[2023-03-22T04:03:41.957+0400] {processor.py:753} INFO - DAG(s) dict_keys(['example_task_group']) retrieved from /home/civis/anaconda3/lib/python3.9/site-packages/airflow/example_dags/example_task_group.py
[2023-03-22T04:03:41.965+0400] {logging_mixin.py:137} INFO - [2023-03-22T04:03:41.965+0400] {dag.py:2690} INFO - Sync 1 DAGs
[2023-03-22T04:03:41.973+0400] {logging_mixin.py:137} INFO - [2023-03-22T04:03:41.972+0400] {dag.py:3437} INFO - Setting next_dagrun for example_task_group to 2023-03-21T00:03:41.972835+00:00, run_after=2023-03-22T00:03:41.972835+00:00
[2023-03-22T04:03:41.990+0400] {processor.py:175} INFO - Processing /home/civis/anaconda3/lib/python3.9/site-packages/airflow/example_dags/example_task_group.py took 0.044 seconds
[2023-03-22T04:04:09.569+0400] {processor.py:153} INFO - Started process (PID=169758) to work on /home/civis/anaconda3/lib/python3.9/site-packages/airflow/example_dags/example_task_group.py
[2023-03-22T04:04:09.578+0400] {processor.py:743} INFO - Processing file /home/civis/anaconda3/lib/python3.9/site-packages/airflow/example_dags/example_task_group.py for tasks to queue
[2023-03-22T04:04:09.579+0400] {logging_mixin.py:137} INFO - [2023-03-22T04:04:09.579+0400] {dagbag.py:538} INFO - Filling up the DagBag from /home/civis/anaconda3/lib/python3.9/site-packages/airflow/example_dags/example_task_group.py
[2023-03-22T04:04:09.597+0400] {processor.py:753} INFO - DAG(s) dict_keys(['example_task_group']) retrieved from /home/civis/anaconda3/lib/python3.9/site-packages/airflow/example_dags/example_task_group.py
[2023-03-22T04:04:09.605+0400] {logging_mixin.py:137} INFO - [2023-03-22T04:04:09.605+0400] {dag.py:2690} INFO - Sync 1 DAGs
[2023-03-22T04:04:09.613+0400] {logging_mixin.py:137} INFO - [2023-03-22T04:04:09.613+0400] {dag.py:3437} INFO - Setting next_dagrun for example_task_group to 2023-03-21T00:04:09.613137+00:00, run_after=2023-03-22T00:04:09.613137+00:00
[2023-03-22T04:04:09.628+0400] {processor.py:175} INFO - Processing /home/civis/anaconda3/lib/python3.9/site-packages/airflow/example_dags/example_task_group.py took 0.063 seconds
[2023-03-22T04:04:49.422+0400] {processor.py:153} INFO - Started process (PID=170399) to work on /home/civis/anaconda3/lib/python3.9/site-packages/airflow/example_dags/example_task_group.py
[2023-03-22T04:04:49.423+0400] {processor.py:743} INFO - Processing file /home/civis/anaconda3/lib/python3.9/site-packages/airflow/example_dags/example_task_group.py for tasks to queue
[2023-03-22T04:04:49.423+0400] {logging_mixin.py:137} INFO - [2023-03-22T04:04:49.423+0400] {dagbag.py:538} INFO - Filling up the DagBag from /home/civis/anaconda3/lib/python3.9/site-packages/airflow/example_dags/example_task_group.py
[2023-03-22T04:04:49.437+0400] {processor.py:753} INFO - DAG(s) dict_keys(['example_task_group']) retrieved from /home/civis/anaconda3/lib/python3.9/site-packages/airflow/example_dags/example_task_group.py
[2023-03-22T04:04:49.444+0400] {logging_mixin.py:137} INFO - [2023-03-22T04:04:49.444+0400] {dag.py:2690} INFO - Sync 1 DAGs
[2023-03-22T04:04:49.452+0400] {logging_mixin.py:137} INFO - [2023-03-22T04:04:49.452+0400] {dag.py:3437} INFO - Setting next_dagrun for example_task_group to 2023-03-21T00:04:49.451938+00:00, run_after=2023-03-22T00:04:49.451938+00:00
[2023-03-22T04:04:49.467+0400] {processor.py:175} INFO - Processing /home/civis/anaconda3/lib/python3.9/site-packages/airflow/example_dags/example_task_group.py took 0.048 seconds
[2023-03-22T04:05:29.479+0400] {processor.py:153} INFO - Started process (PID=171004) to work on /home/civis/anaconda3/lib/python3.9/site-packages/airflow/example_dags/example_task_group.py
[2023-03-22T04:05:29.488+0400] {processor.py:743} INFO - Processing file /home/civis/anaconda3/lib/python3.9/site-packages/airflow/example_dags/example_task_group.py for tasks to queue
[2023-03-22T04:05:29.489+0400] {logging_mixin.py:137} INFO - [2023-03-22T04:05:29.489+0400] {dagbag.py:538} INFO - Filling up the DagBag from /home/civis/anaconda3/lib/python3.9/site-packages/airflow/example_dags/example_task_group.py
[2023-03-22T04:05:29.514+0400] {processor.py:753} INFO - DAG(s) dict_keys(['example_task_group']) retrieved from /home/civis/anaconda3/lib/python3.9/site-packages/airflow/example_dags/example_task_group.py
[2023-03-22T04:05:29.521+0400] {logging_mixin.py:137} INFO - [2023-03-22T04:05:29.521+0400] {dag.py:2690} INFO - Sync 1 DAGs
[2023-03-22T04:05:29.529+0400] {logging_mixin.py:137} INFO - [2023-03-22T04:05:29.529+0400] {dag.py:3437} INFO - Setting next_dagrun for example_task_group to 2023-03-21T00:05:29.529051+00:00, run_after=2023-03-22T00:05:29.529051+00:00
[2023-03-22T04:05:29.545+0400] {processor.py:175} INFO - Processing /home/civis/anaconda3/lib/python3.9/site-packages/airflow/example_dags/example_task_group.py took 0.068 seconds
[2023-03-22T04:06:09.985+0400] {processor.py:153} INFO - Started process (PID=171682) to work on /home/civis/anaconda3/lib/python3.9/site-packages/airflow/example_dags/example_task_group.py
[2023-03-22T04:06:09.994+0400] {processor.py:743} INFO - Processing file /home/civis/anaconda3/lib/python3.9/site-packages/airflow/example_dags/example_task_group.py for tasks to queue
[2023-03-22T04:06:09.995+0400] {logging_mixin.py:137} INFO - [2023-03-22T04:06:09.994+0400] {dagbag.py:538} INFO - Filling up the DagBag from /home/civis/anaconda3/lib/python3.9/site-packages/airflow/example_dags/example_task_group.py
[2023-03-22T04:06:10.007+0400] {processor.py:753} INFO - DAG(s) dict_keys(['example_task_group']) retrieved from /home/civis/anaconda3/lib/python3.9/site-packages/airflow/example_dags/example_task_group.py
[2023-03-22T04:06:10.015+0400] {logging_mixin.py:137} INFO - [2023-03-22T04:06:10.015+0400] {dag.py:2690} INFO - Sync 1 DAGs
[2023-03-22T04:06:10.023+0400] {logging_mixin.py:137} INFO - [2023-03-22T04:06:10.023+0400] {dag.py:3437} INFO - Setting next_dagrun for example_task_group to 2023-03-21T00:06:10.023075+00:00, run_after=2023-03-22T00:06:10.023075+00:00
[2023-03-22T04:06:10.038+0400] {processor.py:175} INFO - Processing /home/civis/anaconda3/lib/python3.9/site-packages/airflow/example_dags/example_task_group.py took 0.056 seconds
[2023-03-22T04:06:49.403+0400] {processor.py:153} INFO - Started process (PID=172327) to work on /home/civis/anaconda3/lib/python3.9/site-packages/airflow/example_dags/example_task_group.py
[2023-03-22T04:06:49.403+0400] {processor.py:743} INFO - Processing file /home/civis/anaconda3/lib/python3.9/site-packages/airflow/example_dags/example_task_group.py for tasks to queue
[2023-03-22T04:06:49.404+0400] {logging_mixin.py:137} INFO - [2023-03-22T04:06:49.404+0400] {dagbag.py:538} INFO - Filling up the DagBag from /home/civis/anaconda3/lib/python3.9/site-packages/airflow/example_dags/example_task_group.py
[2023-03-22T04:06:49.418+0400] {processor.py:753} INFO - DAG(s) dict_keys(['example_task_group']) retrieved from /home/civis/anaconda3/lib/python3.9/site-packages/airflow/example_dags/example_task_group.py
[2023-03-22T04:06:49.425+0400] {logging_mixin.py:137} INFO - [2023-03-22T04:06:49.425+0400] {dag.py:2690} INFO - Sync 1 DAGs
[2023-03-22T04:06:49.433+0400] {logging_mixin.py:137} INFO - [2023-03-22T04:06:49.433+0400] {dag.py:3437} INFO - Setting next_dagrun for example_task_group to 2023-03-21T00:06:49.433639+00:00, run_after=2023-03-22T00:06:49.433639+00:00
[2023-03-22T04:06:49.449+0400] {processor.py:175} INFO - Processing /home/civis/anaconda3/lib/python3.9/site-packages/airflow/example_dags/example_task_group.py took 0.049 seconds
[2023-03-22T04:07:31.118+0400] {processor.py:153} INFO - Started process (PID=172981) to work on /home/civis/anaconda3/lib/python3.9/site-packages/airflow/example_dags/example_task_group.py
[2023-03-22T04:07:31.126+0400] {processor.py:743} INFO - Processing file /home/civis/anaconda3/lib/python3.9/site-packages/airflow/example_dags/example_task_group.py for tasks to queue
[2023-03-22T04:07:31.127+0400] {logging_mixin.py:137} INFO - [2023-03-22T04:07:31.127+0400] {dagbag.py:538} INFO - Filling up the DagBag from /home/civis/anaconda3/lib/python3.9/site-packages/airflow/example_dags/example_task_group.py
[2023-03-22T04:07:31.152+0400] {processor.py:753} INFO - DAG(s) dict_keys(['example_task_group']) retrieved from /home/civis/anaconda3/lib/python3.9/site-packages/airflow/example_dags/example_task_group.py
[2023-03-22T04:07:31.160+0400] {logging_mixin.py:137} INFO - [2023-03-22T04:07:31.160+0400] {dag.py:2690} INFO - Sync 1 DAGs
[2023-03-22T04:07:31.167+0400] {logging_mixin.py:137} INFO - [2023-03-22T04:07:31.167+0400] {dag.py:3437} INFO - Setting next_dagrun for example_task_group to 2023-03-21T00:07:31.167701+00:00, run_after=2023-03-22T00:07:31.167701+00:00
[2023-03-22T04:07:31.183+0400] {processor.py:175} INFO - Processing /home/civis/anaconda3/lib/python3.9/site-packages/airflow/example_dags/example_task_group.py took 0.069 seconds
[2023-03-22T04:08:11.086+0400] {processor.py:153} INFO - Started process (PID=173672) to work on /home/civis/anaconda3/lib/python3.9/site-packages/airflow/example_dags/example_task_group.py
[2023-03-22T04:08:11.086+0400] {processor.py:743} INFO - Processing file /home/civis/anaconda3/lib/python3.9/site-packages/airflow/example_dags/example_task_group.py for tasks to queue
[2023-03-22T04:08:11.086+0400] {logging_mixin.py:137} INFO - [2023-03-22T04:08:11.086+0400] {dagbag.py:538} INFO - Filling up the DagBag from /home/civis/anaconda3/lib/python3.9/site-packages/airflow/example_dags/example_task_group.py
[2023-03-22T04:08:11.098+0400] {processor.py:753} INFO - DAG(s) dict_keys(['example_task_group']) retrieved from /home/civis/anaconda3/lib/python3.9/site-packages/airflow/example_dags/example_task_group.py
[2023-03-22T04:08:11.105+0400] {logging_mixin.py:137} INFO - [2023-03-22T04:08:11.105+0400] {dag.py:2690} INFO - Sync 1 DAGs
[2023-03-22T04:08:11.112+0400] {logging_mixin.py:137} INFO - [2023-03-22T04:08:11.112+0400] {dag.py:3437} INFO - Setting next_dagrun for example_task_group to 2023-03-21T00:08:11.112449+00:00, run_after=2023-03-22T00:08:11.112449+00:00
[2023-03-22T04:08:11.129+0400] {processor.py:175} INFO - Processing /home/civis/anaconda3/lib/python3.9/site-packages/airflow/example_dags/example_task_group.py took 0.044 seconds
[2023-03-22T04:08:52.228+0400] {processor.py:153} INFO - Started process (PID=175609) to work on /home/civis/anaconda3/lib/python3.9/site-packages/airflow/example_dags/example_task_group.py
[2023-03-22T04:08:52.236+0400] {processor.py:743} INFO - Processing file /home/civis/anaconda3/lib/python3.9/site-packages/airflow/example_dags/example_task_group.py for tasks to queue
[2023-03-22T04:08:52.236+0400] {logging_mixin.py:137} INFO - [2023-03-22T04:08:52.236+0400] {dagbag.py:538} INFO - Filling up the DagBag from /home/civis/anaconda3/lib/python3.9/site-packages/airflow/example_dags/example_task_group.py
[2023-03-22T04:08:52.242+0400] {processor.py:753} INFO - DAG(s) dict_keys(['example_task_group']) retrieved from /home/civis/anaconda3/lib/python3.9/site-packages/airflow/example_dags/example_task_group.py
[2023-03-22T04:08:52.249+0400] {logging_mixin.py:137} INFO - [2023-03-22T04:08:52.249+0400] {dag.py:2690} INFO - Sync 1 DAGs
[2023-03-22T04:08:52.257+0400] {logging_mixin.py:137} INFO - [2023-03-22T04:08:52.257+0400] {dag.py:3437} INFO - Setting next_dagrun for example_task_group to 2023-03-21T00:08:52.257292+00:00, run_after=2023-03-22T00:08:52.257292+00:00
[2023-03-22T04:08:52.274+0400] {processor.py:175} INFO - Processing /home/civis/anaconda3/lib/python3.9/site-packages/airflow/example_dags/example_task_group.py took 0.047 seconds
[2023-03-22T04:09:31.564+0400] {processor.py:153} INFO - Started process (PID=176212) to work on /home/civis/anaconda3/lib/python3.9/site-packages/airflow/example_dags/example_task_group.py
[2023-03-22T04:09:31.565+0400] {processor.py:743} INFO - Processing file /home/civis/anaconda3/lib/python3.9/site-packages/airflow/example_dags/example_task_group.py for tasks to queue
[2023-03-22T04:09:31.565+0400] {logging_mixin.py:137} INFO - [2023-03-22T04:09:31.565+0400] {dagbag.py:538} INFO - Filling up the DagBag from /home/civis/anaconda3/lib/python3.9/site-packages/airflow/example_dags/example_task_group.py
[2023-03-22T04:09:31.577+0400] {processor.py:753} INFO - DAG(s) dict_keys(['example_task_group']) retrieved from /home/civis/anaconda3/lib/python3.9/site-packages/airflow/example_dags/example_task_group.py
[2023-03-22T04:09:31.603+0400] {logging_mixin.py:137} INFO - [2023-03-22T04:09:31.603+0400] {dag.py:2690} INFO - Sync 1 DAGs
[2023-03-22T04:09:31.623+0400] {logging_mixin.py:137} INFO - [2023-03-22T04:09:31.623+0400] {dag.py:3437} INFO - Setting next_dagrun for example_task_group to 2023-03-21T00:09:31.622987+00:00, run_after=2023-03-22T00:09:31.622987+00:00
[2023-03-22T04:09:31.662+0400] {processor.py:175} INFO - Processing /home/civis/anaconda3/lib/python3.9/site-packages/airflow/example_dags/example_task_group.py took 0.100 seconds
[2023-03-22T04:10:17.075+0400] {processor.py:153} INFO - Started process (PID=176999) to work on /home/civis/anaconda3/lib/python3.9/site-packages/airflow/example_dags/example_task_group.py
[2023-03-22T04:10:17.077+0400] {processor.py:743} INFO - Processing file /home/civis/anaconda3/lib/python3.9/site-packages/airflow/example_dags/example_task_group.py for tasks to queue
[2023-03-22T04:10:17.078+0400] {logging_mixin.py:137} INFO - [2023-03-22T04:10:17.078+0400] {dagbag.py:538} INFO - Filling up the DagBag from /home/civis/anaconda3/lib/python3.9/site-packages/airflow/example_dags/example_task_group.py
[2023-03-22T04:10:17.094+0400] {processor.py:753} INFO - DAG(s) dict_keys(['example_task_group']) retrieved from /home/civis/anaconda3/lib/python3.9/site-packages/airflow/example_dags/example_task_group.py
[2023-03-22T04:10:17.101+0400] {logging_mixin.py:137} INFO - [2023-03-22T04:10:17.101+0400] {dag.py:2690} INFO - Sync 1 DAGs
[2023-03-22T04:10:17.109+0400] {logging_mixin.py:137} INFO - [2023-03-22T04:10:17.109+0400] {dag.py:3437} INFO - Setting next_dagrun for example_task_group to 2023-03-21T00:10:17.109002+00:00, run_after=2023-03-22T00:10:17.109002+00:00
[2023-03-22T04:10:17.124+0400] {processor.py:175} INFO - Processing /home/civis/anaconda3/lib/python3.9/site-packages/airflow/example_dags/example_task_group.py took 0.053 seconds
[2023-03-22T04:10:57.007+0400] {processor.py:153} INFO - Started process (PID=177680) to work on /home/civis/anaconda3/lib/python3.9/site-packages/airflow/example_dags/example_task_group.py
[2023-03-22T04:10:57.007+0400] {processor.py:743} INFO - Processing file /home/civis/anaconda3/lib/python3.9/site-packages/airflow/example_dags/example_task_group.py for tasks to queue
[2023-03-22T04:10:57.008+0400] {logging_mixin.py:137} INFO - [2023-03-22T04:10:57.008+0400] {dagbag.py:538} INFO - Filling up the DagBag from /home/civis/anaconda3/lib/python3.9/site-packages/airflow/example_dags/example_task_group.py
[2023-03-22T04:10:57.015+0400] {processor.py:753} INFO - DAG(s) dict_keys(['example_task_group']) retrieved from /home/civis/anaconda3/lib/python3.9/site-packages/airflow/example_dags/example_task_group.py
[2023-03-22T04:10:57.024+0400] {logging_mixin.py:137} INFO - [2023-03-22T04:10:57.024+0400] {dag.py:2690} INFO - Sync 1 DAGs
[2023-03-22T04:10:57.032+0400] {logging_mixin.py:137} INFO - [2023-03-22T04:10:57.032+0400] {dag.py:3437} INFO - Setting next_dagrun for example_task_group to 2023-03-21T00:10:57.032012+00:00, run_after=2023-03-22T00:10:57.032012+00:00
[2023-03-22T04:10:57.048+0400] {processor.py:175} INFO - Processing /home/civis/anaconda3/lib/python3.9/site-packages/airflow/example_dags/example_task_group.py took 0.042 seconds
[2023-03-22T04:11:38.165+0400] {processor.py:153} INFO - Started process (PID=178396) to work on /home/civis/anaconda3/lib/python3.9/site-packages/airflow/example_dags/example_task_group.py
[2023-03-22T04:11:38.173+0400] {processor.py:743} INFO - Processing file /home/civis/anaconda3/lib/python3.9/site-packages/airflow/example_dags/example_task_group.py for tasks to queue
[2023-03-22T04:11:38.174+0400] {logging_mixin.py:137} INFO - [2023-03-22T04:11:38.174+0400] {dagbag.py:538} INFO - Filling up the DagBag from /home/civis/anaconda3/lib/python3.9/site-packages/airflow/example_dags/example_task_group.py
[2023-03-22T04:11:38.198+0400] {processor.py:753} INFO - DAG(s) dict_keys(['example_task_group']) retrieved from /home/civis/anaconda3/lib/python3.9/site-packages/airflow/example_dags/example_task_group.py
[2023-03-22T04:11:38.209+0400] {logging_mixin.py:137} INFO - [2023-03-22T04:11:38.209+0400] {dag.py:2690} INFO - Sync 1 DAGs
[2023-03-22T04:11:38.216+0400] {logging_mixin.py:137} INFO - [2023-03-22T04:11:38.216+0400] {dag.py:3437} INFO - Setting next_dagrun for example_task_group to 2023-03-21T00:11:38.216670+00:00, run_after=2023-03-22T00:11:38.216670+00:00
[2023-03-22T04:11:38.232+0400] {processor.py:175} INFO - Processing /home/civis/anaconda3/lib/python3.9/site-packages/airflow/example_dags/example_task_group.py took 0.069 seconds
