[2023-03-22T04:00:04.164+0400] {processor.py:153} INFO - Started process (PID=165534) to work on /home/civis/anaconda3/lib/python3.9/site-packages/airflow/example_dags/example_branch_day_of_week_operator.py
[2023-03-22T04:00:04.164+0400] {processor.py:743} INFO - Processing file /home/civis/anaconda3/lib/python3.9/site-packages/airflow/example_dags/example_branch_day_of_week_operator.py for tasks to queue
[2023-03-22T04:00:04.165+0400] {logging_mixin.py:137} INFO - [2023-03-22T04:00:04.164+0400] {dagbag.py:538} INFO - Filling up the DagBag from /home/civis/anaconda3/lib/python3.9/site-packages/airflow/example_dags/example_branch_day_of_week_operator.py
[2023-03-22T04:00:04.171+0400] {processor.py:753} INFO - DAG(s) dict_keys(['example_weekday_branch_operator']) retrieved from /home/civis/anaconda3/lib/python3.9/site-packages/airflow/example_dags/example_branch_day_of_week_operator.py
[2023-03-22T04:00:04.234+0400] {logging_mixin.py:137} INFO - [2023-03-22T04:00:04.234+0400] {manager.py:504} INFO - Created Permission View: can delete on DAG:example_weekday_branch_operator
[2023-03-22T04:00:04.245+0400] {logging_mixin.py:137} INFO - [2023-03-22T04:00:04.245+0400] {manager.py:504} INFO - Created Permission View: can read on DAG:example_weekday_branch_operator
[2023-03-22T04:00:04.257+0400] {logging_mixin.py:137} INFO - [2023-03-22T04:00:04.257+0400] {manager.py:504} INFO - Created Permission View: can edit on DAG:example_weekday_branch_operator
[2023-03-22T04:00:04.257+0400] {logging_mixin.py:137} INFO - [2023-03-22T04:00:04.257+0400] {dag.py:2690} INFO - Sync 1 DAGs
[2023-03-22T04:00:04.267+0400] {logging_mixin.py:137} INFO - [2023-03-22T04:00:04.267+0400] {dag.py:2711} INFO - Creating ORM DAG for example_weekday_branch_operator
[2023-03-22T04:00:04.272+0400] {logging_mixin.py:137} INFO - [2023-03-22T04:00:04.272+0400] {dag.py:3437} INFO - Setting next_dagrun for example_weekday_branch_operator to 2023-03-21T00:00:00+00:00, run_after=2023-03-22T00:00:00+00:00
[2023-03-22T04:00:04.294+0400] {processor.py:175} INFO - Processing /home/civis/anaconda3/lib/python3.9/site-packages/airflow/example_dags/example_branch_day_of_week_operator.py took 0.131 seconds
[2023-03-22T04:00:49.297+0400] {processor.py:153} INFO - Started process (PID=166210) to work on /home/civis/anaconda3/lib/python3.9/site-packages/airflow/example_dags/example_branch_day_of_week_operator.py
[2023-03-22T04:00:49.306+0400] {processor.py:743} INFO - Processing file /home/civis/anaconda3/lib/python3.9/site-packages/airflow/example_dags/example_branch_day_of_week_operator.py for tasks to queue
[2023-03-22T04:00:49.307+0400] {logging_mixin.py:137} INFO - [2023-03-22T04:00:49.307+0400] {dagbag.py:538} INFO - Filling up the DagBag from /home/civis/anaconda3/lib/python3.9/site-packages/airflow/example_dags/example_branch_day_of_week_operator.py
[2023-03-22T04:00:49.320+0400] {processor.py:753} INFO - DAG(s) dict_keys(['example_weekday_branch_operator']) retrieved from /home/civis/anaconda3/lib/python3.9/site-packages/airflow/example_dags/example_branch_day_of_week_operator.py
[2023-03-22T04:00:49.327+0400] {logging_mixin.py:137} INFO - [2023-03-22T04:00:49.327+0400] {dag.py:2690} INFO - Sync 1 DAGs
[2023-03-22T04:00:49.336+0400] {logging_mixin.py:137} INFO - [2023-03-22T04:00:49.335+0400] {dag.py:3437} INFO - Setting next_dagrun for example_weekday_branch_operator to 2023-03-21T00:00:00+00:00, run_after=2023-03-22T00:00:00+00:00
[2023-03-22T04:00:49.351+0400] {processor.py:175} INFO - Processing /home/civis/anaconda3/lib/python3.9/site-packages/airflow/example_dags/example_branch_day_of_week_operator.py took 0.057 seconds
[2023-03-22T04:01:27.791+0400] {processor.py:153} INFO - Started process (PID=166799) to work on /home/civis/anaconda3/lib/python3.9/site-packages/airflow/example_dags/example_branch_day_of_week_operator.py
[2023-03-22T04:01:27.801+0400] {processor.py:743} INFO - Processing file /home/civis/anaconda3/lib/python3.9/site-packages/airflow/example_dags/example_branch_day_of_week_operator.py for tasks to queue
[2023-03-22T04:01:27.802+0400] {logging_mixin.py:137} INFO - [2023-03-22T04:01:27.801+0400] {dagbag.py:538} INFO - Filling up the DagBag from /home/civis/anaconda3/lib/python3.9/site-packages/airflow/example_dags/example_branch_day_of_week_operator.py
[2023-03-22T04:01:27.814+0400] {processor.py:753} INFO - DAG(s) dict_keys(['example_weekday_branch_operator']) retrieved from /home/civis/anaconda3/lib/python3.9/site-packages/airflow/example_dags/example_branch_day_of_week_operator.py
[2023-03-22T04:01:27.822+0400] {logging_mixin.py:137} INFO - [2023-03-22T04:01:27.822+0400] {dag.py:2690} INFO - Sync 1 DAGs
[2023-03-22T04:01:27.831+0400] {logging_mixin.py:137} INFO - [2023-03-22T04:01:27.831+0400] {dag.py:3437} INFO - Setting next_dagrun for example_weekday_branch_operator to 2023-03-21T00:00:00+00:00, run_after=2023-03-22T00:00:00+00:00
[2023-03-22T04:01:27.846+0400] {processor.py:175} INFO - Processing /home/civis/anaconda3/lib/python3.9/site-packages/airflow/example_dags/example_branch_day_of_week_operator.py took 0.061 seconds
[2023-03-22T04:02:08.358+0400] {processor.py:153} INFO - Started process (PID=167486) to work on /home/civis/anaconda3/lib/python3.9/site-packages/airflow/example_dags/example_branch_day_of_week_operator.py
[2023-03-22T04:02:08.359+0400] {processor.py:743} INFO - Processing file /home/civis/anaconda3/lib/python3.9/site-packages/airflow/example_dags/example_branch_day_of_week_operator.py for tasks to queue
[2023-03-22T04:02:08.359+0400] {logging_mixin.py:137} INFO - [2023-03-22T04:02:08.359+0400] {dagbag.py:538} INFO - Filling up the DagBag from /home/civis/anaconda3/lib/python3.9/site-packages/airflow/example_dags/example_branch_day_of_week_operator.py
[2023-03-22T04:02:08.365+0400] {processor.py:753} INFO - DAG(s) dict_keys(['example_weekday_branch_operator']) retrieved from /home/civis/anaconda3/lib/python3.9/site-packages/airflow/example_dags/example_branch_day_of_week_operator.py
[2023-03-22T04:02:08.372+0400] {logging_mixin.py:137} INFO - [2023-03-22T04:02:08.372+0400] {dag.py:2690} INFO - Sync 1 DAGs
[2023-03-22T04:02:08.380+0400] {logging_mixin.py:137} INFO - [2023-03-22T04:02:08.380+0400] {dag.py:3437} INFO - Setting next_dagrun for example_weekday_branch_operator to 2023-03-21T00:00:00+00:00, run_after=2023-03-22T00:00:00+00:00
[2023-03-22T04:02:08.396+0400] {processor.py:175} INFO - Processing /home/civis/anaconda3/lib/python3.9/site-packages/airflow/example_dags/example_branch_day_of_week_operator.py took 0.039 seconds
[2023-03-22T04:02:47.666+0400] {processor.py:153} INFO - Started process (PID=168306) to work on /home/civis/anaconda3/lib/python3.9/site-packages/airflow/example_dags/example_branch_day_of_week_operator.py
[2023-03-22T04:02:47.675+0400] {processor.py:743} INFO - Processing file /home/civis/anaconda3/lib/python3.9/site-packages/airflow/example_dags/example_branch_day_of_week_operator.py for tasks to queue
[2023-03-22T04:02:47.676+0400] {logging_mixin.py:137} INFO - [2023-03-22T04:02:47.676+0400] {dagbag.py:538} INFO - Filling up the DagBag from /home/civis/anaconda3/lib/python3.9/site-packages/airflow/example_dags/example_branch_day_of_week_operator.py
[2023-03-22T04:02:47.696+0400] {processor.py:753} INFO - DAG(s) dict_keys(['example_weekday_branch_operator']) retrieved from /home/civis/anaconda3/lib/python3.9/site-packages/airflow/example_dags/example_branch_day_of_week_operator.py
[2023-03-22T04:02:47.707+0400] {logging_mixin.py:137} INFO - [2023-03-22T04:02:47.707+0400] {dag.py:2690} INFO - Sync 1 DAGs
[2023-03-22T04:02:47.715+0400] {logging_mixin.py:137} INFO - [2023-03-22T04:02:47.715+0400] {dag.py:3437} INFO - Setting next_dagrun for example_weekday_branch_operator to 2023-03-21T00:00:00+00:00, run_after=2023-03-22T00:00:00+00:00
[2023-03-22T04:02:47.731+0400] {processor.py:175} INFO - Processing /home/civis/anaconda3/lib/python3.9/site-packages/airflow/example_dags/example_branch_day_of_week_operator.py took 0.067 seconds
[2023-03-22T04:03:28.238+0400] {processor.py:153} INFO - Started process (PID=169092) to work on /home/civis/anaconda3/lib/python3.9/site-packages/airflow/example_dags/example_branch_day_of_week_operator.py
[2023-03-22T04:03:28.238+0400] {processor.py:743} INFO - Processing file /home/civis/anaconda3/lib/python3.9/site-packages/airflow/example_dags/example_branch_day_of_week_operator.py for tasks to queue
[2023-03-22T04:03:28.239+0400] {logging_mixin.py:137} INFO - [2023-03-22T04:03:28.238+0400] {dagbag.py:538} INFO - Filling up the DagBag from /home/civis/anaconda3/lib/python3.9/site-packages/airflow/example_dags/example_branch_day_of_week_operator.py
[2023-03-22T04:03:28.246+0400] {processor.py:753} INFO - DAG(s) dict_keys(['example_weekday_branch_operator']) retrieved from /home/civis/anaconda3/lib/python3.9/site-packages/airflow/example_dags/example_branch_day_of_week_operator.py
[2023-03-22T04:03:28.256+0400] {logging_mixin.py:137} INFO - [2023-03-22T04:03:28.256+0400] {dag.py:2690} INFO - Sync 1 DAGs
[2023-03-22T04:03:28.264+0400] {logging_mixin.py:137} INFO - [2023-03-22T04:03:28.264+0400] {dag.py:3437} INFO - Setting next_dagrun for example_weekday_branch_operator to 2023-03-21T00:00:00+00:00, run_after=2023-03-22T00:00:00+00:00
[2023-03-22T04:03:28.280+0400] {processor.py:175} INFO - Processing /home/civis/anaconda3/lib/python3.9/site-packages/airflow/example_dags/example_branch_day_of_week_operator.py took 0.044 seconds
[2023-03-22T04:04:33.929+0400] {processor.py:153} INFO - Started process (PID=170127) to work on /home/civis/anaconda3/lib/python3.9/site-packages/airflow/example_dags/example_branch_day_of_week_operator.py
[2023-03-22T04:04:33.938+0400] {processor.py:743} INFO - Processing file /home/civis/anaconda3/lib/python3.9/site-packages/airflow/example_dags/example_branch_day_of_week_operator.py for tasks to queue
[2023-03-22T04:04:33.939+0400] {logging_mixin.py:137} INFO - [2023-03-22T04:04:33.939+0400] {dagbag.py:538} INFO - Filling up the DagBag from /home/civis/anaconda3/lib/python3.9/site-packages/airflow/example_dags/example_branch_day_of_week_operator.py
[2023-03-22T04:04:33.957+0400] {processor.py:753} INFO - DAG(s) dict_keys(['example_weekday_branch_operator']) retrieved from /home/civis/anaconda3/lib/python3.9/site-packages/airflow/example_dags/example_branch_day_of_week_operator.py
[2023-03-22T04:04:33.964+0400] {logging_mixin.py:137} INFO - [2023-03-22T04:04:33.964+0400] {dag.py:2690} INFO - Sync 1 DAGs
[2023-03-22T04:04:33.972+0400] {logging_mixin.py:137} INFO - [2023-03-22T04:04:33.972+0400] {dag.py:3437} INFO - Setting next_dagrun for example_weekday_branch_operator to 2023-03-21T00:00:00+00:00, run_after=2023-03-22T00:00:00+00:00
[2023-03-22T04:04:33.989+0400] {processor.py:175} INFO - Processing /home/civis/anaconda3/lib/python3.9/site-packages/airflow/example_dags/example_branch_day_of_week_operator.py took 0.062 seconds
[2023-03-22T04:05:15.221+0400] {processor.py:153} INFO - Started process (PID=170793) to work on /home/civis/anaconda3/lib/python3.9/site-packages/airflow/example_dags/example_branch_day_of_week_operator.py
[2023-03-22T04:05:15.223+0400] {processor.py:743} INFO - Processing file /home/civis/anaconda3/lib/python3.9/site-packages/airflow/example_dags/example_branch_day_of_week_operator.py for tasks to queue
[2023-03-22T04:05:15.224+0400] {logging_mixin.py:137} INFO - [2023-03-22T04:05:15.223+0400] {dagbag.py:538} INFO - Filling up the DagBag from /home/civis/anaconda3/lib/python3.9/site-packages/airflow/example_dags/example_branch_day_of_week_operator.py
[2023-03-22T04:05:15.238+0400] {processor.py:753} INFO - DAG(s) dict_keys(['example_weekday_branch_operator']) retrieved from /home/civis/anaconda3/lib/python3.9/site-packages/airflow/example_dags/example_branch_day_of_week_operator.py
[2023-03-22T04:05:15.246+0400] {logging_mixin.py:137} INFO - [2023-03-22T04:05:15.245+0400] {dag.py:2690} INFO - Sync 1 DAGs
[2023-03-22T04:05:15.253+0400] {logging_mixin.py:137} INFO - [2023-03-22T04:05:15.253+0400] {dag.py:3437} INFO - Setting next_dagrun for example_weekday_branch_operator to 2023-03-21T00:00:00+00:00, run_after=2023-03-22T00:00:00+00:00
[2023-03-22T04:05:15.269+0400] {processor.py:175} INFO - Processing /home/civis/anaconda3/lib/python3.9/site-packages/airflow/example_dags/example_branch_day_of_week_operator.py took 0.052 seconds
[2023-03-22T04:05:54.107+0400] {processor.py:153} INFO - Started process (PID=171394) to work on /home/civis/anaconda3/lib/python3.9/site-packages/airflow/example_dags/example_branch_day_of_week_operator.py
[2023-03-22T04:05:54.109+0400] {processor.py:743} INFO - Processing file /home/civis/anaconda3/lib/python3.9/site-packages/airflow/example_dags/example_branch_day_of_week_operator.py for tasks to queue
[2023-03-22T04:05:54.109+0400] {logging_mixin.py:137} INFO - [2023-03-22T04:05:54.109+0400] {dagbag.py:538} INFO - Filling up the DagBag from /home/civis/anaconda3/lib/python3.9/site-packages/airflow/example_dags/example_branch_day_of_week_operator.py
[2023-03-22T04:05:54.115+0400] {processor.py:753} INFO - DAG(s) dict_keys(['example_weekday_branch_operator']) retrieved from /home/civis/anaconda3/lib/python3.9/site-packages/airflow/example_dags/example_branch_day_of_week_operator.py
[2023-03-22T04:05:54.122+0400] {logging_mixin.py:137} INFO - [2023-03-22T04:05:54.122+0400] {dag.py:2690} INFO - Sync 1 DAGs
[2023-03-22T04:05:54.130+0400] {logging_mixin.py:137} INFO - [2023-03-22T04:05:54.130+0400] {dag.py:3437} INFO - Setting next_dagrun for example_weekday_branch_operator to 2023-03-21T00:00:00+00:00, run_after=2023-03-22T00:00:00+00:00
[2023-03-22T04:05:54.146+0400] {processor.py:175} INFO - Processing /home/civis/anaconda3/lib/python3.9/site-packages/airflow/example_dags/example_branch_day_of_week_operator.py took 0.042 seconds
[2023-03-22T04:06:36.187+0400] {processor.py:153} INFO - Started process (PID=172098) to work on /home/civis/anaconda3/lib/python3.9/site-packages/airflow/example_dags/example_branch_day_of_week_operator.py
[2023-03-22T04:06:36.196+0400] {processor.py:743} INFO - Processing file /home/civis/anaconda3/lib/python3.9/site-packages/airflow/example_dags/example_branch_day_of_week_operator.py for tasks to queue
[2023-03-22T04:06:36.197+0400] {logging_mixin.py:137} INFO - [2023-03-22T04:06:36.197+0400] {dagbag.py:538} INFO - Filling up the DagBag from /home/civis/anaconda3/lib/python3.9/site-packages/airflow/example_dags/example_branch_day_of_week_operator.py
[2023-03-22T04:06:36.210+0400] {processor.py:753} INFO - DAG(s) dict_keys(['example_weekday_branch_operator']) retrieved from /home/civis/anaconda3/lib/python3.9/site-packages/airflow/example_dags/example_branch_day_of_week_operator.py
[2023-03-22T04:06:36.218+0400] {logging_mixin.py:137} INFO - [2023-03-22T04:06:36.218+0400] {dag.py:2690} INFO - Sync 1 DAGs
[2023-03-22T04:06:36.226+0400] {logging_mixin.py:137} INFO - [2023-03-22T04:06:36.226+0400] {dag.py:3437} INFO - Setting next_dagrun for example_weekday_branch_operator to 2023-03-21T00:00:00+00:00, run_after=2023-03-22T00:00:00+00:00
[2023-03-22T04:06:36.241+0400] {processor.py:175} INFO - Processing /home/civis/anaconda3/lib/python3.9/site-packages/airflow/example_dags/example_branch_day_of_week_operator.py took 0.057 seconds
[2023-03-22T04:07:15.200+0400] {processor.py:153} INFO - Started process (PID=172723) to work on /home/civis/anaconda3/lib/python3.9/site-packages/airflow/example_dags/example_branch_day_of_week_operator.py
[2023-03-22T04:07:15.209+0400] {processor.py:743} INFO - Processing file /home/civis/anaconda3/lib/python3.9/site-packages/airflow/example_dags/example_branch_day_of_week_operator.py for tasks to queue
[2023-03-22T04:07:15.210+0400] {logging_mixin.py:137} INFO - [2023-03-22T04:07:15.210+0400] {dagbag.py:538} INFO - Filling up the DagBag from /home/civis/anaconda3/lib/python3.9/site-packages/airflow/example_dags/example_branch_day_of_week_operator.py
[2023-03-22T04:07:15.218+0400] {processor.py:753} INFO - DAG(s) dict_keys(['example_weekday_branch_operator']) retrieved from /home/civis/anaconda3/lib/python3.9/site-packages/airflow/example_dags/example_branch_day_of_week_operator.py
[2023-03-22T04:07:15.229+0400] {logging_mixin.py:137} INFO - [2023-03-22T04:07:15.229+0400] {dag.py:2690} INFO - Sync 1 DAGs
[2023-03-22T04:07:15.237+0400] {logging_mixin.py:137} INFO - [2023-03-22T04:07:15.237+0400] {dag.py:3437} INFO - Setting next_dagrun for example_weekday_branch_operator to 2023-03-21T00:00:00+00:00, run_after=2023-03-22T00:00:00+00:00
[2023-03-22T04:07:15.256+0400] {processor.py:175} INFO - Processing /home/civis/anaconda3/lib/python3.9/site-packages/airflow/example_dags/example_branch_day_of_week_operator.py took 0.060 seconds
[2023-03-22T04:07:56.780+0400] {processor.py:153} INFO - Started process (PID=173409) to work on /home/civis/anaconda3/lib/python3.9/site-packages/airflow/example_dags/example_branch_day_of_week_operator.py
[2023-03-22T04:07:56.789+0400] {processor.py:743} INFO - Processing file /home/civis/anaconda3/lib/python3.9/site-packages/airflow/example_dags/example_branch_day_of_week_operator.py for tasks to queue
[2023-03-22T04:07:56.790+0400] {logging_mixin.py:137} INFO - [2023-03-22T04:07:56.790+0400] {dagbag.py:538} INFO - Filling up the DagBag from /home/civis/anaconda3/lib/python3.9/site-packages/airflow/example_dags/example_branch_day_of_week_operator.py
[2023-03-22T04:07:56.805+0400] {processor.py:753} INFO - DAG(s) dict_keys(['example_weekday_branch_operator']) retrieved from /home/civis/anaconda3/lib/python3.9/site-packages/airflow/example_dags/example_branch_day_of_week_operator.py
[2023-03-22T04:07:56.818+0400] {logging_mixin.py:137} INFO - [2023-03-22T04:07:56.818+0400] {dag.py:2690} INFO - Sync 1 DAGs
[2023-03-22T04:07:56.827+0400] {logging_mixin.py:137} INFO - [2023-03-22T04:07:56.827+0400] {dag.py:3437} INFO - Setting next_dagrun for example_weekday_branch_operator to 2023-03-21T00:00:00+00:00, run_after=2023-03-22T00:00:00+00:00
[2023-03-22T04:07:56.842+0400] {processor.py:175} INFO - Processing /home/civis/anaconda3/lib/python3.9/site-packages/airflow/example_dags/example_branch_day_of_week_operator.py took 0.067 seconds
[2023-03-22T04:08:36.490+0400] {processor.py:153} INFO - Started process (PID=174132) to work on /home/civis/anaconda3/lib/python3.9/site-packages/airflow/example_dags/example_branch_day_of_week_operator.py
[2023-03-22T04:08:36.499+0400] {processor.py:743} INFO - Processing file /home/civis/anaconda3/lib/python3.9/site-packages/airflow/example_dags/example_branch_day_of_week_operator.py for tasks to queue
[2023-03-22T04:08:36.499+0400] {logging_mixin.py:137} INFO - [2023-03-22T04:08:36.499+0400] {dagbag.py:538} INFO - Filling up the DagBag from /home/civis/anaconda3/lib/python3.9/site-packages/airflow/example_dags/example_branch_day_of_week_operator.py
[2023-03-22T04:08:36.506+0400] {processor.py:753} INFO - DAG(s) dict_keys(['example_weekday_branch_operator']) retrieved from /home/civis/anaconda3/lib/python3.9/site-packages/airflow/example_dags/example_branch_day_of_week_operator.py
[2023-03-22T04:08:36.515+0400] {logging_mixin.py:137} INFO - [2023-03-22T04:08:36.515+0400] {dag.py:2690} INFO - Sync 1 DAGs
[2023-03-22T04:08:36.524+0400] {logging_mixin.py:137} INFO - [2023-03-22T04:08:36.524+0400] {dag.py:3437} INFO - Setting next_dagrun for example_weekday_branch_operator to 2023-03-21T00:00:00+00:00, run_after=2023-03-22T00:00:00+00:00
[2023-03-22T04:08:36.540+0400] {processor.py:175} INFO - Processing /home/civis/anaconda3/lib/python3.9/site-packages/airflow/example_dags/example_branch_day_of_week_operator.py took 0.051 seconds
[2023-03-22T04:09:16.853+0400] {processor.py:153} INFO - Started process (PID=175995) to work on /home/civis/anaconda3/lib/python3.9/site-packages/airflow/example_dags/example_branch_day_of_week_operator.py
[2023-03-22T04:09:16.862+0400] {processor.py:743} INFO - Processing file /home/civis/anaconda3/lib/python3.9/site-packages/airflow/example_dags/example_branch_day_of_week_operator.py for tasks to queue
[2023-03-22T04:09:16.862+0400] {logging_mixin.py:137} INFO - [2023-03-22T04:09:16.862+0400] {dagbag.py:538} INFO - Filling up the DagBag from /home/civis/anaconda3/lib/python3.9/site-packages/airflow/example_dags/example_branch_day_of_week_operator.py
[2023-03-22T04:09:16.869+0400] {processor.py:753} INFO - DAG(s) dict_keys(['example_weekday_branch_operator']) retrieved from /home/civis/anaconda3/lib/python3.9/site-packages/airflow/example_dags/example_branch_day_of_week_operator.py
[2023-03-22T04:09:16.878+0400] {logging_mixin.py:137} INFO - [2023-03-22T04:09:16.878+0400] {dag.py:2690} INFO - Sync 1 DAGs
[2023-03-22T04:09:16.887+0400] {logging_mixin.py:137} INFO - [2023-03-22T04:09:16.887+0400] {dag.py:3437} INFO - Setting next_dagrun for example_weekday_branch_operator to 2023-03-21T00:00:00+00:00, run_after=2023-03-22T00:00:00+00:00
[2023-03-22T04:09:16.903+0400] {processor.py:175} INFO - Processing /home/civis/anaconda3/lib/python3.9/site-packages/airflow/example_dags/example_branch_day_of_week_operator.py took 0.052 seconds
[2023-03-22T04:10:00.459+0400] {processor.py:153} INFO - Started process (PID=176700) to work on /home/civis/anaconda3/lib/python3.9/site-packages/airflow/example_dags/example_branch_day_of_week_operator.py
[2023-03-22T04:10:00.461+0400] {processor.py:743} INFO - Processing file /home/civis/anaconda3/lib/python3.9/site-packages/airflow/example_dags/example_branch_day_of_week_operator.py for tasks to queue
[2023-03-22T04:10:00.462+0400] {logging_mixin.py:137} INFO - [2023-03-22T04:10:00.462+0400] {dagbag.py:538} INFO - Filling up the DagBag from /home/civis/anaconda3/lib/python3.9/site-packages/airflow/example_dags/example_branch_day_of_week_operator.py
[2023-03-22T04:10:00.472+0400] {processor.py:753} INFO - DAG(s) dict_keys(['example_weekday_branch_operator']) retrieved from /home/civis/anaconda3/lib/python3.9/site-packages/airflow/example_dags/example_branch_day_of_week_operator.py
[2023-03-22T04:10:00.479+0400] {logging_mixin.py:137} INFO - [2023-03-22T04:10:00.479+0400] {dag.py:2690} INFO - Sync 1 DAGs
[2023-03-22T04:10:00.487+0400] {logging_mixin.py:137} INFO - [2023-03-22T04:10:00.487+0400] {dag.py:3437} INFO - Setting next_dagrun for example_weekday_branch_operator to 2023-03-21T00:00:00+00:00, run_after=2023-03-22T00:00:00+00:00
[2023-03-22T04:10:00.503+0400] {processor.py:175} INFO - Processing /home/civis/anaconda3/lib/python3.9/site-packages/airflow/example_dags/example_branch_day_of_week_operator.py took 0.047 seconds
[2023-03-22T04:10:42.992+0400] {processor.py:153} INFO - Started process (PID=177394) to work on /home/civis/anaconda3/lib/python3.9/site-packages/airflow/example_dags/example_branch_day_of_week_operator.py
[2023-03-22T04:10:42.992+0400] {processor.py:743} INFO - Processing file /home/civis/anaconda3/lib/python3.9/site-packages/airflow/example_dags/example_branch_day_of_week_operator.py for tasks to queue
[2023-03-22T04:10:42.993+0400] {logging_mixin.py:137} INFO - [2023-03-22T04:10:42.993+0400] {dagbag.py:538} INFO - Filling up the DagBag from /home/civis/anaconda3/lib/python3.9/site-packages/airflow/example_dags/example_branch_day_of_week_operator.py
[2023-03-22T04:10:43.000+0400] {processor.py:753} INFO - DAG(s) dict_keys(['example_weekday_branch_operator']) retrieved from /home/civis/anaconda3/lib/python3.9/site-packages/airflow/example_dags/example_branch_day_of_week_operator.py
[2023-03-22T04:10:43.009+0400] {logging_mixin.py:137} INFO - [2023-03-22T04:10:43.008+0400] {dag.py:2690} INFO - Sync 1 DAGs
[2023-03-22T04:10:43.017+0400] {logging_mixin.py:137} INFO - [2023-03-22T04:10:43.017+0400] {dag.py:3437} INFO - Setting next_dagrun for example_weekday_branch_operator to 2023-03-21T00:00:00+00:00, run_after=2023-03-22T00:00:00+00:00
[2023-03-22T04:10:43.033+0400] {processor.py:175} INFO - Processing /home/civis/anaconda3/lib/python3.9/site-packages/airflow/example_dags/example_branch_day_of_week_operator.py took 0.043 seconds
[2023-03-22T04:11:22.697+0400] {processor.py:153} INFO - Started process (PID=178114) to work on /home/civis/anaconda3/lib/python3.9/site-packages/airflow/example_dags/example_branch_day_of_week_operator.py
[2023-03-22T04:11:22.705+0400] {processor.py:743} INFO - Processing file /home/civis/anaconda3/lib/python3.9/site-packages/airflow/example_dags/example_branch_day_of_week_operator.py for tasks to queue
[2023-03-22T04:11:22.706+0400] {logging_mixin.py:137} INFO - [2023-03-22T04:11:22.705+0400] {dagbag.py:538} INFO - Filling up the DagBag from /home/civis/anaconda3/lib/python3.9/site-packages/airflow/example_dags/example_branch_day_of_week_operator.py
[2023-03-22T04:11:22.713+0400] {processor.py:753} INFO - DAG(s) dict_keys(['example_weekday_branch_operator']) retrieved from /home/civis/anaconda3/lib/python3.9/site-packages/airflow/example_dags/example_branch_day_of_week_operator.py
[2023-03-22T04:11:22.722+0400] {logging_mixin.py:137} INFO - [2023-03-22T04:11:22.722+0400] {dag.py:2690} INFO - Sync 1 DAGs
[2023-03-22T04:11:22.734+0400] {logging_mixin.py:137} INFO - [2023-03-22T04:11:22.734+0400] {dag.py:3437} INFO - Setting next_dagrun for example_weekday_branch_operator to 2023-03-21T00:00:00+00:00, run_after=2023-03-22T00:00:00+00:00
[2023-03-22T04:11:22.749+0400] {processor.py:175} INFO - Processing /home/civis/anaconda3/lib/python3.9/site-packages/airflow/example_dags/example_branch_day_of_week_operator.py took 0.053 seconds
