[2023-03-22T04:00:29.807+0400] {processor.py:153} INFO - Started process (PID=165921) to work on /home/civis/anaconda3/lib/python3.9/site-packages/airflow/example_dags/example_latest_only_with_trigger.py
[2023-03-22T04:00:29.808+0400] {processor.py:743} INFO - Processing file /home/civis/anaconda3/lib/python3.9/site-packages/airflow/example_dags/example_latest_only_with_trigger.py for tasks to queue
[2023-03-22T04:00:29.809+0400] {logging_mixin.py:137} INFO - [2023-03-22T04:00:29.809+0400] {dagbag.py:538} INFO - Filling up the DagBag from /home/civis/anaconda3/lib/python3.9/site-packages/airflow/example_dags/example_latest_only_with_trigger.py
[2023-03-22T04:00:29.819+0400] {processor.py:753} INFO - DAG(s) dict_keys(['latest_only_with_trigger']) retrieved from /home/civis/anaconda3/lib/python3.9/site-packages/airflow/example_dags/example_latest_only_with_trigger.py
[2023-03-22T04:00:29.826+0400] {logging_mixin.py:137} INFO - [2023-03-22T04:00:29.826+0400] {dag.py:2690} INFO - Sync 1 DAGs
[2023-03-22T04:00:29.835+0400] {logging_mixin.py:137} INFO - [2023-03-22T04:00:29.835+0400] {dag.py:3437} INFO - Setting next_dagrun for latest_only_with_trigger to 2023-03-21T20:00:29.835275+00:00, run_after=2023-03-22T00:00:29.835275+00:00
[2023-03-22T04:00:29.851+0400] {processor.py:175} INFO - Processing /home/civis/anaconda3/lib/python3.9/site-packages/airflow/example_dags/example_latest_only_with_trigger.py took 0.048 seconds
[2023-03-22T04:01:08.712+0400] {processor.py:153} INFO - Started process (PID=166511) to work on /home/civis/anaconda3/lib/python3.9/site-packages/airflow/example_dags/example_latest_only_with_trigger.py
[2023-03-22T04:01:08.712+0400] {processor.py:743} INFO - Processing file /home/civis/anaconda3/lib/python3.9/site-packages/airflow/example_dags/example_latest_only_with_trigger.py for tasks to queue
[2023-03-22T04:01:08.712+0400] {logging_mixin.py:137} INFO - [2023-03-22T04:01:08.712+0400] {dagbag.py:538} INFO - Filling up the DagBag from /home/civis/anaconda3/lib/python3.9/site-packages/airflow/example_dags/example_latest_only_with_trigger.py
[2023-03-22T04:01:08.718+0400] {processor.py:753} INFO - DAG(s) dict_keys(['latest_only_with_trigger']) retrieved from /home/civis/anaconda3/lib/python3.9/site-packages/airflow/example_dags/example_latest_only_with_trigger.py
[2023-03-22T04:01:08.725+0400] {logging_mixin.py:137} INFO - [2023-03-22T04:01:08.725+0400] {dag.py:2690} INFO - Sync 1 DAGs
[2023-03-22T04:01:08.733+0400] {logging_mixin.py:137} INFO - [2023-03-22T04:01:08.733+0400] {dag.py:3437} INFO - Setting next_dagrun for latest_only_with_trigger to 2023-03-21T20:01:08.733449+00:00, run_after=2023-03-22T00:01:08.733449+00:00
[2023-03-22T04:01:08.748+0400] {processor.py:175} INFO - Processing /home/civis/anaconda3/lib/python3.9/site-packages/airflow/example_dags/example_latest_only_with_trigger.py took 0.038 seconds
[2023-03-22T04:01:48.784+0400] {processor.py:153} INFO - Started process (PID=167136) to work on /home/civis/anaconda3/lib/python3.9/site-packages/airflow/example_dags/example_latest_only_with_trigger.py
[2023-03-22T04:01:48.793+0400] {processor.py:743} INFO - Processing file /home/civis/anaconda3/lib/python3.9/site-packages/airflow/example_dags/example_latest_only_with_trigger.py for tasks to queue
[2023-03-22T04:01:48.795+0400] {logging_mixin.py:137} INFO - [2023-03-22T04:01:48.794+0400] {dagbag.py:538} INFO - Filling up the DagBag from /home/civis/anaconda3/lib/python3.9/site-packages/airflow/example_dags/example_latest_only_with_trigger.py
[2023-03-22T04:01:48.811+0400] {processor.py:753} INFO - DAG(s) dict_keys(['latest_only_with_trigger']) retrieved from /home/civis/anaconda3/lib/python3.9/site-packages/airflow/example_dags/example_latest_only_with_trigger.py
[2023-03-22T04:01:48.818+0400] {logging_mixin.py:137} INFO - [2023-03-22T04:01:48.818+0400] {dag.py:2690} INFO - Sync 1 DAGs
[2023-03-22T04:01:48.825+0400] {logging_mixin.py:137} INFO - [2023-03-22T04:01:48.825+0400] {dag.py:3437} INFO - Setting next_dagrun for latest_only_with_trigger to 2023-03-21T20:01:48.825529+00:00, run_after=2023-03-22T00:01:48.825529+00:00
[2023-03-22T04:01:48.851+0400] {processor.py:175} INFO - Processing /home/civis/anaconda3/lib/python3.9/site-packages/airflow/example_dags/example_latest_only_with_trigger.py took 0.070 seconds
[2023-03-22T04:02:28.616+0400] {processor.py:153} INFO - Started process (PID=167915) to work on /home/civis/anaconda3/lib/python3.9/site-packages/airflow/example_dags/example_latest_only_with_trigger.py
[2023-03-22T04:02:28.617+0400] {processor.py:743} INFO - Processing file /home/civis/anaconda3/lib/python3.9/site-packages/airflow/example_dags/example_latest_only_with_trigger.py for tasks to queue
[2023-03-22T04:02:28.617+0400] {logging_mixin.py:137} INFO - [2023-03-22T04:02:28.617+0400] {dagbag.py:538} INFO - Filling up the DagBag from /home/civis/anaconda3/lib/python3.9/site-packages/airflow/example_dags/example_latest_only_with_trigger.py
[2023-03-22T04:02:28.624+0400] {processor.py:753} INFO - DAG(s) dict_keys(['latest_only_with_trigger']) retrieved from /home/civis/anaconda3/lib/python3.9/site-packages/airflow/example_dags/example_latest_only_with_trigger.py
[2023-03-22T04:02:28.631+0400] {logging_mixin.py:137} INFO - [2023-03-22T04:02:28.631+0400] {dag.py:2690} INFO - Sync 1 DAGs
[2023-03-22T04:02:28.640+0400] {logging_mixin.py:137} INFO - [2023-03-22T04:02:28.640+0400] {dag.py:3437} INFO - Setting next_dagrun for latest_only_with_trigger to 2023-03-21T20:02:28.640128+00:00, run_after=2023-03-22T00:02:28.640128+00:00
[2023-03-22T04:02:28.655+0400] {processor.py:175} INFO - Processing /home/civis/anaconda3/lib/python3.9/site-packages/airflow/example_dags/example_latest_only_with_trigger.py took 0.041 seconds
[2023-03-22T04:03:09.047+0400] {processor.py:153} INFO - Started process (PID=168708) to work on /home/civis/anaconda3/lib/python3.9/site-packages/airflow/example_dags/example_latest_only_with_trigger.py
[2023-03-22T04:03:09.055+0400] {processor.py:743} INFO - Processing file /home/civis/anaconda3/lib/python3.9/site-packages/airflow/example_dags/example_latest_only_with_trigger.py for tasks to queue
[2023-03-22T04:03:09.056+0400] {logging_mixin.py:137} INFO - [2023-03-22T04:03:09.056+0400] {dagbag.py:538} INFO - Filling up the DagBag from /home/civis/anaconda3/lib/python3.9/site-packages/airflow/example_dags/example_latest_only_with_trigger.py
[2023-03-22T04:03:09.062+0400] {processor.py:753} INFO - DAG(s) dict_keys(['latest_only_with_trigger']) retrieved from /home/civis/anaconda3/lib/python3.9/site-packages/airflow/example_dags/example_latest_only_with_trigger.py
[2023-03-22T04:03:09.068+0400] {logging_mixin.py:137} INFO - [2023-03-22T04:03:09.068+0400] {dag.py:2690} INFO - Sync 1 DAGs
[2023-03-22T04:03:09.076+0400] {logging_mixin.py:137} INFO - [2023-03-22T04:03:09.076+0400] {dag.py:3437} INFO - Setting next_dagrun for latest_only_with_trigger to 2023-03-21T20:03:09.075989+00:00, run_after=2023-03-22T00:03:09.075989+00:00
[2023-03-22T04:03:09.096+0400] {processor.py:175} INFO - Processing /home/civis/anaconda3/lib/python3.9/site-packages/airflow/example_dags/example_latest_only_with_trigger.py took 0.050 seconds
[2023-03-22T04:03:47.361+0400] {processor.py:153} INFO - Started process (PID=169389) to work on /home/civis/anaconda3/lib/python3.9/site-packages/airflow/example_dags/example_latest_only_with_trigger.py
[2023-03-22T04:03:47.370+0400] {processor.py:743} INFO - Processing file /home/civis/anaconda3/lib/python3.9/site-packages/airflow/example_dags/example_latest_only_with_trigger.py for tasks to queue
[2023-03-22T04:03:47.370+0400] {logging_mixin.py:137} INFO - [2023-03-22T04:03:47.370+0400] {dagbag.py:538} INFO - Filling up the DagBag from /home/civis/anaconda3/lib/python3.9/site-packages/airflow/example_dags/example_latest_only_with_trigger.py
[2023-03-22T04:03:47.386+0400] {processor.py:753} INFO - DAG(s) dict_keys(['latest_only_with_trigger']) retrieved from /home/civis/anaconda3/lib/python3.9/site-packages/airflow/example_dags/example_latest_only_with_trigger.py
[2023-03-22T04:03:47.393+0400] {logging_mixin.py:137} INFO - [2023-03-22T04:03:47.393+0400] {dag.py:2690} INFO - Sync 1 DAGs
[2023-03-22T04:03:47.401+0400] {logging_mixin.py:137} INFO - [2023-03-22T04:03:47.401+0400] {dag.py:3437} INFO - Setting next_dagrun for latest_only_with_trigger to 2023-03-21T20:03:47.401052+00:00, run_after=2023-03-22T00:03:47.401052+00:00
[2023-03-22T04:03:47.416+0400] {processor.py:175} INFO - Processing /home/civis/anaconda3/lib/python3.9/site-packages/airflow/example_dags/example_latest_only_with_trigger.py took 0.057 seconds
[2023-03-22T04:04:15.730+0400] {processor.py:153} INFO - Started process (PID=169855) to work on /home/civis/anaconda3/lib/python3.9/site-packages/airflow/example_dags/example_latest_only_with_trigger.py
[2023-03-22T04:04:15.731+0400] {processor.py:743} INFO - Processing file /home/civis/anaconda3/lib/python3.9/site-packages/airflow/example_dags/example_latest_only_with_trigger.py for tasks to queue
[2023-03-22T04:04:15.732+0400] {logging_mixin.py:137} INFO - [2023-03-22T04:04:15.732+0400] {dagbag.py:538} INFO - Filling up the DagBag from /home/civis/anaconda3/lib/python3.9/site-packages/airflow/example_dags/example_latest_only_with_trigger.py
[2023-03-22T04:04:15.741+0400] {processor.py:753} INFO - DAG(s) dict_keys(['latest_only_with_trigger']) retrieved from /home/civis/anaconda3/lib/python3.9/site-packages/airflow/example_dags/example_latest_only_with_trigger.py
[2023-03-22T04:04:15.749+0400] {logging_mixin.py:137} INFO - [2023-03-22T04:04:15.749+0400] {dag.py:2690} INFO - Sync 1 DAGs
[2023-03-22T04:04:15.758+0400] {logging_mixin.py:137} INFO - [2023-03-22T04:04:15.758+0400] {dag.py:3437} INFO - Setting next_dagrun for latest_only_with_trigger to 2023-03-21T20:04:15.758115+00:00, run_after=2023-03-22T00:04:15.758115+00:00
[2023-03-22T04:04:15.775+0400] {processor.py:175} INFO - Processing /home/civis/anaconda3/lib/python3.9/site-packages/airflow/example_dags/example_latest_only_with_trigger.py took 0.049 seconds
[2023-03-22T04:04:55.748+0400] {processor.py:153} INFO - Started process (PID=170495) to work on /home/civis/anaconda3/lib/python3.9/site-packages/airflow/example_dags/example_latest_only_with_trigger.py
[2023-03-22T04:04:55.748+0400] {processor.py:743} INFO - Processing file /home/civis/anaconda3/lib/python3.9/site-packages/airflow/example_dags/example_latest_only_with_trigger.py for tasks to queue
[2023-03-22T04:04:55.748+0400] {logging_mixin.py:137} INFO - [2023-03-22T04:04:55.748+0400] {dagbag.py:538} INFO - Filling up the DagBag from /home/civis/anaconda3/lib/python3.9/site-packages/airflow/example_dags/example_latest_only_with_trigger.py
[2023-03-22T04:04:55.755+0400] {processor.py:753} INFO - DAG(s) dict_keys(['latest_only_with_trigger']) retrieved from /home/civis/anaconda3/lib/python3.9/site-packages/airflow/example_dags/example_latest_only_with_trigger.py
[2023-03-22T04:04:55.762+0400] {logging_mixin.py:137} INFO - [2023-03-22T04:04:55.762+0400] {dag.py:2690} INFO - Sync 1 DAGs
[2023-03-22T04:04:55.770+0400] {logging_mixin.py:137} INFO - [2023-03-22T04:04:55.770+0400] {dag.py:3437} INFO - Setting next_dagrun for latest_only_with_trigger to 2023-03-21T20:04:55.770011+00:00, run_after=2023-03-22T00:04:55.770011+00:00
[2023-03-22T04:04:55.788+0400] {processor.py:175} INFO - Processing /home/civis/anaconda3/lib/python3.9/site-packages/airflow/example_dags/example_latest_only_with_trigger.py took 0.042 seconds
[2023-03-22T04:05:35.753+0400] {processor.py:153} INFO - Started process (PID=171107) to work on /home/civis/anaconda3/lib/python3.9/site-packages/airflow/example_dags/example_latest_only_with_trigger.py
[2023-03-22T04:05:35.754+0400] {processor.py:743} INFO - Processing file /home/civis/anaconda3/lib/python3.9/site-packages/airflow/example_dags/example_latest_only_with_trigger.py for tasks to queue
[2023-03-22T04:05:35.754+0400] {logging_mixin.py:137} INFO - [2023-03-22T04:05:35.754+0400] {dagbag.py:538} INFO - Filling up the DagBag from /home/civis/anaconda3/lib/python3.9/site-packages/airflow/example_dags/example_latest_only_with_trigger.py
[2023-03-22T04:05:35.761+0400] {processor.py:753} INFO - DAG(s) dict_keys(['latest_only_with_trigger']) retrieved from /home/civis/anaconda3/lib/python3.9/site-packages/airflow/example_dags/example_latest_only_with_trigger.py
[2023-03-22T04:05:35.768+0400] {logging_mixin.py:137} INFO - [2023-03-22T04:05:35.768+0400] {dag.py:2690} INFO - Sync 1 DAGs
[2023-03-22T04:05:35.775+0400] {logging_mixin.py:137} INFO - [2023-03-22T04:05:35.775+0400] {dag.py:3437} INFO - Setting next_dagrun for latest_only_with_trigger to 2023-03-21T20:05:35.775776+00:00, run_after=2023-03-22T00:05:35.775776+00:00
[2023-03-22T04:05:35.791+0400] {processor.py:175} INFO - Processing /home/civis/anaconda3/lib/python3.9/site-packages/airflow/example_dags/example_latest_only_with_trigger.py took 0.041 seconds
[2023-03-22T04:06:16.784+0400] {processor.py:153} INFO - Started process (PID=171807) to work on /home/civis/anaconda3/lib/python3.9/site-packages/airflow/example_dags/example_latest_only_with_trigger.py
[2023-03-22T04:06:16.793+0400] {processor.py:743} INFO - Processing file /home/civis/anaconda3/lib/python3.9/site-packages/airflow/example_dags/example_latest_only_with_trigger.py for tasks to queue
[2023-03-22T04:06:16.794+0400] {logging_mixin.py:137} INFO - [2023-03-22T04:06:16.794+0400] {dagbag.py:538} INFO - Filling up the DagBag from /home/civis/anaconda3/lib/python3.9/site-packages/airflow/example_dags/example_latest_only_with_trigger.py
[2023-03-22T04:06:16.810+0400] {processor.py:753} INFO - DAG(s) dict_keys(['latest_only_with_trigger']) retrieved from /home/civis/anaconda3/lib/python3.9/site-packages/airflow/example_dags/example_latest_only_with_trigger.py
[2023-03-22T04:06:16.817+0400] {logging_mixin.py:137} INFO - [2023-03-22T04:06:16.817+0400] {dag.py:2690} INFO - Sync 1 DAGs
[2023-03-22T04:06:16.825+0400] {logging_mixin.py:137} INFO - [2023-03-22T04:06:16.825+0400] {dag.py:3437} INFO - Setting next_dagrun for latest_only_with_trigger to 2023-03-21T20:06:16.825287+00:00, run_after=2023-03-22T00:06:16.825287+00:00
[2023-03-22T04:06:16.842+0400] {processor.py:175} INFO - Processing /home/civis/anaconda3/lib/python3.9/site-packages/airflow/example_dags/example_latest_only_with_trigger.py took 0.061 seconds
[2023-03-22T04:06:54.712+0400] {processor.py:153} INFO - Started process (PID=172409) to work on /home/civis/anaconda3/lib/python3.9/site-packages/airflow/example_dags/example_latest_only_with_trigger.py
[2023-03-22T04:06:54.712+0400] {processor.py:743} INFO - Processing file /home/civis/anaconda3/lib/python3.9/site-packages/airflow/example_dags/example_latest_only_with_trigger.py for tasks to queue
[2023-03-22T04:06:54.712+0400] {logging_mixin.py:137} INFO - [2023-03-22T04:06:54.712+0400] {dagbag.py:538} INFO - Filling up the DagBag from /home/civis/anaconda3/lib/python3.9/site-packages/airflow/example_dags/example_latest_only_with_trigger.py
[2023-03-22T04:06:54.719+0400] {processor.py:753} INFO - DAG(s) dict_keys(['latest_only_with_trigger']) retrieved from /home/civis/anaconda3/lib/python3.9/site-packages/airflow/example_dags/example_latest_only_with_trigger.py
[2023-03-22T04:06:54.730+0400] {logging_mixin.py:137} INFO - [2023-03-22T04:06:54.730+0400] {dag.py:2690} INFO - Sync 1 DAGs
[2023-03-22T04:06:54.738+0400] {logging_mixin.py:137} INFO - [2023-03-22T04:06:54.738+0400] {dag.py:3437} INFO - Setting next_dagrun for latest_only_with_trigger to 2023-03-21T20:06:54.738490+00:00, run_after=2023-03-22T00:06:54.738490+00:00
[2023-03-22T04:06:54.753+0400] {processor.py:175} INFO - Processing /home/civis/anaconda3/lib/python3.9/site-packages/airflow/example_dags/example_latest_only_with_trigger.py took 0.043 seconds
[2023-03-22T04:07:37.271+0400] {processor.py:153} INFO - Started process (PID=173096) to work on /home/civis/anaconda3/lib/python3.9/site-packages/airflow/example_dags/example_latest_only_with_trigger.py
[2023-03-22T04:07:37.280+0400] {processor.py:743} INFO - Processing file /home/civis/anaconda3/lib/python3.9/site-packages/airflow/example_dags/example_latest_only_with_trigger.py for tasks to queue
[2023-03-22T04:07:37.281+0400] {logging_mixin.py:137} INFO - [2023-03-22T04:07:37.281+0400] {dagbag.py:538} INFO - Filling up the DagBag from /home/civis/anaconda3/lib/python3.9/site-packages/airflow/example_dags/example_latest_only_with_trigger.py
[2023-03-22T04:07:37.295+0400] {processor.py:753} INFO - DAG(s) dict_keys(['latest_only_with_trigger']) retrieved from /home/civis/anaconda3/lib/python3.9/site-packages/airflow/example_dags/example_latest_only_with_trigger.py
[2023-03-22T04:07:37.306+0400] {logging_mixin.py:137} INFO - [2023-03-22T04:07:37.306+0400] {dag.py:2690} INFO - Sync 1 DAGs
[2023-03-22T04:07:37.314+0400] {logging_mixin.py:137} INFO - [2023-03-22T04:07:37.314+0400] {dag.py:3437} INFO - Setting next_dagrun for latest_only_with_trigger to 2023-03-21T20:07:37.314712+00:00, run_after=2023-03-22T00:07:37.314712+00:00
[2023-03-22T04:07:37.330+0400] {processor.py:175} INFO - Processing /home/civis/anaconda3/lib/python3.9/site-packages/airflow/example_dags/example_latest_only_with_trigger.py took 0.063 seconds
[2023-03-22T04:08:17.354+0400] {processor.py:153} INFO - Started process (PID=173763) to work on /home/civis/anaconda3/lib/python3.9/site-packages/airflow/example_dags/example_latest_only_with_trigger.py
[2023-03-22T04:08:17.362+0400] {processor.py:743} INFO - Processing file /home/civis/anaconda3/lib/python3.9/site-packages/airflow/example_dags/example_latest_only_with_trigger.py for tasks to queue
[2023-03-22T04:08:17.362+0400] {logging_mixin.py:137} INFO - [2023-03-22T04:08:17.362+0400] {dagbag.py:538} INFO - Filling up the DagBag from /home/civis/anaconda3/lib/python3.9/site-packages/airflow/example_dags/example_latest_only_with_trigger.py
[2023-03-22T04:08:17.369+0400] {processor.py:753} INFO - DAG(s) dict_keys(['latest_only_with_trigger']) retrieved from /home/civis/anaconda3/lib/python3.9/site-packages/airflow/example_dags/example_latest_only_with_trigger.py
[2023-03-22T04:08:17.377+0400] {logging_mixin.py:137} INFO - [2023-03-22T04:08:17.377+0400] {dag.py:2690} INFO - Sync 1 DAGs
[2023-03-22T04:08:17.385+0400] {logging_mixin.py:137} INFO - [2023-03-22T04:08:17.385+0400] {dag.py:3437} INFO - Setting next_dagrun for latest_only_with_trigger to 2023-03-21T20:08:17.385741+00:00, run_after=2023-03-22T00:08:17.385741+00:00
[2023-03-22T04:08:17.401+0400] {processor.py:175} INFO - Processing /home/civis/anaconda3/lib/python3.9/site-packages/airflow/example_dags/example_latest_only_with_trigger.py took 0.048 seconds
[2023-03-22T04:08:57.641+0400] {processor.py:153} INFO - Started process (PID=175692) to work on /home/civis/anaconda3/lib/python3.9/site-packages/airflow/example_dags/example_latest_only_with_trigger.py
[2023-03-22T04:08:57.641+0400] {processor.py:743} INFO - Processing file /home/civis/anaconda3/lib/python3.9/site-packages/airflow/example_dags/example_latest_only_with_trigger.py for tasks to queue
[2023-03-22T04:08:57.642+0400] {logging_mixin.py:137} INFO - [2023-03-22T04:08:57.642+0400] {dagbag.py:538} INFO - Filling up the DagBag from /home/civis/anaconda3/lib/python3.9/site-packages/airflow/example_dags/example_latest_only_with_trigger.py
[2023-03-22T04:08:57.649+0400] {processor.py:753} INFO - DAG(s) dict_keys(['latest_only_with_trigger']) retrieved from /home/civis/anaconda3/lib/python3.9/site-packages/airflow/example_dags/example_latest_only_with_trigger.py
[2023-03-22T04:08:57.658+0400] {logging_mixin.py:137} INFO - [2023-03-22T04:08:57.658+0400] {dag.py:2690} INFO - Sync 1 DAGs
[2023-03-22T04:08:57.667+0400] {logging_mixin.py:137} INFO - [2023-03-22T04:08:57.667+0400] {dag.py:3437} INFO - Setting next_dagrun for latest_only_with_trigger to 2023-03-21T20:08:57.667611+00:00, run_after=2023-03-22T00:08:57.667611+00:00
[2023-03-22T04:08:57.682+0400] {processor.py:175} INFO - Processing /home/civis/anaconda3/lib/python3.9/site-packages/airflow/example_dags/example_latest_only_with_trigger.py took 0.043 seconds
[2023-03-22T04:09:40.799+0400] {processor.py:153} INFO - Started process (PID=176417) to work on /home/civis/anaconda3/lib/python3.9/site-packages/airflow/example_dags/example_latest_only_with_trigger.py
[2023-03-22T04:09:40.799+0400] {processor.py:743} INFO - Processing file /home/civis/anaconda3/lib/python3.9/site-packages/airflow/example_dags/example_latest_only_with_trigger.py for tasks to queue
[2023-03-22T04:09:40.799+0400] {logging_mixin.py:137} INFO - [2023-03-22T04:09:40.799+0400] {dagbag.py:538} INFO - Filling up the DagBag from /home/civis/anaconda3/lib/python3.9/site-packages/airflow/example_dags/example_latest_only_with_trigger.py
[2023-03-22T04:09:40.805+0400] {processor.py:753} INFO - DAG(s) dict_keys(['latest_only_with_trigger']) retrieved from /home/civis/anaconda3/lib/python3.9/site-packages/airflow/example_dags/example_latest_only_with_trigger.py
[2023-03-22T04:09:40.813+0400] {logging_mixin.py:137} INFO - [2023-03-22T04:09:40.813+0400] {dag.py:2690} INFO - Sync 1 DAGs
[2023-03-22T04:09:40.821+0400] {logging_mixin.py:137} INFO - [2023-03-22T04:09:40.821+0400] {dag.py:3437} INFO - Setting next_dagrun for latest_only_with_trigger to 2023-03-21T20:09:40.821197+00:00, run_after=2023-03-22T00:09:40.821197+00:00
[2023-03-22T04:09:40.836+0400] {processor.py:175} INFO - Processing /home/civis/anaconda3/lib/python3.9/site-packages/airflow/example_dags/example_latest_only_with_trigger.py took 0.039 seconds
[2023-03-22T04:10:23.395+0400] {processor.py:153} INFO - Started process (PID=177090) to work on /home/civis/anaconda3/lib/python3.9/site-packages/airflow/example_dags/example_latest_only_with_trigger.py
[2023-03-22T04:10:23.403+0400] {processor.py:743} INFO - Processing file /home/civis/anaconda3/lib/python3.9/site-packages/airflow/example_dags/example_latest_only_with_trigger.py for tasks to queue
[2023-03-22T04:10:23.403+0400] {logging_mixin.py:137} INFO - [2023-03-22T04:10:23.403+0400] {dagbag.py:538} INFO - Filling up the DagBag from /home/civis/anaconda3/lib/python3.9/site-packages/airflow/example_dags/example_latest_only_with_trigger.py
[2023-03-22T04:10:23.410+0400] {processor.py:753} INFO - DAG(s) dict_keys(['latest_only_with_trigger']) retrieved from /home/civis/anaconda3/lib/python3.9/site-packages/airflow/example_dags/example_latest_only_with_trigger.py
[2023-03-22T04:10:23.418+0400] {logging_mixin.py:137} INFO - [2023-03-22T04:10:23.418+0400] {dag.py:2690} INFO - Sync 1 DAGs
[2023-03-22T04:10:23.427+0400] {logging_mixin.py:137} INFO - [2023-03-22T04:10:23.427+0400] {dag.py:3437} INFO - Setting next_dagrun for latest_only_with_trigger to 2023-03-21T20:10:23.426914+00:00, run_after=2023-03-22T00:10:23.426914+00:00
[2023-03-22T04:10:23.442+0400] {processor.py:175} INFO - Processing /home/civis/anaconda3/lib/python3.9/site-packages/airflow/example_dags/example_latest_only_with_trigger.py took 0.049 seconds
[2023-03-22T04:11:02.528+0400] {processor.py:153} INFO - Started process (PID=177761) to work on /home/civis/anaconda3/lib/python3.9/site-packages/airflow/example_dags/example_latest_only_with_trigger.py
[2023-03-22T04:11:02.537+0400] {processor.py:743} INFO - Processing file /home/civis/anaconda3/lib/python3.9/site-packages/airflow/example_dags/example_latest_only_with_trigger.py for tasks to queue
[2023-03-22T04:11:02.538+0400] {logging_mixin.py:137} INFO - [2023-03-22T04:11:02.538+0400] {dagbag.py:538} INFO - Filling up the DagBag from /home/civis/anaconda3/lib/python3.9/site-packages/airflow/example_dags/example_latest_only_with_trigger.py
[2023-03-22T04:11:02.551+0400] {processor.py:753} INFO - DAG(s) dict_keys(['latest_only_with_trigger']) retrieved from /home/civis/anaconda3/lib/python3.9/site-packages/airflow/example_dags/example_latest_only_with_trigger.py
[2023-03-22T04:11:02.559+0400] {logging_mixin.py:137} INFO - [2023-03-22T04:11:02.559+0400] {dag.py:2690} INFO - Sync 1 DAGs
[2023-03-22T04:11:02.567+0400] {logging_mixin.py:137} INFO - [2023-03-22T04:11:02.567+0400] {dag.py:3437} INFO - Setting next_dagrun for latest_only_with_trigger to 2023-03-21T20:11:02.566926+00:00, run_after=2023-03-22T00:11:02.566926+00:00
[2023-03-22T04:11:02.582+0400] {processor.py:175} INFO - Processing /home/civis/anaconda3/lib/python3.9/site-packages/airflow/example_dags/example_latest_only_with_trigger.py took 0.055 seconds
