[2023-03-22T04:00:30.939+0400] {processor.py:153} INFO - Started process (PID=165934) to work on /home/civis/anaconda3/lib/python3.9/site-packages/airflow/example_dags/example_task_group_decorator.py
[2023-03-22T04:00:30.939+0400] {processor.py:743} INFO - Processing file /home/civis/anaconda3/lib/python3.9/site-packages/airflow/example_dags/example_task_group_decorator.py for tasks to queue
[2023-03-22T04:00:30.939+0400] {logging_mixin.py:137} INFO - [2023-03-22T04:00:30.939+0400] {dagbag.py:538} INFO - Filling up the DagBag from /home/civis/anaconda3/lib/python3.9/site-packages/airflow/example_dags/example_task_group_decorator.py
[2023-03-22T04:00:30.951+0400] {processor.py:753} INFO - DAG(s) dict_keys(['example_task_group_decorator']) retrieved from /home/civis/anaconda3/lib/python3.9/site-packages/airflow/example_dags/example_task_group_decorator.py
[2023-03-22T04:00:30.958+0400] {logging_mixin.py:137} INFO - [2023-03-22T04:00:30.958+0400] {dag.py:2690} INFO - Sync 1 DAGs
[2023-03-22T04:00:30.966+0400] {logging_mixin.py:137} INFO - [2023-03-22T04:00:30.966+0400] {dag.py:3437} INFO - Setting next_dagrun for example_task_group_decorator to 2023-03-21T00:00:30.966757+00:00, run_after=2023-03-22T00:00:30.966757+00:00
[2023-03-22T04:00:30.993+0400] {processor.py:175} INFO - Processing /home/civis/anaconda3/lib/python3.9/site-packages/airflow/example_dags/example_task_group_decorator.py took 0.055 seconds
[2023-03-22T04:01:09.860+0400] {processor.py:153} INFO - Started process (PID=166538) to work on /home/civis/anaconda3/lib/python3.9/site-packages/airflow/example_dags/example_task_group_decorator.py
[2023-03-22T04:01:09.861+0400] {processor.py:743} INFO - Processing file /home/civis/anaconda3/lib/python3.9/site-packages/airflow/example_dags/example_task_group_decorator.py for tasks to queue
[2023-03-22T04:01:09.862+0400] {logging_mixin.py:137} INFO - [2023-03-22T04:01:09.862+0400] {dagbag.py:538} INFO - Filling up the DagBag from /home/civis/anaconda3/lib/python3.9/site-packages/airflow/example_dags/example_task_group_decorator.py
[2023-03-22T04:01:09.878+0400] {processor.py:753} INFO - DAG(s) dict_keys(['example_task_group_decorator']) retrieved from /home/civis/anaconda3/lib/python3.9/site-packages/airflow/example_dags/example_task_group_decorator.py
[2023-03-22T04:01:09.886+0400] {logging_mixin.py:137} INFO - [2023-03-22T04:01:09.886+0400] {dag.py:2690} INFO - Sync 1 DAGs
[2023-03-22T04:01:09.894+0400] {logging_mixin.py:137} INFO - [2023-03-22T04:01:09.893+0400] {dag.py:3437} INFO - Setting next_dagrun for example_task_group_decorator to 2023-03-21T00:01:09.893828+00:00, run_after=2023-03-22T00:01:09.893828+00:00
[2023-03-22T04:01:09.909+0400] {processor.py:175} INFO - Processing /home/civis/anaconda3/lib/python3.9/site-packages/airflow/example_dags/example_task_group_decorator.py took 0.054 seconds
[2023-03-22T04:01:49.948+0400] {processor.py:153} INFO - Started process (PID=167149) to work on /home/civis/anaconda3/lib/python3.9/site-packages/airflow/example_dags/example_task_group_decorator.py
[2023-03-22T04:01:49.957+0400] {processor.py:743} INFO - Processing file /home/civis/anaconda3/lib/python3.9/site-packages/airflow/example_dags/example_task_group_decorator.py for tasks to queue
[2023-03-22T04:01:49.958+0400] {logging_mixin.py:137} INFO - [2023-03-22T04:01:49.958+0400] {dagbag.py:538} INFO - Filling up the DagBag from /home/civis/anaconda3/lib/python3.9/site-packages/airflow/example_dags/example_task_group_decorator.py
[2023-03-22T04:01:49.979+0400] {processor.py:753} INFO - DAG(s) dict_keys(['example_task_group_decorator']) retrieved from /home/civis/anaconda3/lib/python3.9/site-packages/airflow/example_dags/example_task_group_decorator.py
[2023-03-22T04:01:49.987+0400] {logging_mixin.py:137} INFO - [2023-03-22T04:01:49.987+0400] {dag.py:2690} INFO - Sync 1 DAGs
[2023-03-22T04:01:49.995+0400] {logging_mixin.py:137} INFO - [2023-03-22T04:01:49.995+0400] {dag.py:3437} INFO - Setting next_dagrun for example_task_group_decorator to 2023-03-21T00:01:49.994994+00:00, run_after=2023-03-22T00:01:49.994994+00:00
[2023-03-22T04:01:50.010+0400] {processor.py:175} INFO - Processing /home/civis/anaconda3/lib/python3.9/site-packages/airflow/example_dags/example_task_group_decorator.py took 0.063 seconds
[2023-03-22T04:02:29.748+0400] {processor.py:153} INFO - Started process (PID=167938) to work on /home/civis/anaconda3/lib/python3.9/site-packages/airflow/example_dags/example_task_group_decorator.py
[2023-03-22T04:02:29.749+0400] {processor.py:743} INFO - Processing file /home/civis/anaconda3/lib/python3.9/site-packages/airflow/example_dags/example_task_group_decorator.py for tasks to queue
[2023-03-22T04:02:29.749+0400] {logging_mixin.py:137} INFO - [2023-03-22T04:02:29.749+0400] {dagbag.py:538} INFO - Filling up the DagBag from /home/civis/anaconda3/lib/python3.9/site-packages/airflow/example_dags/example_task_group_decorator.py
[2023-03-22T04:02:29.761+0400] {processor.py:753} INFO - DAG(s) dict_keys(['example_task_group_decorator']) retrieved from /home/civis/anaconda3/lib/python3.9/site-packages/airflow/example_dags/example_task_group_decorator.py
[2023-03-22T04:02:29.768+0400] {logging_mixin.py:137} INFO - [2023-03-22T04:02:29.768+0400] {dag.py:2690} INFO - Sync 1 DAGs
[2023-03-22T04:02:29.776+0400] {logging_mixin.py:137} INFO - [2023-03-22T04:02:29.776+0400] {dag.py:3437} INFO - Setting next_dagrun for example_task_group_decorator to 2023-03-21T00:02:29.776187+00:00, run_after=2023-03-22T00:02:29.776187+00:00
[2023-03-22T04:02:29.797+0400] {processor.py:175} INFO - Processing /home/civis/anaconda3/lib/python3.9/site-packages/airflow/example_dags/example_task_group_decorator.py took 0.050 seconds
[2023-03-22T04:03:10.171+0400] {processor.py:153} INFO - Started process (PID=168724) to work on /home/civis/anaconda3/lib/python3.9/site-packages/airflow/example_dags/example_task_group_decorator.py
[2023-03-22T04:03:10.171+0400] {processor.py:743} INFO - Processing file /home/civis/anaconda3/lib/python3.9/site-packages/airflow/example_dags/example_task_group_decorator.py for tasks to queue
[2023-03-22T04:03:10.172+0400] {logging_mixin.py:137} INFO - [2023-03-22T04:03:10.172+0400] {dagbag.py:538} INFO - Filling up the DagBag from /home/civis/anaconda3/lib/python3.9/site-packages/airflow/example_dags/example_task_group_decorator.py
[2023-03-22T04:03:10.183+0400] {processor.py:753} INFO - DAG(s) dict_keys(['example_task_group_decorator']) retrieved from /home/civis/anaconda3/lib/python3.9/site-packages/airflow/example_dags/example_task_group_decorator.py
[2023-03-22T04:03:10.191+0400] {logging_mixin.py:137} INFO - [2023-03-22T04:03:10.191+0400] {dag.py:2690} INFO - Sync 1 DAGs
[2023-03-22T04:03:10.199+0400] {logging_mixin.py:137} INFO - [2023-03-22T04:03:10.198+0400] {dag.py:3437} INFO - Setting next_dagrun for example_task_group_decorator to 2023-03-21T00:03:10.198886+00:00, run_after=2023-03-22T00:03:10.198886+00:00
[2023-03-22T04:03:10.219+0400] {processor.py:175} INFO - Processing /home/civis/anaconda3/lib/python3.9/site-packages/airflow/example_dags/example_task_group_decorator.py took 0.050 seconds
[2023-03-22T04:03:48.511+0400] {processor.py:153} INFO - Started process (PID=169402) to work on /home/civis/anaconda3/lib/python3.9/site-packages/airflow/example_dags/example_task_group_decorator.py
[2023-03-22T04:03:48.520+0400] {processor.py:743} INFO - Processing file /home/civis/anaconda3/lib/python3.9/site-packages/airflow/example_dags/example_task_group_decorator.py for tasks to queue
[2023-03-22T04:03:48.521+0400] {logging_mixin.py:137} INFO - [2023-03-22T04:03:48.521+0400] {dagbag.py:538} INFO - Filling up the DagBag from /home/civis/anaconda3/lib/python3.9/site-packages/airflow/example_dags/example_task_group_decorator.py
[2023-03-22T04:03:48.542+0400] {processor.py:753} INFO - DAG(s) dict_keys(['example_task_group_decorator']) retrieved from /home/civis/anaconda3/lib/python3.9/site-packages/airflow/example_dags/example_task_group_decorator.py
[2023-03-22T04:03:48.550+0400] {logging_mixin.py:137} INFO - [2023-03-22T04:03:48.550+0400] {dag.py:2690} INFO - Sync 1 DAGs
[2023-03-22T04:03:48.558+0400] {logging_mixin.py:137} INFO - [2023-03-22T04:03:48.558+0400] {dag.py:3437} INFO - Setting next_dagrun for example_task_group_decorator to 2023-03-21T00:03:48.557929+00:00, run_after=2023-03-22T00:03:48.557929+00:00
[2023-03-22T04:03:48.573+0400] {processor.py:175} INFO - Processing /home/civis/anaconda3/lib/python3.9/site-packages/airflow/example_dags/example_task_group_decorator.py took 0.065 seconds
[2023-03-22T04:04:16.862+0400] {processor.py:153} INFO - Started process (PID=169868) to work on /home/civis/anaconda3/lib/python3.9/site-packages/airflow/example_dags/example_task_group_decorator.py
[2023-03-22T04:04:16.871+0400] {processor.py:743} INFO - Processing file /home/civis/anaconda3/lib/python3.9/site-packages/airflow/example_dags/example_task_group_decorator.py for tasks to queue
[2023-03-22T04:04:16.872+0400] {logging_mixin.py:137} INFO - [2023-03-22T04:04:16.872+0400] {dagbag.py:538} INFO - Filling up the DagBag from /home/civis/anaconda3/lib/python3.9/site-packages/airflow/example_dags/example_task_group_decorator.py
[2023-03-22T04:04:16.892+0400] {processor.py:753} INFO - DAG(s) dict_keys(['example_task_group_decorator']) retrieved from /home/civis/anaconda3/lib/python3.9/site-packages/airflow/example_dags/example_task_group_decorator.py
[2023-03-22T04:04:16.900+0400] {logging_mixin.py:137} INFO - [2023-03-22T04:04:16.899+0400] {dag.py:2690} INFO - Sync 1 DAGs
[2023-03-22T04:04:16.907+0400] {logging_mixin.py:137} INFO - [2023-03-22T04:04:16.907+0400] {dag.py:3437} INFO - Setting next_dagrun for example_task_group_decorator to 2023-03-21T00:04:16.907568+00:00, run_after=2023-03-22T00:04:16.907568+00:00
[2023-03-22T04:04:16.922+0400] {processor.py:175} INFO - Processing /home/civis/anaconda3/lib/python3.9/site-packages/airflow/example_dags/example_task_group_decorator.py took 0.063 seconds
[2023-03-22T04:04:56.898+0400] {processor.py:153} INFO - Started process (PID=170509) to work on /home/civis/anaconda3/lib/python3.9/site-packages/airflow/example_dags/example_task_group_decorator.py
[2023-03-22T04:04:56.907+0400] {processor.py:743} INFO - Processing file /home/civis/anaconda3/lib/python3.9/site-packages/airflow/example_dags/example_task_group_decorator.py for tasks to queue
[2023-03-22T04:04:56.908+0400] {logging_mixin.py:137} INFO - [2023-03-22T04:04:56.908+0400] {dagbag.py:538} INFO - Filling up the DagBag from /home/civis/anaconda3/lib/python3.9/site-packages/airflow/example_dags/example_task_group_decorator.py
[2023-03-22T04:04:56.937+0400] {processor.py:753} INFO - DAG(s) dict_keys(['example_task_group_decorator']) retrieved from /home/civis/anaconda3/lib/python3.9/site-packages/airflow/example_dags/example_task_group_decorator.py
[2023-03-22T04:04:56.945+0400] {logging_mixin.py:137} INFO - [2023-03-22T04:04:56.945+0400] {dag.py:2690} INFO - Sync 1 DAGs
[2023-03-22T04:04:56.953+0400] {logging_mixin.py:137} INFO - [2023-03-22T04:04:56.953+0400] {dag.py:3437} INFO - Setting next_dagrun for example_task_group_decorator to 2023-03-21T00:04:56.953129+00:00, run_after=2023-03-22T00:04:56.953129+00:00
[2023-03-22T04:04:56.968+0400] {processor.py:175} INFO - Processing /home/civis/anaconda3/lib/python3.9/site-packages/airflow/example_dags/example_task_group_decorator.py took 0.072 seconds
[2023-03-22T04:05:36.907+0400] {processor.py:153} INFO - Started process (PID=171128) to work on /home/civis/anaconda3/lib/python3.9/site-packages/airflow/example_dags/example_task_group_decorator.py
[2023-03-22T04:05:36.915+0400] {processor.py:743} INFO - Processing file /home/civis/anaconda3/lib/python3.9/site-packages/airflow/example_dags/example_task_group_decorator.py for tasks to queue
[2023-03-22T04:05:36.916+0400] {logging_mixin.py:137} INFO - [2023-03-22T04:05:36.916+0400] {dagbag.py:538} INFO - Filling up the DagBag from /home/civis/anaconda3/lib/python3.9/site-packages/airflow/example_dags/example_task_group_decorator.py
[2023-03-22T04:05:36.929+0400] {processor.py:753} INFO - DAG(s) dict_keys(['example_task_group_decorator']) retrieved from /home/civis/anaconda3/lib/python3.9/site-packages/airflow/example_dags/example_task_group_decorator.py
[2023-03-22T04:05:36.937+0400] {logging_mixin.py:137} INFO - [2023-03-22T04:05:36.937+0400] {dag.py:2690} INFO - Sync 1 DAGs
[2023-03-22T04:05:36.946+0400] {logging_mixin.py:137} INFO - [2023-03-22T04:05:36.946+0400] {dag.py:3437} INFO - Setting next_dagrun for example_task_group_decorator to 2023-03-21T00:05:36.946070+00:00, run_after=2023-03-22T00:05:36.946070+00:00
[2023-03-22T04:05:36.961+0400] {processor.py:175} INFO - Processing /home/civis/anaconda3/lib/python3.9/site-packages/airflow/example_dags/example_task_group_decorator.py took 0.058 seconds
[2023-03-22T04:06:17.357+0400] {processor.py:153} INFO - Started process (PID=171820) to work on /home/civis/anaconda3/lib/python3.9/site-packages/airflow/example_dags/example_task_group_decorator.py
[2023-03-22T04:06:17.358+0400] {processor.py:743} INFO - Processing file /home/civis/anaconda3/lib/python3.9/site-packages/airflow/example_dags/example_task_group_decorator.py for tasks to queue
[2023-03-22T04:06:17.359+0400] {logging_mixin.py:137} INFO - [2023-03-22T04:06:17.359+0400] {dagbag.py:538} INFO - Filling up the DagBag from /home/civis/anaconda3/lib/python3.9/site-packages/airflow/example_dags/example_task_group_decorator.py
[2023-03-22T04:06:17.377+0400] {processor.py:753} INFO - DAG(s) dict_keys(['example_task_group_decorator']) retrieved from /home/civis/anaconda3/lib/python3.9/site-packages/airflow/example_dags/example_task_group_decorator.py
[2023-03-22T04:06:17.385+0400] {logging_mixin.py:137} INFO - [2023-03-22T04:06:17.385+0400] {dag.py:2690} INFO - Sync 1 DAGs
[2023-03-22T04:06:17.392+0400] {logging_mixin.py:137} INFO - [2023-03-22T04:06:17.392+0400] {dag.py:3437} INFO - Setting next_dagrun for example_task_group_decorator to 2023-03-21T00:06:17.392785+00:00, run_after=2023-03-22T00:06:17.392785+00:00
[2023-03-22T04:06:17.409+0400] {processor.py:175} INFO - Processing /home/civis/anaconda3/lib/python3.9/site-packages/airflow/example_dags/example_task_group_decorator.py took 0.054 seconds
[2023-03-22T04:06:55.871+0400] {processor.py:153} INFO - Started process (PID=172425) to work on /home/civis/anaconda3/lib/python3.9/site-packages/airflow/example_dags/example_task_group_decorator.py
[2023-03-22T04:06:55.880+0400] {processor.py:743} INFO - Processing file /home/civis/anaconda3/lib/python3.9/site-packages/airflow/example_dags/example_task_group_decorator.py for tasks to queue
[2023-03-22T04:06:55.882+0400] {logging_mixin.py:137} INFO - [2023-03-22T04:06:55.881+0400] {dagbag.py:538} INFO - Filling up the DagBag from /home/civis/anaconda3/lib/python3.9/site-packages/airflow/example_dags/example_task_group_decorator.py
[2023-03-22T04:06:55.910+0400] {processor.py:753} INFO - DAG(s) dict_keys(['example_task_group_decorator']) retrieved from /home/civis/anaconda3/lib/python3.9/site-packages/airflow/example_dags/example_task_group_decorator.py
[2023-03-22T04:06:55.918+0400] {logging_mixin.py:137} INFO - [2023-03-22T04:06:55.918+0400] {dag.py:2690} INFO - Sync 1 DAGs
[2023-03-22T04:06:55.925+0400] {logging_mixin.py:137} INFO - [2023-03-22T04:06:55.925+0400] {dag.py:3437} INFO - Setting next_dagrun for example_task_group_decorator to 2023-03-21T00:06:55.925617+00:00, run_after=2023-03-22T00:06:55.925617+00:00
[2023-03-22T04:06:55.940+0400] {processor.py:175} INFO - Processing /home/civis/anaconda3/lib/python3.9/site-packages/airflow/example_dags/example_task_group_decorator.py took 0.075 seconds
[2023-03-22T04:07:38.440+0400] {processor.py:153} INFO - Started process (PID=173123) to work on /home/civis/anaconda3/lib/python3.9/site-packages/airflow/example_dags/example_task_group_decorator.py
[2023-03-22T04:07:38.448+0400] {processor.py:743} INFO - Processing file /home/civis/anaconda3/lib/python3.9/site-packages/airflow/example_dags/example_task_group_decorator.py for tasks to queue
[2023-03-22T04:07:38.448+0400] {logging_mixin.py:137} INFO - [2023-03-22T04:07:38.448+0400] {dagbag.py:538} INFO - Filling up the DagBag from /home/civis/anaconda3/lib/python3.9/site-packages/airflow/example_dags/example_task_group_decorator.py
[2023-03-22T04:07:38.461+0400] {processor.py:753} INFO - DAG(s) dict_keys(['example_task_group_decorator']) retrieved from /home/civis/anaconda3/lib/python3.9/site-packages/airflow/example_dags/example_task_group_decorator.py
[2023-03-22T04:07:38.469+0400] {logging_mixin.py:137} INFO - [2023-03-22T04:07:38.469+0400] {dag.py:2690} INFO - Sync 1 DAGs
[2023-03-22T04:07:38.477+0400] {logging_mixin.py:137} INFO - [2023-03-22T04:07:38.477+0400] {dag.py:3437} INFO - Setting next_dagrun for example_task_group_decorator to 2023-03-21T00:07:38.477387+00:00, run_after=2023-03-22T00:07:38.477387+00:00
[2023-03-22T04:07:38.493+0400] {processor.py:175} INFO - Processing /home/civis/anaconda3/lib/python3.9/site-packages/airflow/example_dags/example_task_group_decorator.py took 0.054 seconds
[2023-03-22T04:08:18.516+0400] {processor.py:153} INFO - Started process (PID=173781) to work on /home/civis/anaconda3/lib/python3.9/site-packages/airflow/example_dags/example_task_group_decorator.py
[2023-03-22T04:08:18.525+0400] {processor.py:743} INFO - Processing file /home/civis/anaconda3/lib/python3.9/site-packages/airflow/example_dags/example_task_group_decorator.py for tasks to queue
[2023-03-22T04:08:18.526+0400] {logging_mixin.py:137} INFO - [2023-03-22T04:08:18.526+0400] {dagbag.py:538} INFO - Filling up the DagBag from /home/civis/anaconda3/lib/python3.9/site-packages/airflow/example_dags/example_task_group_decorator.py
[2023-03-22T04:08:18.548+0400] {processor.py:753} INFO - DAG(s) dict_keys(['example_task_group_decorator']) retrieved from /home/civis/anaconda3/lib/python3.9/site-packages/airflow/example_dags/example_task_group_decorator.py
[2023-03-22T04:08:18.556+0400] {logging_mixin.py:137} INFO - [2023-03-22T04:08:18.556+0400] {dag.py:2690} INFO - Sync 1 DAGs
[2023-03-22T04:08:18.564+0400] {logging_mixin.py:137} INFO - [2023-03-22T04:08:18.563+0400] {dag.py:3437} INFO - Setting next_dagrun for example_task_group_decorator to 2023-03-21T00:08:18.563895+00:00, run_after=2023-03-22T00:08:18.563895+00:00
[2023-03-22T04:08:18.578+0400] {processor.py:175} INFO - Processing /home/civis/anaconda3/lib/python3.9/site-packages/airflow/example_dags/example_task_group_decorator.py took 0.069 seconds
[2023-03-22T04:08:58.795+0400] {processor.py:153} INFO - Started process (PID=175711) to work on /home/civis/anaconda3/lib/python3.9/site-packages/airflow/example_dags/example_task_group_decorator.py
[2023-03-22T04:08:58.803+0400] {processor.py:743} INFO - Processing file /home/civis/anaconda3/lib/python3.9/site-packages/airflow/example_dags/example_task_group_decorator.py for tasks to queue
[2023-03-22T04:08:58.804+0400] {logging_mixin.py:137} INFO - [2023-03-22T04:08:58.804+0400] {dagbag.py:538} INFO - Filling up the DagBag from /home/civis/anaconda3/lib/python3.9/site-packages/airflow/example_dags/example_task_group_decorator.py
[2023-03-22T04:08:58.816+0400] {processor.py:753} INFO - DAG(s) dict_keys(['example_task_group_decorator']) retrieved from /home/civis/anaconda3/lib/python3.9/site-packages/airflow/example_dags/example_task_group_decorator.py
[2023-03-22T04:08:58.823+0400] {logging_mixin.py:137} INFO - [2023-03-22T04:08:58.823+0400] {dag.py:2690} INFO - Sync 1 DAGs
[2023-03-22T04:08:58.831+0400] {logging_mixin.py:137} INFO - [2023-03-22T04:08:58.831+0400] {dag.py:3437} INFO - Setting next_dagrun for example_task_group_decorator to 2023-03-21T00:08:58.831675+00:00, run_after=2023-03-22T00:08:58.831675+00:00
[2023-03-22T04:08:58.846+0400] {processor.py:175} INFO - Processing /home/civis/anaconda3/lib/python3.9/site-packages/airflow/example_dags/example_task_group_decorator.py took 0.054 seconds
[2023-03-22T04:09:41.200+0400] {processor.py:153} INFO - Started process (PID=176430) to work on /home/civis/anaconda3/lib/python3.9/site-packages/airflow/example_dags/example_task_group_decorator.py
[2023-03-22T04:09:41.209+0400] {processor.py:743} INFO - Processing file /home/civis/anaconda3/lib/python3.9/site-packages/airflow/example_dags/example_task_group_decorator.py for tasks to queue
[2023-03-22T04:09:41.210+0400] {logging_mixin.py:137} INFO - [2023-03-22T04:09:41.209+0400] {dagbag.py:538} INFO - Filling up the DagBag from /home/civis/anaconda3/lib/python3.9/site-packages/airflow/example_dags/example_task_group_decorator.py
[2023-03-22T04:09:41.231+0400] {processor.py:753} INFO - DAG(s) dict_keys(['example_task_group_decorator']) retrieved from /home/civis/anaconda3/lib/python3.9/site-packages/airflow/example_dags/example_task_group_decorator.py
[2023-03-22T04:09:41.239+0400] {logging_mixin.py:137} INFO - [2023-03-22T04:09:41.239+0400] {dag.py:2690} INFO - Sync 1 DAGs
[2023-03-22T04:09:41.248+0400] {logging_mixin.py:137} INFO - [2023-03-22T04:09:41.247+0400] {dag.py:3437} INFO - Setting next_dagrun for example_task_group_decorator to 2023-03-21T00:09:41.247863+00:00, run_after=2023-03-22T00:09:41.247863+00:00
[2023-03-22T04:09:41.263+0400] {processor.py:175} INFO - Processing /home/civis/anaconda3/lib/python3.9/site-packages/airflow/example_dags/example_task_group_decorator.py took 0.064 seconds
[2023-03-22T04:10:24.554+0400] {processor.py:153} INFO - Started process (PID=177109) to work on /home/civis/anaconda3/lib/python3.9/site-packages/airflow/example_dags/example_task_group_decorator.py
[2023-03-22T04:10:24.563+0400] {processor.py:743} INFO - Processing file /home/civis/anaconda3/lib/python3.9/site-packages/airflow/example_dags/example_task_group_decorator.py for tasks to queue
[2023-03-22T04:10:24.564+0400] {logging_mixin.py:137} INFO - [2023-03-22T04:10:24.564+0400] {dagbag.py:538} INFO - Filling up the DagBag from /home/civis/anaconda3/lib/python3.9/site-packages/airflow/example_dags/example_task_group_decorator.py
[2023-03-22T04:10:24.586+0400] {processor.py:753} INFO - DAG(s) dict_keys(['example_task_group_decorator']) retrieved from /home/civis/anaconda3/lib/python3.9/site-packages/airflow/example_dags/example_task_group_decorator.py
[2023-03-22T04:10:24.594+0400] {logging_mixin.py:137} INFO - [2023-03-22T04:10:24.594+0400] {dag.py:2690} INFO - Sync 1 DAGs
[2023-03-22T04:10:24.601+0400] {logging_mixin.py:137} INFO - [2023-03-22T04:10:24.601+0400] {dag.py:3437} INFO - Setting next_dagrun for example_task_group_decorator to 2023-03-21T00:10:24.601409+00:00, run_after=2023-03-22T00:10:24.601409+00:00
[2023-03-22T04:10:24.616+0400] {processor.py:175} INFO - Processing /home/civis/anaconda3/lib/python3.9/site-packages/airflow/example_dags/example_task_group_decorator.py took 0.064 seconds
[2023-03-22T04:11:03.699+0400] {processor.py:153} INFO - Started process (PID=177777) to work on /home/civis/anaconda3/lib/python3.9/site-packages/airflow/example_dags/example_task_group_decorator.py
[2023-03-22T04:11:03.708+0400] {processor.py:743} INFO - Processing file /home/civis/anaconda3/lib/python3.9/site-packages/airflow/example_dags/example_task_group_decorator.py for tasks to queue
[2023-03-22T04:11:03.709+0400] {logging_mixin.py:137} INFO - [2023-03-22T04:11:03.709+0400] {dagbag.py:538} INFO - Filling up the DagBag from /home/civis/anaconda3/lib/python3.9/site-packages/airflow/example_dags/example_task_group_decorator.py
[2023-03-22T04:11:03.728+0400] {processor.py:753} INFO - DAG(s) dict_keys(['example_task_group_decorator']) retrieved from /home/civis/anaconda3/lib/python3.9/site-packages/airflow/example_dags/example_task_group_decorator.py
[2023-03-22T04:11:03.738+0400] {logging_mixin.py:137} INFO - [2023-03-22T04:11:03.738+0400] {dag.py:2690} INFO - Sync 1 DAGs
[2023-03-22T04:11:03.746+0400] {logging_mixin.py:137} INFO - [2023-03-22T04:11:03.746+0400] {dag.py:3437} INFO - Setting next_dagrun for example_task_group_decorator to 2023-03-21T00:11:03.746429+00:00, run_after=2023-03-22T00:11:03.746429+00:00
[2023-03-22T04:11:03.763+0400] {processor.py:175} INFO - Processing /home/civis/anaconda3/lib/python3.9/site-packages/airflow/example_dags/example_task_group_decorator.py took 0.067 seconds
