[2023-03-22T04:00:27.532+0400] {processor.py:153} INFO - Started process (PID=165895) to work on /home/civis/anaconda3/lib/python3.9/site-packages/airflow/example_dags/example_time_delta_sensor_async.py
[2023-03-22T04:00:27.532+0400] {processor.py:743} INFO - Processing file /home/civis/anaconda3/lib/python3.9/site-packages/airflow/example_dags/example_time_delta_sensor_async.py for tasks to queue
[2023-03-22T04:00:27.533+0400] {logging_mixin.py:137} INFO - [2023-03-22T04:00:27.533+0400] {dagbag.py:538} INFO - Filling up the DagBag from /home/civis/anaconda3/lib/python3.9/site-packages/airflow/example_dags/example_time_delta_sensor_async.py
[2023-03-22T04:00:27.538+0400] {processor.py:753} INFO - DAG(s) dict_keys(['example_time_delta_sensor_async']) retrieved from /home/civis/anaconda3/lib/python3.9/site-packages/airflow/example_dags/example_time_delta_sensor_async.py
[2023-03-22T04:00:27.545+0400] {logging_mixin.py:137} INFO - [2023-03-22T04:00:27.545+0400] {dag.py:2690} INFO - Sync 1 DAGs
[2023-03-22T04:00:27.553+0400] {logging_mixin.py:137} INFO - [2023-03-22T04:00:27.553+0400] {dag.py:3437} INFO - Setting next_dagrun for example_time_delta_sensor_async to None, run_after=None
[2023-03-22T04:00:27.577+0400] {processor.py:175} INFO - Processing /home/civis/anaconda3/lib/python3.9/site-packages/airflow/example_dags/example_time_delta_sensor_async.py took 0.050 seconds
[2023-03-22T04:01:06.372+0400] {processor.py:153} INFO - Started process (PID=166468) to work on /home/civis/anaconda3/lib/python3.9/site-packages/airflow/example_dags/example_time_delta_sensor_async.py
[2023-03-22T04:01:06.381+0400] {processor.py:743} INFO - Processing file /home/civis/anaconda3/lib/python3.9/site-packages/airflow/example_dags/example_time_delta_sensor_async.py for tasks to queue
[2023-03-22T04:01:06.382+0400] {logging_mixin.py:137} INFO - [2023-03-22T04:01:06.382+0400] {dagbag.py:538} INFO - Filling up the DagBag from /home/civis/anaconda3/lib/python3.9/site-packages/airflow/example_dags/example_time_delta_sensor_async.py
[2023-03-22T04:01:06.397+0400] {processor.py:753} INFO - DAG(s) dict_keys(['example_time_delta_sensor_async']) retrieved from /home/civis/anaconda3/lib/python3.9/site-packages/airflow/example_dags/example_time_delta_sensor_async.py
[2023-03-22T04:01:06.404+0400] {logging_mixin.py:137} INFO - [2023-03-22T04:01:06.404+0400] {dag.py:2690} INFO - Sync 1 DAGs
[2023-03-22T04:01:06.412+0400] {logging_mixin.py:137} INFO - [2023-03-22T04:01:06.412+0400] {dag.py:3437} INFO - Setting next_dagrun for example_time_delta_sensor_async to None, run_after=None
[2023-03-22T04:01:06.427+0400] {processor.py:175} INFO - Processing /home/civis/anaconda3/lib/python3.9/site-packages/airflow/example_dags/example_time_delta_sensor_async.py took 0.059 seconds
[2023-03-22T04:01:46.958+0400] {processor.py:153} INFO - Started process (PID=167108) to work on /home/civis/anaconda3/lib/python3.9/site-packages/airflow/example_dags/example_time_delta_sensor_async.py
[2023-03-22T04:01:46.968+0400] {processor.py:743} INFO - Processing file /home/civis/anaconda3/lib/python3.9/site-packages/airflow/example_dags/example_time_delta_sensor_async.py for tasks to queue
[2023-03-22T04:01:46.969+0400] {logging_mixin.py:137} INFO - [2023-03-22T04:01:46.969+0400] {dagbag.py:538} INFO - Filling up the DagBag from /home/civis/anaconda3/lib/python3.9/site-packages/airflow/example_dags/example_time_delta_sensor_async.py
[2023-03-22T04:01:46.981+0400] {processor.py:753} INFO - DAG(s) dict_keys(['example_time_delta_sensor_async']) retrieved from /home/civis/anaconda3/lib/python3.9/site-packages/airflow/example_dags/example_time_delta_sensor_async.py
[2023-03-22T04:01:46.988+0400] {logging_mixin.py:137} INFO - [2023-03-22T04:01:46.988+0400] {dag.py:2690} INFO - Sync 1 DAGs
[2023-03-22T04:01:46.995+0400] {logging_mixin.py:137} INFO - [2023-03-22T04:01:46.995+0400] {dag.py:3437} INFO - Setting next_dagrun for example_time_delta_sensor_async to None, run_after=None
[2023-03-22T04:01:47.011+0400] {processor.py:175} INFO - Processing /home/civis/anaconda3/lib/python3.9/site-packages/airflow/example_dags/example_time_delta_sensor_async.py took 0.058 seconds
[2023-03-22T04:02:26.348+0400] {processor.py:153} INFO - Started process (PID=167845) to work on /home/civis/anaconda3/lib/python3.9/site-packages/airflow/example_dags/example_time_delta_sensor_async.py
[2023-03-22T04:02:26.349+0400] {processor.py:743} INFO - Processing file /home/civis/anaconda3/lib/python3.9/site-packages/airflow/example_dags/example_time_delta_sensor_async.py for tasks to queue
[2023-03-22T04:02:26.349+0400] {logging_mixin.py:137} INFO - [2023-03-22T04:02:26.349+0400] {dagbag.py:538} INFO - Filling up the DagBag from /home/civis/anaconda3/lib/python3.9/site-packages/airflow/example_dags/example_time_delta_sensor_async.py
[2023-03-22T04:02:26.355+0400] {processor.py:753} INFO - DAG(s) dict_keys(['example_time_delta_sensor_async']) retrieved from /home/civis/anaconda3/lib/python3.9/site-packages/airflow/example_dags/example_time_delta_sensor_async.py
[2023-03-22T04:02:26.363+0400] {logging_mixin.py:137} INFO - [2023-03-22T04:02:26.363+0400] {dag.py:2690} INFO - Sync 1 DAGs
[2023-03-22T04:02:26.371+0400] {logging_mixin.py:137} INFO - [2023-03-22T04:02:26.371+0400] {dag.py:3437} INFO - Setting next_dagrun for example_time_delta_sensor_async to None, run_after=None
[2023-03-22T04:02:26.386+0400] {processor.py:175} INFO - Processing /home/civis/anaconda3/lib/python3.9/site-packages/airflow/example_dags/example_time_delta_sensor_async.py took 0.039 seconds
[2023-03-22T04:03:06.800+0400] {processor.py:153} INFO - Started process (PID=168665) to work on /home/civis/anaconda3/lib/python3.9/site-packages/airflow/example_dags/example_time_delta_sensor_async.py
[2023-03-22T04:03:06.808+0400] {processor.py:743} INFO - Processing file /home/civis/anaconda3/lib/python3.9/site-packages/airflow/example_dags/example_time_delta_sensor_async.py for tasks to queue
[2023-03-22T04:03:06.808+0400] {logging_mixin.py:137} INFO - [2023-03-22T04:03:06.808+0400] {dagbag.py:538} INFO - Filling up the DagBag from /home/civis/anaconda3/lib/python3.9/site-packages/airflow/example_dags/example_time_delta_sensor_async.py
[2023-03-22T04:03:06.814+0400] {processor.py:753} INFO - DAG(s) dict_keys(['example_time_delta_sensor_async']) retrieved from /home/civis/anaconda3/lib/python3.9/site-packages/airflow/example_dags/example_time_delta_sensor_async.py
[2023-03-22T04:03:06.821+0400] {logging_mixin.py:137} INFO - [2023-03-22T04:03:06.821+0400] {dag.py:2690} INFO - Sync 1 DAGs
[2023-03-22T04:03:06.828+0400] {logging_mixin.py:137} INFO - [2023-03-22T04:03:06.828+0400] {dag.py:3437} INFO - Setting next_dagrun for example_time_delta_sensor_async to None, run_after=None
[2023-03-22T04:03:06.844+0400] {processor.py:175} INFO - Processing /home/civis/anaconda3/lib/python3.9/site-packages/airflow/example_dags/example_time_delta_sensor_async.py took 0.046 seconds
[2023-03-22T04:03:46.553+0400] {processor.py:153} INFO - Started process (PID=169374) to work on /home/civis/anaconda3/lib/python3.9/site-packages/airflow/example_dags/example_time_delta_sensor_async.py
[2023-03-22T04:03:46.563+0400] {processor.py:743} INFO - Processing file /home/civis/anaconda3/lib/python3.9/site-packages/airflow/example_dags/example_time_delta_sensor_async.py for tasks to queue
[2023-03-22T04:03:46.564+0400] {logging_mixin.py:137} INFO - [2023-03-22T04:03:46.564+0400] {dagbag.py:538} INFO - Filling up the DagBag from /home/civis/anaconda3/lib/python3.9/site-packages/airflow/example_dags/example_time_delta_sensor_async.py
[2023-03-22T04:03:46.579+0400] {processor.py:753} INFO - DAG(s) dict_keys(['example_time_delta_sensor_async']) retrieved from /home/civis/anaconda3/lib/python3.9/site-packages/airflow/example_dags/example_time_delta_sensor_async.py
[2023-03-22T04:03:46.586+0400] {logging_mixin.py:137} INFO - [2023-03-22T04:03:46.586+0400] {dag.py:2690} INFO - Sync 1 DAGs
[2023-03-22T04:03:46.594+0400] {logging_mixin.py:137} INFO - [2023-03-22T04:03:46.594+0400] {dag.py:3437} INFO - Setting next_dagrun for example_time_delta_sensor_async to None, run_after=None
[2023-03-22T04:03:46.609+0400] {processor.py:175} INFO - Processing /home/civis/anaconda3/lib/python3.9/site-packages/airflow/example_dags/example_time_delta_sensor_async.py took 0.061 seconds
[2023-03-22T04:04:13.421+0400] {processor.py:153} INFO - Started process (PID=169828) to work on /home/civis/anaconda3/lib/python3.9/site-packages/airflow/example_dags/example_time_delta_sensor_async.py
[2023-03-22T04:04:13.430+0400] {processor.py:743} INFO - Processing file /home/civis/anaconda3/lib/python3.9/site-packages/airflow/example_dags/example_time_delta_sensor_async.py for tasks to queue
[2023-03-22T04:04:13.431+0400] {logging_mixin.py:137} INFO - [2023-03-22T04:04:13.431+0400] {dagbag.py:538} INFO - Filling up the DagBag from /home/civis/anaconda3/lib/python3.9/site-packages/airflow/example_dags/example_time_delta_sensor_async.py
[2023-03-22T04:04:13.446+0400] {processor.py:753} INFO - DAG(s) dict_keys(['example_time_delta_sensor_async']) retrieved from /home/civis/anaconda3/lib/python3.9/site-packages/airflow/example_dags/example_time_delta_sensor_async.py
[2023-03-22T04:04:13.454+0400] {logging_mixin.py:137} INFO - [2023-03-22T04:04:13.454+0400] {dag.py:2690} INFO - Sync 1 DAGs
[2023-03-22T04:04:13.461+0400] {logging_mixin.py:137} INFO - [2023-03-22T04:04:13.461+0400] {dag.py:3437} INFO - Setting next_dagrun for example_time_delta_sensor_async to None, run_after=None
[2023-03-22T04:04:13.476+0400] {processor.py:175} INFO - Processing /home/civis/anaconda3/lib/python3.9/site-packages/airflow/example_dags/example_time_delta_sensor_async.py took 0.059 seconds
[2023-03-22T04:04:53.651+0400] {processor.py:153} INFO - Started process (PID=170465) to work on /home/civis/anaconda3/lib/python3.9/site-packages/airflow/example_dags/example_time_delta_sensor_async.py
[2023-03-22T04:04:53.660+0400] {processor.py:743} INFO - Processing file /home/civis/anaconda3/lib/python3.9/site-packages/airflow/example_dags/example_time_delta_sensor_async.py for tasks to queue
[2023-03-22T04:04:53.661+0400] {logging_mixin.py:137} INFO - [2023-03-22T04:04:53.660+0400] {dagbag.py:538} INFO - Filling up the DagBag from /home/civis/anaconda3/lib/python3.9/site-packages/airflow/example_dags/example_time_delta_sensor_async.py
[2023-03-22T04:04:53.677+0400] {processor.py:753} INFO - DAG(s) dict_keys(['example_time_delta_sensor_async']) retrieved from /home/civis/anaconda3/lib/python3.9/site-packages/airflow/example_dags/example_time_delta_sensor_async.py
[2023-03-22T04:04:53.685+0400] {logging_mixin.py:137} INFO - [2023-03-22T04:04:53.684+0400] {dag.py:2690} INFO - Sync 1 DAGs
[2023-03-22T04:04:53.692+0400] {logging_mixin.py:137} INFO - [2023-03-22T04:04:53.692+0400] {dag.py:3437} INFO - Setting next_dagrun for example_time_delta_sensor_async to None, run_after=None
[2023-03-22T04:04:53.707+0400] {processor.py:175} INFO - Processing /home/civis/anaconda3/lib/python3.9/site-packages/airflow/example_dags/example_time_delta_sensor_async.py took 0.058 seconds
[2023-03-22T04:05:34.035+0400] {processor.py:153} INFO - Started process (PID=171093) to work on /home/civis/anaconda3/lib/python3.9/site-packages/airflow/example_dags/example_time_delta_sensor_async.py
[2023-03-22T04:05:34.044+0400] {processor.py:743} INFO - Processing file /home/civis/anaconda3/lib/python3.9/site-packages/airflow/example_dags/example_time_delta_sensor_async.py for tasks to queue
[2023-03-22T04:05:34.045+0400] {logging_mixin.py:137} INFO - [2023-03-22T04:05:34.045+0400] {dagbag.py:538} INFO - Filling up the DagBag from /home/civis/anaconda3/lib/python3.9/site-packages/airflow/example_dags/example_time_delta_sensor_async.py
[2023-03-22T04:05:34.057+0400] {processor.py:753} INFO - DAG(s) dict_keys(['example_time_delta_sensor_async']) retrieved from /home/civis/anaconda3/lib/python3.9/site-packages/airflow/example_dags/example_time_delta_sensor_async.py
[2023-03-22T04:05:34.064+0400] {logging_mixin.py:137} INFO - [2023-03-22T04:05:34.064+0400] {dag.py:2690} INFO - Sync 1 DAGs
[2023-03-22T04:05:34.071+0400] {logging_mixin.py:137} INFO - [2023-03-22T04:05:34.071+0400] {dag.py:3437} INFO - Setting next_dagrun for example_time_delta_sensor_async to None, run_after=None
[2023-03-22T04:05:34.087+0400] {processor.py:175} INFO - Processing /home/civis/anaconda3/lib/python3.9/site-packages/airflow/example_dags/example_time_delta_sensor_async.py took 0.055 seconds
[2023-03-22T04:06:14.506+0400] {processor.py:153} INFO - Started process (PID=171773) to work on /home/civis/anaconda3/lib/python3.9/site-packages/airflow/example_dags/example_time_delta_sensor_async.py
[2023-03-22T04:06:14.515+0400] {processor.py:743} INFO - Processing file /home/civis/anaconda3/lib/python3.9/site-packages/airflow/example_dags/example_time_delta_sensor_async.py for tasks to queue
[2023-03-22T04:06:14.517+0400] {logging_mixin.py:137} INFO - [2023-03-22T04:06:14.516+0400] {dagbag.py:538} INFO - Filling up the DagBag from /home/civis/anaconda3/lib/python3.9/site-packages/airflow/example_dags/example_time_delta_sensor_async.py
[2023-03-22T04:06:14.530+0400] {processor.py:753} INFO - DAG(s) dict_keys(['example_time_delta_sensor_async']) retrieved from /home/civis/anaconda3/lib/python3.9/site-packages/airflow/example_dags/example_time_delta_sensor_async.py
[2023-03-22T04:06:14.538+0400] {logging_mixin.py:137} INFO - [2023-03-22T04:06:14.538+0400] {dag.py:2690} INFO - Sync 1 DAGs
[2023-03-22T04:06:14.547+0400] {logging_mixin.py:137} INFO - [2023-03-22T04:06:14.547+0400] {dag.py:3437} INFO - Setting next_dagrun for example_time_delta_sensor_async to None, run_after=None
[2023-03-22T04:06:14.562+0400] {processor.py:175} INFO - Processing /home/civis/anaconda3/lib/python3.9/site-packages/airflow/example_dags/example_time_delta_sensor_async.py took 0.061 seconds
[2023-03-22T04:06:53.408+0400] {processor.py:153} INFO - Started process (PID=172383) to work on /home/civis/anaconda3/lib/python3.9/site-packages/airflow/example_dags/example_time_delta_sensor_async.py
[2023-03-22T04:06:53.417+0400] {processor.py:743} INFO - Processing file /home/civis/anaconda3/lib/python3.9/site-packages/airflow/example_dags/example_time_delta_sensor_async.py for tasks to queue
[2023-03-22T04:06:53.418+0400] {logging_mixin.py:137} INFO - [2023-03-22T04:06:53.418+0400] {dagbag.py:538} INFO - Filling up the DagBag from /home/civis/anaconda3/lib/python3.9/site-packages/airflow/example_dags/example_time_delta_sensor_async.py
[2023-03-22T04:06:53.434+0400] {processor.py:753} INFO - DAG(s) dict_keys(['example_time_delta_sensor_async']) retrieved from /home/civis/anaconda3/lib/python3.9/site-packages/airflow/example_dags/example_time_delta_sensor_async.py
[2023-03-22T04:06:53.441+0400] {logging_mixin.py:137} INFO - [2023-03-22T04:06:53.441+0400] {dag.py:2690} INFO - Sync 1 DAGs
[2023-03-22T04:06:53.449+0400] {logging_mixin.py:137} INFO - [2023-03-22T04:06:53.449+0400] {dag.py:3437} INFO - Setting next_dagrun for example_time_delta_sensor_async to None, run_after=None
[2023-03-22T04:06:53.464+0400] {processor.py:175} INFO - Processing /home/civis/anaconda3/lib/python3.9/site-packages/airflow/example_dags/example_time_delta_sensor_async.py took 0.057 seconds
[2023-03-22T04:07:34.972+0400] {processor.py:153} INFO - Started process (PID=173033) to work on /home/civis/anaconda3/lib/python3.9/site-packages/airflow/example_dags/example_time_delta_sensor_async.py
[2023-03-22T04:07:34.973+0400] {processor.py:743} INFO - Processing file /home/civis/anaconda3/lib/python3.9/site-packages/airflow/example_dags/example_time_delta_sensor_async.py for tasks to queue
[2023-03-22T04:07:34.974+0400] {logging_mixin.py:137} INFO - [2023-03-22T04:07:34.974+0400] {dagbag.py:538} INFO - Filling up the DagBag from /home/civis/anaconda3/lib/python3.9/site-packages/airflow/example_dags/example_time_delta_sensor_async.py
[2023-03-22T04:07:34.979+0400] {processor.py:753} INFO - DAG(s) dict_keys(['example_time_delta_sensor_async']) retrieved from /home/civis/anaconda3/lib/python3.9/site-packages/airflow/example_dags/example_time_delta_sensor_async.py
[2023-03-22T04:07:34.988+0400] {logging_mixin.py:137} INFO - [2023-03-22T04:07:34.988+0400] {dag.py:2690} INFO - Sync 1 DAGs
[2023-03-22T04:07:34.997+0400] {logging_mixin.py:137} INFO - [2023-03-22T04:07:34.997+0400] {dag.py:3437} INFO - Setting next_dagrun for example_time_delta_sensor_async to None, run_after=None
[2023-03-22T04:07:35.014+0400] {processor.py:175} INFO - Processing /home/civis/anaconda3/lib/python3.9/site-packages/airflow/example_dags/example_time_delta_sensor_async.py took 0.043 seconds
[2023-03-22T04:08:15.065+0400] {processor.py:153} INFO - Started process (PID=173729) to work on /home/civis/anaconda3/lib/python3.9/site-packages/airflow/example_dags/example_time_delta_sensor_async.py
[2023-03-22T04:08:15.074+0400] {processor.py:743} INFO - Processing file /home/civis/anaconda3/lib/python3.9/site-packages/airflow/example_dags/example_time_delta_sensor_async.py for tasks to queue
[2023-03-22T04:08:15.075+0400] {logging_mixin.py:137} INFO - [2023-03-22T04:08:15.075+0400] {dagbag.py:538} INFO - Filling up the DagBag from /home/civis/anaconda3/lib/python3.9/site-packages/airflow/example_dags/example_time_delta_sensor_async.py
[2023-03-22T04:08:15.090+0400] {processor.py:753} INFO - DAG(s) dict_keys(['example_time_delta_sensor_async']) retrieved from /home/civis/anaconda3/lib/python3.9/site-packages/airflow/example_dags/example_time_delta_sensor_async.py
[2023-03-22T04:08:15.098+0400] {logging_mixin.py:137} INFO - [2023-03-22T04:08:15.098+0400] {dag.py:2690} INFO - Sync 1 DAGs
[2023-03-22T04:08:15.105+0400] {logging_mixin.py:137} INFO - [2023-03-22T04:08:15.105+0400] {dag.py:3437} INFO - Setting next_dagrun for example_time_delta_sensor_async to None, run_after=None
[2023-03-22T04:08:15.120+0400] {processor.py:175} INFO - Processing /home/civis/anaconda3/lib/python3.9/site-packages/airflow/example_dags/example_time_delta_sensor_async.py took 0.057 seconds
[2023-03-22T04:08:55.894+0400] {processor.py:153} INFO - Started process (PID=175671) to work on /home/civis/anaconda3/lib/python3.9/site-packages/airflow/example_dags/example_time_delta_sensor_async.py
[2023-03-22T04:08:55.903+0400] {processor.py:743} INFO - Processing file /home/civis/anaconda3/lib/python3.9/site-packages/airflow/example_dags/example_time_delta_sensor_async.py for tasks to queue
[2023-03-22T04:08:55.904+0400] {logging_mixin.py:137} INFO - [2023-03-22T04:08:55.904+0400] {dagbag.py:538} INFO - Filling up the DagBag from /home/civis/anaconda3/lib/python3.9/site-packages/airflow/example_dags/example_time_delta_sensor_async.py
[2023-03-22T04:08:55.919+0400] {processor.py:753} INFO - DAG(s) dict_keys(['example_time_delta_sensor_async']) retrieved from /home/civis/anaconda3/lib/python3.9/site-packages/airflow/example_dags/example_time_delta_sensor_async.py
[2023-03-22T04:08:55.927+0400] {logging_mixin.py:137} INFO - [2023-03-22T04:08:55.927+0400] {dag.py:2690} INFO - Sync 1 DAGs
[2023-03-22T04:08:55.934+0400] {logging_mixin.py:137} INFO - [2023-03-22T04:08:55.934+0400] {dag.py:3437} INFO - Setting next_dagrun for example_time_delta_sensor_async to None, run_after=None
[2023-03-22T04:08:55.949+0400] {processor.py:175} INFO - Processing /home/civis/anaconda3/lib/python3.9/site-packages/airflow/example_dags/example_time_delta_sensor_async.py took 0.057 seconds
[2023-03-22T04:09:38.636+0400] {processor.py:153} INFO - Started process (PID=176355) to work on /home/civis/anaconda3/lib/python3.9/site-packages/airflow/example_dags/example_time_delta_sensor_async.py
[2023-03-22T04:09:38.644+0400] {processor.py:743} INFO - Processing file /home/civis/anaconda3/lib/python3.9/site-packages/airflow/example_dags/example_time_delta_sensor_async.py for tasks to queue
[2023-03-22T04:09:38.645+0400] {logging_mixin.py:137} INFO - [2023-03-22T04:09:38.645+0400] {dagbag.py:538} INFO - Filling up the DagBag from /home/civis/anaconda3/lib/python3.9/site-packages/airflow/example_dags/example_time_delta_sensor_async.py
[2023-03-22T04:09:38.660+0400] {processor.py:753} INFO - DAG(s) dict_keys(['example_time_delta_sensor_async']) retrieved from /home/civis/anaconda3/lib/python3.9/site-packages/airflow/example_dags/example_time_delta_sensor_async.py
[2023-03-22T04:09:38.670+0400] {logging_mixin.py:137} INFO - [2023-03-22T04:09:38.670+0400] {dag.py:2690} INFO - Sync 1 DAGs
[2023-03-22T04:09:38.678+0400] {logging_mixin.py:137} INFO - [2023-03-22T04:09:38.678+0400] {dag.py:3437} INFO - Setting next_dagrun for example_time_delta_sensor_async to None, run_after=None
[2023-03-22T04:09:38.693+0400] {processor.py:175} INFO - Processing /home/civis/anaconda3/lib/python3.9/site-packages/airflow/example_dags/example_time_delta_sensor_async.py took 0.059 seconds
[2023-03-22T04:10:21.075+0400] {processor.py:153} INFO - Started process (PID=177056) to work on /home/civis/anaconda3/lib/python3.9/site-packages/airflow/example_dags/example_time_delta_sensor_async.py
[2023-03-22T04:10:21.084+0400] {processor.py:743} INFO - Processing file /home/civis/anaconda3/lib/python3.9/site-packages/airflow/example_dags/example_time_delta_sensor_async.py for tasks to queue
[2023-03-22T04:10:21.085+0400] {logging_mixin.py:137} INFO - [2023-03-22T04:10:21.085+0400] {dagbag.py:538} INFO - Filling up the DagBag from /home/civis/anaconda3/lib/python3.9/site-packages/airflow/example_dags/example_time_delta_sensor_async.py
[2023-03-22T04:10:21.100+0400] {processor.py:753} INFO - DAG(s) dict_keys(['example_time_delta_sensor_async']) retrieved from /home/civis/anaconda3/lib/python3.9/site-packages/airflow/example_dags/example_time_delta_sensor_async.py
[2023-03-22T04:10:21.107+0400] {logging_mixin.py:137} INFO - [2023-03-22T04:10:21.107+0400] {dag.py:2690} INFO - Sync 1 DAGs
[2023-03-22T04:10:21.115+0400] {logging_mixin.py:137} INFO - [2023-03-22T04:10:21.115+0400] {dag.py:3437} INFO - Setting next_dagrun for example_time_delta_sensor_async to None, run_after=None
[2023-03-22T04:10:21.131+0400] {processor.py:175} INFO - Processing /home/civis/anaconda3/lib/python3.9/site-packages/airflow/example_dags/example_time_delta_sensor_async.py took 0.058 seconds
[2023-03-22T04:11:00.858+0400] {processor.py:153} INFO - Started process (PID=177738) to work on /home/civis/anaconda3/lib/python3.9/site-packages/airflow/example_dags/example_time_delta_sensor_async.py
[2023-03-22T04:11:00.867+0400] {processor.py:743} INFO - Processing file /home/civis/anaconda3/lib/python3.9/site-packages/airflow/example_dags/example_time_delta_sensor_async.py for tasks to queue
[2023-03-22T04:11:00.869+0400] {logging_mixin.py:137} INFO - [2023-03-22T04:11:00.868+0400] {dagbag.py:538} INFO - Filling up the DagBag from /home/civis/anaconda3/lib/python3.9/site-packages/airflow/example_dags/example_time_delta_sensor_async.py
[2023-03-22T04:11:00.881+0400] {processor.py:753} INFO - DAG(s) dict_keys(['example_time_delta_sensor_async']) retrieved from /home/civis/anaconda3/lib/python3.9/site-packages/airflow/example_dags/example_time_delta_sensor_async.py
[2023-03-22T04:11:00.890+0400] {logging_mixin.py:137} INFO - [2023-03-22T04:11:00.890+0400] {dag.py:2690} INFO - Sync 1 DAGs
[2023-03-22T04:11:00.897+0400] {logging_mixin.py:137} INFO - [2023-03-22T04:11:00.897+0400] {dag.py:3437} INFO - Setting next_dagrun for example_time_delta_sensor_async to None, run_after=None
[2023-03-22T04:11:00.915+0400] {processor.py:175} INFO - Processing /home/civis/anaconda3/lib/python3.9/site-packages/airflow/example_dags/example_time_delta_sensor_async.py took 0.061 seconds
