[2023-03-22T04:00:36.678+0400] {processor.py:153} INFO - Started process (PID=166020) to work on /home/civis/anaconda3/lib/python3.9/site-packages/airflow/example_dags/example_subdag_operator.py
[2023-03-22T04:00:36.678+0400] {processor.py:743} INFO - Processing file /home/civis/anaconda3/lib/python3.9/site-packages/airflow/example_dags/example_subdag_operator.py for tasks to queue
[2023-03-22T04:00:36.679+0400] {logging_mixin.py:137} INFO - [2023-03-22T04:00:36.679+0400] {dagbag.py:538} INFO - Filling up the DagBag from /home/civis/anaconda3/lib/python3.9/site-packages/airflow/example_dags/example_subdag_operator.py
[2023-03-22T04:00:36.691+0400] {processor.py:753} INFO - DAG(s) dict_keys(['example_subdag_operator.section-1', 'example_subdag_operator.section-2', 'example_subdag_operator']) retrieved from /home/civis/anaconda3/lib/python3.9/site-packages/airflow/example_dags/example_subdag_operator.py
[2023-03-22T04:00:36.698+0400] {logging_mixin.py:137} INFO - [2023-03-22T04:00:36.698+0400] {dag.py:2690} INFO - Sync 3 DAGs
[2023-03-22T04:00:36.707+0400] {logging_mixin.py:137} INFO - [2023-03-22T04:00:36.707+0400] {dag.py:3437} INFO - Setting next_dagrun for example_subdag_operator to 2022-01-01T00:00:00+00:00, run_after=2022-01-01T00:00:00+00:00
[2023-03-22T04:00:36.708+0400] {logging_mixin.py:137} INFO - [2023-03-22T04:00:36.708+0400] {dag.py:3437} INFO - Setting next_dagrun for example_subdag_operator.section-1 to None, run_after=None
[2023-03-22T04:00:36.708+0400] {logging_mixin.py:137} INFO - [2023-03-22T04:00:36.708+0400] {dag.py:3437} INFO - Setting next_dagrun for example_subdag_operator.section-2 to None, run_after=None
[2023-03-22T04:00:36.711+0400] {logging_mixin.py:137} INFO - [2023-03-22T04:00:36.711+0400] {dag.py:2690} INFO - Sync 2 DAGs
[2023-03-22T04:00:36.713+0400] {logging_mixin.py:137} INFO - [2023-03-22T04:00:36.713+0400] {dag.py:3437} INFO - Setting next_dagrun for example_subdag_operator.section-1 to None, run_after=None
[2023-03-22T04:00:36.713+0400] {logging_mixin.py:137} INFO - [2023-03-22T04:00:36.713+0400] {dag.py:3437} INFO - Setting next_dagrun for example_subdag_operator.section-2 to None, run_after=None
[2023-03-22T04:00:36.739+0400] {processor.py:175} INFO - Processing /home/civis/anaconda3/lib/python3.9/site-packages/airflow/example_dags/example_subdag_operator.py took 0.062 seconds
[2023-03-22T04:01:16.519+0400] {processor.py:153} INFO - Started process (PID=166620) to work on /home/civis/anaconda3/lib/python3.9/site-packages/airflow/example_dags/example_subdag_operator.py
[2023-03-22T04:01:16.528+0400] {processor.py:743} INFO - Processing file /home/civis/anaconda3/lib/python3.9/site-packages/airflow/example_dags/example_subdag_operator.py for tasks to queue
[2023-03-22T04:01:16.529+0400] {logging_mixin.py:137} INFO - [2023-03-22T04:01:16.529+0400] {dagbag.py:538} INFO - Filling up the DagBag from /home/civis/anaconda3/lib/python3.9/site-packages/airflow/example_dags/example_subdag_operator.py
[2023-03-22T04:01:16.549+0400] {processor.py:753} INFO - DAG(s) dict_keys(['example_subdag_operator.section-1', 'example_subdag_operator.section-2', 'example_subdag_operator']) retrieved from /home/civis/anaconda3/lib/python3.9/site-packages/airflow/example_dags/example_subdag_operator.py
[2023-03-22T04:01:16.556+0400] {logging_mixin.py:137} INFO - [2023-03-22T04:01:16.556+0400] {dag.py:2690} INFO - Sync 3 DAGs
[2023-03-22T04:01:16.563+0400] {logging_mixin.py:137} INFO - [2023-03-22T04:01:16.563+0400] {dag.py:3437} INFO - Setting next_dagrun for example_subdag_operator to 2022-01-01T00:00:00+00:00, run_after=2022-01-01T00:00:00+00:00
[2023-03-22T04:01:16.565+0400] {logging_mixin.py:137} INFO - [2023-03-22T04:01:16.565+0400] {dag.py:3437} INFO - Setting next_dagrun for example_subdag_operator.section-1 to None, run_after=None
[2023-03-22T04:01:16.565+0400] {logging_mixin.py:137} INFO - [2023-03-22T04:01:16.565+0400] {dag.py:3437} INFO - Setting next_dagrun for example_subdag_operator.section-2 to None, run_after=None
[2023-03-22T04:01:16.568+0400] {logging_mixin.py:137} INFO - [2023-03-22T04:01:16.568+0400] {dag.py:2690} INFO - Sync 2 DAGs
[2023-03-22T04:01:16.569+0400] {logging_mixin.py:137} INFO - [2023-03-22T04:01:16.569+0400] {dag.py:3437} INFO - Setting next_dagrun for example_subdag_operator.section-1 to None, run_after=None
[2023-03-22T04:01:16.569+0400] {logging_mixin.py:137} INFO - [2023-03-22T04:01:16.569+0400] {dag.py:3437} INFO - Setting next_dagrun for example_subdag_operator.section-2 to None, run_after=None
[2023-03-22T04:01:16.585+0400] {processor.py:175} INFO - Processing /home/civis/anaconda3/lib/python3.9/site-packages/airflow/example_dags/example_subdag_operator.py took 0.067 seconds
[2023-03-22T04:01:55.945+0400] {processor.py:153} INFO - Started process (PID=167253) to work on /home/civis/anaconda3/lib/python3.9/site-packages/airflow/example_dags/example_subdag_operator.py
[2023-03-22T04:01:55.954+0400] {processor.py:743} INFO - Processing file /home/civis/anaconda3/lib/python3.9/site-packages/airflow/example_dags/example_subdag_operator.py for tasks to queue
[2023-03-22T04:01:55.954+0400] {logging_mixin.py:137} INFO - [2023-03-22T04:01:55.954+0400] {dagbag.py:538} INFO - Filling up the DagBag from /home/civis/anaconda3/lib/python3.9/site-packages/airflow/example_dags/example_subdag_operator.py
[2023-03-22T04:01:55.968+0400] {processor.py:753} INFO - DAG(s) dict_keys(['example_subdag_operator.section-1', 'example_subdag_operator.section-2', 'example_subdag_operator']) retrieved from /home/civis/anaconda3/lib/python3.9/site-packages/airflow/example_dags/example_subdag_operator.py
[2023-03-22T04:01:55.974+0400] {logging_mixin.py:137} INFO - [2023-03-22T04:01:55.974+0400] {dag.py:2690} INFO - Sync 3 DAGs
[2023-03-22T04:01:55.981+0400] {logging_mixin.py:137} INFO - [2023-03-22T04:01:55.981+0400] {dag.py:3437} INFO - Setting next_dagrun for example_subdag_operator to 2022-01-01T00:00:00+00:00, run_after=2022-01-01T00:00:00+00:00
[2023-03-22T04:01:55.983+0400] {logging_mixin.py:137} INFO - [2023-03-22T04:01:55.983+0400] {dag.py:3437} INFO - Setting next_dagrun for example_subdag_operator.section-1 to None, run_after=None
[2023-03-22T04:01:55.983+0400] {logging_mixin.py:137} INFO - [2023-03-22T04:01:55.983+0400] {dag.py:3437} INFO - Setting next_dagrun for example_subdag_operator.section-2 to None, run_after=None
[2023-03-22T04:01:55.985+0400] {logging_mixin.py:137} INFO - [2023-03-22T04:01:55.985+0400] {dag.py:2690} INFO - Sync 2 DAGs
[2023-03-22T04:01:55.987+0400] {logging_mixin.py:137} INFO - [2023-03-22T04:01:55.987+0400] {dag.py:3437} INFO - Setting next_dagrun for example_subdag_operator.section-1 to None, run_after=None
[2023-03-22T04:01:55.987+0400] {logging_mixin.py:137} INFO - [2023-03-22T04:01:55.987+0400] {dag.py:3437} INFO - Setting next_dagrun for example_subdag_operator.section-2 to None, run_after=None
[2023-03-22T04:01:56.000+0400] {processor.py:175} INFO - Processing /home/civis/anaconda3/lib/python3.9/site-packages/airflow/example_dags/example_subdag_operator.py took 0.055 seconds
[2023-03-22T04:02:35.588+0400] {processor.py:153} INFO - Started process (PID=168041) to work on /home/civis/anaconda3/lib/python3.9/site-packages/airflow/example_dags/example_subdag_operator.py
[2023-03-22T04:02:35.589+0400] {processor.py:743} INFO - Processing file /home/civis/anaconda3/lib/python3.9/site-packages/airflow/example_dags/example_subdag_operator.py for tasks to queue
[2023-03-22T04:02:35.590+0400] {logging_mixin.py:137} INFO - [2023-03-22T04:02:35.589+0400] {dagbag.py:538} INFO - Filling up the DagBag from /home/civis/anaconda3/lib/python3.9/site-packages/airflow/example_dags/example_subdag_operator.py
[2023-03-22T04:02:35.609+0400] {processor.py:753} INFO - DAG(s) dict_keys(['example_subdag_operator.section-1', 'example_subdag_operator.section-2', 'example_subdag_operator']) retrieved from /home/civis/anaconda3/lib/python3.9/site-packages/airflow/example_dags/example_subdag_operator.py
[2023-03-22T04:02:35.617+0400] {logging_mixin.py:137} INFO - [2023-03-22T04:02:35.617+0400] {dag.py:2690} INFO - Sync 3 DAGs
[2023-03-22T04:02:35.625+0400] {logging_mixin.py:137} INFO - [2023-03-22T04:02:35.625+0400] {dag.py:3437} INFO - Setting next_dagrun for example_subdag_operator to 2022-01-01T00:00:00+00:00, run_after=2022-01-01T00:00:00+00:00
[2023-03-22T04:02:35.626+0400] {logging_mixin.py:137} INFO - [2023-03-22T04:02:35.626+0400] {dag.py:3437} INFO - Setting next_dagrun for example_subdag_operator.section-1 to None, run_after=None
[2023-03-22T04:02:35.626+0400] {logging_mixin.py:137} INFO - [2023-03-22T04:02:35.626+0400] {dag.py:3437} INFO - Setting next_dagrun for example_subdag_operator.section-2 to None, run_after=None
[2023-03-22T04:02:35.628+0400] {logging_mixin.py:137} INFO - [2023-03-22T04:02:35.628+0400] {dag.py:2690} INFO - Sync 2 DAGs
[2023-03-22T04:02:35.630+0400] {logging_mixin.py:137} INFO - [2023-03-22T04:02:35.630+0400] {dag.py:3437} INFO - Setting next_dagrun for example_subdag_operator.section-1 to None, run_after=None
[2023-03-22T04:02:35.630+0400] {logging_mixin.py:137} INFO - [2023-03-22T04:02:35.630+0400] {dag.py:3437} INFO - Setting next_dagrun for example_subdag_operator.section-2 to None, run_after=None
[2023-03-22T04:02:35.643+0400] {processor.py:175} INFO - Processing /home/civis/anaconda3/lib/python3.9/site-packages/airflow/example_dags/example_subdag_operator.py took 0.057 seconds
[2023-03-22T04:03:16.939+0400] {processor.py:153} INFO - Started process (PID=168918) to work on /home/civis/anaconda3/lib/python3.9/site-packages/airflow/example_dags/example_subdag_operator.py
[2023-03-22T04:03:16.940+0400] {processor.py:743} INFO - Processing file /home/civis/anaconda3/lib/python3.9/site-packages/airflow/example_dags/example_subdag_operator.py for tasks to queue
[2023-03-22T04:03:16.940+0400] {logging_mixin.py:137} INFO - [2023-03-22T04:03:16.940+0400] {dagbag.py:538} INFO - Filling up the DagBag from /home/civis/anaconda3/lib/python3.9/site-packages/airflow/example_dags/example_subdag_operator.py
[2023-03-22T04:03:16.953+0400] {processor.py:753} INFO - DAG(s) dict_keys(['example_subdag_operator.section-1', 'example_subdag_operator.section-2', 'example_subdag_operator']) retrieved from /home/civis/anaconda3/lib/python3.9/site-packages/airflow/example_dags/example_subdag_operator.py
[2023-03-22T04:03:16.959+0400] {logging_mixin.py:137} INFO - [2023-03-22T04:03:16.959+0400] {dag.py:2690} INFO - Sync 3 DAGs
[2023-03-22T04:03:16.966+0400] {logging_mixin.py:137} INFO - [2023-03-22T04:03:16.966+0400] {dag.py:3437} INFO - Setting next_dagrun for example_subdag_operator to 2022-01-01T00:00:00+00:00, run_after=2022-01-01T00:00:00+00:00
[2023-03-22T04:03:16.968+0400] {logging_mixin.py:137} INFO - [2023-03-22T04:03:16.968+0400] {dag.py:3437} INFO - Setting next_dagrun for example_subdag_operator.section-1 to None, run_after=None
[2023-03-22T04:03:16.968+0400] {logging_mixin.py:137} INFO - [2023-03-22T04:03:16.968+0400] {dag.py:3437} INFO - Setting next_dagrun for example_subdag_operator.section-2 to None, run_after=None
[2023-03-22T04:03:16.971+0400] {logging_mixin.py:137} INFO - [2023-03-22T04:03:16.971+0400] {dag.py:2690} INFO - Sync 2 DAGs
[2023-03-22T04:03:16.973+0400] {logging_mixin.py:137} INFO - [2023-03-22T04:03:16.973+0400] {dag.py:3437} INFO - Setting next_dagrun for example_subdag_operator.section-1 to None, run_after=None
[2023-03-22T04:03:16.973+0400] {logging_mixin.py:137} INFO - [2023-03-22T04:03:16.973+0400] {dag.py:3437} INFO - Setting next_dagrun for example_subdag_operator.section-2 to None, run_after=None
[2023-03-22T04:03:16.989+0400] {processor.py:175} INFO - Processing /home/civis/anaconda3/lib/python3.9/site-packages/airflow/example_dags/example_subdag_operator.py took 0.053 seconds
[2023-03-22T04:03:55.740+0400] {processor.py:153} INFO - Started process (PID=169521) to work on /home/civis/anaconda3/lib/python3.9/site-packages/airflow/example_dags/example_subdag_operator.py
[2023-03-22T04:03:55.750+0400] {processor.py:743} INFO - Processing file /home/civis/anaconda3/lib/python3.9/site-packages/airflow/example_dags/example_subdag_operator.py for tasks to queue
[2023-03-22T04:03:55.751+0400] {logging_mixin.py:137} INFO - [2023-03-22T04:03:55.751+0400] {dagbag.py:538} INFO - Filling up the DagBag from /home/civis/anaconda3/lib/python3.9/site-packages/airflow/example_dags/example_subdag_operator.py
[2023-03-22T04:03:55.769+0400] {processor.py:753} INFO - DAG(s) dict_keys(['example_subdag_operator.section-1', 'example_subdag_operator.section-2', 'example_subdag_operator']) retrieved from /home/civis/anaconda3/lib/python3.9/site-packages/airflow/example_dags/example_subdag_operator.py
[2023-03-22T04:03:55.775+0400] {logging_mixin.py:137} INFO - [2023-03-22T04:03:55.775+0400] {dag.py:2690} INFO - Sync 3 DAGs
[2023-03-22T04:03:55.782+0400] {logging_mixin.py:137} INFO - [2023-03-22T04:03:55.782+0400] {dag.py:3437} INFO - Setting next_dagrun for example_subdag_operator to 2022-01-01T00:00:00+00:00, run_after=2022-01-01T00:00:00+00:00
[2023-03-22T04:03:55.784+0400] {logging_mixin.py:137} INFO - [2023-03-22T04:03:55.784+0400] {dag.py:3437} INFO - Setting next_dagrun for example_subdag_operator.section-1 to None, run_after=None
[2023-03-22T04:03:55.784+0400] {logging_mixin.py:137} INFO - [2023-03-22T04:03:55.784+0400] {dag.py:3437} INFO - Setting next_dagrun for example_subdag_operator.section-2 to None, run_after=None
[2023-03-22T04:03:55.786+0400] {logging_mixin.py:137} INFO - [2023-03-22T04:03:55.786+0400] {dag.py:2690} INFO - Sync 2 DAGs
[2023-03-22T04:03:55.788+0400] {logging_mixin.py:137} INFO - [2023-03-22T04:03:55.788+0400] {dag.py:3437} INFO - Setting next_dagrun for example_subdag_operator.section-1 to None, run_after=None
[2023-03-22T04:03:55.788+0400] {logging_mixin.py:137} INFO - [2023-03-22T04:03:55.788+0400] {dag.py:3437} INFO - Setting next_dagrun for example_subdag_operator.section-2 to None, run_after=None
[2023-03-22T04:03:55.800+0400] {processor.py:175} INFO - Processing /home/civis/anaconda3/lib/python3.9/site-packages/airflow/example_dags/example_subdag_operator.py took 0.063 seconds
[2023-03-22T04:04:23.403+0400] {processor.py:153} INFO - Started process (PID=169968) to work on /home/civis/anaconda3/lib/python3.9/site-packages/airflow/example_dags/example_subdag_operator.py
[2023-03-22T04:04:23.411+0400] {processor.py:743} INFO - Processing file /home/civis/anaconda3/lib/python3.9/site-packages/airflow/example_dags/example_subdag_operator.py for tasks to queue
[2023-03-22T04:04:23.411+0400] {logging_mixin.py:137} INFO - [2023-03-22T04:04:23.411+0400] {dagbag.py:538} INFO - Filling up the DagBag from /home/civis/anaconda3/lib/python3.9/site-packages/airflow/example_dags/example_subdag_operator.py
[2023-03-22T04:04:23.422+0400] {processor.py:753} INFO - DAG(s) dict_keys(['example_subdag_operator.section-1', 'example_subdag_operator.section-2', 'example_subdag_operator']) retrieved from /home/civis/anaconda3/lib/python3.9/site-packages/airflow/example_dags/example_subdag_operator.py
[2023-03-22T04:04:23.430+0400] {logging_mixin.py:137} INFO - [2023-03-22T04:04:23.430+0400] {dag.py:2690} INFO - Sync 3 DAGs
[2023-03-22T04:04:23.438+0400] {logging_mixin.py:137} INFO - [2023-03-22T04:04:23.437+0400] {dag.py:3437} INFO - Setting next_dagrun for example_subdag_operator to 2022-01-01T00:00:00+00:00, run_after=2022-01-01T00:00:00+00:00
[2023-03-22T04:04:23.439+0400] {logging_mixin.py:137} INFO - [2023-03-22T04:04:23.439+0400] {dag.py:3437} INFO - Setting next_dagrun for example_subdag_operator.section-1 to None, run_after=None
[2023-03-22T04:04:23.439+0400] {logging_mixin.py:137} INFO - [2023-03-22T04:04:23.439+0400] {dag.py:3437} INFO - Setting next_dagrun for example_subdag_operator.section-2 to None, run_after=None
[2023-03-22T04:04:23.441+0400] {logging_mixin.py:137} INFO - [2023-03-22T04:04:23.441+0400] {dag.py:2690} INFO - Sync 2 DAGs
[2023-03-22T04:04:23.443+0400] {logging_mixin.py:137} INFO - [2023-03-22T04:04:23.443+0400] {dag.py:3437} INFO - Setting next_dagrun for example_subdag_operator.section-1 to None, run_after=None
[2023-03-22T04:04:23.443+0400] {logging_mixin.py:137} INFO - [2023-03-22T04:04:23.443+0400] {dag.py:3437} INFO - Setting next_dagrun for example_subdag_operator.section-2 to None, run_after=None
[2023-03-22T04:04:23.456+0400] {processor.py:175} INFO - Processing /home/civis/anaconda3/lib/python3.9/site-packages/airflow/example_dags/example_subdag_operator.py took 0.054 seconds
[2023-03-22T04:05:04.333+0400] {processor.py:153} INFO - Started process (PID=170625) to work on /home/civis/anaconda3/lib/python3.9/site-packages/airflow/example_dags/example_subdag_operator.py
[2023-03-22T04:05:04.342+0400] {processor.py:743} INFO - Processing file /home/civis/anaconda3/lib/python3.9/site-packages/airflow/example_dags/example_subdag_operator.py for tasks to queue
[2023-03-22T04:05:04.343+0400] {logging_mixin.py:137} INFO - [2023-03-22T04:05:04.343+0400] {dagbag.py:538} INFO - Filling up the DagBag from /home/civis/anaconda3/lib/python3.9/site-packages/airflow/example_dags/example_subdag_operator.py
[2023-03-22T04:05:04.366+0400] {processor.py:753} INFO - DAG(s) dict_keys(['example_subdag_operator.section-1', 'example_subdag_operator.section-2', 'example_subdag_operator']) retrieved from /home/civis/anaconda3/lib/python3.9/site-packages/airflow/example_dags/example_subdag_operator.py
[2023-03-22T04:05:04.372+0400] {logging_mixin.py:137} INFO - [2023-03-22T04:05:04.372+0400] {dag.py:2690} INFO - Sync 3 DAGs
[2023-03-22T04:05:04.379+0400] {logging_mixin.py:137} INFO - [2023-03-22T04:05:04.379+0400] {dag.py:3437} INFO - Setting next_dagrun for example_subdag_operator to 2022-01-01T00:00:00+00:00, run_after=2022-01-01T00:00:00+00:00
[2023-03-22T04:05:04.380+0400] {logging_mixin.py:137} INFO - [2023-03-22T04:05:04.380+0400] {dag.py:3437} INFO - Setting next_dagrun for example_subdag_operator.section-1 to None, run_after=None
[2023-03-22T04:05:04.380+0400] {logging_mixin.py:137} INFO - [2023-03-22T04:05:04.380+0400] {dag.py:3437} INFO - Setting next_dagrun for example_subdag_operator.section-2 to None, run_after=None
[2023-03-22T04:05:04.382+0400] {logging_mixin.py:137} INFO - [2023-03-22T04:05:04.382+0400] {dag.py:2690} INFO - Sync 2 DAGs
[2023-03-22T04:05:04.384+0400] {logging_mixin.py:137} INFO - [2023-03-22T04:05:04.384+0400] {dag.py:3437} INFO - Setting next_dagrun for example_subdag_operator.section-1 to None, run_after=None
[2023-03-22T04:05:04.384+0400] {logging_mixin.py:137} INFO - [2023-03-22T04:05:04.384+0400] {dag.py:3437} INFO - Setting next_dagrun for example_subdag_operator.section-2 to None, run_after=None
[2023-03-22T04:05:04.397+0400] {processor.py:175} INFO - Processing /home/civis/anaconda3/lib/python3.9/site-packages/airflow/example_dags/example_subdag_operator.py took 0.067 seconds
[2023-03-22T04:05:43.199+0400] {processor.py:153} INFO - Started process (PID=171234) to work on /home/civis/anaconda3/lib/python3.9/site-packages/airflow/example_dags/example_subdag_operator.py
[2023-03-22T04:05:43.207+0400] {processor.py:743} INFO - Processing file /home/civis/anaconda3/lib/python3.9/site-packages/airflow/example_dags/example_subdag_operator.py for tasks to queue
[2023-03-22T04:05:43.209+0400] {logging_mixin.py:137} INFO - [2023-03-22T04:05:43.208+0400] {dagbag.py:538} INFO - Filling up the DagBag from /home/civis/anaconda3/lib/python3.9/site-packages/airflow/example_dags/example_subdag_operator.py
[2023-03-22T04:05:43.229+0400] {processor.py:753} INFO - DAG(s) dict_keys(['example_subdag_operator.section-1', 'example_subdag_operator.section-2', 'example_subdag_operator']) retrieved from /home/civis/anaconda3/lib/python3.9/site-packages/airflow/example_dags/example_subdag_operator.py
[2023-03-22T04:05:43.236+0400] {logging_mixin.py:137} INFO - [2023-03-22T04:05:43.236+0400] {dag.py:2690} INFO - Sync 3 DAGs
[2023-03-22T04:05:43.243+0400] {logging_mixin.py:137} INFO - [2023-03-22T04:05:43.243+0400] {dag.py:3437} INFO - Setting next_dagrun for example_subdag_operator to 2022-01-01T00:00:00+00:00, run_after=2022-01-01T00:00:00+00:00
[2023-03-22T04:05:43.245+0400] {logging_mixin.py:137} INFO - [2023-03-22T04:05:43.245+0400] {dag.py:3437} INFO - Setting next_dagrun for example_subdag_operator.section-1 to None, run_after=None
[2023-03-22T04:05:43.245+0400] {logging_mixin.py:137} INFO - [2023-03-22T04:05:43.245+0400] {dag.py:3437} INFO - Setting next_dagrun for example_subdag_operator.section-2 to None, run_after=None
[2023-03-22T04:05:43.248+0400] {logging_mixin.py:137} INFO - [2023-03-22T04:05:43.248+0400] {dag.py:2690} INFO - Sync 2 DAGs
[2023-03-22T04:05:43.249+0400] {logging_mixin.py:137} INFO - [2023-03-22T04:05:43.249+0400] {dag.py:3437} INFO - Setting next_dagrun for example_subdag_operator.section-1 to None, run_after=None
[2023-03-22T04:05:43.249+0400] {logging_mixin.py:137} INFO - [2023-03-22T04:05:43.249+0400] {dag.py:3437} INFO - Setting next_dagrun for example_subdag_operator.section-2 to None, run_after=None
[2023-03-22T04:05:43.262+0400] {processor.py:175} INFO - Processing /home/civis/anaconda3/lib/python3.9/site-packages/airflow/example_dags/example_subdag_operator.py took 0.065 seconds
[2023-03-22T04:06:24.415+0400] {processor.py:153} INFO - Started process (PID=171919) to work on /home/civis/anaconda3/lib/python3.9/site-packages/airflow/example_dags/example_subdag_operator.py
[2023-03-22T04:06:24.417+0400] {processor.py:743} INFO - Processing file /home/civis/anaconda3/lib/python3.9/site-packages/airflow/example_dags/example_subdag_operator.py for tasks to queue
[2023-03-22T04:06:24.418+0400] {logging_mixin.py:137} INFO - [2023-03-22T04:06:24.418+0400] {dagbag.py:538} INFO - Filling up the DagBag from /home/civis/anaconda3/lib/python3.9/site-packages/airflow/example_dags/example_subdag_operator.py
[2023-03-22T04:06:24.432+0400] {processor.py:753} INFO - DAG(s) dict_keys(['example_subdag_operator.section-1', 'example_subdag_operator.section-2', 'example_subdag_operator']) retrieved from /home/civis/anaconda3/lib/python3.9/site-packages/airflow/example_dags/example_subdag_operator.py
[2023-03-22T04:06:24.438+0400] {logging_mixin.py:137} INFO - [2023-03-22T04:06:24.438+0400] {dag.py:2690} INFO - Sync 3 DAGs
[2023-03-22T04:06:24.446+0400] {logging_mixin.py:137} INFO - [2023-03-22T04:06:24.446+0400] {dag.py:3437} INFO - Setting next_dagrun for example_subdag_operator to 2022-01-01T00:00:00+00:00, run_after=2022-01-01T00:00:00+00:00
[2023-03-22T04:06:24.447+0400] {logging_mixin.py:137} INFO - [2023-03-22T04:06:24.447+0400] {dag.py:3437} INFO - Setting next_dagrun for example_subdag_operator.section-1 to None, run_after=None
[2023-03-22T04:06:24.447+0400] {logging_mixin.py:137} INFO - [2023-03-22T04:06:24.447+0400] {dag.py:3437} INFO - Setting next_dagrun for example_subdag_operator.section-2 to None, run_after=None
[2023-03-22T04:06:24.449+0400] {logging_mixin.py:137} INFO - [2023-03-22T04:06:24.449+0400] {dag.py:2690} INFO - Sync 2 DAGs
[2023-03-22T04:06:24.451+0400] {logging_mixin.py:137} INFO - [2023-03-22T04:06:24.451+0400] {dag.py:3437} INFO - Setting next_dagrun for example_subdag_operator.section-1 to None, run_after=None
[2023-03-22T04:06:24.451+0400] {logging_mixin.py:137} INFO - [2023-03-22T04:06:24.451+0400] {dag.py:3437} INFO - Setting next_dagrun for example_subdag_operator.section-2 to None, run_after=None
[2023-03-22T04:06:24.464+0400] {processor.py:175} INFO - Processing /home/civis/anaconda3/lib/python3.9/site-packages/airflow/example_dags/example_subdag_operator.py took 0.053 seconds
[2023-03-22T04:07:02.984+0400] {processor.py:153} INFO - Started process (PID=172522) to work on /home/civis/anaconda3/lib/python3.9/site-packages/airflow/example_dags/example_subdag_operator.py
[2023-03-22T04:07:02.993+0400] {processor.py:743} INFO - Processing file /home/civis/anaconda3/lib/python3.9/site-packages/airflow/example_dags/example_subdag_operator.py for tasks to queue
[2023-03-22T04:07:02.994+0400] {logging_mixin.py:137} INFO - [2023-03-22T04:07:02.994+0400] {dagbag.py:538} INFO - Filling up the DagBag from /home/civis/anaconda3/lib/python3.9/site-packages/airflow/example_dags/example_subdag_operator.py
[2023-03-22T04:07:03.021+0400] {processor.py:753} INFO - DAG(s) dict_keys(['example_subdag_operator.section-1', 'example_subdag_operator.section-2', 'example_subdag_operator']) retrieved from /home/civis/anaconda3/lib/python3.9/site-packages/airflow/example_dags/example_subdag_operator.py
[2023-03-22T04:07:03.028+0400] {logging_mixin.py:137} INFO - [2023-03-22T04:07:03.028+0400] {dag.py:2690} INFO - Sync 3 DAGs
[2023-03-22T04:07:03.035+0400] {logging_mixin.py:137} INFO - [2023-03-22T04:07:03.035+0400] {dag.py:3437} INFO - Setting next_dagrun for example_subdag_operator to 2022-01-01T00:00:00+00:00, run_after=2022-01-01T00:00:00+00:00
[2023-03-22T04:07:03.036+0400] {logging_mixin.py:137} INFO - [2023-03-22T04:07:03.036+0400] {dag.py:3437} INFO - Setting next_dagrun for example_subdag_operator.section-1 to None, run_after=None
[2023-03-22T04:07:03.037+0400] {logging_mixin.py:137} INFO - [2023-03-22T04:07:03.037+0400] {dag.py:3437} INFO - Setting next_dagrun for example_subdag_operator.section-2 to None, run_after=None
[2023-03-22T04:07:03.039+0400] {logging_mixin.py:137} INFO - [2023-03-22T04:07:03.039+0400] {dag.py:2690} INFO - Sync 2 DAGs
[2023-03-22T04:07:03.041+0400] {logging_mixin.py:137} INFO - [2023-03-22T04:07:03.041+0400] {dag.py:3437} INFO - Setting next_dagrun for example_subdag_operator.section-1 to None, run_after=None
[2023-03-22T04:07:03.041+0400] {logging_mixin.py:137} INFO - [2023-03-22T04:07:03.041+0400] {dag.py:3437} INFO - Setting next_dagrun for example_subdag_operator.section-2 to None, run_after=None
[2023-03-22T04:07:03.053+0400] {processor.py:175} INFO - Processing /home/civis/anaconda3/lib/python3.9/site-packages/airflow/example_dags/example_subdag_operator.py took 0.070 seconds
[2023-03-22T04:07:45.308+0400] {processor.py:153} INFO - Started process (PID=173221) to work on /home/civis/anaconda3/lib/python3.9/site-packages/airflow/example_dags/example_subdag_operator.py
[2023-03-22T04:07:45.317+0400] {processor.py:743} INFO - Processing file /home/civis/anaconda3/lib/python3.9/site-packages/airflow/example_dags/example_subdag_operator.py for tasks to queue
[2023-03-22T04:07:45.318+0400] {logging_mixin.py:137} INFO - [2023-03-22T04:07:45.318+0400] {dagbag.py:538} INFO - Filling up the DagBag from /home/civis/anaconda3/lib/python3.9/site-packages/airflow/example_dags/example_subdag_operator.py
[2023-03-22T04:07:45.338+0400] {processor.py:753} INFO - DAG(s) dict_keys(['example_subdag_operator.section-1', 'example_subdag_operator.section-2', 'example_subdag_operator']) retrieved from /home/civis/anaconda3/lib/python3.9/site-packages/airflow/example_dags/example_subdag_operator.py
[2023-03-22T04:07:45.345+0400] {logging_mixin.py:137} INFO - [2023-03-22T04:07:45.345+0400] {dag.py:2690} INFO - Sync 3 DAGs
[2023-03-22T04:07:45.352+0400] {logging_mixin.py:137} INFO - [2023-03-22T04:07:45.352+0400] {dag.py:3437} INFO - Setting next_dagrun for example_subdag_operator to 2022-01-01T00:00:00+00:00, run_after=2022-01-01T00:00:00+00:00
[2023-03-22T04:07:45.353+0400] {logging_mixin.py:137} INFO - [2023-03-22T04:07:45.353+0400] {dag.py:3437} INFO - Setting next_dagrun for example_subdag_operator.section-1 to None, run_after=None
[2023-03-22T04:07:45.353+0400] {logging_mixin.py:137} INFO - [2023-03-22T04:07:45.353+0400] {dag.py:3437} INFO - Setting next_dagrun for example_subdag_operator.section-2 to None, run_after=None
[2023-03-22T04:07:45.355+0400] {logging_mixin.py:137} INFO - [2023-03-22T04:07:45.355+0400] {dag.py:2690} INFO - Sync 2 DAGs
[2023-03-22T04:07:45.357+0400] {logging_mixin.py:137} INFO - [2023-03-22T04:07:45.357+0400] {dag.py:3437} INFO - Setting next_dagrun for example_subdag_operator.section-1 to None, run_after=None
[2023-03-22T04:07:45.357+0400] {logging_mixin.py:137} INFO - [2023-03-22T04:07:45.357+0400] {dag.py:3437} INFO - Setting next_dagrun for example_subdag_operator.section-2 to None, run_after=None
[2023-03-22T04:07:45.369+0400] {processor.py:175} INFO - Processing /home/civis/anaconda3/lib/python3.9/site-packages/airflow/example_dags/example_subdag_operator.py took 0.063 seconds
[2023-03-22T04:08:25.210+0400] {processor.py:153} INFO - Started process (PID=173906) to work on /home/civis/anaconda3/lib/python3.9/site-packages/airflow/example_dags/example_subdag_operator.py
[2023-03-22T04:08:25.218+0400] {processor.py:743} INFO - Processing file /home/civis/anaconda3/lib/python3.9/site-packages/airflow/example_dags/example_subdag_operator.py for tasks to queue
[2023-03-22T04:08:25.220+0400] {logging_mixin.py:137} INFO - [2023-03-22T04:08:25.219+0400] {dagbag.py:538} INFO - Filling up the DagBag from /home/civis/anaconda3/lib/python3.9/site-packages/airflow/example_dags/example_subdag_operator.py
[2023-03-22T04:08:25.240+0400] {processor.py:753} INFO - DAG(s) dict_keys(['example_subdag_operator.section-1', 'example_subdag_operator.section-2', 'example_subdag_operator']) retrieved from /home/civis/anaconda3/lib/python3.9/site-packages/airflow/example_dags/example_subdag_operator.py
[2023-03-22T04:08:25.246+0400] {logging_mixin.py:137} INFO - [2023-03-22T04:08:25.246+0400] {dag.py:2690} INFO - Sync 3 DAGs
[2023-03-22T04:08:25.254+0400] {logging_mixin.py:137} INFO - [2023-03-22T04:08:25.254+0400] {dag.py:3437} INFO - Setting next_dagrun for example_subdag_operator to 2022-01-01T00:00:00+00:00, run_after=2022-01-01T00:00:00+00:00
[2023-03-22T04:08:25.255+0400] {logging_mixin.py:137} INFO - [2023-03-22T04:08:25.255+0400] {dag.py:3437} INFO - Setting next_dagrun for example_subdag_operator.section-1 to None, run_after=None
[2023-03-22T04:08:25.255+0400] {logging_mixin.py:137} INFO - [2023-03-22T04:08:25.255+0400] {dag.py:3437} INFO - Setting next_dagrun for example_subdag_operator.section-2 to None, run_after=None
[2023-03-22T04:08:25.257+0400] {logging_mixin.py:137} INFO - [2023-03-22T04:08:25.257+0400] {dag.py:2690} INFO - Sync 2 DAGs
[2023-03-22T04:08:25.259+0400] {logging_mixin.py:137} INFO - [2023-03-22T04:08:25.259+0400] {dag.py:3437} INFO - Setting next_dagrun for example_subdag_operator.section-1 to None, run_after=None
[2023-03-22T04:08:25.259+0400] {logging_mixin.py:137} INFO - [2023-03-22T04:08:25.259+0400] {dag.py:3437} INFO - Setting next_dagrun for example_subdag_operator.section-2 to None, run_after=None
[2023-03-22T04:08:25.272+0400] {processor.py:175} INFO - Processing /home/civis/anaconda3/lib/python3.9/site-packages/airflow/example_dags/example_subdag_operator.py took 0.064 seconds
[2023-03-22T04:09:05.401+0400] {processor.py:153} INFO - Started process (PID=175793) to work on /home/civis/anaconda3/lib/python3.9/site-packages/airflow/example_dags/example_subdag_operator.py
[2023-03-22T04:09:05.402+0400] {processor.py:743} INFO - Processing file /home/civis/anaconda3/lib/python3.9/site-packages/airflow/example_dags/example_subdag_operator.py for tasks to queue
[2023-03-22T04:09:05.402+0400] {logging_mixin.py:137} INFO - [2023-03-22T04:09:05.402+0400] {dagbag.py:538} INFO - Filling up the DagBag from /home/civis/anaconda3/lib/python3.9/site-packages/airflow/example_dags/example_subdag_operator.py
[2023-03-22T04:09:05.412+0400] {processor.py:753} INFO - DAG(s) dict_keys(['example_subdag_operator.section-1', 'example_subdag_operator.section-2', 'example_subdag_operator']) retrieved from /home/civis/anaconda3/lib/python3.9/site-packages/airflow/example_dags/example_subdag_operator.py
[2023-03-22T04:09:05.418+0400] {logging_mixin.py:137} INFO - [2023-03-22T04:09:05.418+0400] {dag.py:2690} INFO - Sync 3 DAGs
[2023-03-22T04:09:05.425+0400] {logging_mixin.py:137} INFO - [2023-03-22T04:09:05.425+0400] {dag.py:3437} INFO - Setting next_dagrun for example_subdag_operator to 2022-01-01T00:00:00+00:00, run_after=2022-01-01T00:00:00+00:00
[2023-03-22T04:09:05.426+0400] {logging_mixin.py:137} INFO - [2023-03-22T04:09:05.426+0400] {dag.py:3437} INFO - Setting next_dagrun for example_subdag_operator.section-1 to None, run_after=None
[2023-03-22T04:09:05.426+0400] {logging_mixin.py:137} INFO - [2023-03-22T04:09:05.426+0400] {dag.py:3437} INFO - Setting next_dagrun for example_subdag_operator.section-2 to None, run_after=None
[2023-03-22T04:09:05.429+0400] {logging_mixin.py:137} INFO - [2023-03-22T04:09:05.429+0400] {dag.py:2690} INFO - Sync 2 DAGs
[2023-03-22T04:09:05.431+0400] {logging_mixin.py:137} INFO - [2023-03-22T04:09:05.431+0400] {dag.py:3437} INFO - Setting next_dagrun for example_subdag_operator.section-1 to None, run_after=None
[2023-03-22T04:09:05.431+0400] {logging_mixin.py:137} INFO - [2023-03-22T04:09:05.431+0400] {dag.py:3437} INFO - Setting next_dagrun for example_subdag_operator.section-2 to None, run_after=None
[2023-03-22T04:09:05.444+0400] {processor.py:175} INFO - Processing /home/civis/anaconda3/lib/python3.9/site-packages/airflow/example_dags/example_subdag_operator.py took 0.045 seconds
[2023-03-22T04:09:49.552+0400] {processor.py:153} INFO - Started process (PID=176548) to work on /home/civis/anaconda3/lib/python3.9/site-packages/airflow/example_dags/example_subdag_operator.py
[2023-03-22T04:09:49.561+0400] {processor.py:743} INFO - Processing file /home/civis/anaconda3/lib/python3.9/site-packages/airflow/example_dags/example_subdag_operator.py for tasks to queue
[2023-03-22T04:09:49.562+0400] {logging_mixin.py:137} INFO - [2023-03-22T04:09:49.562+0400] {dagbag.py:538} INFO - Filling up the DagBag from /home/civis/anaconda3/lib/python3.9/site-packages/airflow/example_dags/example_subdag_operator.py
[2023-03-22T04:09:49.583+0400] {processor.py:753} INFO - DAG(s) dict_keys(['example_subdag_operator.section-1', 'example_subdag_operator.section-2', 'example_subdag_operator']) retrieved from /home/civis/anaconda3/lib/python3.9/site-packages/airflow/example_dags/example_subdag_operator.py
[2023-03-22T04:09:49.589+0400] {logging_mixin.py:137} INFO - [2023-03-22T04:09:49.589+0400] {dag.py:2690} INFO - Sync 3 DAGs
[2023-03-22T04:09:49.597+0400] {logging_mixin.py:137} INFO - [2023-03-22T04:09:49.597+0400] {dag.py:3437} INFO - Setting next_dagrun for example_subdag_operator to 2022-01-01T00:00:00+00:00, run_after=2022-01-01T00:00:00+00:00
[2023-03-22T04:09:49.598+0400] {logging_mixin.py:137} INFO - [2023-03-22T04:09:49.598+0400] {dag.py:3437} INFO - Setting next_dagrun for example_subdag_operator.section-1 to None, run_after=None
[2023-03-22T04:09:49.598+0400] {logging_mixin.py:137} INFO - [2023-03-22T04:09:49.598+0400] {dag.py:3437} INFO - Setting next_dagrun for example_subdag_operator.section-2 to None, run_after=None
[2023-03-22T04:09:49.601+0400] {logging_mixin.py:137} INFO - [2023-03-22T04:09:49.601+0400] {dag.py:2690} INFO - Sync 2 DAGs
[2023-03-22T04:09:49.602+0400] {logging_mixin.py:137} INFO - [2023-03-22T04:09:49.602+0400] {dag.py:3437} INFO - Setting next_dagrun for example_subdag_operator.section-1 to None, run_after=None
[2023-03-22T04:09:49.602+0400] {logging_mixin.py:137} INFO - [2023-03-22T04:09:49.602+0400] {dag.py:3437} INFO - Setting next_dagrun for example_subdag_operator.section-2 to None, run_after=None
[2023-03-22T04:09:49.618+0400] {processor.py:175} INFO - Processing /home/civis/anaconda3/lib/python3.9/site-packages/airflow/example_dags/example_subdag_operator.py took 0.068 seconds
[2023-03-22T04:10:31.305+0400] {processor.py:153} INFO - Started process (PID=177195) to work on /home/civis/anaconda3/lib/python3.9/site-packages/airflow/example_dags/example_subdag_operator.py
[2023-03-22T04:10:31.314+0400] {processor.py:743} INFO - Processing file /home/civis/anaconda3/lib/python3.9/site-packages/airflow/example_dags/example_subdag_operator.py for tasks to queue
[2023-03-22T04:10:31.315+0400] {logging_mixin.py:137} INFO - [2023-03-22T04:10:31.315+0400] {dagbag.py:538} INFO - Filling up the DagBag from /home/civis/anaconda3/lib/python3.9/site-packages/airflow/example_dags/example_subdag_operator.py
[2023-03-22T04:10:31.336+0400] {processor.py:753} INFO - DAG(s) dict_keys(['example_subdag_operator.section-1', 'example_subdag_operator.section-2', 'example_subdag_operator']) retrieved from /home/civis/anaconda3/lib/python3.9/site-packages/airflow/example_dags/example_subdag_operator.py
[2023-03-22T04:10:31.343+0400] {logging_mixin.py:137} INFO - [2023-03-22T04:10:31.342+0400] {dag.py:2690} INFO - Sync 3 DAGs
[2023-03-22T04:10:31.350+0400] {logging_mixin.py:137} INFO - [2023-03-22T04:10:31.350+0400] {dag.py:3437} INFO - Setting next_dagrun for example_subdag_operator to 2022-01-01T00:00:00+00:00, run_after=2022-01-01T00:00:00+00:00
[2023-03-22T04:10:31.351+0400] {logging_mixin.py:137} INFO - [2023-03-22T04:10:31.351+0400] {dag.py:3437} INFO - Setting next_dagrun for example_subdag_operator.section-1 to None, run_after=None
[2023-03-22T04:10:31.351+0400] {logging_mixin.py:137} INFO - [2023-03-22T04:10:31.351+0400] {dag.py:3437} INFO - Setting next_dagrun for example_subdag_operator.section-2 to None, run_after=None
[2023-03-22T04:10:31.353+0400] {logging_mixin.py:137} INFO - [2023-03-22T04:10:31.353+0400] {dag.py:2690} INFO - Sync 2 DAGs
[2023-03-22T04:10:31.355+0400] {logging_mixin.py:137} INFO - [2023-03-22T04:10:31.355+0400] {dag.py:3437} INFO - Setting next_dagrun for example_subdag_operator.section-1 to None, run_after=None
[2023-03-22T04:10:31.355+0400] {logging_mixin.py:137} INFO - [2023-03-22T04:10:31.355+0400] {dag.py:3437} INFO - Setting next_dagrun for example_subdag_operator.section-2 to None, run_after=None
[2023-03-22T04:10:31.368+0400] {processor.py:175} INFO - Processing /home/civis/anaconda3/lib/python3.9/site-packages/airflow/example_dags/example_subdag_operator.py took 0.065 seconds
[2023-03-22T04:11:10.872+0400] {processor.py:153} INFO - Started process (PID=177915) to work on /home/civis/anaconda3/lib/python3.9/site-packages/airflow/example_dags/example_subdag_operator.py
[2023-03-22T04:11:10.873+0400] {processor.py:743} INFO - Processing file /home/civis/anaconda3/lib/python3.9/site-packages/airflow/example_dags/example_subdag_operator.py for tasks to queue
[2023-03-22T04:11:10.873+0400] {logging_mixin.py:137} INFO - [2023-03-22T04:11:10.873+0400] {dagbag.py:538} INFO - Filling up the DagBag from /home/civis/anaconda3/lib/python3.9/site-packages/airflow/example_dags/example_subdag_operator.py
[2023-03-22T04:11:10.884+0400] {processor.py:753} INFO - DAG(s) dict_keys(['example_subdag_operator.section-1', 'example_subdag_operator.section-2', 'example_subdag_operator']) retrieved from /home/civis/anaconda3/lib/python3.9/site-packages/airflow/example_dags/example_subdag_operator.py
[2023-03-22T04:11:10.891+0400] {logging_mixin.py:137} INFO - [2023-03-22T04:11:10.891+0400] {dag.py:2690} INFO - Sync 3 DAGs
[2023-03-22T04:11:10.898+0400] {logging_mixin.py:137} INFO - [2023-03-22T04:11:10.898+0400] {dag.py:3437} INFO - Setting next_dagrun for example_subdag_operator to 2022-01-01T00:00:00+00:00, run_after=2022-01-01T00:00:00+00:00
[2023-03-22T04:11:10.899+0400] {logging_mixin.py:137} INFO - [2023-03-22T04:11:10.899+0400] {dag.py:3437} INFO - Setting next_dagrun for example_subdag_operator.section-1 to None, run_after=None
[2023-03-22T04:11:10.900+0400] {logging_mixin.py:137} INFO - [2023-03-22T04:11:10.900+0400] {dag.py:3437} INFO - Setting next_dagrun for example_subdag_operator.section-2 to None, run_after=None
[2023-03-22T04:11:10.902+0400] {logging_mixin.py:137} INFO - [2023-03-22T04:11:10.902+0400] {dag.py:2690} INFO - Sync 2 DAGs
[2023-03-22T04:11:10.904+0400] {logging_mixin.py:137} INFO - [2023-03-22T04:11:10.904+0400] {dag.py:3437} INFO - Setting next_dagrun for example_subdag_operator.section-1 to None, run_after=None
[2023-03-22T04:11:10.904+0400] {logging_mixin.py:137} INFO - [2023-03-22T04:11:10.904+0400] {dag.py:3437} INFO - Setting next_dagrun for example_subdag_operator.section-2 to None, run_after=None
[2023-03-22T04:11:10.916+0400] {processor.py:175} INFO - Processing /home/civis/anaconda3/lib/python3.9/site-packages/airflow/example_dags/example_subdag_operator.py took 0.045 seconds
