[2023-03-22T04:00:11.987+0400] {processor.py:153} INFO - Started process (PID=165658) to work on /home/civis/anaconda3/lib/python3.9/site-packages/airflow/example_dags/example_dynamic_task_mapping.py
[2023-03-22T04:00:11.987+0400] {processor.py:743} INFO - Processing file /home/civis/anaconda3/lib/python3.9/site-packages/airflow/example_dags/example_dynamic_task_mapping.py for tasks to queue
[2023-03-22T04:00:11.987+0400] {logging_mixin.py:137} INFO - [2023-03-22T04:00:11.987+0400] {dagbag.py:538} INFO - Filling up the DagBag from /home/civis/anaconda3/lib/python3.9/site-packages/airflow/example_dags/example_dynamic_task_mapping.py
[2023-03-22T04:00:11.998+0400] {processor.py:753} INFO - DAG(s) dict_keys(['example_dynamic_task_mapping']) retrieved from /home/civis/anaconda3/lib/python3.9/site-packages/airflow/example_dags/example_dynamic_task_mapping.py
[2023-03-22T04:00:12.064+0400] {logging_mixin.py:137} INFO - [2023-03-22T04:00:12.064+0400] {manager.py:504} INFO - Created Permission View: can delete on DAG:example_dynamic_task_mapping
[2023-03-22T04:00:12.078+0400] {logging_mixin.py:137} INFO - [2023-03-22T04:00:12.078+0400] {manager.py:504} INFO - Created Permission View: can read on DAG:example_dynamic_task_mapping
[2023-03-22T04:00:12.091+0400] {logging_mixin.py:137} INFO - [2023-03-22T04:00:12.091+0400] {manager.py:504} INFO - Created Permission View: can edit on DAG:example_dynamic_task_mapping
[2023-03-22T04:00:12.092+0400] {logging_mixin.py:137} INFO - [2023-03-22T04:00:12.092+0400] {dag.py:2690} INFO - Sync 1 DAGs
[2023-03-22T04:00:12.101+0400] {logging_mixin.py:137} INFO - [2023-03-22T04:00:12.101+0400] {dag.py:2711} INFO - Creating ORM DAG for example_dynamic_task_mapping
[2023-03-22T04:00:12.104+0400] {logging_mixin.py:137} INFO - [2023-03-22T04:00:12.104+0400] {dag.py:3437} INFO - Setting next_dagrun for example_dynamic_task_mapping to 2022-03-04T00:00:00+00:00, run_after=2022-03-05T00:00:00+00:00
[2023-03-22T04:00:12.120+0400] {processor.py:175} INFO - Processing /home/civis/anaconda3/lib/python3.9/site-packages/airflow/example_dags/example_dynamic_task_mapping.py took 0.136 seconds
[2023-03-22T04:00:54.471+0400] {processor.py:153} INFO - Started process (PID=166301) to work on /home/civis/anaconda3/lib/python3.9/site-packages/airflow/example_dags/example_dynamic_task_mapping.py
[2023-03-22T04:00:54.480+0400] {processor.py:743} INFO - Processing file /home/civis/anaconda3/lib/python3.9/site-packages/airflow/example_dags/example_dynamic_task_mapping.py for tasks to queue
[2023-03-22T04:00:54.481+0400] {logging_mixin.py:137} INFO - [2023-03-22T04:00:54.481+0400] {dagbag.py:538} INFO - Filling up the DagBag from /home/civis/anaconda3/lib/python3.9/site-packages/airflow/example_dags/example_dynamic_task_mapping.py
[2023-03-22T04:00:54.501+0400] {processor.py:753} INFO - DAG(s) dict_keys(['example_dynamic_task_mapping']) retrieved from /home/civis/anaconda3/lib/python3.9/site-packages/airflow/example_dags/example_dynamic_task_mapping.py
[2023-03-22T04:00:54.508+0400] {logging_mixin.py:137} INFO - [2023-03-22T04:00:54.508+0400] {dag.py:2690} INFO - Sync 1 DAGs
[2023-03-22T04:00:54.516+0400] {logging_mixin.py:137} INFO - [2023-03-22T04:00:54.515+0400] {dag.py:3437} INFO - Setting next_dagrun for example_dynamic_task_mapping to 2022-03-04T00:00:00+00:00, run_after=2022-03-05T00:00:00+00:00
[2023-03-22T04:00:54.531+0400] {processor.py:175} INFO - Processing /home/civis/anaconda3/lib/python3.9/site-packages/airflow/example_dags/example_dynamic_task_mapping.py took 0.062 seconds
[2023-03-22T04:01:33.309+0400] {processor.py:153} INFO - Started process (PID=166896) to work on /home/civis/anaconda3/lib/python3.9/site-packages/airflow/example_dags/example_dynamic_task_mapping.py
[2023-03-22T04:01:33.310+0400] {processor.py:743} INFO - Processing file /home/civis/anaconda3/lib/python3.9/site-packages/airflow/example_dags/example_dynamic_task_mapping.py for tasks to queue
[2023-03-22T04:01:33.310+0400] {logging_mixin.py:137} INFO - [2023-03-22T04:01:33.310+0400] {dagbag.py:538} INFO - Filling up the DagBag from /home/civis/anaconda3/lib/python3.9/site-packages/airflow/example_dags/example_dynamic_task_mapping.py
[2023-03-22T04:01:33.322+0400] {processor.py:753} INFO - DAG(s) dict_keys(['example_dynamic_task_mapping']) retrieved from /home/civis/anaconda3/lib/python3.9/site-packages/airflow/example_dags/example_dynamic_task_mapping.py
[2023-03-22T04:01:33.329+0400] {logging_mixin.py:137} INFO - [2023-03-22T04:01:33.329+0400] {dag.py:2690} INFO - Sync 1 DAGs
[2023-03-22T04:01:33.337+0400] {logging_mixin.py:137} INFO - [2023-03-22T04:01:33.337+0400] {dag.py:3437} INFO - Setting next_dagrun for example_dynamic_task_mapping to 2022-03-04T00:00:00+00:00, run_after=2022-03-05T00:00:00+00:00
[2023-03-22T04:01:33.352+0400] {processor.py:175} INFO - Processing /home/civis/anaconda3/lib/python3.9/site-packages/airflow/example_dags/example_dynamic_task_mapping.py took 0.044 seconds
[2023-03-22T04:02:14.554+0400] {processor.py:153} INFO - Started process (PID=167588) to work on /home/civis/anaconda3/lib/python3.9/site-packages/airflow/example_dags/example_dynamic_task_mapping.py
[2023-03-22T04:02:14.562+0400] {processor.py:743} INFO - Processing file /home/civis/anaconda3/lib/python3.9/site-packages/airflow/example_dags/example_dynamic_task_mapping.py for tasks to queue
[2023-03-22T04:02:14.562+0400] {logging_mixin.py:137} INFO - [2023-03-22T04:02:14.562+0400] {dagbag.py:538} INFO - Filling up the DagBag from /home/civis/anaconda3/lib/python3.9/site-packages/airflow/example_dags/example_dynamic_task_mapping.py
[2023-03-22T04:02:14.571+0400] {processor.py:753} INFO - DAG(s) dict_keys(['example_dynamic_task_mapping']) retrieved from /home/civis/anaconda3/lib/python3.9/site-packages/airflow/example_dags/example_dynamic_task_mapping.py
[2023-03-22T04:02:14.578+0400] {logging_mixin.py:137} INFO - [2023-03-22T04:02:14.578+0400] {dag.py:2690} INFO - Sync 1 DAGs
[2023-03-22T04:02:14.585+0400] {logging_mixin.py:137} INFO - [2023-03-22T04:02:14.585+0400] {dag.py:3437} INFO - Setting next_dagrun for example_dynamic_task_mapping to 2022-03-04T00:00:00+00:00, run_after=2022-03-05T00:00:00+00:00
[2023-03-22T04:02:14.599+0400] {processor.py:175} INFO - Processing /home/civis/anaconda3/lib/python3.9/site-packages/airflow/example_dags/example_dynamic_task_mapping.py took 0.047 seconds
[2023-03-22T04:02:53.001+0400] {processor.py:153} INFO - Started process (PID=168428) to work on /home/civis/anaconda3/lib/python3.9/site-packages/airflow/example_dags/example_dynamic_task_mapping.py
[2023-03-22T04:02:53.010+0400] {processor.py:743} INFO - Processing file /home/civis/anaconda3/lib/python3.9/site-packages/airflow/example_dags/example_dynamic_task_mapping.py for tasks to queue
[2023-03-22T04:02:53.010+0400] {logging_mixin.py:137} INFO - [2023-03-22T04:02:53.010+0400] {dagbag.py:538} INFO - Filling up the DagBag from /home/civis/anaconda3/lib/python3.9/site-packages/airflow/example_dags/example_dynamic_task_mapping.py
[2023-03-22T04:02:53.031+0400] {processor.py:753} INFO - DAG(s) dict_keys(['example_dynamic_task_mapping']) retrieved from /home/civis/anaconda3/lib/python3.9/site-packages/airflow/example_dags/example_dynamic_task_mapping.py
[2023-03-22T04:02:53.039+0400] {logging_mixin.py:137} INFO - [2023-03-22T04:02:53.039+0400] {dag.py:2690} INFO - Sync 1 DAGs
[2023-03-22T04:02:53.046+0400] {logging_mixin.py:137} INFO - [2023-03-22T04:02:53.046+0400] {dag.py:3437} INFO - Setting next_dagrun for example_dynamic_task_mapping to 2022-03-04T00:00:00+00:00, run_after=2022-03-05T00:00:00+00:00
[2023-03-22T04:02:53.062+0400] {processor.py:175} INFO - Processing /home/civis/anaconda3/lib/python3.9/site-packages/airflow/example_dags/example_dynamic_task_mapping.py took 0.063 seconds
[2023-03-22T04:03:34.263+0400] {processor.py:153} INFO - Started process (PID=169175) to work on /home/civis/anaconda3/lib/python3.9/site-packages/airflow/example_dags/example_dynamic_task_mapping.py
[2023-03-22T04:03:34.272+0400] {processor.py:743} INFO - Processing file /home/civis/anaconda3/lib/python3.9/site-packages/airflow/example_dags/example_dynamic_task_mapping.py for tasks to queue
[2023-03-22T04:03:34.273+0400] {logging_mixin.py:137} INFO - [2023-03-22T04:03:34.273+0400] {dagbag.py:538} INFO - Filling up the DagBag from /home/civis/anaconda3/lib/python3.9/site-packages/airflow/example_dags/example_dynamic_task_mapping.py
[2023-03-22T04:03:34.292+0400] {processor.py:753} INFO - DAG(s) dict_keys(['example_dynamic_task_mapping']) retrieved from /home/civis/anaconda3/lib/python3.9/site-packages/airflow/example_dags/example_dynamic_task_mapping.py
[2023-03-22T04:03:34.299+0400] {logging_mixin.py:137} INFO - [2023-03-22T04:03:34.299+0400] {dag.py:2690} INFO - Sync 1 DAGs
[2023-03-22T04:03:34.307+0400] {logging_mixin.py:137} INFO - [2023-03-22T04:03:34.307+0400] {dag.py:3437} INFO - Setting next_dagrun for example_dynamic_task_mapping to 2022-03-04T00:00:00+00:00, run_after=2022-03-05T00:00:00+00:00
[2023-03-22T04:03:34.322+0400] {processor.py:175} INFO - Processing /home/civis/anaconda3/lib/python3.9/site-packages/airflow/example_dags/example_dynamic_task_mapping.py took 0.060 seconds
[2023-03-22T04:04:39.094+0400] {processor.py:153} INFO - Started process (PID=170217) to work on /home/civis/anaconda3/lib/python3.9/site-packages/airflow/example_dags/example_dynamic_task_mapping.py
[2023-03-22T04:04:39.095+0400] {processor.py:743} INFO - Processing file /home/civis/anaconda3/lib/python3.9/site-packages/airflow/example_dags/example_dynamic_task_mapping.py for tasks to queue
[2023-03-22T04:04:39.097+0400] {logging_mixin.py:137} INFO - [2023-03-22T04:04:39.097+0400] {dagbag.py:538} INFO - Filling up the DagBag from /home/civis/anaconda3/lib/python3.9/site-packages/airflow/example_dags/example_dynamic_task_mapping.py
[2023-03-22T04:04:39.113+0400] {processor.py:753} INFO - DAG(s) dict_keys(['example_dynamic_task_mapping']) retrieved from /home/civis/anaconda3/lib/python3.9/site-packages/airflow/example_dags/example_dynamic_task_mapping.py
[2023-03-22T04:04:39.120+0400] {logging_mixin.py:137} INFO - [2023-03-22T04:04:39.119+0400] {dag.py:2690} INFO - Sync 1 DAGs
[2023-03-22T04:04:39.127+0400] {logging_mixin.py:137} INFO - [2023-03-22T04:04:39.127+0400] {dag.py:3437} INFO - Setting next_dagrun for example_dynamic_task_mapping to 2022-03-04T00:00:00+00:00, run_after=2022-03-05T00:00:00+00:00
[2023-03-22T04:04:39.142+0400] {processor.py:175} INFO - Processing /home/civis/anaconda3/lib/python3.9/site-packages/airflow/example_dags/example_dynamic_task_mapping.py took 0.052 seconds
[2023-03-22T04:05:21.540+0400] {processor.py:153} INFO - Started process (PID=170878) to work on /home/civis/anaconda3/lib/python3.9/site-packages/airflow/example_dags/example_dynamic_task_mapping.py
[2023-03-22T04:05:21.549+0400] {processor.py:743} INFO - Processing file /home/civis/anaconda3/lib/python3.9/site-packages/airflow/example_dags/example_dynamic_task_mapping.py for tasks to queue
[2023-03-22T04:05:21.550+0400] {logging_mixin.py:137} INFO - [2023-03-22T04:05:21.550+0400] {dagbag.py:538} INFO - Filling up the DagBag from /home/civis/anaconda3/lib/python3.9/site-packages/airflow/example_dags/example_dynamic_task_mapping.py
[2023-03-22T04:05:21.566+0400] {processor.py:753} INFO - DAG(s) dict_keys(['example_dynamic_task_mapping']) retrieved from /home/civis/anaconda3/lib/python3.9/site-packages/airflow/example_dags/example_dynamic_task_mapping.py
[2023-03-22T04:05:21.573+0400] {logging_mixin.py:137} INFO - [2023-03-22T04:05:21.573+0400] {dag.py:2690} INFO - Sync 1 DAGs
[2023-03-22T04:05:21.580+0400] {logging_mixin.py:137} INFO - [2023-03-22T04:05:21.580+0400] {dag.py:3437} INFO - Setting next_dagrun for example_dynamic_task_mapping to 2022-03-04T00:00:00+00:00, run_after=2022-03-05T00:00:00+00:00
[2023-03-22T04:05:21.595+0400] {processor.py:175} INFO - Processing /home/civis/anaconda3/lib/python3.9/site-packages/airflow/example_dags/example_dynamic_task_mapping.py took 0.058 seconds
[2023-03-22T04:06:00.983+0400] {processor.py:153} INFO - Started process (PID=171482) to work on /home/civis/anaconda3/lib/python3.9/site-packages/airflow/example_dags/example_dynamic_task_mapping.py
[2023-03-22T04:06:00.991+0400] {processor.py:743} INFO - Processing file /home/civis/anaconda3/lib/python3.9/site-packages/airflow/example_dags/example_dynamic_task_mapping.py for tasks to queue
[2023-03-22T04:06:00.993+0400] {logging_mixin.py:137} INFO - [2023-03-22T04:06:00.992+0400] {dagbag.py:538} INFO - Filling up the DagBag from /home/civis/anaconda3/lib/python3.9/site-packages/airflow/example_dags/example_dynamic_task_mapping.py
[2023-03-22T04:06:01.014+0400] {processor.py:753} INFO - DAG(s) dict_keys(['example_dynamic_task_mapping']) retrieved from /home/civis/anaconda3/lib/python3.9/site-packages/airflow/example_dags/example_dynamic_task_mapping.py
[2023-03-22T04:06:01.020+0400] {logging_mixin.py:137} INFO - [2023-03-22T04:06:01.020+0400] {dag.py:2690} INFO - Sync 1 DAGs
[2023-03-22T04:06:01.028+0400] {logging_mixin.py:137} INFO - [2023-03-22T04:06:01.028+0400] {dag.py:3437} INFO - Setting next_dagrun for example_dynamic_task_mapping to 2022-03-04T00:00:00+00:00, run_after=2022-03-05T00:00:00+00:00
[2023-03-22T04:06:01.043+0400] {processor.py:175} INFO - Processing /home/civis/anaconda3/lib/python3.9/site-packages/airflow/example_dags/example_dynamic_task_mapping.py took 0.062 seconds
[2023-03-22T04:06:41.530+0400] {processor.py:153} INFO - Started process (PID=172192) to work on /home/civis/anaconda3/lib/python3.9/site-packages/airflow/example_dags/example_dynamic_task_mapping.py
[2023-03-22T04:06:41.531+0400] {processor.py:743} INFO - Processing file /home/civis/anaconda3/lib/python3.9/site-packages/airflow/example_dags/example_dynamic_task_mapping.py for tasks to queue
[2023-03-22T04:06:41.531+0400] {logging_mixin.py:137} INFO - [2023-03-22T04:06:41.531+0400] {dagbag.py:538} INFO - Filling up the DagBag from /home/civis/anaconda3/lib/python3.9/site-packages/airflow/example_dags/example_dynamic_task_mapping.py
[2023-03-22T04:06:41.540+0400] {processor.py:753} INFO - DAG(s) dict_keys(['example_dynamic_task_mapping']) retrieved from /home/civis/anaconda3/lib/python3.9/site-packages/airflow/example_dags/example_dynamic_task_mapping.py
[2023-03-22T04:06:41.548+0400] {logging_mixin.py:137} INFO - [2023-03-22T04:06:41.548+0400] {dag.py:2690} INFO - Sync 1 DAGs
[2023-03-22T04:06:41.555+0400] {logging_mixin.py:137} INFO - [2023-03-22T04:06:41.555+0400] {dag.py:3437} INFO - Setting next_dagrun for example_dynamic_task_mapping to 2022-03-04T00:00:00+00:00, run_after=2022-03-05T00:00:00+00:00
[2023-03-22T04:06:41.570+0400] {processor.py:175} INFO - Processing /home/civis/anaconda3/lib/python3.9/site-packages/airflow/example_dags/example_dynamic_task_mapping.py took 0.040 seconds
[2023-03-22T04:07:20.976+0400] {processor.py:153} INFO - Started process (PID=172804) to work on /home/civis/anaconda3/lib/python3.9/site-packages/airflow/example_dags/example_dynamic_task_mapping.py
[2023-03-22T04:07:20.977+0400] {processor.py:743} INFO - Processing file /home/civis/anaconda3/lib/python3.9/site-packages/airflow/example_dags/example_dynamic_task_mapping.py for tasks to queue
[2023-03-22T04:07:20.978+0400] {logging_mixin.py:137} INFO - [2023-03-22T04:07:20.978+0400] {dagbag.py:538} INFO - Filling up the DagBag from /home/civis/anaconda3/lib/python3.9/site-packages/airflow/example_dags/example_dynamic_task_mapping.py
[2023-03-22T04:07:20.991+0400] {processor.py:753} INFO - DAG(s) dict_keys(['example_dynamic_task_mapping']) retrieved from /home/civis/anaconda3/lib/python3.9/site-packages/airflow/example_dags/example_dynamic_task_mapping.py
[2023-03-22T04:07:20.999+0400] {logging_mixin.py:137} INFO - [2023-03-22T04:07:20.998+0400] {dag.py:2690} INFO - Sync 1 DAGs
[2023-03-22T04:07:21.006+0400] {logging_mixin.py:137} INFO - [2023-03-22T04:07:21.006+0400] {dag.py:3437} INFO - Setting next_dagrun for example_dynamic_task_mapping to 2022-03-04T00:00:00+00:00, run_after=2022-03-05T00:00:00+00:00
[2023-03-22T04:07:21.022+0400] {processor.py:175} INFO - Processing /home/civis/anaconda3/lib/python3.9/site-packages/airflow/example_dags/example_dynamic_task_mapping.py took 0.050 seconds
[2023-03-22T04:08:02.663+0400] {processor.py:153} INFO - Started process (PID=173491) to work on /home/civis/anaconda3/lib/python3.9/site-packages/airflow/example_dags/example_dynamic_task_mapping.py
[2023-03-22T04:08:02.663+0400] {processor.py:743} INFO - Processing file /home/civis/anaconda3/lib/python3.9/site-packages/airflow/example_dags/example_dynamic_task_mapping.py for tasks to queue
[2023-03-22T04:08:02.663+0400] {logging_mixin.py:137} INFO - [2023-03-22T04:08:02.663+0400] {dagbag.py:538} INFO - Filling up the DagBag from /home/civis/anaconda3/lib/python3.9/site-packages/airflow/example_dags/example_dynamic_task_mapping.py
[2023-03-22T04:08:02.672+0400] {processor.py:753} INFO - DAG(s) dict_keys(['example_dynamic_task_mapping']) retrieved from /home/civis/anaconda3/lib/python3.9/site-packages/airflow/example_dags/example_dynamic_task_mapping.py
[2023-03-22T04:08:02.679+0400] {logging_mixin.py:137} INFO - [2023-03-22T04:08:02.679+0400] {dag.py:2690} INFO - Sync 1 DAGs
[2023-03-22T04:08:02.687+0400] {logging_mixin.py:137} INFO - [2023-03-22T04:08:02.687+0400] {dag.py:3437} INFO - Setting next_dagrun for example_dynamic_task_mapping to 2022-03-04T00:00:00+00:00, run_after=2022-03-05T00:00:00+00:00
[2023-03-22T04:08:02.701+0400] {processor.py:175} INFO - Processing /home/civis/anaconda3/lib/python3.9/site-packages/airflow/example_dags/example_dynamic_task_mapping.py took 0.041 seconds
[2023-03-22T04:08:41.896+0400] {processor.py:153} INFO - Started process (PID=174245) to work on /home/civis/anaconda3/lib/python3.9/site-packages/airflow/example_dags/example_dynamic_task_mapping.py
[2023-03-22T04:08:41.905+0400] {processor.py:743} INFO - Processing file /home/civis/anaconda3/lib/python3.9/site-packages/airflow/example_dags/example_dynamic_task_mapping.py for tasks to queue
[2023-03-22T04:08:41.906+0400] {logging_mixin.py:137} INFO - [2023-03-22T04:08:41.906+0400] {dagbag.py:538} INFO - Filling up the DagBag from /home/civis/anaconda3/lib/python3.9/site-packages/airflow/example_dags/example_dynamic_task_mapping.py
[2023-03-22T04:08:41.926+0400] {processor.py:753} INFO - DAG(s) dict_keys(['example_dynamic_task_mapping']) retrieved from /home/civis/anaconda3/lib/python3.9/site-packages/airflow/example_dags/example_dynamic_task_mapping.py
[2023-03-22T04:08:41.933+0400] {logging_mixin.py:137} INFO - [2023-03-22T04:08:41.933+0400] {dag.py:2690} INFO - Sync 1 DAGs
[2023-03-22T04:08:41.940+0400] {logging_mixin.py:137} INFO - [2023-03-22T04:08:41.940+0400] {dag.py:3437} INFO - Setting next_dagrun for example_dynamic_task_mapping to 2022-03-04T00:00:00+00:00, run_after=2022-03-05T00:00:00+00:00
[2023-03-22T04:08:41.958+0400] {processor.py:175} INFO - Processing /home/civis/anaconda3/lib/python3.9/site-packages/airflow/example_dags/example_dynamic_task_mapping.py took 0.064 seconds
[2023-03-22T04:09:22.652+0400] {processor.py:153} INFO - Started process (PID=176070) to work on /home/civis/anaconda3/lib/python3.9/site-packages/airflow/example_dags/example_dynamic_task_mapping.py
[2023-03-22T04:09:22.660+0400] {processor.py:743} INFO - Processing file /home/civis/anaconda3/lib/python3.9/site-packages/airflow/example_dags/example_dynamic_task_mapping.py for tasks to queue
[2023-03-22T04:09:22.662+0400] {logging_mixin.py:137} INFO - [2023-03-22T04:09:22.661+0400] {dagbag.py:538} INFO - Filling up the DagBag from /home/civis/anaconda3/lib/python3.9/site-packages/airflow/example_dags/example_dynamic_task_mapping.py
[2023-03-22T04:09:22.689+0400] {processor.py:753} INFO - DAG(s) dict_keys(['example_dynamic_task_mapping']) retrieved from /home/civis/anaconda3/lib/python3.9/site-packages/airflow/example_dags/example_dynamic_task_mapping.py
[2023-03-22T04:09:22.696+0400] {logging_mixin.py:137} INFO - [2023-03-22T04:09:22.696+0400] {dag.py:2690} INFO - Sync 1 DAGs
[2023-03-22T04:09:22.704+0400] {logging_mixin.py:137} INFO - [2023-03-22T04:09:22.704+0400] {dag.py:3437} INFO - Setting next_dagrun for example_dynamic_task_mapping to 2022-03-04T00:00:00+00:00, run_after=2022-03-05T00:00:00+00:00
[2023-03-22T04:09:22.719+0400] {processor.py:175} INFO - Processing /home/civis/anaconda3/lib/python3.9/site-packages/airflow/example_dags/example_dynamic_task_mapping.py took 0.069 seconds
[2023-03-22T04:10:06.807+0400] {processor.py:153} INFO - Started process (PID=176781) to work on /home/civis/anaconda3/lib/python3.9/site-packages/airflow/example_dags/example_dynamic_task_mapping.py
[2023-03-22T04:10:06.807+0400] {processor.py:743} INFO - Processing file /home/civis/anaconda3/lib/python3.9/site-packages/airflow/example_dags/example_dynamic_task_mapping.py for tasks to queue
[2023-03-22T04:10:06.808+0400] {logging_mixin.py:137} INFO - [2023-03-22T04:10:06.808+0400] {dagbag.py:538} INFO - Filling up the DagBag from /home/civis/anaconda3/lib/python3.9/site-packages/airflow/example_dags/example_dynamic_task_mapping.py
[2023-03-22T04:10:06.816+0400] {processor.py:753} INFO - DAG(s) dict_keys(['example_dynamic_task_mapping']) retrieved from /home/civis/anaconda3/lib/python3.9/site-packages/airflow/example_dags/example_dynamic_task_mapping.py
[2023-03-22T04:10:06.824+0400] {logging_mixin.py:137} INFO - [2023-03-22T04:10:06.824+0400] {dag.py:2690} INFO - Sync 1 DAGs
[2023-03-22T04:10:06.831+0400] {logging_mixin.py:137} INFO - [2023-03-22T04:10:06.831+0400] {dag.py:3437} INFO - Setting next_dagrun for example_dynamic_task_mapping to 2022-03-04T00:00:00+00:00, run_after=2022-03-05T00:00:00+00:00
[2023-03-22T04:10:06.846+0400] {processor.py:175} INFO - Processing /home/civis/anaconda3/lib/python3.9/site-packages/airflow/example_dags/example_dynamic_task_mapping.py took 0.041 seconds
[2023-03-22T04:10:49.146+0400] {processor.py:153} INFO - Started process (PID=177524) to work on /home/civis/anaconda3/lib/python3.9/site-packages/airflow/example_dags/example_dynamic_task_mapping.py
[2023-03-22T04:10:49.155+0400] {processor.py:743} INFO - Processing file /home/civis/anaconda3/lib/python3.9/site-packages/airflow/example_dags/example_dynamic_task_mapping.py for tasks to queue
[2023-03-22T04:10:49.156+0400] {logging_mixin.py:137} INFO - [2023-03-22T04:10:49.156+0400] {dagbag.py:538} INFO - Filling up the DagBag from /home/civis/anaconda3/lib/python3.9/site-packages/airflow/example_dags/example_dynamic_task_mapping.py
[2023-03-22T04:10:49.176+0400] {processor.py:753} INFO - DAG(s) dict_keys(['example_dynamic_task_mapping']) retrieved from /home/civis/anaconda3/lib/python3.9/site-packages/airflow/example_dags/example_dynamic_task_mapping.py
[2023-03-22T04:10:49.183+0400] {logging_mixin.py:137} INFO - [2023-03-22T04:10:49.183+0400] {dag.py:2690} INFO - Sync 1 DAGs
[2023-03-22T04:10:49.191+0400] {logging_mixin.py:137} INFO - [2023-03-22T04:10:49.191+0400] {dag.py:3437} INFO - Setting next_dagrun for example_dynamic_task_mapping to 2022-03-04T00:00:00+00:00, run_after=2022-03-05T00:00:00+00:00
[2023-03-22T04:10:49.207+0400] {processor.py:175} INFO - Processing /home/civis/anaconda3/lib/python3.9/site-packages/airflow/example_dags/example_dynamic_task_mapping.py took 0.064 seconds
[2023-03-22T04:11:27.210+0400] {processor.py:153} INFO - Started process (PID=178196) to work on /home/civis/anaconda3/lib/python3.9/site-packages/airflow/example_dags/example_dynamic_task_mapping.py
[2023-03-22T04:11:27.219+0400] {processor.py:743} INFO - Processing file /home/civis/anaconda3/lib/python3.9/site-packages/airflow/example_dags/example_dynamic_task_mapping.py for tasks to queue
[2023-03-22T04:11:27.220+0400] {logging_mixin.py:137} INFO - [2023-03-22T04:11:27.220+0400] {dagbag.py:538} INFO - Filling up the DagBag from /home/civis/anaconda3/lib/python3.9/site-packages/airflow/example_dags/example_dynamic_task_mapping.py
[2023-03-22T04:11:27.237+0400] {processor.py:753} INFO - DAG(s) dict_keys(['example_dynamic_task_mapping']) retrieved from /home/civis/anaconda3/lib/python3.9/site-packages/airflow/example_dags/example_dynamic_task_mapping.py
[2023-03-22T04:11:27.245+0400] {logging_mixin.py:137} INFO - [2023-03-22T04:11:27.244+0400] {dag.py:2690} INFO - Sync 1 DAGs
[2023-03-22T04:11:27.252+0400] {logging_mixin.py:137} INFO - [2023-03-22T04:11:27.252+0400] {dag.py:3437} INFO - Setting next_dagrun for example_dynamic_task_mapping to 2022-03-04T00:00:00+00:00, run_after=2022-03-05T00:00:00+00:00
[2023-03-22T04:11:27.267+0400] {processor.py:175} INFO - Processing /home/civis/anaconda3/lib/python3.9/site-packages/airflow/example_dags/example_dynamic_task_mapping.py took 0.059 seconds
