[2023-03-22T04:00:34.784+0400] {processor.py:153} INFO - Started process (PID=165994) to work on /home/civis/anaconda3/lib/python3.9/site-packages/airflow/example_dags/tutorial_dag.py
[2023-03-22T04:00:34.784+0400] {processor.py:743} INFO - Processing file /home/civis/anaconda3/lib/python3.9/site-packages/airflow/example_dags/tutorial_dag.py for tasks to queue
[2023-03-22T04:00:34.785+0400] {logging_mixin.py:137} INFO - [2023-03-22T04:00:34.785+0400] {dagbag.py:538} INFO - Filling up the DagBag from /home/civis/anaconda3/lib/python3.9/site-packages/airflow/example_dags/tutorial_dag.py
[2023-03-22T04:00:34.790+0400] {processor.py:753} INFO - DAG(s) dict_keys(['tutorial_dag']) retrieved from /home/civis/anaconda3/lib/python3.9/site-packages/airflow/example_dags/tutorial_dag.py
[2023-03-22T04:00:34.797+0400] {logging_mixin.py:137} INFO - [2023-03-22T04:00:34.796+0400] {dag.py:2690} INFO - Sync 1 DAGs
[2023-03-22T04:00:34.804+0400] {logging_mixin.py:137} INFO - [2023-03-22T04:00:34.804+0400] {dag.py:3437} INFO - Setting next_dagrun for tutorial_dag to None, run_after=None
[2023-03-22T04:00:34.828+0400] {processor.py:175} INFO - Processing /home/civis/anaconda3/lib/python3.9/site-packages/airflow/example_dags/tutorial_dag.py took 0.045 seconds
[2023-03-22T04:01:14.964+0400] {processor.py:153} INFO - Started process (PID=166606) to work on /home/civis/anaconda3/lib/python3.9/site-packages/airflow/example_dags/tutorial_dag.py
[2023-03-22T04:01:14.964+0400] {processor.py:743} INFO - Processing file /home/civis/anaconda3/lib/python3.9/site-packages/airflow/example_dags/tutorial_dag.py for tasks to queue
[2023-03-22T04:01:14.965+0400] {logging_mixin.py:137} INFO - [2023-03-22T04:01:14.965+0400] {dagbag.py:538} INFO - Filling up the DagBag from /home/civis/anaconda3/lib/python3.9/site-packages/airflow/example_dags/tutorial_dag.py
[2023-03-22T04:01:14.970+0400] {processor.py:753} INFO - DAG(s) dict_keys(['tutorial_dag']) retrieved from /home/civis/anaconda3/lib/python3.9/site-packages/airflow/example_dags/tutorial_dag.py
[2023-03-22T04:01:14.976+0400] {logging_mixin.py:137} INFO - [2023-03-22T04:01:14.976+0400] {dag.py:2690} INFO - Sync 1 DAGs
[2023-03-22T04:01:14.984+0400] {logging_mixin.py:137} INFO - [2023-03-22T04:01:14.984+0400] {dag.py:3437} INFO - Setting next_dagrun for tutorial_dag to None, run_after=None
[2023-03-22T04:01:14.999+0400] {processor.py:175} INFO - Processing /home/civis/anaconda3/lib/python3.9/site-packages/airflow/example_dags/tutorial_dag.py took 0.036 seconds
[2023-03-22T04:01:53.942+0400] {processor.py:153} INFO - Started process (PID=167226) to work on /home/civis/anaconda3/lib/python3.9/site-packages/airflow/example_dags/tutorial_dag.py
[2023-03-22T04:01:53.951+0400] {processor.py:743} INFO - Processing file /home/civis/anaconda3/lib/python3.9/site-packages/airflow/example_dags/tutorial_dag.py for tasks to queue
[2023-03-22T04:01:53.953+0400] {logging_mixin.py:137} INFO - [2023-03-22T04:01:53.952+0400] {dagbag.py:538} INFO - Filling up the DagBag from /home/civis/anaconda3/lib/python3.9/site-packages/airflow/example_dags/tutorial_dag.py
[2023-03-22T04:01:53.968+0400] {processor.py:753} INFO - DAG(s) dict_keys(['tutorial_dag']) retrieved from /home/civis/anaconda3/lib/python3.9/site-packages/airflow/example_dags/tutorial_dag.py
[2023-03-22T04:01:53.975+0400] {logging_mixin.py:137} INFO - [2023-03-22T04:01:53.975+0400] {dag.py:2690} INFO - Sync 1 DAGs
[2023-03-22T04:01:53.982+0400] {logging_mixin.py:137} INFO - [2023-03-22T04:01:53.982+0400] {dag.py:3437} INFO - Setting next_dagrun for tutorial_dag to None, run_after=None
[2023-03-22T04:01:53.997+0400] {processor.py:175} INFO - Processing /home/civis/anaconda3/lib/python3.9/site-packages/airflow/example_dags/tutorial_dag.py took 0.057 seconds
[2023-03-22T04:02:34.123+0400] {processor.py:153} INFO - Started process (PID=168007) to work on /home/civis/anaconda3/lib/python3.9/site-packages/airflow/example_dags/tutorial_dag.py
[2023-03-22T04:02:34.131+0400] {processor.py:743} INFO - Processing file /home/civis/anaconda3/lib/python3.9/site-packages/airflow/example_dags/tutorial_dag.py for tasks to queue
[2023-03-22T04:02:34.132+0400] {logging_mixin.py:137} INFO - [2023-03-22T04:02:34.131+0400] {dagbag.py:538} INFO - Filling up the DagBag from /home/civis/anaconda3/lib/python3.9/site-packages/airflow/example_dags/tutorial_dag.py
[2023-03-22T04:02:34.138+0400] {processor.py:753} INFO - DAG(s) dict_keys(['tutorial_dag']) retrieved from /home/civis/anaconda3/lib/python3.9/site-packages/airflow/example_dags/tutorial_dag.py
[2023-03-22T04:02:34.145+0400] {logging_mixin.py:137} INFO - [2023-03-22T04:02:34.145+0400] {dag.py:2690} INFO - Sync 1 DAGs
[2023-03-22T04:02:34.154+0400] {logging_mixin.py:137} INFO - [2023-03-22T04:02:34.154+0400] {dag.py:3437} INFO - Setting next_dagrun for tutorial_dag to None, run_after=None
[2023-03-22T04:02:34.175+0400] {processor.py:175} INFO - Processing /home/civis/anaconda3/lib/python3.9/site-packages/airflow/example_dags/tutorial_dag.py took 0.054 seconds
[2023-03-22T04:03:15.507+0400] {processor.py:153} INFO - Started process (PID=168892) to work on /home/civis/anaconda3/lib/python3.9/site-packages/airflow/example_dags/tutorial_dag.py
[2023-03-22T04:03:15.516+0400] {processor.py:743} INFO - Processing file /home/civis/anaconda3/lib/python3.9/site-packages/airflow/example_dags/tutorial_dag.py for tasks to queue
[2023-03-22T04:03:15.516+0400] {logging_mixin.py:137} INFO - [2023-03-22T04:03:15.516+0400] {dagbag.py:538} INFO - Filling up the DagBag from /home/civis/anaconda3/lib/python3.9/site-packages/airflow/example_dags/tutorial_dag.py
[2023-03-22T04:03:15.522+0400] {processor.py:753} INFO - DAG(s) dict_keys(['tutorial_dag']) retrieved from /home/civis/anaconda3/lib/python3.9/site-packages/airflow/example_dags/tutorial_dag.py
[2023-03-22T04:03:15.530+0400] {logging_mixin.py:137} INFO - [2023-03-22T04:03:15.530+0400] {dag.py:2690} INFO - Sync 1 DAGs
[2023-03-22T04:03:15.538+0400] {logging_mixin.py:137} INFO - [2023-03-22T04:03:15.538+0400] {dag.py:3437} INFO - Setting next_dagrun for tutorial_dag to None, run_after=None
[2023-03-22T04:03:15.555+0400] {processor.py:175} INFO - Processing /home/civis/anaconda3/lib/python3.9/site-packages/airflow/example_dags/tutorial_dag.py took 0.049 seconds
[2023-03-22T04:03:53.455+0400] {processor.py:153} INFO - Started process (PID=169480) to work on /home/civis/anaconda3/lib/python3.9/site-packages/airflow/example_dags/tutorial_dag.py
[2023-03-22T04:03:53.463+0400] {processor.py:743} INFO - Processing file /home/civis/anaconda3/lib/python3.9/site-packages/airflow/example_dags/tutorial_dag.py for tasks to queue
[2023-03-22T04:03:53.464+0400] {logging_mixin.py:137} INFO - [2023-03-22T04:03:53.463+0400] {dagbag.py:538} INFO - Filling up the DagBag from /home/civis/anaconda3/lib/python3.9/site-packages/airflow/example_dags/tutorial_dag.py
[2023-03-22T04:03:53.478+0400] {processor.py:753} INFO - DAG(s) dict_keys(['tutorial_dag']) retrieved from /home/civis/anaconda3/lib/python3.9/site-packages/airflow/example_dags/tutorial_dag.py
[2023-03-22T04:03:53.488+0400] {logging_mixin.py:137} INFO - [2023-03-22T04:03:53.488+0400] {dag.py:2690} INFO - Sync 1 DAGs
[2023-03-22T04:03:53.496+0400] {logging_mixin.py:137} INFO - [2023-03-22T04:03:53.496+0400] {dag.py:3437} INFO - Setting next_dagrun for tutorial_dag to None, run_after=None
[2023-03-22T04:03:53.511+0400] {processor.py:175} INFO - Processing /home/civis/anaconda3/lib/python3.9/site-packages/airflow/example_dags/tutorial_dag.py took 0.059 seconds
[2023-03-22T04:04:21.895+0400] {processor.py:153} INFO - Started process (PID=169937) to work on /home/civis/anaconda3/lib/python3.9/site-packages/airflow/example_dags/tutorial_dag.py
[2023-03-22T04:04:21.904+0400] {processor.py:743} INFO - Processing file /home/civis/anaconda3/lib/python3.9/site-packages/airflow/example_dags/tutorial_dag.py for tasks to queue
[2023-03-22T04:04:21.904+0400] {logging_mixin.py:137} INFO - [2023-03-22T04:04:21.904+0400] {dagbag.py:538} INFO - Filling up the DagBag from /home/civis/anaconda3/lib/python3.9/site-packages/airflow/example_dags/tutorial_dag.py
[2023-03-22T04:04:21.917+0400] {processor.py:753} INFO - DAG(s) dict_keys(['tutorial_dag']) retrieved from /home/civis/anaconda3/lib/python3.9/site-packages/airflow/example_dags/tutorial_dag.py
[2023-03-22T04:04:21.929+0400] {logging_mixin.py:137} INFO - [2023-03-22T04:04:21.929+0400] {dag.py:2690} INFO - Sync 1 DAGs
[2023-03-22T04:04:21.937+0400] {logging_mixin.py:137} INFO - [2023-03-22T04:04:21.937+0400] {dag.py:3437} INFO - Setting next_dagrun for tutorial_dag to None, run_after=None
[2023-03-22T04:04:21.952+0400] {processor.py:175} INFO - Processing /home/civis/anaconda3/lib/python3.9/site-packages/airflow/example_dags/tutorial_dag.py took 0.060 seconds
[2023-03-22T04:05:02.048+0400] {processor.py:153} INFO - Started process (PID=170599) to work on /home/civis/anaconda3/lib/python3.9/site-packages/airflow/example_dags/tutorial_dag.py
[2023-03-22T04:05:02.056+0400] {processor.py:743} INFO - Processing file /home/civis/anaconda3/lib/python3.9/site-packages/airflow/example_dags/tutorial_dag.py for tasks to queue
[2023-03-22T04:05:02.057+0400] {logging_mixin.py:137} INFO - [2023-03-22T04:05:02.057+0400] {dagbag.py:538} INFO - Filling up the DagBag from /home/civis/anaconda3/lib/python3.9/site-packages/airflow/example_dags/tutorial_dag.py
[2023-03-22T04:05:02.065+0400] {processor.py:753} INFO - DAG(s) dict_keys(['tutorial_dag']) retrieved from /home/civis/anaconda3/lib/python3.9/site-packages/airflow/example_dags/tutorial_dag.py
[2023-03-22T04:05:02.073+0400] {logging_mixin.py:137} INFO - [2023-03-22T04:05:02.072+0400] {dag.py:2690} INFO - Sync 1 DAGs
[2023-03-22T04:05:02.080+0400] {logging_mixin.py:137} INFO - [2023-03-22T04:05:02.080+0400] {dag.py:3437} INFO - Setting next_dagrun for tutorial_dag to None, run_after=None
[2023-03-22T04:05:02.095+0400] {processor.py:175} INFO - Processing /home/civis/anaconda3/lib/python3.9/site-packages/airflow/example_dags/tutorial_dag.py took 0.049 seconds
[2023-03-22T04:05:40.906+0400] {processor.py:153} INFO - Started process (PID=171193) to work on /home/civis/anaconda3/lib/python3.9/site-packages/airflow/example_dags/tutorial_dag.py
[2023-03-22T04:05:40.907+0400] {processor.py:743} INFO - Processing file /home/civis/anaconda3/lib/python3.9/site-packages/airflow/example_dags/tutorial_dag.py for tasks to queue
[2023-03-22T04:05:40.907+0400] {logging_mixin.py:137} INFO - [2023-03-22T04:05:40.907+0400] {dagbag.py:538} INFO - Filling up the DagBag from /home/civis/anaconda3/lib/python3.9/site-packages/airflow/example_dags/tutorial_dag.py
[2023-03-22T04:05:40.920+0400] {processor.py:753} INFO - DAG(s) dict_keys(['tutorial_dag']) retrieved from /home/civis/anaconda3/lib/python3.9/site-packages/airflow/example_dags/tutorial_dag.py
[2023-03-22T04:05:40.927+0400] {logging_mixin.py:137} INFO - [2023-03-22T04:05:40.927+0400] {dag.py:2690} INFO - Sync 1 DAGs
[2023-03-22T04:05:40.935+0400] {logging_mixin.py:137} INFO - [2023-03-22T04:05:40.935+0400] {dag.py:3437} INFO - Setting next_dagrun for tutorial_dag to None, run_after=None
[2023-03-22T04:05:40.952+0400] {processor.py:175} INFO - Processing /home/civis/anaconda3/lib/python3.9/site-packages/airflow/example_dags/tutorial_dag.py took 0.047 seconds
[2023-03-22T04:06:22.418+0400] {processor.py:153} INFO - Started process (PID=171890) to work on /home/civis/anaconda3/lib/python3.9/site-packages/airflow/example_dags/tutorial_dag.py
[2023-03-22T04:06:22.418+0400] {processor.py:743} INFO - Processing file /home/civis/anaconda3/lib/python3.9/site-packages/airflow/example_dags/tutorial_dag.py for tasks to queue
[2023-03-22T04:06:22.418+0400] {logging_mixin.py:137} INFO - [2023-03-22T04:06:22.418+0400] {dagbag.py:538} INFO - Filling up the DagBag from /home/civis/anaconda3/lib/python3.9/site-packages/airflow/example_dags/tutorial_dag.py
[2023-03-22T04:06:22.429+0400] {processor.py:753} INFO - DAG(s) dict_keys(['tutorial_dag']) retrieved from /home/civis/anaconda3/lib/python3.9/site-packages/airflow/example_dags/tutorial_dag.py
[2023-03-22T04:06:22.437+0400] {logging_mixin.py:137} INFO - [2023-03-22T04:06:22.437+0400] {dag.py:2690} INFO - Sync 1 DAGs
[2023-03-22T04:06:22.444+0400] {logging_mixin.py:137} INFO - [2023-03-22T04:06:22.444+0400] {dag.py:3437} INFO - Setting next_dagrun for tutorial_dag to None, run_after=None
[2023-03-22T04:06:22.460+0400] {processor.py:175} INFO - Processing /home/civis/anaconda3/lib/python3.9/site-packages/airflow/example_dags/tutorial_dag.py took 0.043 seconds
[2023-03-22T04:07:00.675+0400] {processor.py:153} INFO - Started process (PID=172491) to work on /home/civis/anaconda3/lib/python3.9/site-packages/airflow/example_dags/tutorial_dag.py
[2023-03-22T04:07:00.676+0400] {processor.py:743} INFO - Processing file /home/civis/anaconda3/lib/python3.9/site-packages/airflow/example_dags/tutorial_dag.py for tasks to queue
[2023-03-22T04:07:00.676+0400] {logging_mixin.py:137} INFO - [2023-03-22T04:07:00.676+0400] {dagbag.py:538} INFO - Filling up the DagBag from /home/civis/anaconda3/lib/python3.9/site-packages/airflow/example_dags/tutorial_dag.py
[2023-03-22T04:07:00.681+0400] {processor.py:753} INFO - DAG(s) dict_keys(['tutorial_dag']) retrieved from /home/civis/anaconda3/lib/python3.9/site-packages/airflow/example_dags/tutorial_dag.py
[2023-03-22T04:07:00.689+0400] {logging_mixin.py:137} INFO - [2023-03-22T04:07:00.689+0400] {dag.py:2690} INFO - Sync 1 DAGs
[2023-03-22T04:07:00.697+0400] {logging_mixin.py:137} INFO - [2023-03-22T04:07:00.697+0400] {dag.py:3437} INFO - Setting next_dagrun for tutorial_dag to None, run_after=None
[2023-03-22T04:07:00.713+0400] {processor.py:175} INFO - Processing /home/civis/anaconda3/lib/python3.9/site-packages/airflow/example_dags/tutorial_dag.py took 0.039 seconds
[2023-03-22T04:07:43.536+0400] {processor.py:153} INFO - Started process (PID=173194) to work on /home/civis/anaconda3/lib/python3.9/site-packages/airflow/example_dags/tutorial_dag.py
[2023-03-22T04:07:43.545+0400] {processor.py:743} INFO - Processing file /home/civis/anaconda3/lib/python3.9/site-packages/airflow/example_dags/tutorial_dag.py for tasks to queue
[2023-03-22T04:07:43.545+0400] {logging_mixin.py:137} INFO - [2023-03-22T04:07:43.545+0400] {dagbag.py:538} INFO - Filling up the DagBag from /home/civis/anaconda3/lib/python3.9/site-packages/airflow/example_dags/tutorial_dag.py
[2023-03-22T04:07:43.551+0400] {processor.py:753} INFO - DAG(s) dict_keys(['tutorial_dag']) retrieved from /home/civis/anaconda3/lib/python3.9/site-packages/airflow/example_dags/tutorial_dag.py
[2023-03-22T04:07:43.559+0400] {logging_mixin.py:137} INFO - [2023-03-22T04:07:43.559+0400] {dag.py:2690} INFO - Sync 1 DAGs
[2023-03-22T04:07:43.567+0400] {logging_mixin.py:137} INFO - [2023-03-22T04:07:43.567+0400] {dag.py:3437} INFO - Setting next_dagrun for tutorial_dag to None, run_after=None
[2023-03-22T04:07:43.583+0400] {processor.py:175} INFO - Processing /home/civis/anaconda3/lib/python3.9/site-packages/airflow/example_dags/tutorial_dag.py took 0.049 seconds
[2023-03-22T04:08:22.938+0400] {processor.py:153} INFO - Started process (PID=173845) to work on /home/civis/anaconda3/lib/python3.9/site-packages/airflow/example_dags/tutorial_dag.py
[2023-03-22T04:08:22.946+0400] {processor.py:743} INFO - Processing file /home/civis/anaconda3/lib/python3.9/site-packages/airflow/example_dags/tutorial_dag.py for tasks to queue
[2023-03-22T04:08:22.948+0400] {logging_mixin.py:137} INFO - [2023-03-22T04:08:22.947+0400] {dagbag.py:538} INFO - Filling up the DagBag from /home/civis/anaconda3/lib/python3.9/site-packages/airflow/example_dags/tutorial_dag.py
[2023-03-22T04:08:22.963+0400] {processor.py:753} INFO - DAG(s) dict_keys(['tutorial_dag']) retrieved from /home/civis/anaconda3/lib/python3.9/site-packages/airflow/example_dags/tutorial_dag.py
[2023-03-22T04:08:22.971+0400] {logging_mixin.py:137} INFO - [2023-03-22T04:08:22.971+0400] {dag.py:2690} INFO - Sync 1 DAGs
[2023-03-22T04:08:22.979+0400] {logging_mixin.py:137} INFO - [2023-03-22T04:08:22.978+0400] {dag.py:3437} INFO - Setting next_dagrun for tutorial_dag to None, run_after=None
[2023-03-22T04:08:22.994+0400] {processor.py:175} INFO - Processing /home/civis/anaconda3/lib/python3.9/site-packages/airflow/example_dags/tutorial_dag.py took 0.058 seconds
[2023-03-22T04:09:02.788+0400] {processor.py:153} INFO - Started process (PID=175767) to work on /home/civis/anaconda3/lib/python3.9/site-packages/airflow/example_dags/tutorial_dag.py
[2023-03-22T04:09:02.789+0400] {processor.py:743} INFO - Processing file /home/civis/anaconda3/lib/python3.9/site-packages/airflow/example_dags/tutorial_dag.py for tasks to queue
[2023-03-22T04:09:02.789+0400] {logging_mixin.py:137} INFO - [2023-03-22T04:09:02.789+0400] {dagbag.py:538} INFO - Filling up the DagBag from /home/civis/anaconda3/lib/python3.9/site-packages/airflow/example_dags/tutorial_dag.py
[2023-03-22T04:09:02.794+0400] {processor.py:753} INFO - DAG(s) dict_keys(['tutorial_dag']) retrieved from /home/civis/anaconda3/lib/python3.9/site-packages/airflow/example_dags/tutorial_dag.py
[2023-03-22T04:09:02.802+0400] {logging_mixin.py:137} INFO - [2023-03-22T04:09:02.802+0400] {dag.py:2690} INFO - Sync 1 DAGs
[2023-03-22T04:09:02.810+0400] {logging_mixin.py:137} INFO - [2023-03-22T04:09:02.810+0400] {dag.py:3437} INFO - Setting next_dagrun for tutorial_dag to None, run_after=None
[2023-03-22T04:09:02.826+0400] {processor.py:175} INFO - Processing /home/civis/anaconda3/lib/python3.9/site-packages/airflow/example_dags/tutorial_dag.py took 0.039 seconds
[2023-03-22T04:09:47.251+0400] {processor.py:153} INFO - Started process (PID=176518) to work on /home/civis/anaconda3/lib/python3.9/site-packages/airflow/example_dags/tutorial_dag.py
[2023-03-22T04:09:47.260+0400] {processor.py:743} INFO - Processing file /home/civis/anaconda3/lib/python3.9/site-packages/airflow/example_dags/tutorial_dag.py for tasks to queue
[2023-03-22T04:09:47.261+0400] {logging_mixin.py:137} INFO - [2023-03-22T04:09:47.261+0400] {dagbag.py:538} INFO - Filling up the DagBag from /home/civis/anaconda3/lib/python3.9/site-packages/airflow/example_dags/tutorial_dag.py
[2023-03-22T04:09:47.283+0400] {processor.py:753} INFO - DAG(s) dict_keys(['tutorial_dag']) retrieved from /home/civis/anaconda3/lib/python3.9/site-packages/airflow/example_dags/tutorial_dag.py
[2023-03-22T04:09:47.294+0400] {logging_mixin.py:137} INFO - [2023-03-22T04:09:47.293+0400] {dag.py:2690} INFO - Sync 1 DAGs
[2023-03-22T04:09:47.301+0400] {logging_mixin.py:137} INFO - [2023-03-22T04:09:47.301+0400] {dag.py:3437} INFO - Setting next_dagrun for tutorial_dag to None, run_after=None
[2023-03-22T04:09:47.317+0400] {processor.py:175} INFO - Processing /home/civis/anaconda3/lib/python3.9/site-packages/airflow/example_dags/tutorial_dag.py took 0.067 seconds
[2023-03-22T04:10:28.994+0400] {processor.py:153} INFO - Started process (PID=177165) to work on /home/civis/anaconda3/lib/python3.9/site-packages/airflow/example_dags/tutorial_dag.py
[2023-03-22T04:10:29.002+0400] {processor.py:743} INFO - Processing file /home/civis/anaconda3/lib/python3.9/site-packages/airflow/example_dags/tutorial_dag.py for tasks to queue
[2023-03-22T04:10:29.003+0400] {logging_mixin.py:137} INFO - [2023-03-22T04:10:29.003+0400] {dagbag.py:538} INFO - Filling up the DagBag from /home/civis/anaconda3/lib/python3.9/site-packages/airflow/example_dags/tutorial_dag.py
[2023-03-22T04:10:29.019+0400] {processor.py:753} INFO - DAG(s) dict_keys(['tutorial_dag']) retrieved from /home/civis/anaconda3/lib/python3.9/site-packages/airflow/example_dags/tutorial_dag.py
[2023-03-22T04:10:29.027+0400] {logging_mixin.py:137} INFO - [2023-03-22T04:10:29.027+0400] {dag.py:2690} INFO - Sync 1 DAGs
[2023-03-22T04:10:29.034+0400] {logging_mixin.py:137} INFO - [2023-03-22T04:10:29.034+0400] {dag.py:3437} INFO - Setting next_dagrun for tutorial_dag to None, run_after=None
[2023-03-22T04:10:29.049+0400] {processor.py:175} INFO - Processing /home/civis/anaconda3/lib/python3.9/site-packages/airflow/example_dags/tutorial_dag.py took 0.058 seconds
[2023-03-22T04:11:08.851+0400] {processor.py:153} INFO - Started process (PID=177871) to work on /home/civis/anaconda3/lib/python3.9/site-packages/airflow/example_dags/tutorial_dag.py
[2023-03-22T04:11:08.852+0400] {processor.py:743} INFO - Processing file /home/civis/anaconda3/lib/python3.9/site-packages/airflow/example_dags/tutorial_dag.py for tasks to queue
[2023-03-22T04:11:08.852+0400] {logging_mixin.py:137} INFO - [2023-03-22T04:11:08.852+0400] {dagbag.py:538} INFO - Filling up the DagBag from /home/civis/anaconda3/lib/python3.9/site-packages/airflow/example_dags/tutorial_dag.py
[2023-03-22T04:11:08.869+0400] {processor.py:753} INFO - DAG(s) dict_keys(['tutorial_dag']) retrieved from /home/civis/anaconda3/lib/python3.9/site-packages/airflow/example_dags/tutorial_dag.py
[2023-03-22T04:11:08.878+0400] {logging_mixin.py:137} INFO - [2023-03-22T04:11:08.878+0400] {dag.py:2690} INFO - Sync 1 DAGs
[2023-03-22T04:11:08.885+0400] {logging_mixin.py:137} INFO - [2023-03-22T04:11:08.885+0400] {dag.py:3437} INFO - Setting next_dagrun for tutorial_dag to None, run_after=None
[2023-03-22T04:11:08.901+0400] {processor.py:175} INFO - Processing /home/civis/anaconda3/lib/python3.9/site-packages/airflow/example_dags/tutorial_dag.py took 0.052 seconds
