[2023-03-22T04:00:22.364+0400] {processor.py:153} INFO - Started process (PID=165825) to work on /home/civis/anaconda3/lib/python3.9/site-packages/airflow/example_dags/tutorial_taskflow_api_virtualenv.py
[2023-03-22T04:00:22.364+0400] {processor.py:743} INFO - Processing file /home/civis/anaconda3/lib/python3.9/site-packages/airflow/example_dags/tutorial_taskflow_api_virtualenv.py for tasks to queue
[2023-03-22T04:00:22.364+0400] {logging_mixin.py:137} INFO - [2023-03-22T04:00:22.364+0400] {dagbag.py:538} INFO - Filling up the DagBag from /home/civis/anaconda3/lib/python3.9/site-packages/airflow/example_dags/tutorial_taskflow_api_virtualenv.py
[2023-03-22T04:00:22.371+0400] {logging_mixin.py:137} INFO - [2023-03-22T04:00:22.371+0400] {tutorial_taskflow_api_virtualenv.py:29} WARNING - The tutorial_taskflow_api_virtualenv example DAG requires virtualenv, please install it.
[2023-03-22T04:00:22.371+0400] {processor.py:755} WARNING - No viable dags retrieved from /home/civis/anaconda3/lib/python3.9/site-packages/airflow/example_dags/tutorial_taskflow_api_virtualenv.py
[2023-03-22T04:00:22.375+0400] {processor.py:175} INFO - Processing /home/civis/anaconda3/lib/python3.9/site-packages/airflow/example_dags/tutorial_taskflow_api_virtualenv.py took 0.012 seconds
[2023-03-22T04:01:01.866+0400] {processor.py:153} INFO - Started process (PID=166411) to work on /home/civis/anaconda3/lib/python3.9/site-packages/airflow/example_dags/tutorial_taskflow_api_virtualenv.py
[2023-03-22T04:01:01.875+0400] {processor.py:743} INFO - Processing file /home/civis/anaconda3/lib/python3.9/site-packages/airflow/example_dags/tutorial_taskflow_api_virtualenv.py for tasks to queue
[2023-03-22T04:01:01.876+0400] {logging_mixin.py:137} INFO - [2023-03-22T04:01:01.875+0400] {dagbag.py:538} INFO - Filling up the DagBag from /home/civis/anaconda3/lib/python3.9/site-packages/airflow/example_dags/tutorial_taskflow_api_virtualenv.py
[2023-03-22T04:01:01.892+0400] {logging_mixin.py:137} INFO - [2023-03-22T04:01:01.892+0400] {tutorial_taskflow_api_virtualenv.py:29} WARNING - The tutorial_taskflow_api_virtualenv example DAG requires virtualenv, please install it.
[2023-03-22T04:01:01.892+0400] {processor.py:755} WARNING - No viable dags retrieved from /home/civis/anaconda3/lib/python3.9/site-packages/airflow/example_dags/tutorial_taskflow_api_virtualenv.py
[2023-03-22T04:01:01.896+0400] {processor.py:175} INFO - Processing /home/civis/anaconda3/lib/python3.9/site-packages/airflow/example_dags/tutorial_taskflow_api_virtualenv.py took 0.033 seconds
[2023-03-22T04:01:41.911+0400] {processor.py:153} INFO - Started process (PID=167029) to work on /home/civis/anaconda3/lib/python3.9/site-packages/airflow/example_dags/tutorial_taskflow_api_virtualenv.py
[2023-03-22T04:01:41.919+0400] {processor.py:743} INFO - Processing file /home/civis/anaconda3/lib/python3.9/site-packages/airflow/example_dags/tutorial_taskflow_api_virtualenv.py for tasks to queue
[2023-03-22T04:01:41.921+0400] {logging_mixin.py:137} INFO - [2023-03-22T04:01:41.920+0400] {dagbag.py:538} INFO - Filling up the DagBag from /home/civis/anaconda3/lib/python3.9/site-packages/airflow/example_dags/tutorial_taskflow_api_virtualenv.py
[2023-03-22T04:01:41.942+0400] {logging_mixin.py:137} INFO - [2023-03-22T04:01:41.941+0400] {tutorial_taskflow_api_virtualenv.py:29} WARNING - The tutorial_taskflow_api_virtualenv example DAG requires virtualenv, please install it.
[2023-03-22T04:01:41.942+0400] {processor.py:755} WARNING - No viable dags retrieved from /home/civis/anaconda3/lib/python3.9/site-packages/airflow/example_dags/tutorial_taskflow_api_virtualenv.py
[2023-03-22T04:01:41.947+0400] {processor.py:175} INFO - Processing /home/civis/anaconda3/lib/python3.9/site-packages/airflow/example_dags/tutorial_taskflow_api_virtualenv.py took 0.039 seconds
[2023-03-22T04:02:21.592+0400] {processor.py:153} INFO - Started process (PID=167741) to work on /home/civis/anaconda3/lib/python3.9/site-packages/airflow/example_dags/tutorial_taskflow_api_virtualenv.py
[2023-03-22T04:02:21.593+0400] {processor.py:743} INFO - Processing file /home/civis/anaconda3/lib/python3.9/site-packages/airflow/example_dags/tutorial_taskflow_api_virtualenv.py for tasks to queue
[2023-03-22T04:02:21.594+0400] {logging_mixin.py:137} INFO - [2023-03-22T04:02:21.594+0400] {dagbag.py:538} INFO - Filling up the DagBag from /home/civis/anaconda3/lib/python3.9/site-packages/airflow/example_dags/tutorial_taskflow_api_virtualenv.py
[2023-03-22T04:02:21.607+0400] {logging_mixin.py:137} INFO - [2023-03-22T04:02:21.607+0400] {tutorial_taskflow_api_virtualenv.py:29} WARNING - The tutorial_taskflow_api_virtualenv example DAG requires virtualenv, please install it.
[2023-03-22T04:02:21.607+0400] {processor.py:755} WARNING - No viable dags retrieved from /home/civis/anaconda3/lib/python3.9/site-packages/airflow/example_dags/tutorial_taskflow_api_virtualenv.py
[2023-03-22T04:02:21.612+0400] {processor.py:175} INFO - Processing /home/civis/anaconda3/lib/python3.9/site-packages/airflow/example_dags/tutorial_taskflow_api_virtualenv.py took 0.022 seconds
[2023-03-22T04:03:01.984+0400] {processor.py:153} INFO - Started process (PID=168576) to work on /home/civis/anaconda3/lib/python3.9/site-packages/airflow/example_dags/tutorial_taskflow_api_virtualenv.py
[2023-03-22T04:03:01.992+0400] {processor.py:743} INFO - Processing file /home/civis/anaconda3/lib/python3.9/site-packages/airflow/example_dags/tutorial_taskflow_api_virtualenv.py for tasks to queue
[2023-03-22T04:03:01.993+0400] {logging_mixin.py:137} INFO - [2023-03-22T04:03:01.992+0400] {dagbag.py:538} INFO - Filling up the DagBag from /home/civis/anaconda3/lib/python3.9/site-packages/airflow/example_dags/tutorial_taskflow_api_virtualenv.py
[2023-03-22T04:03:01.999+0400] {logging_mixin.py:137} INFO - [2023-03-22T04:03:01.999+0400] {tutorial_taskflow_api_virtualenv.py:29} WARNING - The tutorial_taskflow_api_virtualenv example DAG requires virtualenv, please install it.
[2023-03-22T04:03:01.999+0400] {processor.py:755} WARNING - No viable dags retrieved from /home/civis/anaconda3/lib/python3.9/site-packages/airflow/example_dags/tutorial_taskflow_api_virtualenv.py
[2023-03-22T04:03:02.004+0400] {processor.py:175} INFO - Processing /home/civis/anaconda3/lib/python3.9/site-packages/airflow/example_dags/tutorial_taskflow_api_virtualenv.py took 0.022 seconds
[2023-03-22T04:03:40.956+0400] {processor.py:153} INFO - Started process (PID=169296) to work on /home/civis/anaconda3/lib/python3.9/site-packages/airflow/example_dags/tutorial_taskflow_api_virtualenv.py
[2023-03-22T04:03:40.957+0400] {processor.py:743} INFO - Processing file /home/civis/anaconda3/lib/python3.9/site-packages/airflow/example_dags/tutorial_taskflow_api_virtualenv.py for tasks to queue
[2023-03-22T04:03:40.957+0400] {logging_mixin.py:137} INFO - [2023-03-22T04:03:40.957+0400] {dagbag.py:538} INFO - Filling up the DagBag from /home/civis/anaconda3/lib/python3.9/site-packages/airflow/example_dags/tutorial_taskflow_api_virtualenv.py
[2023-03-22T04:03:40.963+0400] {logging_mixin.py:137} INFO - [2023-03-22T04:03:40.963+0400] {tutorial_taskflow_api_virtualenv.py:29} WARNING - The tutorial_taskflow_api_virtualenv example DAG requires virtualenv, please install it.
[2023-03-22T04:03:40.963+0400] {processor.py:755} WARNING - No viable dags retrieved from /home/civis/anaconda3/lib/python3.9/site-packages/airflow/example_dags/tutorial_taskflow_api_virtualenv.py
[2023-03-22T04:03:40.967+0400] {processor.py:175} INFO - Processing /home/civis/anaconda3/lib/python3.9/site-packages/airflow/example_dags/tutorial_taskflow_api_virtualenv.py took 0.012 seconds
[2023-03-22T04:04:08.415+0400] {processor.py:153} INFO - Started process (PID=169744) to work on /home/civis/anaconda3/lib/python3.9/site-packages/airflow/example_dags/tutorial_taskflow_api_virtualenv.py
[2023-03-22T04:04:08.416+0400] {processor.py:743} INFO - Processing file /home/civis/anaconda3/lib/python3.9/site-packages/airflow/example_dags/tutorial_taskflow_api_virtualenv.py for tasks to queue
[2023-03-22T04:04:08.416+0400] {logging_mixin.py:137} INFO - [2023-03-22T04:04:08.416+0400] {dagbag.py:538} INFO - Filling up the DagBag from /home/civis/anaconda3/lib/python3.9/site-packages/airflow/example_dags/tutorial_taskflow_api_virtualenv.py
[2023-03-22T04:04:08.422+0400] {logging_mixin.py:137} INFO - [2023-03-22T04:04:08.422+0400] {tutorial_taskflow_api_virtualenv.py:29} WARNING - The tutorial_taskflow_api_virtualenv example DAG requires virtualenv, please install it.
[2023-03-22T04:04:08.422+0400] {processor.py:755} WARNING - No viable dags retrieved from /home/civis/anaconda3/lib/python3.9/site-packages/airflow/example_dags/tutorial_taskflow_api_virtualenv.py
[2023-03-22T04:04:08.425+0400] {processor.py:175} INFO - Processing /home/civis/anaconda3/lib/python3.9/site-packages/airflow/example_dags/tutorial_taskflow_api_virtualenv.py took 0.011 seconds
[2023-03-22T04:04:48.911+0400] {processor.py:153} INFO - Started process (PID=170395) to work on /home/civis/anaconda3/lib/python3.9/site-packages/airflow/example_dags/tutorial_taskflow_api_virtualenv.py
[2023-03-22T04:04:48.921+0400] {processor.py:743} INFO - Processing file /home/civis/anaconda3/lib/python3.9/site-packages/airflow/example_dags/tutorial_taskflow_api_virtualenv.py for tasks to queue
[2023-03-22T04:04:48.922+0400] {logging_mixin.py:137} INFO - [2023-03-22T04:04:48.922+0400] {dagbag.py:538} INFO - Filling up the DagBag from /home/civis/anaconda3/lib/python3.9/site-packages/airflow/example_dags/tutorial_taskflow_api_virtualenv.py
[2023-03-22T04:04:48.940+0400] {logging_mixin.py:137} INFO - [2023-03-22T04:04:48.940+0400] {tutorial_taskflow_api_virtualenv.py:29} WARNING - The tutorial_taskflow_api_virtualenv example DAG requires virtualenv, please install it.
[2023-03-22T04:04:48.940+0400] {processor.py:755} WARNING - No viable dags retrieved from /home/civis/anaconda3/lib/python3.9/site-packages/airflow/example_dags/tutorial_taskflow_api_virtualenv.py
[2023-03-22T04:04:48.944+0400] {processor.py:175} INFO - Processing /home/civis/anaconda3/lib/python3.9/site-packages/airflow/example_dags/tutorial_taskflow_api_virtualenv.py took 0.036 seconds
[2023-03-22T04:05:29.282+0400] {processor.py:153} INFO - Started process (PID=171003) to work on /home/civis/anaconda3/lib/python3.9/site-packages/airflow/example_dags/tutorial_taskflow_api_virtualenv.py
[2023-03-22T04:05:29.291+0400] {processor.py:743} INFO - Processing file /home/civis/anaconda3/lib/python3.9/site-packages/airflow/example_dags/tutorial_taskflow_api_virtualenv.py for tasks to queue
[2023-03-22T04:05:29.293+0400] {logging_mixin.py:137} INFO - [2023-03-22T04:05:29.292+0400] {dagbag.py:538} INFO - Filling up the DagBag from /home/civis/anaconda3/lib/python3.9/site-packages/airflow/example_dags/tutorial_taskflow_api_virtualenv.py
[2023-03-22T04:05:29.310+0400] {logging_mixin.py:137} INFO - [2023-03-22T04:05:29.310+0400] {tutorial_taskflow_api_virtualenv.py:29} WARNING - The tutorial_taskflow_api_virtualenv example DAG requires virtualenv, please install it.
[2023-03-22T04:05:29.310+0400] {processor.py:755} WARNING - No viable dags retrieved from /home/civis/anaconda3/lib/python3.9/site-packages/airflow/example_dags/tutorial_taskflow_api_virtualenv.py
[2023-03-22T04:05:29.314+0400] {processor.py:175} INFO - Processing /home/civis/anaconda3/lib/python3.9/site-packages/airflow/example_dags/tutorial_taskflow_api_virtualenv.py took 0.034 seconds
[2023-03-22T04:06:09.248+0400] {processor.py:153} INFO - Started process (PID=171681) to work on /home/civis/anaconda3/lib/python3.9/site-packages/airflow/example_dags/tutorial_taskflow_api_virtualenv.py
[2023-03-22T04:06:09.248+0400] {processor.py:743} INFO - Processing file /home/civis/anaconda3/lib/python3.9/site-packages/airflow/example_dags/tutorial_taskflow_api_virtualenv.py for tasks to queue
[2023-03-22T04:06:09.248+0400] {logging_mixin.py:137} INFO - [2023-03-22T04:06:09.248+0400] {dagbag.py:538} INFO - Filling up the DagBag from /home/civis/anaconda3/lib/python3.9/site-packages/airflow/example_dags/tutorial_taskflow_api_virtualenv.py
[2023-03-22T04:06:09.255+0400] {logging_mixin.py:137} INFO - [2023-03-22T04:06:09.255+0400] {tutorial_taskflow_api_virtualenv.py:29} WARNING - The tutorial_taskflow_api_virtualenv example DAG requires virtualenv, please install it.
[2023-03-22T04:06:09.255+0400] {processor.py:755} WARNING - No viable dags retrieved from /home/civis/anaconda3/lib/python3.9/site-packages/airflow/example_dags/tutorial_taskflow_api_virtualenv.py
[2023-03-22T04:06:09.259+0400] {processor.py:175} INFO - Processing /home/civis/anaconda3/lib/python3.9/site-packages/airflow/example_dags/tutorial_taskflow_api_virtualenv.py took 0.013 seconds
[2023-03-22T04:06:48.222+0400] {processor.py:153} INFO - Started process (PID=172314) to work on /home/civis/anaconda3/lib/python3.9/site-packages/airflow/example_dags/tutorial_taskflow_api_virtualenv.py
[2023-03-22T04:06:48.231+0400] {processor.py:743} INFO - Processing file /home/civis/anaconda3/lib/python3.9/site-packages/airflow/example_dags/tutorial_taskflow_api_virtualenv.py for tasks to queue
[2023-03-22T04:06:48.231+0400] {logging_mixin.py:137} INFO - [2023-03-22T04:06:48.231+0400] {dagbag.py:538} INFO - Filling up the DagBag from /home/civis/anaconda3/lib/python3.9/site-packages/airflow/example_dags/tutorial_taskflow_api_virtualenv.py
[2023-03-22T04:06:48.249+0400] {logging_mixin.py:137} INFO - [2023-03-22T04:06:48.249+0400] {tutorial_taskflow_api_virtualenv.py:29} WARNING - The tutorial_taskflow_api_virtualenv example DAG requires virtualenv, please install it.
[2023-03-22T04:06:48.249+0400] {processor.py:755} WARNING - No viable dags retrieved from /home/civis/anaconda3/lib/python3.9/site-packages/airflow/example_dags/tutorial_taskflow_api_virtualenv.py
[2023-03-22T04:06:48.253+0400] {processor.py:175} INFO - Processing /home/civis/anaconda3/lib/python3.9/site-packages/airflow/example_dags/tutorial_taskflow_api_virtualenv.py took 0.033 seconds
[2023-03-22T04:07:30.968+0400] {processor.py:153} INFO - Started process (PID=172976) to work on /home/civis/anaconda3/lib/python3.9/site-packages/airflow/example_dags/tutorial_taskflow_api_virtualenv.py
[2023-03-22T04:07:30.976+0400] {processor.py:743} INFO - Processing file /home/civis/anaconda3/lib/python3.9/site-packages/airflow/example_dags/tutorial_taskflow_api_virtualenv.py for tasks to queue
[2023-03-22T04:07:30.976+0400] {logging_mixin.py:137} INFO - [2023-03-22T04:07:30.976+0400] {dagbag.py:538} INFO - Filling up the DagBag from /home/civis/anaconda3/lib/python3.9/site-packages/airflow/example_dags/tutorial_taskflow_api_virtualenv.py
[2023-03-22T04:07:30.983+0400] {logging_mixin.py:137} INFO - [2023-03-22T04:07:30.983+0400] {tutorial_taskflow_api_virtualenv.py:29} WARNING - The tutorial_taskflow_api_virtualenv example DAG requires virtualenv, please install it.
[2023-03-22T04:07:30.983+0400] {processor.py:755} WARNING - No viable dags retrieved from /home/civis/anaconda3/lib/python3.9/site-packages/airflow/example_dags/tutorial_taskflow_api_virtualenv.py
[2023-03-22T04:07:30.987+0400] {processor.py:175} INFO - Processing /home/civis/anaconda3/lib/python3.9/site-packages/airflow/example_dags/tutorial_taskflow_api_virtualenv.py took 0.021 seconds
[2023-03-22T04:08:10.449+0400] {processor.py:153} INFO - Started process (PID=173671) to work on /home/civis/anaconda3/lib/python3.9/site-packages/airflow/example_dags/tutorial_taskflow_api_virtualenv.py
[2023-03-22T04:08:10.458+0400] {processor.py:743} INFO - Processing file /home/civis/anaconda3/lib/python3.9/site-packages/airflow/example_dags/tutorial_taskflow_api_virtualenv.py for tasks to queue
[2023-03-22T04:08:10.459+0400] {logging_mixin.py:137} INFO - [2023-03-22T04:08:10.459+0400] {dagbag.py:538} INFO - Filling up the DagBag from /home/civis/anaconda3/lib/python3.9/site-packages/airflow/example_dags/tutorial_taskflow_api_virtualenv.py
[2023-03-22T04:08:10.477+0400] {logging_mixin.py:137} INFO - [2023-03-22T04:08:10.477+0400] {tutorial_taskflow_api_virtualenv.py:29} WARNING - The tutorial_taskflow_api_virtualenv example DAG requires virtualenv, please install it.
[2023-03-22T04:08:10.477+0400] {processor.py:755} WARNING - No viable dags retrieved from /home/civis/anaconda3/lib/python3.9/site-packages/airflow/example_dags/tutorial_taskflow_api_virtualenv.py
[2023-03-22T04:08:10.481+0400] {processor.py:175} INFO - Processing /home/civis/anaconda3/lib/python3.9/site-packages/airflow/example_dags/tutorial_taskflow_api_virtualenv.py took 0.034 seconds
[2023-03-22T04:08:51.181+0400] {processor.py:153} INFO - Started process (PID=174429) to work on /home/civis/anaconda3/lib/python3.9/site-packages/airflow/example_dags/tutorial_taskflow_api_virtualenv.py
[2023-03-22T04:08:51.181+0400] {processor.py:743} INFO - Processing file /home/civis/anaconda3/lib/python3.9/site-packages/airflow/example_dags/tutorial_taskflow_api_virtualenv.py for tasks to queue
[2023-03-22T04:08:51.182+0400] {logging_mixin.py:137} INFO - [2023-03-22T04:08:51.182+0400] {dagbag.py:538} INFO - Filling up the DagBag from /home/civis/anaconda3/lib/python3.9/site-packages/airflow/example_dags/tutorial_taskflow_api_virtualenv.py
[2023-03-22T04:08:51.188+0400] {logging_mixin.py:137} INFO - [2023-03-22T04:08:51.188+0400] {tutorial_taskflow_api_virtualenv.py:29} WARNING - The tutorial_taskflow_api_virtualenv example DAG requires virtualenv, please install it.
[2023-03-22T04:08:51.188+0400] {processor.py:755} WARNING - No viable dags retrieved from /home/civis/anaconda3/lib/python3.9/site-packages/airflow/example_dags/tutorial_taskflow_api_virtualenv.py
[2023-03-22T04:08:51.191+0400] {processor.py:175} INFO - Processing /home/civis/anaconda3/lib/python3.9/site-packages/airflow/example_dags/tutorial_taskflow_api_virtualenv.py took 0.011 seconds
[2023-03-22T04:09:30.361+0400] {processor.py:153} INFO - Started process (PID=176199) to work on /home/civis/anaconda3/lib/python3.9/site-packages/airflow/example_dags/tutorial_taskflow_api_virtualenv.py
[2023-03-22T04:09:30.369+0400] {processor.py:743} INFO - Processing file /home/civis/anaconda3/lib/python3.9/site-packages/airflow/example_dags/tutorial_taskflow_api_virtualenv.py for tasks to queue
[2023-03-22T04:09:30.370+0400] {logging_mixin.py:137} INFO - [2023-03-22T04:09:30.369+0400] {dagbag.py:538} INFO - Filling up the DagBag from /home/civis/anaconda3/lib/python3.9/site-packages/airflow/example_dags/tutorial_taskflow_api_virtualenv.py
[2023-03-22T04:09:30.383+0400] {logging_mixin.py:137} INFO - [2023-03-22T04:09:30.383+0400] {tutorial_taskflow_api_virtualenv.py:29} WARNING - The tutorial_taskflow_api_virtualenv example DAG requires virtualenv, please install it.
[2023-03-22T04:09:30.383+0400] {processor.py:755} WARNING - No viable dags retrieved from /home/civis/anaconda3/lib/python3.9/site-packages/airflow/example_dags/tutorial_taskflow_api_virtualenv.py
[2023-03-22T04:09:30.388+0400] {processor.py:175} INFO - Processing /home/civis/anaconda3/lib/python3.9/site-packages/airflow/example_dags/tutorial_taskflow_api_virtualenv.py took 0.028 seconds
[2023-03-22T04:10:15.907+0400] {processor.py:153} INFO - Started process (PID=176986) to work on /home/civis/anaconda3/lib/python3.9/site-packages/airflow/example_dags/tutorial_taskflow_api_virtualenv.py
[2023-03-22T04:10:15.916+0400] {processor.py:743} INFO - Processing file /home/civis/anaconda3/lib/python3.9/site-packages/airflow/example_dags/tutorial_taskflow_api_virtualenv.py for tasks to queue
[2023-03-22T04:10:15.918+0400] {logging_mixin.py:137} INFO - [2023-03-22T04:10:15.917+0400] {dagbag.py:538} INFO - Filling up the DagBag from /home/civis/anaconda3/lib/python3.9/site-packages/airflow/example_dags/tutorial_taskflow_api_virtualenv.py
[2023-03-22T04:10:15.935+0400] {logging_mixin.py:137} INFO - [2023-03-22T04:10:15.935+0400] {tutorial_taskflow_api_virtualenv.py:29} WARNING - The tutorial_taskflow_api_virtualenv example DAG requires virtualenv, please install it.
[2023-03-22T04:10:15.935+0400] {processor.py:755} WARNING - No viable dags retrieved from /home/civis/anaconda3/lib/python3.9/site-packages/airflow/example_dags/tutorial_taskflow_api_virtualenv.py
[2023-03-22T04:10:15.939+0400] {processor.py:175} INFO - Processing /home/civis/anaconda3/lib/python3.9/site-packages/airflow/example_dags/tutorial_taskflow_api_virtualenv.py took 0.035 seconds
[2023-03-22T04:10:56.171+0400] {processor.py:153} INFO - Started process (PID=177663) to work on /home/civis/anaconda3/lib/python3.9/site-packages/airflow/example_dags/tutorial_taskflow_api_virtualenv.py
[2023-03-22T04:10:56.172+0400] {processor.py:743} INFO - Processing file /home/civis/anaconda3/lib/python3.9/site-packages/airflow/example_dags/tutorial_taskflow_api_virtualenv.py for tasks to queue
[2023-03-22T04:10:56.172+0400] {logging_mixin.py:137} INFO - [2023-03-22T04:10:56.172+0400] {dagbag.py:538} INFO - Filling up the DagBag from /home/civis/anaconda3/lib/python3.9/site-packages/airflow/example_dags/tutorial_taskflow_api_virtualenv.py
[2023-03-22T04:10:56.180+0400] {logging_mixin.py:137} INFO - [2023-03-22T04:10:56.180+0400] {tutorial_taskflow_api_virtualenv.py:29} WARNING - The tutorial_taskflow_api_virtualenv example DAG requires virtualenv, please install it.
[2023-03-22T04:10:56.180+0400] {processor.py:755} WARNING - No viable dags retrieved from /home/civis/anaconda3/lib/python3.9/site-packages/airflow/example_dags/tutorial_taskflow_api_virtualenv.py
[2023-03-22T04:10:56.187+0400] {processor.py:175} INFO - Processing /home/civis/anaconda3/lib/python3.9/site-packages/airflow/example_dags/tutorial_taskflow_api_virtualenv.py took 0.018 seconds
[2023-03-22T04:11:36.997+0400] {processor.py:153} INFO - Started process (PID=178375) to work on /home/civis/anaconda3/lib/python3.9/site-packages/airflow/example_dags/tutorial_taskflow_api_virtualenv.py
[2023-03-22T04:11:37.005+0400] {processor.py:743} INFO - Processing file /home/civis/anaconda3/lib/python3.9/site-packages/airflow/example_dags/tutorial_taskflow_api_virtualenv.py for tasks to queue
[2023-03-22T04:11:37.005+0400] {logging_mixin.py:137} INFO - [2023-03-22T04:11:37.005+0400] {dagbag.py:538} INFO - Filling up the DagBag from /home/civis/anaconda3/lib/python3.9/site-packages/airflow/example_dags/tutorial_taskflow_api_virtualenv.py
[2023-03-22T04:11:37.012+0400] {logging_mixin.py:137} INFO - [2023-03-22T04:11:37.012+0400] {tutorial_taskflow_api_virtualenv.py:29} WARNING - The tutorial_taskflow_api_virtualenv example DAG requires virtualenv, please install it.
[2023-03-22T04:11:37.012+0400] {processor.py:755} WARNING - No viable dags retrieved from /home/civis/anaconda3/lib/python3.9/site-packages/airflow/example_dags/tutorial_taskflow_api_virtualenv.py
[2023-03-22T04:11:37.017+0400] {processor.py:175} INFO - Processing /home/civis/anaconda3/lib/python3.9/site-packages/airflow/example_dags/tutorial_taskflow_api_virtualenv.py took 0.022 seconds
