[2023-03-22T04:00:32.686+0400] {processor.py:153} INFO - Started process (PID=165964) to work on /home/civis/anaconda3/lib/python3.9/site-packages/airflow/example_dags/tutorial.py
[2023-03-22T04:00:32.686+0400] {processor.py:743} INFO - Processing file /home/civis/anaconda3/lib/python3.9/site-packages/airflow/example_dags/tutorial.py for tasks to queue
[2023-03-22T04:00:32.686+0400] {logging_mixin.py:137} INFO - [2023-03-22T04:00:32.686+0400] {dagbag.py:538} INFO - Filling up the DagBag from /home/civis/anaconda3/lib/python3.9/site-packages/airflow/example_dags/tutorial.py
[2023-03-22T04:00:32.691+0400] {processor.py:753} INFO - DAG(s) dict_keys(['tutorial']) retrieved from /home/civis/anaconda3/lib/python3.9/site-packages/airflow/example_dags/tutorial.py
[2023-03-22T04:00:32.698+0400] {logging_mixin.py:137} INFO - [2023-03-22T04:00:32.698+0400] {dag.py:2690} INFO - Sync 1 DAGs
[2023-03-22T04:00:32.706+0400] {logging_mixin.py:137} INFO - [2023-03-22T04:00:32.706+0400] {dag.py:3437} INFO - Setting next_dagrun for tutorial to 2023-03-21T00:00:32.706324+00:00, run_after=2023-03-22T00:00:32.706324+00:00
[2023-03-22T04:00:32.737+0400] {processor.py:175} INFO - Processing /home/civis/anaconda3/lib/python3.9/site-packages/airflow/example_dags/tutorial.py took 0.055 seconds
[2023-03-22T04:01:12.152+0400] {processor.py:153} INFO - Started process (PID=166564) to work on /home/civis/anaconda3/lib/python3.9/site-packages/airflow/example_dags/tutorial.py
[2023-03-22T04:01:12.161+0400] {processor.py:743} INFO - Processing file /home/civis/anaconda3/lib/python3.9/site-packages/airflow/example_dags/tutorial.py for tasks to queue
[2023-03-22T04:01:12.162+0400] {logging_mixin.py:137} INFO - [2023-03-22T04:01:12.162+0400] {dagbag.py:538} INFO - Filling up the DagBag from /home/civis/anaconda3/lib/python3.9/site-packages/airflow/example_dags/tutorial.py
[2023-03-22T04:01:12.178+0400] {processor.py:753} INFO - DAG(s) dict_keys(['tutorial']) retrieved from /home/civis/anaconda3/lib/python3.9/site-packages/airflow/example_dags/tutorial.py
[2023-03-22T04:01:12.185+0400] {logging_mixin.py:137} INFO - [2023-03-22T04:01:12.185+0400] {dag.py:2690} INFO - Sync 1 DAGs
[2023-03-22T04:01:12.193+0400] {logging_mixin.py:137} INFO - [2023-03-22T04:01:12.193+0400] {dag.py:3437} INFO - Setting next_dagrun for tutorial to 2023-03-21T00:01:12.193500+00:00, run_after=2023-03-22T00:01:12.193500+00:00
[2023-03-22T04:01:12.209+0400] {processor.py:175} INFO - Processing /home/civis/anaconda3/lib/python3.9/site-packages/airflow/example_dags/tutorial.py took 0.058 seconds
[2023-03-22T04:01:51.315+0400] {processor.py:153} INFO - Started process (PID=167178) to work on /home/civis/anaconda3/lib/python3.9/site-packages/airflow/example_dags/tutorial.py
[2023-03-22T04:01:51.323+0400] {processor.py:743} INFO - Processing file /home/civis/anaconda3/lib/python3.9/site-packages/airflow/example_dags/tutorial.py for tasks to queue
[2023-03-22T04:01:51.325+0400] {logging_mixin.py:137} INFO - [2023-03-22T04:01:51.325+0400] {dagbag.py:538} INFO - Filling up the DagBag from /home/civis/anaconda3/lib/python3.9/site-packages/airflow/example_dags/tutorial.py
[2023-03-22T04:01:51.340+0400] {processor.py:753} INFO - DAG(s) dict_keys(['tutorial']) retrieved from /home/civis/anaconda3/lib/python3.9/site-packages/airflow/example_dags/tutorial.py
[2023-03-22T04:01:51.348+0400] {logging_mixin.py:137} INFO - [2023-03-22T04:01:51.348+0400] {dag.py:2690} INFO - Sync 1 DAGs
[2023-03-22T04:01:51.356+0400] {logging_mixin.py:137} INFO - [2023-03-22T04:01:51.356+0400] {dag.py:3437} INFO - Setting next_dagrun for tutorial to 2023-03-21T00:01:51.355918+00:00, run_after=2023-03-22T00:01:51.355918+00:00
[2023-03-22T04:01:51.371+0400] {processor.py:175} INFO - Processing /home/civis/anaconda3/lib/python3.9/site-packages/airflow/example_dags/tutorial.py took 0.058 seconds
[2023-03-22T04:02:31.077+0400] {processor.py:153} INFO - Started process (PID=167957) to work on /home/civis/anaconda3/lib/python3.9/site-packages/airflow/example_dags/tutorial.py
[2023-03-22T04:02:31.077+0400] {processor.py:743} INFO - Processing file /home/civis/anaconda3/lib/python3.9/site-packages/airflow/example_dags/tutorial.py for tasks to queue
[2023-03-22T04:02:31.078+0400] {logging_mixin.py:137} INFO - [2023-03-22T04:02:31.078+0400] {dagbag.py:538} INFO - Filling up the DagBag from /home/civis/anaconda3/lib/python3.9/site-packages/airflow/example_dags/tutorial.py
[2023-03-22T04:02:31.084+0400] {processor.py:753} INFO - DAG(s) dict_keys(['tutorial']) retrieved from /home/civis/anaconda3/lib/python3.9/site-packages/airflow/example_dags/tutorial.py
[2023-03-22T04:02:31.092+0400] {logging_mixin.py:137} INFO - [2023-03-22T04:02:31.092+0400] {dag.py:2690} INFO - Sync 1 DAGs
[2023-03-22T04:02:31.100+0400] {logging_mixin.py:137} INFO - [2023-03-22T04:02:31.100+0400] {dag.py:3437} INFO - Setting next_dagrun for tutorial to 2023-03-21T00:02:31.100127+00:00, run_after=2023-03-22T00:02:31.100127+00:00
[2023-03-22T04:02:31.115+0400] {processor.py:175} INFO - Processing /home/civis/anaconda3/lib/python3.9/site-packages/airflow/example_dags/tutorial.py took 0.042 seconds
[2023-03-22T04:03:12.135+0400] {processor.py:153} INFO - Started process (PID=168750) to work on /home/civis/anaconda3/lib/python3.9/site-packages/airflow/example_dags/tutorial.py
[2023-03-22T04:03:12.143+0400] {processor.py:743} INFO - Processing file /home/civis/anaconda3/lib/python3.9/site-packages/airflow/example_dags/tutorial.py for tasks to queue
[2023-03-22T04:03:12.144+0400] {logging_mixin.py:137} INFO - [2023-03-22T04:03:12.144+0400] {dagbag.py:538} INFO - Filling up the DagBag from /home/civis/anaconda3/lib/python3.9/site-packages/airflow/example_dags/tutorial.py
[2023-03-22T04:03:12.149+0400] {processor.py:753} INFO - DAG(s) dict_keys(['tutorial']) retrieved from /home/civis/anaconda3/lib/python3.9/site-packages/airflow/example_dags/tutorial.py
[2023-03-22T04:03:12.156+0400] {logging_mixin.py:137} INFO - [2023-03-22T04:03:12.156+0400] {dag.py:2690} INFO - Sync 1 DAGs
[2023-03-22T04:03:12.163+0400] {logging_mixin.py:137} INFO - [2023-03-22T04:03:12.163+0400] {dag.py:3437} INFO - Setting next_dagrun for tutorial to 2023-03-21T00:03:12.163726+00:00, run_after=2023-03-22T00:03:12.163726+00:00
[2023-03-22T04:03:12.187+0400] {processor.py:175} INFO - Processing /home/civis/anaconda3/lib/python3.9/site-packages/airflow/example_dags/tutorial.py took 0.053 seconds
[2023-03-22T04:03:50.793+0400] {processor.py:153} INFO - Started process (PID=169431) to work on /home/civis/anaconda3/lib/python3.9/site-packages/airflow/example_dags/tutorial.py
[2023-03-22T04:03:50.801+0400] {processor.py:743} INFO - Processing file /home/civis/anaconda3/lib/python3.9/site-packages/airflow/example_dags/tutorial.py for tasks to queue
[2023-03-22T04:03:50.802+0400] {logging_mixin.py:137} INFO - [2023-03-22T04:03:50.802+0400] {dagbag.py:538} INFO - Filling up the DagBag from /home/civis/anaconda3/lib/python3.9/site-packages/airflow/example_dags/tutorial.py
[2023-03-22T04:03:50.813+0400] {processor.py:753} INFO - DAG(s) dict_keys(['tutorial']) retrieved from /home/civis/anaconda3/lib/python3.9/site-packages/airflow/example_dags/tutorial.py
[2023-03-22T04:03:50.820+0400] {logging_mixin.py:137} INFO - [2023-03-22T04:03:50.820+0400] {dag.py:2690} INFO - Sync 1 DAGs
[2023-03-22T04:03:50.828+0400] {logging_mixin.py:137} INFO - [2023-03-22T04:03:50.828+0400] {dag.py:3437} INFO - Setting next_dagrun for tutorial to 2023-03-21T00:03:50.828577+00:00, run_after=2023-03-22T00:03:50.828577+00:00
[2023-03-22T04:03:50.844+0400] {processor.py:175} INFO - Processing /home/civis/anaconda3/lib/python3.9/site-packages/airflow/example_dags/tutorial.py took 0.053 seconds
[2023-03-22T04:04:18.436+0400] {processor.py:153} INFO - Started process (PID=169897) to work on /home/civis/anaconda3/lib/python3.9/site-packages/airflow/example_dags/tutorial.py
[2023-03-22T04:04:18.436+0400] {processor.py:743} INFO - Processing file /home/civis/anaconda3/lib/python3.9/site-packages/airflow/example_dags/tutorial.py for tasks to queue
[2023-03-22T04:04:18.437+0400] {logging_mixin.py:137} INFO - [2023-03-22T04:04:18.437+0400] {dagbag.py:538} INFO - Filling up the DagBag from /home/civis/anaconda3/lib/python3.9/site-packages/airflow/example_dags/tutorial.py
[2023-03-22T04:04:18.443+0400] {processor.py:753} INFO - DAG(s) dict_keys(['tutorial']) retrieved from /home/civis/anaconda3/lib/python3.9/site-packages/airflow/example_dags/tutorial.py
[2023-03-22T04:04:18.460+0400] {logging_mixin.py:137} INFO - [2023-03-22T04:04:18.460+0400] {dag.py:2690} INFO - Sync 1 DAGs
[2023-03-22T04:04:18.470+0400] {logging_mixin.py:137} INFO - [2023-03-22T04:04:18.469+0400] {dag.py:3437} INFO - Setting next_dagrun for tutorial to 2023-03-21T00:04:18.469821+00:00, run_after=2023-03-22T00:04:18.469821+00:00
[2023-03-22T04:04:18.488+0400] {processor.py:175} INFO - Processing /home/civis/anaconda3/lib/python3.9/site-packages/airflow/example_dags/tutorial.py took 0.053 seconds
[2023-03-22T04:04:59.049+0400] {processor.py:153} INFO - Started process (PID=170535) to work on /home/civis/anaconda3/lib/python3.9/site-packages/airflow/example_dags/tutorial.py
[2023-03-22T04:04:59.058+0400] {processor.py:743} INFO - Processing file /home/civis/anaconda3/lib/python3.9/site-packages/airflow/example_dags/tutorial.py for tasks to queue
[2023-03-22T04:04:59.059+0400] {logging_mixin.py:137} INFO - [2023-03-22T04:04:59.059+0400] {dagbag.py:538} INFO - Filling up the DagBag from /home/civis/anaconda3/lib/python3.9/site-packages/airflow/example_dags/tutorial.py
[2023-03-22T04:04:59.065+0400] {processor.py:753} INFO - DAG(s) dict_keys(['tutorial']) retrieved from /home/civis/anaconda3/lib/python3.9/site-packages/airflow/example_dags/tutorial.py
[2023-03-22T04:04:59.073+0400] {logging_mixin.py:137} INFO - [2023-03-22T04:04:59.073+0400] {dag.py:2690} INFO - Sync 1 DAGs
[2023-03-22T04:04:59.080+0400] {logging_mixin.py:137} INFO - [2023-03-22T04:04:59.080+0400] {dag.py:3437} INFO - Setting next_dagrun for tutorial to 2023-03-21T00:04:59.080568+00:00, run_after=2023-03-22T00:04:59.080568+00:00
[2023-03-22T04:04:59.095+0400] {processor.py:175} INFO - Processing /home/civis/anaconda3/lib/python3.9/site-packages/airflow/example_dags/tutorial.py took 0.049 seconds
[2023-03-22T04:05:38.944+0400] {processor.py:153} INFO - Started process (PID=171172) to work on /home/civis/anaconda3/lib/python3.9/site-packages/airflow/example_dags/tutorial.py
[2023-03-22T04:05:38.952+0400] {processor.py:743} INFO - Processing file /home/civis/anaconda3/lib/python3.9/site-packages/airflow/example_dags/tutorial.py for tasks to queue
[2023-03-22T04:05:38.953+0400] {logging_mixin.py:137} INFO - [2023-03-22T04:05:38.953+0400] {dagbag.py:538} INFO - Filling up the DagBag from /home/civis/anaconda3/lib/python3.9/site-packages/airflow/example_dags/tutorial.py
[2023-03-22T04:05:38.962+0400] {processor.py:753} INFO - DAG(s) dict_keys(['tutorial']) retrieved from /home/civis/anaconda3/lib/python3.9/site-packages/airflow/example_dags/tutorial.py
[2023-03-22T04:05:38.970+0400] {logging_mixin.py:137} INFO - [2023-03-22T04:05:38.970+0400] {dag.py:2690} INFO - Sync 1 DAGs
[2023-03-22T04:05:38.978+0400] {logging_mixin.py:137} INFO - [2023-03-22T04:05:38.978+0400] {dag.py:3437} INFO - Setting next_dagrun for tutorial to 2023-03-21T00:05:38.978282+00:00, run_after=2023-03-22T00:05:38.978282+00:00
[2023-03-22T04:05:38.995+0400] {processor.py:175} INFO - Processing /home/civis/anaconda3/lib/python3.9/site-packages/airflow/example_dags/tutorial.py took 0.052 seconds
[2023-03-22T04:06:19.669+0400] {processor.py:153} INFO - Started process (PID=171849) to work on /home/civis/anaconda3/lib/python3.9/site-packages/airflow/example_dags/tutorial.py
[2023-03-22T04:06:19.678+0400] {processor.py:743} INFO - Processing file /home/civis/anaconda3/lib/python3.9/site-packages/airflow/example_dags/tutorial.py for tasks to queue
[2023-03-22T04:06:19.679+0400] {logging_mixin.py:137} INFO - [2023-03-22T04:06:19.679+0400] {dagbag.py:538} INFO - Filling up the DagBag from /home/civis/anaconda3/lib/python3.9/site-packages/airflow/example_dags/tutorial.py
[2023-03-22T04:06:19.694+0400] {processor.py:753} INFO - DAG(s) dict_keys(['tutorial']) retrieved from /home/civis/anaconda3/lib/python3.9/site-packages/airflow/example_dags/tutorial.py
[2023-03-22T04:06:19.703+0400] {logging_mixin.py:137} INFO - [2023-03-22T04:06:19.703+0400] {dag.py:2690} INFO - Sync 1 DAGs
[2023-03-22T04:06:19.714+0400] {logging_mixin.py:137} INFO - [2023-03-22T04:06:19.714+0400] {dag.py:3437} INFO - Setting next_dagrun for tutorial to 2023-03-21T00:06:19.714023+00:00, run_after=2023-03-22T00:06:19.714023+00:00
[2023-03-22T04:06:19.731+0400] {processor.py:175} INFO - Processing /home/civis/anaconda3/lib/python3.9/site-packages/airflow/example_dags/tutorial.py took 0.063 seconds
[2023-03-22T04:06:58.158+0400] {processor.py:153} INFO - Started process (PID=172452) to work on /home/civis/anaconda3/lib/python3.9/site-packages/airflow/example_dags/tutorial.py
[2023-03-22T04:06:58.167+0400] {processor.py:743} INFO - Processing file /home/civis/anaconda3/lib/python3.9/site-packages/airflow/example_dags/tutorial.py for tasks to queue
[2023-03-22T04:06:58.168+0400] {logging_mixin.py:137} INFO - [2023-03-22T04:06:58.168+0400] {dagbag.py:538} INFO - Filling up the DagBag from /home/civis/anaconda3/lib/python3.9/site-packages/airflow/example_dags/tutorial.py
[2023-03-22T04:06:58.184+0400] {processor.py:753} INFO - DAG(s) dict_keys(['tutorial']) retrieved from /home/civis/anaconda3/lib/python3.9/site-packages/airflow/example_dags/tutorial.py
[2023-03-22T04:06:58.192+0400] {logging_mixin.py:137} INFO - [2023-03-22T04:06:58.192+0400] {dag.py:2690} INFO - Sync 1 DAGs
[2023-03-22T04:06:58.200+0400] {logging_mixin.py:137} INFO - [2023-03-22T04:06:58.199+0400] {dag.py:3437} INFO - Setting next_dagrun for tutorial to 2023-03-21T00:06:58.199834+00:00, run_after=2023-03-22T00:06:58.199834+00:00
[2023-03-22T04:06:58.215+0400] {processor.py:175} INFO - Processing /home/civis/anaconda3/lib/python3.9/site-packages/airflow/example_dags/tutorial.py took 0.060 seconds
[2023-03-22T04:07:40.144+0400] {processor.py:153} INFO - Started process (PID=173152) to work on /home/civis/anaconda3/lib/python3.9/site-packages/airflow/example_dags/tutorial.py
[2023-03-22T04:07:40.145+0400] {processor.py:743} INFO - Processing file /home/civis/anaconda3/lib/python3.9/site-packages/airflow/example_dags/tutorial.py for tasks to queue
[2023-03-22T04:07:40.145+0400] {logging_mixin.py:137} INFO - [2023-03-22T04:07:40.145+0400] {dagbag.py:538} INFO - Filling up the DagBag from /home/civis/anaconda3/lib/python3.9/site-packages/airflow/example_dags/tutorial.py
[2023-03-22T04:07:40.154+0400] {processor.py:753} INFO - DAG(s) dict_keys(['tutorial']) retrieved from /home/civis/anaconda3/lib/python3.9/site-packages/airflow/example_dags/tutorial.py
[2023-03-22T04:07:40.162+0400] {logging_mixin.py:137} INFO - [2023-03-22T04:07:40.162+0400] {dag.py:2690} INFO - Sync 1 DAGs
[2023-03-22T04:07:40.170+0400] {logging_mixin.py:137} INFO - [2023-03-22T04:07:40.170+0400] {dag.py:3437} INFO - Setting next_dagrun for tutorial to 2023-03-21T00:07:40.170434+00:00, run_after=2023-03-22T00:07:40.170434+00:00
[2023-03-22T04:07:40.187+0400] {processor.py:175} INFO - Processing /home/civis/anaconda3/lib/python3.9/site-packages/airflow/example_dags/tutorial.py took 0.048 seconds
[2023-03-22T04:08:20.775+0400] {processor.py:153} INFO - Started process (PID=173811) to work on /home/civis/anaconda3/lib/python3.9/site-packages/airflow/example_dags/tutorial.py
[2023-03-22T04:08:20.776+0400] {processor.py:743} INFO - Processing file /home/civis/anaconda3/lib/python3.9/site-packages/airflow/example_dags/tutorial.py for tasks to queue
[2023-03-22T04:08:20.776+0400] {logging_mixin.py:137} INFO - [2023-03-22T04:08:20.776+0400] {dagbag.py:538} INFO - Filling up the DagBag from /home/civis/anaconda3/lib/python3.9/site-packages/airflow/example_dags/tutorial.py
[2023-03-22T04:08:20.782+0400] {processor.py:753} INFO - DAG(s) dict_keys(['tutorial']) retrieved from /home/civis/anaconda3/lib/python3.9/site-packages/airflow/example_dags/tutorial.py
[2023-03-22T04:08:20.789+0400] {logging_mixin.py:137} INFO - [2023-03-22T04:08:20.789+0400] {dag.py:2690} INFO - Sync 1 DAGs
[2023-03-22T04:08:20.796+0400] {logging_mixin.py:137} INFO - [2023-03-22T04:08:20.796+0400] {dag.py:3437} INFO - Setting next_dagrun for tutorial to 2023-03-21T00:08:20.796279+00:00, run_after=2023-03-22T00:08:20.796279+00:00
[2023-03-22T04:08:20.811+0400] {processor.py:175} INFO - Processing /home/civis/anaconda3/lib/python3.9/site-packages/airflow/example_dags/tutorial.py took 0.036 seconds
[2023-03-22T04:09:01.078+0400] {processor.py:153} INFO - Started process (PID=175740) to work on /home/civis/anaconda3/lib/python3.9/site-packages/airflow/example_dags/tutorial.py
[2023-03-22T04:09:01.087+0400] {processor.py:743} INFO - Processing file /home/civis/anaconda3/lib/python3.9/site-packages/airflow/example_dags/tutorial.py for tasks to queue
[2023-03-22T04:09:01.087+0400] {logging_mixin.py:137} INFO - [2023-03-22T04:09:01.087+0400] {dagbag.py:538} INFO - Filling up the DagBag from /home/civis/anaconda3/lib/python3.9/site-packages/airflow/example_dags/tutorial.py
[2023-03-22T04:09:01.099+0400] {processor.py:753} INFO - DAG(s) dict_keys(['tutorial']) retrieved from /home/civis/anaconda3/lib/python3.9/site-packages/airflow/example_dags/tutorial.py
[2023-03-22T04:09:01.107+0400] {logging_mixin.py:137} INFO - [2023-03-22T04:09:01.107+0400] {dag.py:2690} INFO - Sync 1 DAGs
[2023-03-22T04:09:01.115+0400] {logging_mixin.py:137} INFO - [2023-03-22T04:09:01.115+0400] {dag.py:3437} INFO - Setting next_dagrun for tutorial to 2023-03-21T00:09:01.114935+00:00, run_after=2023-03-22T00:09:01.114935+00:00
[2023-03-22T04:09:01.130+0400] {processor.py:175} INFO - Processing /home/civis/anaconda3/lib/python3.9/site-packages/airflow/example_dags/tutorial.py took 0.053 seconds
[2023-03-22T04:09:43.701+0400] {processor.py:153} INFO - Started process (PID=176460) to work on /home/civis/anaconda3/lib/python3.9/site-packages/airflow/example_dags/tutorial.py
[2023-03-22T04:09:43.710+0400] {processor.py:743} INFO - Processing file /home/civis/anaconda3/lib/python3.9/site-packages/airflow/example_dags/tutorial.py for tasks to queue
[2023-03-22T04:09:43.711+0400] {logging_mixin.py:137} INFO - [2023-03-22T04:09:43.710+0400] {dagbag.py:538} INFO - Filling up the DagBag from /home/civis/anaconda3/lib/python3.9/site-packages/airflow/example_dags/tutorial.py
[2023-03-22T04:09:43.726+0400] {processor.py:753} INFO - DAG(s) dict_keys(['tutorial']) retrieved from /home/civis/anaconda3/lib/python3.9/site-packages/airflow/example_dags/tutorial.py
[2023-03-22T04:09:43.738+0400] {logging_mixin.py:137} INFO - [2023-03-22T04:09:43.738+0400] {dag.py:2690} INFO - Sync 1 DAGs
[2023-03-22T04:09:43.746+0400] {logging_mixin.py:137} INFO - [2023-03-22T04:09:43.746+0400] {dag.py:3437} INFO - Setting next_dagrun for tutorial to 2023-03-21T00:09:43.746714+00:00, run_after=2023-03-22T00:09:43.746714+00:00
[2023-03-22T04:09:43.762+0400] {processor.py:175} INFO - Processing /home/civis/anaconda3/lib/python3.9/site-packages/airflow/example_dags/tutorial.py took 0.063 seconds
[2023-03-22T04:10:26.244+0400] {processor.py:153} INFO - Started process (PID=177126) to work on /home/civis/anaconda3/lib/python3.9/site-packages/airflow/example_dags/tutorial.py
[2023-03-22T04:10:26.244+0400] {processor.py:743} INFO - Processing file /home/civis/anaconda3/lib/python3.9/site-packages/airflow/example_dags/tutorial.py for tasks to queue
[2023-03-22T04:10:26.244+0400] {logging_mixin.py:137} INFO - [2023-03-22T04:10:26.244+0400] {dagbag.py:538} INFO - Filling up the DagBag from /home/civis/anaconda3/lib/python3.9/site-packages/airflow/example_dags/tutorial.py
[2023-03-22T04:10:26.250+0400] {processor.py:753} INFO - DAG(s) dict_keys(['tutorial']) retrieved from /home/civis/anaconda3/lib/python3.9/site-packages/airflow/example_dags/tutorial.py
[2023-03-22T04:10:26.257+0400] {logging_mixin.py:137} INFO - [2023-03-22T04:10:26.257+0400] {dag.py:2690} INFO - Sync 1 DAGs
[2023-03-22T04:10:26.265+0400] {logging_mixin.py:137} INFO - [2023-03-22T04:10:26.265+0400] {dag.py:3437} INFO - Setting next_dagrun for tutorial to 2023-03-21T00:10:26.265026+00:00, run_after=2023-03-22T00:10:26.265026+00:00
[2023-03-22T04:10:26.281+0400] {processor.py:175} INFO - Processing /home/civis/anaconda3/lib/python3.9/site-packages/airflow/example_dags/tutorial.py took 0.041 seconds
[2023-03-22T04:11:05.986+0400] {processor.py:153} INFO - Started process (PID=177817) to work on /home/civis/anaconda3/lib/python3.9/site-packages/airflow/example_dags/tutorial.py
[2023-03-22T04:11:05.995+0400] {processor.py:743} INFO - Processing file /home/civis/anaconda3/lib/python3.9/site-packages/airflow/example_dags/tutorial.py for tasks to queue
[2023-03-22T04:11:05.996+0400] {logging_mixin.py:137} INFO - [2023-03-22T04:11:05.996+0400] {dagbag.py:538} INFO - Filling up the DagBag from /home/civis/anaconda3/lib/python3.9/site-packages/airflow/example_dags/tutorial.py
[2023-03-22T04:11:06.012+0400] {processor.py:753} INFO - DAG(s) dict_keys(['tutorial']) retrieved from /home/civis/anaconda3/lib/python3.9/site-packages/airflow/example_dags/tutorial.py
[2023-03-22T04:11:06.020+0400] {logging_mixin.py:137} INFO - [2023-03-22T04:11:06.020+0400] {dag.py:2690} INFO - Sync 1 DAGs
[2023-03-22T04:11:06.027+0400] {logging_mixin.py:137} INFO - [2023-03-22T04:11:06.027+0400] {dag.py:3437} INFO - Setting next_dagrun for tutorial to 2023-03-21T00:11:06.027747+00:00, run_after=2023-03-22T00:11:06.027747+00:00
[2023-03-22T04:11:06.043+0400] {processor.py:175} INFO - Processing /home/civis/anaconda3/lib/python3.9/site-packages/airflow/example_dags/tutorial.py took 0.060 seconds
