[2023-03-22T04:00:41.845+0400] {processor.py:153} INFO - Started process (PID=166104) to work on /home/civis/anaconda3/lib/python3.9/site-packages/airflow/example_dags/tutorial_taskflow_api.py
[2023-03-22T04:00:41.845+0400] {processor.py:743} INFO - Processing file /home/civis/anaconda3/lib/python3.9/site-packages/airflow/example_dags/tutorial_taskflow_api.py for tasks to queue
[2023-03-22T04:00:41.846+0400] {logging_mixin.py:137} INFO - [2023-03-22T04:00:41.846+0400] {dagbag.py:538} INFO - Filling up the DagBag from /home/civis/anaconda3/lib/python3.9/site-packages/airflow/example_dags/tutorial_taskflow_api.py
[2023-03-22T04:00:41.855+0400] {processor.py:753} INFO - DAG(s) dict_keys(['tutorial_taskflow_api']) retrieved from /home/civis/anaconda3/lib/python3.9/site-packages/airflow/example_dags/tutorial_taskflow_api.py
[2023-03-22T04:00:41.862+0400] {logging_mixin.py:137} INFO - [2023-03-22T04:00:41.862+0400] {dag.py:2690} INFO - Sync 1 DAGs
[2023-03-22T04:00:41.870+0400] {logging_mixin.py:137} INFO - [2023-03-22T04:00:41.870+0400] {dag.py:3437} INFO - Setting next_dagrun for tutorial_taskflow_api to None, run_after=None
[2023-03-22T04:00:41.895+0400] {processor.py:175} INFO - Processing /home/civis/anaconda3/lib/python3.9/site-packages/airflow/example_dags/tutorial_taskflow_api.py took 0.052 seconds
[2023-03-22T04:01:21.042+0400] {processor.py:153} INFO - Started process (PID=166711) to work on /home/civis/anaconda3/lib/python3.9/site-packages/airflow/example_dags/tutorial_taskflow_api.py
[2023-03-22T04:01:21.051+0400] {processor.py:743} INFO - Processing file /home/civis/anaconda3/lib/python3.9/site-packages/airflow/example_dags/tutorial_taskflow_api.py for tasks to queue
[2023-03-22T04:01:21.053+0400] {logging_mixin.py:137} INFO - [2023-03-22T04:01:21.052+0400] {dagbag.py:538} INFO - Filling up the DagBag from /home/civis/anaconda3/lib/python3.9/site-packages/airflow/example_dags/tutorial_taskflow_api.py
[2023-03-22T04:01:21.071+0400] {processor.py:753} INFO - DAG(s) dict_keys(['tutorial_taskflow_api']) retrieved from /home/civis/anaconda3/lib/python3.9/site-packages/airflow/example_dags/tutorial_taskflow_api.py
[2023-03-22T04:01:21.078+0400] {logging_mixin.py:137} INFO - [2023-03-22T04:01:21.078+0400] {dag.py:2690} INFO - Sync 1 DAGs
[2023-03-22T04:01:21.086+0400] {logging_mixin.py:137} INFO - [2023-03-22T04:01:21.086+0400] {dag.py:3437} INFO - Setting next_dagrun for tutorial_taskflow_api to None, run_after=None
[2023-03-22T04:01:21.103+0400] {processor.py:175} INFO - Processing /home/civis/anaconda3/lib/python3.9/site-packages/airflow/example_dags/tutorial_taskflow_api.py took 0.066 seconds
[2023-03-22T04:02:01.401+0400] {processor.py:153} INFO - Started process (PID=167350) to work on /home/civis/anaconda3/lib/python3.9/site-packages/airflow/example_dags/tutorial_taskflow_api.py
[2023-03-22T04:02:01.410+0400] {processor.py:743} INFO - Processing file /home/civis/anaconda3/lib/python3.9/site-packages/airflow/example_dags/tutorial_taskflow_api.py for tasks to queue
[2023-03-22T04:02:01.411+0400] {logging_mixin.py:137} INFO - [2023-03-22T04:02:01.411+0400] {dagbag.py:538} INFO - Filling up the DagBag from /home/civis/anaconda3/lib/python3.9/site-packages/airflow/example_dags/tutorial_taskflow_api.py
[2023-03-22T04:02:01.429+0400] {processor.py:753} INFO - DAG(s) dict_keys(['tutorial_taskflow_api']) retrieved from /home/civis/anaconda3/lib/python3.9/site-packages/airflow/example_dags/tutorial_taskflow_api.py
[2023-03-22T04:02:01.436+0400] {logging_mixin.py:137} INFO - [2023-03-22T04:02:01.436+0400] {dag.py:2690} INFO - Sync 1 DAGs
[2023-03-22T04:02:01.444+0400] {logging_mixin.py:137} INFO - [2023-03-22T04:02:01.444+0400] {dag.py:3437} INFO - Setting next_dagrun for tutorial_taskflow_api to None, run_after=None
[2023-03-22T04:02:01.459+0400] {processor.py:175} INFO - Processing /home/civis/anaconda3/lib/python3.9/site-packages/airflow/example_dags/tutorial_taskflow_api.py took 0.062 seconds
[2023-03-22T04:02:40.230+0400] {processor.py:153} INFO - Started process (PID=168127) to work on /home/civis/anaconda3/lib/python3.9/site-packages/airflow/example_dags/tutorial_taskflow_api.py
[2023-03-22T04:02:40.230+0400] {processor.py:743} INFO - Processing file /home/civis/anaconda3/lib/python3.9/site-packages/airflow/example_dags/tutorial_taskflow_api.py for tasks to queue
[2023-03-22T04:02:40.231+0400] {logging_mixin.py:137} INFO - [2023-03-22T04:02:40.230+0400] {dagbag.py:538} INFO - Filling up the DagBag from /home/civis/anaconda3/lib/python3.9/site-packages/airflow/example_dags/tutorial_taskflow_api.py
[2023-03-22T04:02:40.247+0400] {processor.py:753} INFO - DAG(s) dict_keys(['tutorial_taskflow_api']) retrieved from /home/civis/anaconda3/lib/python3.9/site-packages/airflow/example_dags/tutorial_taskflow_api.py
[2023-03-22T04:02:40.256+0400] {logging_mixin.py:137} INFO - [2023-03-22T04:02:40.255+0400] {dag.py:2690} INFO - Sync 1 DAGs
[2023-03-22T04:02:40.264+0400] {logging_mixin.py:137} INFO - [2023-03-22T04:02:40.264+0400] {dag.py:3437} INFO - Setting next_dagrun for tutorial_taskflow_api to None, run_after=None
[2023-03-22T04:02:40.280+0400] {processor.py:175} INFO - Processing /home/civis/anaconda3/lib/python3.9/site-packages/airflow/example_dags/tutorial_taskflow_api.py took 0.053 seconds
[2023-03-22T04:03:21.309+0400] {processor.py:153} INFO - Started process (PID=168976) to work on /home/civis/anaconda3/lib/python3.9/site-packages/airflow/example_dags/tutorial_taskflow_api.py
[2023-03-22T04:03:21.319+0400] {processor.py:743} INFO - Processing file /home/civis/anaconda3/lib/python3.9/site-packages/airflow/example_dags/tutorial_taskflow_api.py for tasks to queue
[2023-03-22T04:03:21.320+0400] {logging_mixin.py:137} INFO - [2023-03-22T04:03:21.320+0400] {dagbag.py:538} INFO - Filling up the DagBag from /home/civis/anaconda3/lib/python3.9/site-packages/airflow/example_dags/tutorial_taskflow_api.py
[2023-03-22T04:03:21.336+0400] {processor.py:753} INFO - DAG(s) dict_keys(['tutorial_taskflow_api']) retrieved from /home/civis/anaconda3/lib/python3.9/site-packages/airflow/example_dags/tutorial_taskflow_api.py
[2023-03-22T04:03:21.344+0400] {logging_mixin.py:137} INFO - [2023-03-22T04:03:21.343+0400] {dag.py:2690} INFO - Sync 1 DAGs
[2023-03-22T04:03:21.351+0400] {logging_mixin.py:137} INFO - [2023-03-22T04:03:21.351+0400] {dag.py:3437} INFO - Setting next_dagrun for tutorial_taskflow_api to None, run_after=None
[2023-03-22T04:03:21.367+0400] {processor.py:175} INFO - Processing /home/civis/anaconda3/lib/python3.9/site-packages/airflow/example_dags/tutorial_taskflow_api.py took 0.059 seconds
[2023-03-22T04:04:00.906+0400] {processor.py:153} INFO - Started process (PID=169619) to work on /home/civis/anaconda3/lib/python3.9/site-packages/airflow/example_dags/tutorial_taskflow_api.py
[2023-03-22T04:04:00.914+0400] {processor.py:743} INFO - Processing file /home/civis/anaconda3/lib/python3.9/site-packages/airflow/example_dags/tutorial_taskflow_api.py for tasks to queue
[2023-03-22T04:04:00.916+0400] {logging_mixin.py:137} INFO - [2023-03-22T04:04:00.915+0400] {dagbag.py:538} INFO - Filling up the DagBag from /home/civis/anaconda3/lib/python3.9/site-packages/airflow/example_dags/tutorial_taskflow_api.py
[2023-03-22T04:04:00.938+0400] {processor.py:753} INFO - DAG(s) dict_keys(['tutorial_taskflow_api']) retrieved from /home/civis/anaconda3/lib/python3.9/site-packages/airflow/example_dags/tutorial_taskflow_api.py
[2023-03-22T04:04:00.945+0400] {logging_mixin.py:137} INFO - [2023-03-22T04:04:00.945+0400] {dag.py:2690} INFO - Sync 1 DAGs
[2023-03-22T04:04:00.952+0400] {logging_mixin.py:137} INFO - [2023-03-22T04:04:00.952+0400] {dag.py:3437} INFO - Setting next_dagrun for tutorial_taskflow_api to None, run_after=None
[2023-03-22T04:04:00.967+0400] {processor.py:175} INFO - Processing /home/civis/anaconda3/lib/python3.9/site-packages/airflow/example_dags/tutorial_taskflow_api.py took 0.065 seconds
[2023-03-22T04:04:28.207+0400] {processor.py:153} INFO - Started process (PID=170042) to work on /home/civis/anaconda3/lib/python3.9/site-packages/airflow/example_dags/tutorial_taskflow_api.py
[2023-03-22T04:04:28.208+0400] {processor.py:743} INFO - Processing file /home/civis/anaconda3/lib/python3.9/site-packages/airflow/example_dags/tutorial_taskflow_api.py for tasks to queue
[2023-03-22T04:04:28.208+0400] {logging_mixin.py:137} INFO - [2023-03-22T04:04:28.208+0400] {dagbag.py:538} INFO - Filling up the DagBag from /home/civis/anaconda3/lib/python3.9/site-packages/airflow/example_dags/tutorial_taskflow_api.py
[2023-03-22T04:04:28.218+0400] {processor.py:753} INFO - DAG(s) dict_keys(['tutorial_taskflow_api']) retrieved from /home/civis/anaconda3/lib/python3.9/site-packages/airflow/example_dags/tutorial_taskflow_api.py
[2023-03-22T04:04:28.225+0400] {logging_mixin.py:137} INFO - [2023-03-22T04:04:28.225+0400] {dag.py:2690} INFO - Sync 1 DAGs
[2023-03-22T04:04:28.233+0400] {logging_mixin.py:137} INFO - [2023-03-22T04:04:28.232+0400] {dag.py:3437} INFO - Setting next_dagrun for tutorial_taskflow_api to None, run_after=None
[2023-03-22T04:04:28.247+0400] {processor.py:175} INFO - Processing /home/civis/anaconda3/lib/python3.9/site-packages/airflow/example_dags/tutorial_taskflow_api.py took 0.041 seconds
[2023-03-22T04:05:08.792+0400] {processor.py:153} INFO - Started process (PID=170709) to work on /home/civis/anaconda3/lib/python3.9/site-packages/airflow/example_dags/tutorial_taskflow_api.py
[2023-03-22T04:05:08.801+0400] {processor.py:743} INFO - Processing file /home/civis/anaconda3/lib/python3.9/site-packages/airflow/example_dags/tutorial_taskflow_api.py for tasks to queue
[2023-03-22T04:05:08.802+0400] {logging_mixin.py:137} INFO - [2023-03-22T04:05:08.802+0400] {dagbag.py:538} INFO - Filling up the DagBag from /home/civis/anaconda3/lib/python3.9/site-packages/airflow/example_dags/tutorial_taskflow_api.py
[2023-03-22T04:05:08.822+0400] {processor.py:753} INFO - DAG(s) dict_keys(['tutorial_taskflow_api']) retrieved from /home/civis/anaconda3/lib/python3.9/site-packages/airflow/example_dags/tutorial_taskflow_api.py
[2023-03-22T04:05:08.830+0400] {logging_mixin.py:137} INFO - [2023-03-22T04:05:08.830+0400] {dag.py:2690} INFO - Sync 1 DAGs
[2023-03-22T04:05:08.837+0400] {logging_mixin.py:137} INFO - [2023-03-22T04:05:08.837+0400] {dag.py:3437} INFO - Setting next_dagrun for tutorial_taskflow_api to None, run_after=None
[2023-03-22T04:05:08.853+0400] {processor.py:175} INFO - Processing /home/civis/anaconda3/lib/python3.9/site-packages/airflow/example_dags/tutorial_taskflow_api.py took 0.064 seconds
[2023-03-22T04:05:48.372+0400] {processor.py:153} INFO - Started process (PID=171311) to work on /home/civis/anaconda3/lib/python3.9/site-packages/airflow/example_dags/tutorial_taskflow_api.py
[2023-03-22T04:05:48.380+0400] {processor.py:743} INFO - Processing file /home/civis/anaconda3/lib/python3.9/site-packages/airflow/example_dags/tutorial_taskflow_api.py for tasks to queue
[2023-03-22T04:05:48.381+0400] {logging_mixin.py:137} INFO - [2023-03-22T04:05:48.381+0400] {dagbag.py:538} INFO - Filling up the DagBag from /home/civis/anaconda3/lib/python3.9/site-packages/airflow/example_dags/tutorial_taskflow_api.py
[2023-03-22T04:05:48.401+0400] {processor.py:753} INFO - DAG(s) dict_keys(['tutorial_taskflow_api']) retrieved from /home/civis/anaconda3/lib/python3.9/site-packages/airflow/example_dags/tutorial_taskflow_api.py
[2023-03-22T04:05:48.408+0400] {logging_mixin.py:137} INFO - [2023-03-22T04:05:48.408+0400] {dag.py:2690} INFO - Sync 1 DAGs
[2023-03-22T04:05:48.415+0400] {logging_mixin.py:137} INFO - [2023-03-22T04:05:48.415+0400] {dag.py:3437} INFO - Setting next_dagrun for tutorial_taskflow_api to None, run_after=None
[2023-03-22T04:05:48.430+0400] {processor.py:175} INFO - Processing /home/civis/anaconda3/lib/python3.9/site-packages/airflow/example_dags/tutorial_taskflow_api.py took 0.060 seconds
[2023-03-22T04:06:29.863+0400] {processor.py:153} INFO - Started process (PID=171990) to work on /home/civis/anaconda3/lib/python3.9/site-packages/airflow/example_dags/tutorial_taskflow_api.py
[2023-03-22T04:06:29.872+0400] {processor.py:743} INFO - Processing file /home/civis/anaconda3/lib/python3.9/site-packages/airflow/example_dags/tutorial_taskflow_api.py for tasks to queue
[2023-03-22T04:06:29.873+0400] {logging_mixin.py:137} INFO - [2023-03-22T04:06:29.873+0400] {dagbag.py:538} INFO - Filling up the DagBag from /home/civis/anaconda3/lib/python3.9/site-packages/airflow/example_dags/tutorial_taskflow_api.py
[2023-03-22T04:06:29.892+0400] {processor.py:753} INFO - DAG(s) dict_keys(['tutorial_taskflow_api']) retrieved from /home/civis/anaconda3/lib/python3.9/site-packages/airflow/example_dags/tutorial_taskflow_api.py
[2023-03-22T04:06:29.899+0400] {logging_mixin.py:137} INFO - [2023-03-22T04:06:29.899+0400] {dag.py:2690} INFO - Sync 1 DAGs
[2023-03-22T04:06:29.906+0400] {logging_mixin.py:137} INFO - [2023-03-22T04:06:29.906+0400] {dag.py:3437} INFO - Setting next_dagrun for tutorial_taskflow_api to None, run_after=None
[2023-03-22T04:06:29.921+0400] {processor.py:175} INFO - Processing /home/civis/anaconda3/lib/python3.9/site-packages/airflow/example_dags/tutorial_taskflow_api.py took 0.061 seconds
[2023-03-22T04:07:08.280+0400] {processor.py:153} INFO - Started process (PID=172612) to work on /home/civis/anaconda3/lib/python3.9/site-packages/airflow/example_dags/tutorial_taskflow_api.py
[2023-03-22T04:07:08.289+0400] {processor.py:743} INFO - Processing file /home/civis/anaconda3/lib/python3.9/site-packages/airflow/example_dags/tutorial_taskflow_api.py for tasks to queue
[2023-03-22T04:07:08.290+0400] {logging_mixin.py:137} INFO - [2023-03-22T04:07:08.290+0400] {dagbag.py:538} INFO - Filling up the DagBag from /home/civis/anaconda3/lib/python3.9/site-packages/airflow/example_dags/tutorial_taskflow_api.py
[2023-03-22T04:07:08.308+0400] {processor.py:753} INFO - DAG(s) dict_keys(['tutorial_taskflow_api']) retrieved from /home/civis/anaconda3/lib/python3.9/site-packages/airflow/example_dags/tutorial_taskflow_api.py
[2023-03-22T04:07:08.317+0400] {logging_mixin.py:137} INFO - [2023-03-22T04:07:08.317+0400] {dag.py:2690} INFO - Sync 1 DAGs
[2023-03-22T04:07:08.325+0400] {logging_mixin.py:137} INFO - [2023-03-22T04:07:08.325+0400] {dag.py:3437} INFO - Setting next_dagrun for tutorial_taskflow_api to None, run_after=None
[2023-03-22T04:07:08.341+0400] {processor.py:175} INFO - Processing /home/civis/anaconda3/lib/python3.9/site-packages/airflow/example_dags/tutorial_taskflow_api.py took 0.063 seconds
[2023-03-22T04:07:50.457+0400] {processor.py:153} INFO - Started process (PID=173318) to work on /home/civis/anaconda3/lib/python3.9/site-packages/airflow/example_dags/tutorial_taskflow_api.py
[2023-03-22T04:07:50.465+0400] {processor.py:743} INFO - Processing file /home/civis/anaconda3/lib/python3.9/site-packages/airflow/example_dags/tutorial_taskflow_api.py for tasks to queue
[2023-03-22T04:07:50.466+0400] {logging_mixin.py:137} INFO - [2023-03-22T04:07:50.466+0400] {dagbag.py:538} INFO - Filling up the DagBag from /home/civis/anaconda3/lib/python3.9/site-packages/airflow/example_dags/tutorial_taskflow_api.py
[2023-03-22T04:07:50.481+0400] {processor.py:753} INFO - DAG(s) dict_keys(['tutorial_taskflow_api']) retrieved from /home/civis/anaconda3/lib/python3.9/site-packages/airflow/example_dags/tutorial_taskflow_api.py
[2023-03-22T04:07:50.488+0400] {logging_mixin.py:137} INFO - [2023-03-22T04:07:50.488+0400] {dag.py:2690} INFO - Sync 1 DAGs
[2023-03-22T04:07:50.495+0400] {logging_mixin.py:137} INFO - [2023-03-22T04:07:50.495+0400] {dag.py:3437} INFO - Setting next_dagrun for tutorial_taskflow_api to None, run_after=None
[2023-03-22T04:07:50.510+0400] {processor.py:175} INFO - Processing /home/civis/anaconda3/lib/python3.9/site-packages/airflow/example_dags/tutorial_taskflow_api.py took 0.056 seconds
[2023-03-22T04:08:29.967+0400] {processor.py:153} INFO - Started process (PID=174036) to work on /home/civis/anaconda3/lib/python3.9/site-packages/airflow/example_dags/tutorial_taskflow_api.py
[2023-03-22T04:08:29.975+0400] {processor.py:743} INFO - Processing file /home/civis/anaconda3/lib/python3.9/site-packages/airflow/example_dags/tutorial_taskflow_api.py for tasks to queue
[2023-03-22T04:08:29.976+0400] {logging_mixin.py:137} INFO - [2023-03-22T04:08:29.976+0400] {dagbag.py:538} INFO - Filling up the DagBag from /home/civis/anaconda3/lib/python3.9/site-packages/airflow/example_dags/tutorial_taskflow_api.py
[2023-03-22T04:08:29.990+0400] {processor.py:753} INFO - DAG(s) dict_keys(['tutorial_taskflow_api']) retrieved from /home/civis/anaconda3/lib/python3.9/site-packages/airflow/example_dags/tutorial_taskflow_api.py
[2023-03-22T04:08:29.997+0400] {logging_mixin.py:137} INFO - [2023-03-22T04:08:29.996+0400] {dag.py:2690} INFO - Sync 1 DAGs
[2023-03-22T04:08:30.004+0400] {logging_mixin.py:137} INFO - [2023-03-22T04:08:30.004+0400] {dag.py:3437} INFO - Setting next_dagrun for tutorial_taskflow_api to None, run_after=None
[2023-03-22T04:08:30.019+0400] {processor.py:175} INFO - Processing /home/civis/anaconda3/lib/python3.9/site-packages/airflow/example_dags/tutorial_taskflow_api.py took 0.056 seconds
[2023-03-22T04:09:10.578+0400] {processor.py:153} INFO - Started process (PID=175900) to work on /home/civis/anaconda3/lib/python3.9/site-packages/airflow/example_dags/tutorial_taskflow_api.py
[2023-03-22T04:09:10.587+0400] {processor.py:743} INFO - Processing file /home/civis/anaconda3/lib/python3.9/site-packages/airflow/example_dags/tutorial_taskflow_api.py for tasks to queue
[2023-03-22T04:09:10.588+0400] {logging_mixin.py:137} INFO - [2023-03-22T04:09:10.588+0400] {dagbag.py:538} INFO - Filling up the DagBag from /home/civis/anaconda3/lib/python3.9/site-packages/airflow/example_dags/tutorial_taskflow_api.py
[2023-03-22T04:09:10.605+0400] {processor.py:753} INFO - DAG(s) dict_keys(['tutorial_taskflow_api']) retrieved from /home/civis/anaconda3/lib/python3.9/site-packages/airflow/example_dags/tutorial_taskflow_api.py
[2023-03-22T04:09:10.613+0400] {logging_mixin.py:137} INFO - [2023-03-22T04:09:10.613+0400] {dag.py:2690} INFO - Sync 1 DAGs
[2023-03-22T04:09:10.621+0400] {logging_mixin.py:137} INFO - [2023-03-22T04:09:10.621+0400] {dag.py:3437} INFO - Setting next_dagrun for tutorial_taskflow_api to None, run_after=None
[2023-03-22T04:09:10.638+0400] {processor.py:175} INFO - Processing /home/civis/anaconda3/lib/python3.9/site-packages/airflow/example_dags/tutorial_taskflow_api.py took 0.063 seconds
[2023-03-22T04:09:54.742+0400] {processor.py:153} INFO - Started process (PID=176617) to work on /home/civis/anaconda3/lib/python3.9/site-packages/airflow/example_dags/tutorial_taskflow_api.py
[2023-03-22T04:09:54.750+0400] {processor.py:743} INFO - Processing file /home/civis/anaconda3/lib/python3.9/site-packages/airflow/example_dags/tutorial_taskflow_api.py for tasks to queue
[2023-03-22T04:09:54.751+0400] {logging_mixin.py:137} INFO - [2023-03-22T04:09:54.751+0400] {dagbag.py:538} INFO - Filling up the DagBag from /home/civis/anaconda3/lib/python3.9/site-packages/airflow/example_dags/tutorial_taskflow_api.py
[2023-03-22T04:09:54.765+0400] {processor.py:753} INFO - DAG(s) dict_keys(['tutorial_taskflow_api']) retrieved from /home/civis/anaconda3/lib/python3.9/site-packages/airflow/example_dags/tutorial_taskflow_api.py
[2023-03-22T04:09:54.772+0400] {logging_mixin.py:137} INFO - [2023-03-22T04:09:54.772+0400] {dag.py:2690} INFO - Sync 1 DAGs
[2023-03-22T04:09:54.780+0400] {logging_mixin.py:137} INFO - [2023-03-22T04:09:54.780+0400] {dag.py:3437} INFO - Setting next_dagrun for tutorial_taskflow_api to None, run_after=None
[2023-03-22T04:09:54.795+0400] {processor.py:175} INFO - Processing /home/civis/anaconda3/lib/python3.9/site-packages/airflow/example_dags/tutorial_taskflow_api.py took 0.055 seconds
[2023-03-22T04:10:36.481+0400] {processor.py:153} INFO - Started process (PID=177273) to work on /home/civis/anaconda3/lib/python3.9/site-packages/airflow/example_dags/tutorial_taskflow_api.py
[2023-03-22T04:10:36.482+0400] {processor.py:743} INFO - Processing file /home/civis/anaconda3/lib/python3.9/site-packages/airflow/example_dags/tutorial_taskflow_api.py for tasks to queue
[2023-03-22T04:10:36.482+0400] {logging_mixin.py:137} INFO - [2023-03-22T04:10:36.482+0400] {dagbag.py:538} INFO - Filling up the DagBag from /home/civis/anaconda3/lib/python3.9/site-packages/airflow/example_dags/tutorial_taskflow_api.py
[2023-03-22T04:10:36.491+0400] {processor.py:753} INFO - DAG(s) dict_keys(['tutorial_taskflow_api']) retrieved from /home/civis/anaconda3/lib/python3.9/site-packages/airflow/example_dags/tutorial_taskflow_api.py
[2023-03-22T04:10:36.499+0400] {logging_mixin.py:137} INFO - [2023-03-22T04:10:36.499+0400] {dag.py:2690} INFO - Sync 1 DAGs
[2023-03-22T04:10:36.507+0400] {logging_mixin.py:137} INFO - [2023-03-22T04:10:36.507+0400] {dag.py:3437} INFO - Setting next_dagrun for tutorial_taskflow_api to None, run_after=None
[2023-03-22T04:10:36.523+0400] {processor.py:175} INFO - Processing /home/civis/anaconda3/lib/python3.9/site-packages/airflow/example_dags/tutorial_taskflow_api.py took 0.045 seconds
[2023-03-22T04:11:16.363+0400] {processor.py:153} INFO - Started process (PID=178017) to work on /home/civis/anaconda3/lib/python3.9/site-packages/airflow/example_dags/tutorial_taskflow_api.py
[2023-03-22T04:11:16.371+0400] {processor.py:743} INFO - Processing file /home/civis/anaconda3/lib/python3.9/site-packages/airflow/example_dags/tutorial_taskflow_api.py for tasks to queue
[2023-03-22T04:11:16.374+0400] {logging_mixin.py:137} INFO - [2023-03-22T04:11:16.374+0400] {dagbag.py:538} INFO - Filling up the DagBag from /home/civis/anaconda3/lib/python3.9/site-packages/airflow/example_dags/tutorial_taskflow_api.py
[2023-03-22T04:11:16.396+0400] {processor.py:753} INFO - DAG(s) dict_keys(['tutorial_taskflow_api']) retrieved from /home/civis/anaconda3/lib/python3.9/site-packages/airflow/example_dags/tutorial_taskflow_api.py
[2023-03-22T04:11:16.403+0400] {logging_mixin.py:137} INFO - [2023-03-22T04:11:16.403+0400] {dag.py:2690} INFO - Sync 1 DAGs
[2023-03-22T04:11:16.411+0400] {logging_mixin.py:137} INFO - [2023-03-22T04:11:16.410+0400] {dag.py:3437} INFO - Setting next_dagrun for tutorial_taskflow_api to None, run_after=None
[2023-03-22T04:11:16.426+0400] {processor.py:175} INFO - Processing /home/civis/anaconda3/lib/python3.9/site-packages/airflow/example_dags/tutorial_taskflow_api.py took 0.064 seconds
