[2023-03-22T07:38:51.108+0400] {taskinstance.py:1083} INFO - Dependencies all met for <TaskInstance: data_gcp_1.format_to_parquet_task manual__2023-03-22T03:38:33.101062+00:00 [queued]>
[2023-03-22T07:38:51.111+0400] {taskinstance.py:1083} INFO - Dependencies all met for <TaskInstance: data_gcp_1.format_to_parquet_task manual__2023-03-22T03:38:33.101062+00:00 [queued]>
[2023-03-22T07:38:51.111+0400] {taskinstance.py:1279} INFO - 
--------------------------------------------------------------------------------
[2023-03-22T07:38:51.112+0400] {taskinstance.py:1280} INFO - Starting attempt 1 of 2
[2023-03-22T07:38:51.112+0400] {taskinstance.py:1281} INFO - 
--------------------------------------------------------------------------------
[2023-03-22T07:38:51.124+0400] {taskinstance.py:1300} INFO - Executing <Task(PythonOperator): format_to_parquet_task> on 2023-03-22 03:38:33.101062+00:00
[2023-03-22T07:38:51.127+0400] {standard_task_runner.py:55} INFO - Started process 452787 to run task
[2023-03-22T07:38:51.128+0400] {standard_task_runner.py:82} INFO - Running: ['airflow', 'tasks', 'run', 'data_gcp_1', 'format_to_parquet_task', 'manual__2023-03-22T03:38:33.101062+00:00', '--job-id', '26', '--raw', '--subdir', 'DAGS_FOLDER/data_gsp.py', '--cfg-path', '/tmp/tmpkiop6yi6']
[2023-03-22T07:38:51.129+0400] {standard_task_runner.py:83} INFO - Job 26: Subtask format_to_parquet_task
[2023-03-22T07:38:51.158+0400] {task_command.py:388} INFO - Running <TaskInstance: data_gcp_1.format_to_parquet_task manual__2023-03-22T03:38:33.101062+00:00 [running]> on host civispc
[2023-03-22T07:38:51.192+0400] {taskinstance.py:1507} INFO - Exporting the following env vars:
AIRFLOW_CTX_DAG_OWNER=airflow
AIRFLOW_CTX_DAG_ID=data_gcp_1
AIRFLOW_CTX_TASK_ID=format_to_parquet_task
AIRFLOW_CTX_EXECUTION_DATE=2023-03-22T03:38:33.101062+00:00
AIRFLOW_CTX_TRY_NUMBER=1
AIRFLOW_CTX_DAG_RUN_ID=manual__2023-03-22T03:38:33.101062+00:00
[2023-03-22T07:38:53.791+0400] {logging_mixin.py:137} INFO - Deleted 'pq' directory successfully
[2023-03-22T07:38:54.977+0400] {python.py:177} INFO - Done. Returned value was: None
[2023-03-22T07:38:54.980+0400] {taskinstance.py:1318} INFO - Marking task as SUCCESS. dag_id=data_gcp_1, task_id=format_to_parquet_task, execution_date=20230322T033833, start_date=20230322T033851, end_date=20230322T033854
[2023-03-22T07:38:55.028+0400] {local_task_job.py:208} INFO - Task exited with return code 0
[2023-03-22T07:38:55.035+0400] {taskinstance.py:2578} INFO - 1 downstream tasks scheduled from follow-on schedule check
