[2023-03-22T09:38:35.735+0400] {taskinstance.py:1083} INFO - Dependencies all met for <TaskInstance: data_gcp_12.local_to_gcs_task manual__2023-03-22T05:38:24.944988+00:00 [queued]>
[2023-03-22T09:38:35.738+0400] {taskinstance.py:1083} INFO - Dependencies all met for <TaskInstance: data_gcp_12.local_to_gcs_task manual__2023-03-22T05:38:24.944988+00:00 [queued]>
[2023-03-22T09:38:35.738+0400] {taskinstance.py:1279} INFO - 
--------------------------------------------------------------------------------
[2023-03-22T09:38:35.738+0400] {taskinstance.py:1280} INFO - Starting attempt 1 of 2
[2023-03-22T09:38:35.738+0400] {taskinstance.py:1281} INFO - 
--------------------------------------------------------------------------------
[2023-03-22T09:38:35.750+0400] {taskinstance.py:1300} INFO - Executing <Task(PythonOperator): local_to_gcs_task> on 2023-03-22 05:38:24.944988+00:00
[2023-03-22T09:38:35.753+0400] {standard_task_runner.py:55} INFO - Started process 675982 to run task
[2023-03-22T09:38:35.754+0400] {standard_task_runner.py:82} INFO - Running: ['airflow', 'tasks', 'run', 'data_gcp_12', 'local_to_gcs_task', 'manual__2023-03-22T05:38:24.944988+00:00', '--job-id', '89', '--raw', '--subdir', 'DAGS_FOLDER/data_gsp.py', '--cfg-path', '/tmp/tmpqo4ik_ud']
[2023-03-22T09:38:35.755+0400] {standard_task_runner.py:83} INFO - Job 89: Subtask local_to_gcs_task
[2023-03-22T09:38:35.784+0400] {task_command.py:388} INFO - Running <TaskInstance: data_gcp_12.local_to_gcs_task manual__2023-03-22T05:38:24.944988+00:00 [running]> on host civispc
[2023-03-22T09:38:35.820+0400] {taskinstance.py:1507} INFO - Exporting the following env vars:
AIRFLOW_CTX_DAG_OWNER=airflow
AIRFLOW_CTX_DAG_ID=data_gcp_12
AIRFLOW_CTX_TASK_ID=local_to_gcs_task
AIRFLOW_CTX_EXECUTION_DATE=2023-03-22T05:38:24.944988+00:00
AIRFLOW_CTX_TRY_NUMBER=1
AIRFLOW_CTX_DAG_RUN_ID=manual__2023-03-22T05:38:24.944988+00:00
[2023-03-22T09:38:40.433+0400] {python.py:177} INFO - Done. Returned value was: None
[2023-03-22T09:38:40.436+0400] {taskinstance.py:1318} INFO - Marking task as SUCCESS. dag_id=data_gcp_12, task_id=local_to_gcs_task, execution_date=20230322T053824, start_date=20230322T053835, end_date=20230322T053840
[2023-03-22T09:38:40.463+0400] {local_task_job.py:208} INFO - Task exited with return code 0
[2023-03-22T09:38:40.474+0400] {taskinstance.py:2578} INFO - 1 downstream tasks scheduled from follow-on schedule check
