[2023-03-22T08:18:32.619+0400] {taskinstance.py:1083} INFO - Dependencies all met for <TaskInstance: data_gcp_9.local_to_gcs_task manual__2023-03-22T04:18:08.520242+00:00 [queued]>
[2023-03-22T08:18:32.621+0400] {taskinstance.py:1083} INFO - Dependencies all met for <TaskInstance: data_gcp_9.local_to_gcs_task manual__2023-03-22T04:18:08.520242+00:00 [queued]>
[2023-03-22T08:18:32.622+0400] {taskinstance.py:1279} INFO - 
--------------------------------------------------------------------------------
[2023-03-22T08:18:32.622+0400] {taskinstance.py:1280} INFO - Starting attempt 1 of 2
[2023-03-22T08:18:32.622+0400] {taskinstance.py:1281} INFO - 
--------------------------------------------------------------------------------
[2023-03-22T08:18:32.634+0400] {taskinstance.py:1300} INFO - Executing <Task(PythonOperator): local_to_gcs_task> on 2023-03-22 04:18:08.520242+00:00
[2023-03-22T08:18:32.636+0400] {standard_task_runner.py:55} INFO - Started process 522243 to run task
[2023-03-22T08:18:32.638+0400] {standard_task_runner.py:82} INFO - Running: ['airflow', 'tasks', 'run', 'data_gcp_9', 'local_to_gcs_task', 'manual__2023-03-22T04:18:08.520242+00:00', '--job-id', '66', '--raw', '--subdir', 'DAGS_FOLDER/data_gsp.py', '--cfg-path', '/tmp/tmp9qbuptfl']
[2023-03-22T08:18:32.639+0400] {standard_task_runner.py:83} INFO - Job 66: Subtask local_to_gcs_task
[2023-03-22T08:18:32.668+0400] {task_command.py:388} INFO - Running <TaskInstance: data_gcp_9.local_to_gcs_task manual__2023-03-22T04:18:08.520242+00:00 [running]> on host civispc
[2023-03-22T08:18:32.700+0400] {taskinstance.py:1507} INFO - Exporting the following env vars:
AIRFLOW_CTX_DAG_OWNER=airflow
AIRFLOW_CTX_DAG_ID=data_gcp_9
AIRFLOW_CTX_TASK_ID=local_to_gcs_task
AIRFLOW_CTX_EXECUTION_DATE=2023-03-22T04:18:08.520242+00:00
AIRFLOW_CTX_TRY_NUMBER=1
AIRFLOW_CTX_DAG_RUN_ID=manual__2023-03-22T04:18:08.520242+00:00
[2023-03-22T08:18:35.074+0400] {python.py:177} INFO - Done. Returned value was: None
[2023-03-22T08:18:35.084+0400] {taskinstance.py:1318} INFO - Marking task as SUCCESS. dag_id=data_gcp_9, task_id=local_to_gcs_task, execution_date=20230322T041808, start_date=20230322T041832, end_date=20230322T041835
[2023-03-22T08:18:35.138+0400] {local_task_job.py:208} INFO - Task exited with return code 0
[2023-03-22T08:18:35.148+0400] {taskinstance.py:2578} INFO - 0 downstream tasks scheduled from follow-on schedule check
